155, 78, 170, Fri Aug 23 15:54:28 2024
155, 82, 168, Fri Aug 23 15:55:28 2024
154, 75, 164, Fri Aug 23 15:56:28 2024
151, 88, 179, Fri Aug 23 15:57:28 2024
157, 78, 176, Fri Aug 23 15:58:28 2024
179, 101, 188, Fri Aug 23 15:59:28 2024
175, 79, 171, Fri Aug 23 16:00:28 2024
148, 78, 171, Fri Aug 23 16:01:28 2024
179, 84, 177, Fri Aug 23 16:02:28 2024
154, 75, 149, Fri Aug 23 16:03:28 2024
144, 70, 154, Fri Aug 23 16:04:28 2024
164, 85, 186, Fri Aug 23 16:05:28 2024
154, 63, 147, Fri Aug 23 16:06:28 2024
166, 69, 156, Fri Aug 23 16:07:28 2024
148, 81, 169, Fri Aug 23 16:08:28 2024
175, 90, 183, Fri Aug 23 16:09:28 2024
150, 80, 181, Fri Aug 23 16:10:28 2024
142, 67, 155, Fri Aug 23 16:11:28 2024
145, 75, 177, Fri Aug 23 16:12:28 2024
165, 90, 181, Fri Aug 23 16:13:28 2024
151, 87, 171, Fri Aug 23 16:14:28 2024
164, 77, 159, Fri Aug 23 16:15:28 2024
157, 80, 164, Fri Aug 23 16:16:28 2024
162, 87, 173, Fri Aug 23 16:17:28 2024
158, 92, 177, Fri Aug 23 16:18:28 2024
166, 74, 177, Fri Aug 23 16:19:28 2024
154, 72, 163, Fri Aug 23 16:20:28 2024
159, 71, 152, Fri Aug 23 16:21:28 2024
169, 88, 174, Fri Aug 23 16:22:28 2024
162, 76, 170, Fri Aug 23 16:23:28 2024
177, 97, 196, Fri Aug 23 16:24:28 2024
171, 78, 170, Fri Aug 23 16:25:28 2024
157, 88, 178, Fri Aug 23 16:26:28 2024
165, 83, 182, Fri Aug 23 16:27:28 2024
163, 76, 168, Fri Aug 23 16:28:28 2024
167, 89, 159, Fri Aug 23 16:29:28 2024
166, 79, 169, Fri Aug 23 16:30:28 2024
165, 73, 166, Fri Aug 23 16:31:28 2024
165, 77, 156, Fri Aug 23 16:32:28 2024
161, 81, 184, Fri Aug 23 16:33:28 2024
166, 91, 185, Fri Aug 23 16:34:28 2024
186, 84, 174, Fri Aug 23 16:35:28 2024
170, 85, 175, Fri Aug 23 16:36:28 2024
159, 84, 164, Fri Aug 23 16:37:28 2024
167, 73, 158, Fri Aug 23 16:38:28 2024
169, 77, 169, Fri Aug 23 16:39:28 2024
187, 90, 161, Fri Aug 23 16:40:28 2024
164, 83, 167, Fri Aug 23 16:41:28 2024
149, 73, 160, Fri Aug 23 16:42:28 2024
161, 72, 155, Fri Aug 23 16:43:28 2024
150, 84, 175, Fri Aug 23 16:44:28 2024
141, 66, 138, Fri Aug 23 16:45:28 2024
192, 96, 188, Fri Aug 23 16:46:28 2024
168, 80, 158, Fri Aug 23 16:47:28 2024
175, 106, 172, Fri Aug 23 16:48:28 2024
147, 80, 163, Fri Aug 23 16:49:28 2024
136, 71, 163, Fri Aug 23 16:50:28 2024
155, 82, 162, Fri Aug 23 16:51:28 2024
165, 76, 187, Fri Aug 23 16:52:28 2024
149, 81, 183, Fri Aug 23 16:53:28 2024
184, 91, 183, Fri Aug 23 16:54:28 2024
185, 95, 171, Fri Aug 23 16:55:28 2024
187, 97, 175, Fri Aug 23 16:56:28 2024
167, 91, 177, Fri Aug 23 16:57:28 2024
164, 88, 169, Fri Aug 23 16:58:28 2024
153, 66, 156, Fri Aug 23 16:59:28 2024
158, 86, 183, Fri Aug 23 17:00:28 2024
156, 85, 178, Fri Aug 23 17:01:28 2024
154, 79, 165, Fri Aug 23 17:02:28 2024
168, 75, 153, Fri Aug 23 17:03:28 2024
140, 67, 162, Fri Aug 23 17:04:28 2024
172, 92, 199, Fri Aug 23 17:05:28 2024
168, 82, 173, Fri Aug 23 17:06:28 2024
171, 92, 182, Fri Aug 23 17:07:28 2024
180, 82, 173, Fri Aug 23 17:08:28 2024
179, 95, 179, Fri Aug 23 17:09:28 2024
142, 69, 171, Fri Aug 23 17:10:28 2024
155, 70, 171, Fri Aug 23 17:11:28 2024
168, 81, 167, Fri Aug 23 17:12:28 2024
156, 75, 163, Fri Aug 23 17:13:28 2024
147, 72, 160, Fri Aug 23 17:14:28 2024
159, 85, 179, Fri Aug 23 17:15:28 2024
156, 63, 145, Fri Aug 23 17:16:28 2024
162, 77, 161, Fri Aug 23 17:17:28 2024
152, 74, 166, Fri Aug 23 17:18:28 2024
170, 92, 180, Fri Aug 23 17:19:28 2024
158, 70, 160, Fri Aug 23 17:20:28 2024
153, 85, 180, Fri Aug 23 17:21:28 2024
161, 69, 164, Fri Aug 23 17:22:28 2024
142, 80, 184, Fri Aug 23 17:23:28 2024
172, 70, 154, Fri Aug 23 17:24:28 2024
177, 82, 165, Fri Aug 23 17:25:28 2024
177, 86, 192, Fri Aug 23 17:26:28 2024
166, 80, 161, Fri Aug 23 17:27:28 2024
168, 87, 163, Fri Aug 23 17:28:28 2024
165, 82, 155, Fri Aug 23 17:29:28 2024
186, 97, 189, Fri Aug 23 17:30:28 2024
160, 85, 163, Fri Aug 23 17:31:28 2024
139, 67, 174, Fri Aug 23 17:32:28 2024
170, 88, 169, Fri Aug 23 17:33:28 2024
147, 85, 167, Fri Aug 23 17:34:28 2024
164, 77, 172, Fri Aug 23 17:35:28 2024
150, 87, 165, Fri Aug 23 17:36:28 2024
178, 93, 179, Fri Aug 23 17:37:28 2024
188, 97, 187, Fri Aug 23 17:38:28 2024
145, 84, 165, Fri Aug 23 17:39:28 2024
151, 81, 184, Fri Aug 23 17:40:28 2024
160, 84, 173, Fri Aug 23 17:41:28 2024
172, 88, 160, Fri Aug 23 17:42:28 2024
164, 92, 180, Fri Aug 23 17:43:28 2024
178, 83, 168, Fri Aug 23 17:44:28 2024
186, 100, 192, Fri Aug 23 17:45:28 2024
167, 82, 182, Fri Aug 23 17:46:28 2024
166, 78, 158, Fri Aug 23 17:47:28 2024
151, 67, 157, Fri Aug 23 17:48:28 2024
163, 66, 147, Fri Aug 23 17:49:28 2024
143, 74, 153, Fri Aug 23 17:50:28 2024
142, 59, 143, Fri Aug 23 17:51:28 2024
160, 88, 176, Fri Aug 23 17:52:28 2024
158, 91, 169, Fri Aug 23 17:53:28 2024
142, 71, 158, Fri Aug 23 17:54:28 2024
164, 85, 175, Fri Aug 23 17:55:28 2024
149, 66, 173, Fri Aug 23 17:56:28 2024
162, 76, 155, Fri Aug 23 17:57:28 2024
163, 86, 173, Fri Aug 23 17:58:28 2024
132, 64, 154, Fri Aug 23 17:59:28 2024
162, 80, 166, Fri Aug 23 18:00:28 2024
162, 69, 151, Fri Aug 23 18:01:28 2024
161, 69, 152, Fri Aug 23 18:02:28 2024
159, 74, 176, Fri Aug 23 18:03:28 2024
142, 66, 161, Fri Aug 23 18:04:28 2024
166, 81, 183, Fri Aug 23 18:05:28 2024
162, 77, 171, Fri Aug 23 18:06:28 2024
160, 80, 185, Fri Aug 23 18:07:28 2024
159, 82, 165, Fri Aug 23 18:08:28 2024
165, 84, 173, Fri Aug 23 18:09:28 2024
153, 73, 169, Fri Aug 23 18:10:28 2024
156, 74, 159, Fri Aug 23 18:11:28 2024
127, 66, 151, Fri Aug 23 18:12:28 2024
173, 86, 182, Fri Aug 23 18:13:28 2024
172, 68, 151, Fri Aug 23 18:14:28 2024
162, 84, 165, Fri Aug 23 18:15:28 2024
148, 79, 177, Fri Aug 23 18:16:28 2024
155, 80, 169, Fri Aug 23 18:17:28 2024
164, 80, 166, Fri Aug 23 18:18:28 2024
170, 93, 205, Fri Aug 23 18:19:28 2024
155, 82, 191, Fri Aug 23 18:20:28 2024
168, 70, 153, Fri Aug 23 18:21:28 2024
152, 76, 162, Fri Aug 23 18:22:28 2024
150, 74, 162, Fri Aug 23 18:23:28 2024
169, 92, 186, Fri Aug 23 18:24:28 2024
137, 69, 154, Fri Aug 23 18:25:28 2024
158, 85, 177, Fri Aug 23 18:26:28 2024
172, 91, 177, Fri Aug 23 18:27:28 2024
163, 72, 154, Fri Aug 23 18:28:28 2024
162, 86, 164, Fri Aug 23 18:29:28 2024
163, 81, 150, Fri Aug 23 18:30:28 2024
162, 88, 173, Fri Aug 23 18:31:28 2024
155, 80, 176, Fri Aug 23 18:32:28 2024
190, 91, 191, Fri Aug 23 18:33:28 2024
171, 93, 181, Fri Aug 23 18:34:28 2024
150, 77, 172, Fri Aug 23 18:35:28 2024
158, 85, 181, Fri Aug 23 18:36:28 2024
157, 71, 157, Fri Aug 23 18:37:28 2024
161, 82, 182, Fri Aug 23 18:38:28 2024
152, 74, 161, Fri Aug 23 18:39:28 2024
165, 72, 156, Fri Aug 23 18:40:28 2024
166, 88, 198, Fri Aug 23 18:41:28 2024
167, 68, 163, Fri Aug 23 18:42:28 2024
188, 90, 157, Fri Aug 23 18:43:28 2024
170, 87, 177, Fri Aug 23 18:44:28 2024
160, 76, 170, Fri Aug 23 18:45:28 2024
166, 79, 176, Fri Aug 23 18:46:28 2024
166, 92, 185, Fri Aug 23 18:47:28 2024
158, 72, 152, Fri Aug 23 18:48:28 2024
155, 84, 157, Fri Aug 23 18:49:28 2024
122, 65, 162, Fri Aug 23 18:50:28 2024
159, 71, 175, Fri Aug 23 18:51:28 2024
167, 79, 161, Fri Aug 23 18:52:28 2024
164, 95, 175, Fri Aug 23 18:53:28 2024
156, 79, 177, Fri Aug 23 18:54:28 2024
165, 86, 178, Fri Aug 23 18:55:28 2024
163, 93, 198, Fri Aug 23 18:56:28 2024
173, 76, 176, Fri Aug 23 18:57:28 2024
157, 81, 179, Fri Aug 23 18:58:28 2024
148, 71, 164, Fri Aug 23 18:59:28 2024
155, 83, 149, Fri Aug 23 19:00:28 2024
154, 63, 148, Fri Aug 23 19:01:28 2024
172, 89, 163, Fri Aug 23 19:02:28 2024
156, 85, 170, Fri Aug 23 19:03:28 2024
152, 74, 169, Fri Aug 23 19:04:28 2024
137, 68, 151, Fri Aug 23 19:05:28 2024
158, 78, 172, Fri Aug 23 19:06:28 2024
148, 79, 172, Fri Aug 23 19:07:28 2024
145, 75, 183, Fri Aug 23 19:08:28 2024
141, 65, 144, Fri Aug 23 19:09:28 2024
155, 84, 176, Fri Aug 23 19:10:28 2024
143, 63, 137, Fri Aug 23 19:11:28 2024
179, 94, 188, Fri Aug 23 19:12:28 2024
161, 67, 159, Fri Aug 23 19:13:28 2024
176, 79, 142, Fri Aug 23 19:14:28 2024
158, 67, 165, Fri Aug 23 19:15:28 2024
138, 72, 147, Fri Aug 23 19:16:28 2024
136, 65, 161, Fri Aug 23 19:17:28 2024
153, 67, 146, Fri Aug 23 19:18:28 2024
176, 87, 182, Fri Aug 23 19:19:28 2024
154, 77, 155, Fri Aug 23 19:20:28 2024
168, 90, 171, Fri Aug 23 19:21:28 2024
164, 93, 164, Fri Aug 23 19:22:28 2024
165, 78, 159, Fri Aug 23 19:23:28 2024
158, 81, 168, Fri Aug 23 19:24:28 2024
161, 73, 154, Fri Aug 23 19:25:28 2024
139, 52, 132, Fri Aug 23 19:26:28 2024
152, 77, 163, Fri Aug 23 19:27:28 2024
154, 86, 179, Fri Aug 23 19:28:28 2024
164, 81, 184, Fri Aug 23 19:29:28 2024
157, 73, 172, Fri Aug 23 19:30:28 2024
175, 88, 171, Fri Aug 23 19:31:28 2024
155, 82, 159, Fri Aug 23 19:32:28 2024
146, 78, 170, Fri Aug 23 19:33:28 2024
163, 76, 164, Fri Aug 23 19:34:28 2024
168, 79, 160, Fri Aug 23 19:35:28 2024
172, 74, 168, Fri Aug 23 19:36:28 2024
167, 87, 183, Fri Aug 23 19:37:28 2024
177, 90, 186, Fri Aug 23 19:38:28 2024
176, 100, 190, Fri Aug 23 19:39:28 2024
151, 70, 158, Fri Aug 23 19:40:28 2024
156, 91, 186, Fri Aug 23 19:41:28 2024
161, 81, 160, Fri Aug 23 19:42:28 2024
149, 86, 182, Fri Aug 23 19:43:28 2024
167, 80, 154, Fri Aug 23 19:44:28 2024
153, 84, 159, Fri Aug 23 19:45:28 2024
167, 83, 176, Fri Aug 23 19:46:28 2024
142, 72, 162, Fri Aug 23 19:47:28 2024
157, 81, 175, Fri Aug 23 19:48:28 2024
139, 81, 155, Fri Aug 23 19:49:28 2024
189, 90, 181, Fri Aug 23 19:50:28 2024
158, 73, 167, Fri Aug 23 19:51:28 2024
160, 69, 164, Fri Aug 23 19:52:28 2024
148, 70, 162, Fri Aug 23 19:53:28 2024
162, 79, 171, Fri Aug 23 19:54:28 2024
144, 65, 160, Fri Aug 23 19:55:28 2024
151, 73, 174, Fri Aug 23 19:56:28 2024
161, 85, 164, Fri Aug 23 19:57:28 2024
147, 80, 163, Fri Aug 23 19:58:28 2024
173, 86, 191, Fri Aug 23 19:59:28 2024
164, 84, 184, Fri Aug 23 20:00:28 2024
168, 88, 188, Fri Aug 23 20:01:28 2024
157, 79, 177, Fri Aug 23 20:02:28 2024
132, 62, 149, Fri Aug 23 20:03:28 2024
149, 80, 168, Fri Aug 23 20:04:28 2024
176, 84, 193, Fri Aug 23 20:05:28 2024
162, 91, 178, Fri Aug 23 20:06:28 2024
175, 85, 175, Fri Aug 23 20:07:28 2024
173, 94, 192, Fri Aug 23 20:08:28 2024
175, 86, 174, Fri Aug 23 20:09:28 2024
158, 94, 182, Fri Aug 23 20:10:28 2024
175, 76, 162, Fri Aug 23 20:11:28 2024
166, 85, 179, Fri Aug 23 20:12:28 2024
175, 91, 183, Fri Aug 23 20:13:28 2024
155, 71, 164, Fri Aug 23 20:14:28 2024
168, 80, 154, Fri Aug 23 20:15:28 2024
177, 88, 176, Fri Aug 23 20:16:28 2024
144, 68, 174, Fri Aug 23 20:17:28 2024
151, 82, 154, Fri Aug 23 20:18:28 2024
136, 70, 168, Fri Aug 23 20:19:28 2024
171, 88, 187, Fri Aug 23 20:20:28 2024
155, 76, 170, Fri Aug 23 20:21:28 2024
147, 78, 175, Fri Aug 23 20:22:28 2024
145, 58, 155, Fri Aug 23 20:23:28 2024
190, 102, 192, Fri Aug 23 20:24:28 2024
155, 73, 164, Fri Aug 23 20:25:28 2024
149, 77, 153, Fri Aug 23 20:26:28 2024
160, 76, 172, Fri Aug 23 20:27:28 2024
163, 77, 153, Fri Aug 23 20:28:28 2024
139, 63, 147, Fri Aug 23 20:29:28 2024
174, 92, 182, Fri Aug 23 20:30:28 2024
155, 84, 167, Fri Aug 23 20:31:28 2024
151, 75, 157, Fri Aug 23 20:32:28 2024
176, 97, 191, Fri Aug 23 20:33:28 2024
167, 86, 175, Fri Aug 23 20:34:28 2024
167, 78, 178, Fri Aug 23 20:35:28 2024
167, 73, 160, Fri Aug 23 20:36:28 2024
160, 82, 166, Fri Aug 23 20:37:28 2024
147, 69, 173, Fri Aug 23 20:38:28 2024
145, 74, 162, Fri Aug 23 20:39:28 2024
152, 72, 175, Fri Aug 23 20:40:28 2024
158, 76, 159, Fri Aug 23 20:41:28 2024
170, 81, 157, Fri Aug 23 20:42:28 2024
179, 102, 193, Fri Aug 23 20:43:28 2024
159, 81, 154, Fri Aug 23 20:44:28 2024
169, 79, 156, Fri Aug 23 20:45:28 2024
172, 92, 174, Fri Aug 23 20:46:28 2024
164, 86, 182, Fri Aug 23 20:47:28 2024
178, 90, 174, Fri Aug 23 20:48:28 2024
154, 85, 156, Fri Aug 23 20:49:28 2024
172, 91, 188, Fri Aug 23 20:50:28 2024
155, 70, 151, Fri Aug 23 20:51:28 2024
149, 69, 159, Fri Aug 23 20:52:28 2024
154, 67, 156, Fri Aug 23 20:53:28 2024
148, 71, 158, Fri Aug 23 20:54:28 2024
166, 87, 176, Fri Aug 23 20:55:28 2024
175, 88, 189, Fri Aug 23 20:56:28 2024
166, 78, 176, Fri Aug 23 20:57:28 2024
153, 77, 160, Fri Aug 23 20:58:28 2024
159, 79, 168, Fri Aug 23 20:59:28 2024
154, 68, 144, Fri Aug 23 21:00:28 2024
153, 70, 156, Fri Aug 23 21:01:28 2024
175, 81, 176, Fri Aug 23 21:02:28 2024
132, 56, 159, Fri Aug 23 21:03:28 2024
170, 82, 166, Fri Aug 23 21:04:28 2024
154, 85, 175, Fri Aug 23 21:05:28 2024
163, 82, 159, Fri Aug 23 21:06:28 2024
153, 87, 164, Fri Aug 23 21:07:28 2024
161, 80, 174, Fri Aug 23 21:08:28 2024
148, 79, 169, Fri Aug 23 21:09:28 2024
167, 82, 182, Fri Aug 23 21:10:28 2024
183, 87, 168, Fri Aug 23 21:11:28 2024
180, 88, 159, Fri Aug 23 21:12:28 2024
179, 92, 176, Fri Aug 23 21:13:28 2024
156, 87, 171, Fri Aug 23 21:14:28 2024
183, 84, 179, Fri Aug 23 21:15:28 2024
166, 84, 153, Fri Aug 23 21:16:28 2024
155, 83, 168, Fri Aug 23 21:17:28 2024
161, 95, 190, Fri Aug 23 21:18:28 2024
182, 95, 188, Fri Aug 23 21:19:28 2024
151, 79, 170, Fri Aug 23 21:20:28 2024
162, 86, 162, Fri Aug 23 21:21:28 2024
160, 84, 170, Fri Aug 23 21:22:28 2024
132, 62, 144, Fri Aug 23 21:23:28 2024
149, 75, 184, Fri Aug 23 21:24:28 2024
179, 79, 158, Fri Aug 23 21:25:28 2024
182, 88, 168, Fri Aug 23 21:26:28 2024
151, 73, 160, Fri Aug 23 21:27:28 2024
141, 61, 152, Fri Aug 23 21:28:28 2024
160, 77, 159, Fri Aug 23 21:29:28 2024
196, 94, 169, Fri Aug 23 21:30:28 2024
166, 90, 164, Fri Aug 23 21:31:28 2024
146, 69, 154, Fri Aug 23 21:32:28 2024
144, 75, 164, Fri Aug 23 21:33:28 2024
149, 81, 162, Fri Aug 23 21:34:28 2024
158, 91, 186, Fri Aug 23 21:35:28 2024
150, 78, 169, Fri Aug 23 21:36:28 2024
158, 81, 170, Fri Aug 23 21:37:28 2024
180, 93, 177, Fri Aug 23 21:38:28 2024
161, 81, 177, Fri Aug 23 21:39:28 2024
146, 73, 169, Fri Aug 23 21:40:28 2024
159, 82, 161, Fri Aug 23 21:41:28 2024
154, 74, 184, Fri Aug 23 21:42:28 2024
172, 87, 175, Fri Aug 23 21:43:28 2024
165, 82, 185, Fri Aug 23 21:44:28 2024
157, 84, 189, Fri Aug 23 21:45:28 2024
157, 76, 151, Fri Aug 23 21:46:28 2024
159, 74, 162, Fri Aug 23 21:47:28 2024
184, 92, 186, Fri Aug 23 21:48:28 2024
153, 70, 163, Fri Aug 23 21:49:28 2024
177, 96, 198, Fri Aug 23 21:50:28 2024
162, 83, 154, Fri Aug 23 21:51:28 2024
145, 67, 149, Fri Aug 23 21:52:28 2024
150, 77, 171, Fri Aug 23 21:53:28 2024
161, 75, 160, Fri Aug 23 21:54:28 2024
167, 82, 177, Fri Aug 23 21:55:28 2024
161, 67, 154, Fri Aug 23 21:56:28 2024
160, 75, 159, Fri Aug 23 21:57:28 2024
146, 75, 157, Fri Aug 23 21:58:28 2024
142, 79, 163, Fri Aug 23 21:59:28 2024
187, 88, 181, Fri Aug 23 22:00:28 2024
141, 71, 162, Fri Aug 23 22:01:28 2024
151, 82, 181, Fri Aug 23 22:02:28 2024
179, 88, 184, Fri Aug 23 22:03:28 2024
173, 89, 176, Fri Aug 23 22:04:28 2024
153, 75, 161, Fri Aug 23 22:05:28 2024
177, 91, 171, Fri Aug 23 22:06:28 2024
146, 70, 187, Fri Aug 23 22:07:28 2024
146, 69, 148, Fri Aug 23 22:08:28 2024
169, 84, 165, Fri Aug 23 22:09:28 2024
145, 69, 166, Fri Aug 23 22:10:28 2024
163, 83, 172, Fri Aug 23 22:11:28 2024
150, 80, 173, Fri Aug 23 22:12:28 2024
146, 70, 150, Fri Aug 23 22:13:28 2024
152, 80, 153, Fri Aug 23 22:14:28 2024
163, 84, 168, Fri Aug 23 22:15:28 2024
147, 74, 168, Fri Aug 23 22:16:28 2024
140, 67, 163, Fri Aug 23 22:17:28 2024
172, 84, 162, Fri Aug 23 22:18:28 2024
163, 77, 174, Fri Aug 23 22:19:28 2024
206, 114, 200, Fri Aug 23 22:20:28 2024
181, 94, 188, Fri Aug 23 22:21:28 2024
159, 98, 179, Fri Aug 23 22:22:28 2024
146, 69, 152, Fri Aug 23 22:23:28 2024
161, 80, 176, Fri Aug 23 22:24:28 2024
159, 82, 168, Fri Aug 23 22:25:28 2024
181, 84, 173, Fri Aug 23 22:26:28 2024
156, 66, 148, Fri Aug 23 22:27:28 2024
167, 78, 152, Fri Aug 23 22:28:28 2024
154, 85, 166, Fri Aug 23 22:29:28 2024
155, 68, 154, Fri Aug 23 22:30:28 2024
145, 74, 168, Fri Aug 23 22:31:28 2024
149, 79, 168, Fri Aug 23 22:32:28 2024
173, 87, 195, Fri Aug 23 22:33:28 2024
168, 85, 164, Fri Aug 23 22:34:28 2024
165, 83, 178, Fri Aug 23 22:35:28 2024
169, 95, 190, Fri Aug 23 22:36:28 2024
179, 89, 169, Fri Aug 23 22:37:28 2024
172, 90, 171, Fri Aug 23 22:38:28 2024
144, 62, 153, Fri Aug 23 22:39:28 2024
173, 83, 185, Fri Aug 23 22:40:28 2024
163, 89, 183, Fri Aug 23 22:41:28 2024
177, 89, 181, Fri Aug 23 22:42:28 2024
152, 91, 174, Fri Aug 23 22:43:28 2024
145, 70, 171, Fri Aug 23 22:44:28 2024
141, 80, 149, Fri Aug 23 22:45:28 2024
160, 87, 185, Fri Aug 23 22:46:28 2024
148, 72, 164, Fri Aug 23 22:47:28 2024
186, 95, 178, Fri Aug 23 22:48:28 2024
158, 75, 174, Fri Aug 23 22:49:28 2024
147, 77, 168, Fri Aug 23 22:50:28 2024
150, 76, 162, Fri Aug 23 22:51:28 2024
168, 92, 184, Fri Aug 23 22:52:28 2024
156, 78, 176, Fri Aug 23 22:53:28 2024
165, 81, 185, Fri Aug 23 22:54:28 2024
150, 69, 167, Fri Aug 23 22:55:28 2024
168, 78, 141, Fri Aug 23 22:56:28 2024
167, 71, 164, Fri Aug 23 22:57:28 2024
167, 89, 199, Fri Aug 23 22:58:28 2024
160, 89, 157, Fri Aug 23 22:59:28 2024
169, 83, 183, Fri Aug 23 23:00:28 2024
155, 69, 156, Fri Aug 23 23:01:28 2024
151, 77, 159, Fri Aug 23 23:02:28 2024
151, 76, 167, Fri Aug 23 23:03:28 2024
151, 86, 156, Fri Aug 23 23:04:28 2024
140, 71, 152, Fri Aug 23 23:05:28 2024
164, 76, 158, Fri Aug 23 23:06:28 2024
137, 64, 143, Fri Aug 23 23:07:28 2024
161, 75, 164, Fri Aug 23 23:08:28 2024
156, 71, 151, Fri Aug 23 23:09:28 2024
162, 72, 157, Fri Aug 23 23:10:28 2024
148, 80, 175, Fri Aug 23 23:11:28 2024
172, 93, 166, Fri Aug 23 23:12:28 2024
158, 79, 175, Fri Aug 23 23:13:28 2024
162, 87, 180, Fri Aug 23 23:14:28 2024
148, 68, 165, Fri Aug 23 23:15:28 2024
157, 84, 171, Fri Aug 23 23:16:28 2024
173, 91, 186, Fri Aug 23 23:17:28 2024
152, 73, 171, Fri Aug 23 23:18:28 2024
175, 84, 171, Fri Aug 23 23:19:28 2024
173, 83, 175, Fri Aug 23 23:20:28 2024
192, 89, 174, Fri Aug 23 23:21:28 2024
142, 63, 159, Fri Aug 23 23:22:28 2024
172, 92, 165, Fri Aug 23 23:23:28 2024
161, 89, 160, Fri Aug 23 23:24:28 2024
170, 96, 180, Fri Aug 23 23:25:28 2024
158, 89, 178, Fri Aug 23 23:26:28 2024
157, 74, 181, Fri Aug 23 23:27:28 2024
170, 95, 181, Fri Aug 23 23:28:28 2024
146, 72, 156, Fri Aug 23 23:29:28 2024
152, 66, 140, Fri Aug 23 23:30:28 2024
158, 72, 137, Fri Aug 23 23:31:28 2024
152, 81, 168, Fri Aug 23 23:32:28 2024
187, 101, 195, Fri Aug 23 23:33:28 2024
176, 91, 181, Fri Aug 23 23:34:28 2024
160, 79, 155, Fri Aug 23 23:35:28 2024
151, 82, 170, Fri Aug 23 23:36:28 2024
151, 74, 158, Fri Aug 23 23:37:28 2024
169, 82, 156, Fri Aug 23 23:38:28 2024
167, 76, 147, Fri Aug 23 23:39:28 2024
148, 68, 159, Fri Aug 23 23:40:28 2024
169, 86, 177, Fri Aug 23 23:41:28 2024
149, 73, 153, Fri Aug 23 23:42:28 2024
137, 77, 159, Fri Aug 23 23:43:28 2024
169, 87, 169, Fri Aug 23 23:44:28 2024
156, 78, 171, Fri Aug 23 23:45:28 2024
128, 65, 168, Fri Aug 23 23:46:28 2024
168, 83, 160, Fri Aug 23 23:47:28 2024
169, 71, 152, Fri Aug 23 23:48:28 2024
159, 73, 167, Fri Aug 23 23:49:28 2024
165, 90, 188, Fri Aug 23 23:50:28 2024
168, 78, 151, Fri Aug 23 23:51:28 2024
163, 87, 176, Fri Aug 23 23:52:28 2024
167, 78, 188, Fri Aug 23 23:53:28 2024
179, 102, 203, Fri Aug 23 23:54:28 2024
167, 84, 180, Fri Aug 23 23:55:28 2024
155, 91, 182, Fri Aug 23 23:56:28 2024
190, 100, 198, Fri Aug 23 23:57:29 2024
172, 84, 180, Fri Aug 23 23:58:29 2024
158, 72, 161, Fri Aug 23 23:59:28 2024
169, 86, 166, Sat Aug 24 00:00:28 2024
156, 93, 186, Sat Aug 24 00:01:29 2024
170, 83, 191, Sat Aug 24 00:02:29 2024
139, 71, 170, Sat Aug 24 00:03:29 2024
159, 74, 176, Sat Aug 24 00:04:29 2024
163, 93, 204, Sat Aug 24 00:05:29 2024
140, 66, 151, Sat Aug 24 00:06:29 2024
185, 83, 175, Sat Aug 24 00:07:29 2024
173, 87, 168, Sat Aug 24 00:08:29 2024
145, 75, 153, Sat Aug 24 00:09:29 2024
168, 81, 176, Sat Aug 24 00:10:29 2024
176, 80, 157, Sat Aug 24 00:11:29 2024
175, 91, 169, Sat Aug 24 00:12:29 2024
170, 81, 166, Sat Aug 24 00:13:29 2024
151, 88, 181, Sat Aug 24 00:14:29 2024
170, 84, 179, Sat Aug 24 00:15:29 2024
163, 73, 179, Sat Aug 24 00:16:29 2024
143, 77, 167, Sat Aug 24 00:17:29 2024
190, 101, 191, Sat Aug 24 00:18:29 2024
176, 92, 191, Sat Aug 24 00:19:29 2024
153, 78, 170, Sat Aug 24 00:20:29 2024
135, 72, 153, Sat Aug 24 00:21:29 2024
163, 88, 170, Sat Aug 24 00:22:29 2024
172, 91, 188, Sat Aug 24 00:23:29 2024
169, 86, 179, Sat Aug 24 00:24:29 2024
162, 80, 155, Sat Aug 24 00:25:29 2024
164, 79, 160, Sat Aug 24 00:26:29 2024
136, 66, 165, Sat Aug 24 00:27:29 2024
166, 83, 188, Sat Aug 24 00:28:29 2024
167, 79, 172, Sat Aug 24 00:29:29 2024
154, 76, 169, Sat Aug 24 00:30:29 2024
172, 81, 170, Sat Aug 24 00:31:29 2024
157, 73, 166, Sat Aug 24 00:32:29 2024
179, 91, 180, Sat Aug 24 00:33:29 2024
148, 75, 160, Sat Aug 24 00:34:29 2024
156, 74, 172, Sat Aug 24 00:35:29 2024
162, 77, 166, Sat Aug 24 00:36:29 2024
168, 85, 155, Sat Aug 24 00:37:29 2024
159, 81, 177, Sat Aug 24 00:38:29 2024
166, 82, 169, Sat Aug 24 00:39:29 2024
154, 75, 149, Sat Aug 24 00:40:29 2024
161, 78, 159, Sat Aug 24 00:41:29 2024
168, 94, 182, Sat Aug 24 00:42:29 2024
138, 79, 177, Sat Aug 24 00:43:29 2024
161, 88, 168, Sat Aug 24 00:44:29 2024
159, 76, 147, Sat Aug 24 00:45:29 2024
144, 67, 151, Sat Aug 24 00:46:29 2024
159, 81, 165, Sat Aug 24 00:47:29 2024
162, 74, 153, Sat Aug 24 00:48:29 2024
159, 81, 171, Sat Aug 24 00:49:29 2024
166, 76, 168, Sat Aug 24 00:50:29 2024
172, 89, 164, Sat Aug 24 00:51:29 2024
148, 71, 142, Sat Aug 24 00:52:29 2024
149, 75, 171, Sat Aug 24 00:53:29 2024
159, 77, 154, Sat Aug 24 00:54:29 2024
171, 69, 162, Sat Aug 24 00:55:29 2024
186, 102, 182, Sat Aug 24 00:56:29 2024
163, 85, 178, Sat Aug 24 00:57:29 2024
143, 70, 163, Sat Aug 24 00:58:29 2024
169, 78, 161, Sat Aug 24 00:59:29 2024
158, 72, 163, Sat Aug 24 01:00:29 2024
164, 86, 173, Sat Aug 24 01:01:29 2024
169, 87, 173, Sat Aug 24 01:02:29 2024
160, 78, 183, Sat Aug 24 01:03:29 2024
174, 93, 160, Sat Aug 24 01:04:29 2024
178, 99, 188, Sat Aug 24 01:05:29 2024
157, 68, 159, Sat Aug 24 01:06:29 2024
173, 77, 170, Sat Aug 24 01:07:29 2024
154, 81, 157, Sat Aug 24 01:08:29 2024
172, 84, 181, Sat Aug 24 01:09:29 2024
154, 69, 152, Sat Aug 24 01:10:29 2024
168, 85, 168, Sat Aug 24 01:11:29 2024
142, 67, 157, Sat Aug 24 01:12:29 2024
144, 79, 180, Sat Aug 24 01:13:29 2024
182, 105, 191, Sat Aug 24 01:14:29 2024
162, 75, 160, Sat Aug 24 01:15:29 2024
148, 66, 163, Sat Aug 24 01:16:29 2024
163, 83, 169, Sat Aug 24 01:17:29 2024
158, 84, 152, Sat Aug 24 01:18:29 2024
148, 59, 151, Sat Aug 24 01:19:29 2024
160, 88, 176, Sat Aug 24 01:20:29 2024
161, 79, 170, Sat Aug 24 01:21:29 2024
154, 75, 170, Sat Aug 24 01:22:29 2024
184, 77, 158, Sat Aug 24 01:23:29 2024
166, 91, 179, Sat Aug 24 01:24:29 2024
156, 79, 172, Sat Aug 24 01:25:29 2024
181, 89, 189, Sat Aug 24 01:26:29 2024
181, 100, 183, Sat Aug 24 01:27:29 2024
154, 77, 190, Sat Aug 24 01:28:29 2024
161, 74, 155, Sat Aug 24 01:29:29 2024
153, 88, 162, Sat Aug 24 01:30:29 2024
159, 66, 152, Sat Aug 24 01:31:29 2024
137, 69, 162, Sat Aug 24 01:32:29 2024
164, 77, 164, Sat Aug 24 01:33:29 2024
171, 84, 183, Sat Aug 24 01:34:29 2024
177, 84, 178, Sat Aug 24 01:35:29 2024
148, 74, 158, Sat Aug 24 01:36:29 2024
176, 89, 188, Sat Aug 24 01:37:29 2024
167, 80, 161, Sat Aug 24 01:38:29 2024
161, 74, 168, Sat Aug 24 01:39:29 2024
138, 66, 163, Sat Aug 24 01:40:29 2024
163, 75, 168, Sat Aug 24 01:41:29 2024
143, 75, 167, Sat Aug 24 01:42:29 2024
148, 74, 163, Sat Aug 24 01:43:29 2024
175, 90, 169, Sat Aug 24 01:44:29 2024
161, 86, 180, Sat Aug 24 01:45:29 2024
159, 73, 175, Sat Aug 24 01:46:29 2024
151, 76, 164, Sat Aug 24 01:47:29 2024
154, 74, 157, Sat Aug 24 01:48:29 2024
147, 78, 173, Sat Aug 24 01:49:29 2024
153, 79, 177, Sat Aug 24 01:50:29 2024
155, 82, 167, Sat Aug 24 01:51:29 2024
170, 87, 185, Sat Aug 24 01:52:29 2024
183, 90, 167, Sat Aug 24 01:53:29 2024
166, 97, 191, Sat Aug 24 01:54:29 2024
171, 88, 174, Sat Aug 24 01:55:29 2024
167, 77, 150, Sat Aug 24 01:56:29 2024
158, 75, 167, Sat Aug 24 01:57:29 2024
167, 86, 161, Sat Aug 24 01:58:29 2024
164, 71, 173, Sat Aug 24 01:59:29 2024
164, 77, 147, Sat Aug 24 02:00:29 2024
170, 84, 175, Sat Aug 24 02:01:29 2024
167, 76, 175, Sat Aug 24 02:02:29 2024
148, 69, 153, Sat Aug 24 02:03:29 2024
158, 80, 180, Sat Aug 24 02:04:29 2024
162, 81, 175, Sat Aug 24 02:05:29 2024
173, 95, 182, Sat Aug 24 02:06:29 2024
145, 79, 160, Sat Aug 24 02:07:29 2024
157, 66, 147, Sat Aug 24 02:08:29 2024
166, 77, 172, Sat Aug 24 02:09:29 2024
174, 85, 183, Sat Aug 24 02:10:29 2024
164, 84, 176, Sat Aug 24 02:11:29 2024
163, 90, 176, Sat Aug 24 02:12:29 2024
171, 81, 172, Sat Aug 24 02:13:29 2024
141, 72, 165, Sat Aug 24 02:14:29 2024
137, 65, 161, Sat Aug 24 02:15:29 2024
179, 87, 171, Sat Aug 24 02:16:29 2024
145, 74, 168, Sat Aug 24 02:17:29 2024
173, 77, 159, Sat Aug 24 02:18:29 2024
144, 75, 166, Sat Aug 24 02:19:29 2024
144, 72, 166, Sat Aug 24 02:20:29 2024
136, 71, 152, Sat Aug 24 02:21:29 2024
162, 79, 156, Sat Aug 24 02:22:29 2024
151, 79, 168, Sat Aug 24 02:23:29 2024
157, 79, 174, Sat Aug 24 02:24:29 2024
177, 84, 194, Sat Aug 24 02:25:29 2024
168, 75, 156, Sat Aug 24 02:26:29 2024
170, 78, 179, Sat Aug 24 02:27:29 2024
151, 76, 161, Sat Aug 24 02:28:29 2024
155, 81, 172, Sat Aug 24 02:29:29 2024
159, 73, 171, Sat Aug 24 02:30:29 2024
171, 85, 192, Sat Aug 24 02:31:29 2024
158, 68, 151, Sat Aug 24 02:32:29 2024
143, 73, 171, Sat Aug 24 02:33:29 2024
160, 80, 170, Sat Aug 24 02:34:29 2024
153, 68, 175, Sat Aug 24 02:35:29 2024
175, 85, 176, Sat Aug 24 02:36:29 2024
160, 84, 188, Sat Aug 24 02:37:29 2024
172, 77, 161, Sat Aug 24 02:38:29 2024
157, 68, 162, Sat Aug 24 02:39:29 2024
153, 77, 152, Sat Aug 24 02:40:29 2024
165, 77, 144, Sat Aug 24 02:41:29 2024
188, 82, 164, Sat Aug 24 02:42:29 2024
149, 75, 152, Sat Aug 24 02:43:29 2024
165, 78, 158, Sat Aug 24 02:44:29 2024
139, 61, 144, Sat Aug 24 02:45:29 2024
166, 91, 169, Sat Aug 24 02:46:29 2024
166, 89, 172, Sat Aug 24 02:47:29 2024
176, 74, 172, Sat Aug 24 02:48:29 2024
152, 74, 171, Sat Aug 24 02:49:29 2024
165, 80, 166, Sat Aug 24 02:50:29 2024
156, 75, 175, Sat Aug 24 02:51:29 2024
156, 82, 183, Sat Aug 24 02:52:29 2024
151, 64, 162, Sat Aug 24 02:53:29 2024
176, 95, 185, Sat Aug 24 02:54:29 2024
168, 83, 174, Sat Aug 24 02:55:29 2024
133, 68, 137, Sat Aug 24 02:56:29 2024
150, 80, 184, Sat Aug 24 02:57:29 2024
146, 69, 147, Sat Aug 24 02:58:29 2024
162, 79, 162, Sat Aug 24 02:59:29 2024
169, 74, 179, Sat Aug 24 03:00:29 2024
159, 74, 157, Sat Aug 24 03:01:29 2024
167, 91, 167, Sat Aug 24 03:02:29 2024
167, 88, 184, Sat Aug 24 03:03:29 2024
156, 84, 171, Sat Aug 24 03:04:29 2024
150, 67, 155, Sat Aug 24 03:05:29 2024
129, 57, 151, Sat Aug 24 03:06:29 2024
165, 82, 157, Sat Aug 24 03:07:29 2024
165, 80, 170, Sat Aug 24 03:08:29 2024
148, 73, 165, Sat Aug 24 03:09:29 2024
167, 74, 176, Sat Aug 24 03:10:29 2024
153, 67, 161, Sat Aug 24 03:11:29 2024
136, 70, 171, Sat Aug 24 03:12:29 2024
139, 62, 147, Sat Aug 24 03:13:29 2024
184, 86, 172, Sat Aug 24 03:14:29 2024
148, 67, 159, Sat Aug 24 03:15:29 2024
167, 81, 154, Sat Aug 24 03:16:29 2024
185, 85, 178, Sat Aug 24 03:17:29 2024
157, 81, 153, Sat Aug 24 03:18:29 2024
145, 75, 151, Sat Aug 24 03:19:29 2024
161, 76, 177, Sat Aug 24 03:20:29 2024
135, 57, 151, Sat Aug 24 03:21:29 2024
148, 87, 184, Sat Aug 24 03:22:29 2024
166, 92, 173, Sat Aug 24 03:23:29 2024
178, 82, 170, Sat Aug 24 03:24:29 2024
138, 74, 157, Sat Aug 24 03:25:29 2024
159, 86, 177, Sat Aug 24 03:26:29 2024
153, 74, 176, Sat Aug 24 03:27:29 2024
158, 76, 161, Sat Aug 24 03:28:29 2024
166, 81, 176, Sat Aug 24 03:29:29 2024
169, 78, 168, Sat Aug 24 03:30:29 2024
152, 83, 180, Sat Aug 24 03:31:29 2024
150, 76, 161, Sat Aug 24 03:32:29 2024
154, 72, 168, Sat Aug 24 03:33:29 2024
148, 77, 159, Sat Aug 24 03:34:29 2024
173, 84, 170, Sat Aug 24 03:35:29 2024
159, 75, 165, Sat Aug 24 03:36:29 2024
161, 82, 168, Sat Aug 24 03:37:29 2024
135, 80, 172, Sat Aug 24 03:38:29 2024
171, 77, 159, Sat Aug 24 03:39:29 2024
147, 78, 167, Sat Aug 24 03:40:29 2024
152, 87, 173, Sat Aug 24 03:41:29 2024
169, 70, 172, Sat Aug 24 03:42:29 2024
133, 66, 156, Sat Aug 24 03:43:29 2024
153, 77, 188, Sat Aug 24 03:44:29 2024
173, 81, 178, Sat Aug 24 03:45:29 2024
152, 77, 159, Sat Aug 24 03:46:29 2024
168, 87, 167, Sat Aug 24 03:47:29 2024
163, 92, 174, Sat Aug 24 03:48:29 2024
168, 85, 164, Sat Aug 24 03:49:29 2024
181, 89, 184, Sat Aug 24 03:50:29 2024
157, 80, 165, Sat Aug 24 03:51:29 2024
152, 74, 172, Sat Aug 24 03:52:29 2024
159, 86, 180, Sat Aug 24 03:53:29 2024
146, 75, 166, Sat Aug 24 03:54:29 2024
170, 87, 187, Sat Aug 24 03:55:29 2024
177, 94, 187, Sat Aug 24 03:56:29 2024
168, 80, 168, Sat Aug 24 03:57:29 2024
158, 76, 178, Sat Aug 24 03:58:29 2024
145, 77, 166, Sat Aug 24 03:59:29 2024
163, 74, 154, Sat Aug 24 04:00:29 2024
174, 88, 191, Sat Aug 24 04:01:29 2024
162, 70, 173, Sat Aug 24 04:02:29 2024
166, 77, 167, Sat Aug 24 04:03:29 2024
157, 86, 177, Sat Aug 24 04:04:29 2024
156, 78, 174, Sat Aug 24 04:05:29 2024
156, 72, 164, Sat Aug 24 04:06:29 2024
175, 86, 168, Sat Aug 24 04:07:29 2024
164, 87, 179, Sat Aug 24 04:08:29 2024
179, 93, 180, Sat Aug 24 04:09:29 2024
144, 73, 162, Sat Aug 24 04:10:29 2024
151, 76, 161, Sat Aug 24 04:11:29 2024
163, 90, 182, Sat Aug 24 04:12:29 2024
150, 80, 163, Sat Aug 24 04:13:29 2024
151, 74, 158, Sat Aug 24 04:14:29 2024
169, 71, 149, Sat Aug 24 04:15:29 2024
171, 87, 180, Sat Aug 24 04:16:29 2024
150, 88, 184, Sat Aug 24 04:17:29 2024
149, 73, 158, Sat Aug 24 04:18:29 2024
170, 93, 182, Sat Aug 24 04:19:29 2024
153, 72, 163, Sat Aug 24 04:20:29 2024
142, 67, 168, Sat Aug 24 04:21:29 2024
165, 83, 196, Sat Aug 24 04:22:29 2024
159, 68, 173, Sat Aug 24 04:23:29 2024
173, 79, 159, Sat Aug 24 04:24:29 2024
171, 97, 211, Sat Aug 24 04:25:29 2024
160, 75, 158, Sat Aug 24 04:26:29 2024
153, 87, 167, Sat Aug 24 04:27:29 2024
156, 74, 164, Sat Aug 24 04:28:29 2024
170, 87, 168, Sat Aug 24 04:29:29 2024
161, 82, 171, Sat Aug 24 04:30:29 2024
165, 85, 185, Sat Aug 24 04:31:29 2024
169, 88, 179, Sat Aug 24 04:32:29 2024
165, 85, 175, Sat Aug 24 04:33:29 2024
164, 83, 165, Sat Aug 24 04:34:29 2024
159, 78, 171, Sat Aug 24 04:35:29 2024
164, 87, 166, Sat Aug 24 04:36:29 2024
166, 72, 153, Sat Aug 24 04:37:29 2024
168, 83, 177, Sat Aug 24 04:38:29 2024
191, 90, 182, Sat Aug 24 04:39:29 2024
179, 95, 170, Sat Aug 24 04:40:29 2024
188, 93, 197, Sat Aug 24 04:41:29 2024
159, 85, 167, Sat Aug 24 04:42:29 2024
157, 75, 147, Sat Aug 24 04:43:29 2024
163, 75, 180, Sat Aug 24 04:44:29 2024
163, 79, 160, Sat Aug 24 04:45:29 2024
166, 76, 170, Sat Aug 24 04:46:29 2024
159, 75, 159, Sat Aug 24 04:47:29 2024
154, 88, 166, Sat Aug 24 04:48:29 2024
162, 97, 180, Sat Aug 24 04:49:29 2024
165, 81, 161, Sat Aug 24 04:50:29 2024
156, 72, 171, Sat Aug 24 04:51:29 2024
167, 75, 155, Sat Aug 24 04:52:29 2024
158, 72, 162, Sat Aug 24 04:53:29 2024
150, 62, 139, Sat Aug 24 04:54:29 2024
156, 77, 158, Sat Aug 24 04:55:29 2024
171, 90, 174, Sat Aug 24 04:56:29 2024
158, 77, 178, Sat Aug 24 04:57:29 2024
147, 79, 157, Sat Aug 24 04:58:29 2024
176, 95, 176, Sat Aug 24 04:59:29 2024
160, 74, 173, Sat Aug 24 05:00:29 2024
158, 70, 147, Sat Aug 24 05:01:29 2024
173, 86, 170, Sat Aug 24 05:02:29 2024
160, 82, 160, Sat Aug 24 05:03:29 2024
157, 81, 176, Sat Aug 24 05:04:29 2024
154, 69, 149, Sat Aug 24 05:05:29 2024
158, 80, 164, Sat Aug 24 05:06:29 2024
154, 76, 170, Sat Aug 24 05:07:29 2024
164, 72, 150, Sat Aug 24 05:08:29 2024
177, 82, 172, Sat Aug 24 05:09:29 2024
154, 75, 159, Sat Aug 24 05:10:29 2024
156, 84, 173, Sat Aug 24 05:11:29 2024
164, 83, 154, Sat Aug 24 05:12:29 2024
148, 66, 167, Sat Aug 24 05:13:29 2024
149, 74, 164, Sat Aug 24 05:14:29 2024
132, 65, 156, Sat Aug 24 05:15:29 2024
159, 82, 170, Sat Aug 24 05:16:29 2024
163, 80, 145, Sat Aug 24 05:17:29 2024
164, 80, 157, Sat Aug 24 05:18:29 2024
149, 71, 170, Sat Aug 24 05:19:29 2024
167, 87, 188, Sat Aug 24 05:20:29 2024
176, 93, 183, Sat Aug 24 05:21:29 2024
169, 71, 183, Sat Aug 24 05:22:29 2024
171, 79, 169, Sat Aug 24 05:23:29 2024
151, 72, 156, Sat Aug 24 05:24:29 2024
151, 84, 171, Sat Aug 24 05:25:29 2024
167, 81, 162, Sat Aug 24 05:26:29 2024
163, 79, 185, Sat Aug 24 05:27:29 2024
128, 60, 131, Sat Aug 24 05:28:29 2024
152, 83, 176, Sat Aug 24 05:29:29 2024
154, 83, 179, Sat Aug 24 05:30:29 2024
181, 90, 193, Sat Aug 24 05:31:29 2024
167, 81, 148, Sat Aug 24 05:32:29 2024
151, 72, 161, Sat Aug 24 05:33:29 2024
157, 77, 162, Sat Aug 24 05:34:29 2024
151, 69, 154, Sat Aug 24 05:35:29 2024
171, 81, 152, Sat Aug 24 05:36:29 2024
172, 76, 177, Sat Aug 24 05:37:29 2024
173, 88, 184, Sat Aug 24 05:38:29 2024
168, 73, 168, Sat Aug 24 05:39:29 2024
147, 76, 165, Sat Aug 24 05:40:29 2024
150, 79, 170, Sat Aug 24 05:41:29 2024
152, 79, 168, Sat Aug 24 05:42:29 2024
151, 86, 178, Sat Aug 24 05:43:29 2024
143, 73, 141, Sat Aug 24 05:44:29 2024
161, 87, 168, Sat Aug 24 05:45:29 2024
119, 57, 135, Sat Aug 24 05:46:29 2024
128, 59, 143, Sat Aug 24 05:47:29 2024
160, 70, 149, Sat Aug 24 05:48:29 2024
162, 82, 168, Sat Aug 24 05:49:29 2024
162, 85, 168, Sat Aug 24 05:50:29 2024
134, 67, 161, Sat Aug 24 05:51:29 2024
142, 82, 166, Sat Aug 24 05:52:29 2024
171, 66, 153, Sat Aug 24 05:53:29 2024
162, 83, 169, Sat Aug 24 05:54:29 2024
150, 76, 159, Sat Aug 24 05:55:29 2024
160, 67, 162, Sat Aug 24 05:56:29 2024
154, 76, 160, Sat Aug 24 05:57:29 2024
149, 80, 169, Sat Aug 24 05:58:29 2024
159, 77, 181, Sat Aug 24 05:59:29 2024
147, 77, 163, Sat Aug 24 06:00:29 2024
157, 68, 168, Sat Aug 24 06:01:29 2024
142, 66, 156, Sat Aug 24 06:02:29 2024
157, 75, 158, Sat Aug 24 06:03:29 2024
156, 74, 155, Sat Aug 24 06:04:29 2024
149, 82, 177, Sat Aug 24 06:05:29 2024
166, 78, 173, Sat Aug 24 06:06:29 2024
169, 82, 168, Sat Aug 24 06:07:29 2024
142, 68, 169, Sat Aug 24 06:08:29 2024
155, 78, 176, Sat Aug 24 06:09:29 2024
150, 73, 145, Sat Aug 24 06:10:29 2024
156, 79, 167, Sat Aug 24 06:11:29 2024
160, 81, 171, Sat Aug 24 06:12:29 2024
152, 67, 151, Sat Aug 24 06:13:29 2024
161, 82, 181, Sat Aug 24 06:14:29 2024
160, 88, 180, Sat Aug 24 06:15:29 2024
160, 87, 170, Sat Aug 24 06:16:29 2024
165, 85, 170, Sat Aug 24 06:17:29 2024
182, 90, 180, Sat Aug 24 06:18:29 2024
174, 87, 178, Sat Aug 24 06:19:29 2024
174, 80, 153, Sat Aug 24 06:20:29 2024
165, 77, 171, Sat Aug 24 06:21:29 2024
159, 86, 181, Sat Aug 24 06:22:29 2024
160, 72, 151, Sat Aug 24 06:23:29 2024
164, 84, 184, Sat Aug 24 06:24:29 2024
168, 86, 191, Sat Aug 24 06:25:29 2024
165, 73, 185, Sat Aug 24 06:26:29 2024
169, 86, 156, Sat Aug 24 06:27:29 2024
162, 71, 153, Sat Aug 24 06:28:29 2024
150, 78, 172, Sat Aug 24 06:29:29 2024
141, 69, 157, Sat Aug 24 06:30:29 2024
177, 83, 175, Sat Aug 24 06:31:29 2024
165, 84, 173, Sat Aug 24 06:32:29 2024
177, 101, 195, Sat Aug 24 06:33:29 2024
168, 80, 166, Sat Aug 24 06:34:29 2024
150, 65, 137, Sat Aug 24 06:35:29 2024
177, 84, 165, Sat Aug 24 06:36:29 2024
154, 79, 171, Sat Aug 24 06:37:29 2024
165, 89, 183, Sat Aug 24 06:38:29 2024
161, 84, 185, Sat Aug 24 06:39:29 2024
163, 86, 197, Sat Aug 24 06:40:29 2024
172, 91, 170, Sat Aug 24 06:41:29 2024
173, 73, 181, Sat Aug 24 06:42:29 2024
176, 90, 180, Sat Aug 24 06:43:29 2024
171, 71, 150, Sat Aug 24 06:44:29 2024
150, 83, 168, Sat Aug 24 06:45:29 2024
151, 78, 165, Sat Aug 24 06:46:29 2024
152, 86, 180, Sat Aug 24 06:47:29 2024
154, 81, 176, Sat Aug 24 06:48:29 2024
159, 87, 161, Sat Aug 24 06:49:29 2024
159, 81, 169, Sat Aug 24 06:50:29 2024
172, 81, 182, Sat Aug 24 06:51:29 2024
165, 82, 161, Sat Aug 24 06:52:29 2024
155, 78, 152, Sat Aug 24 06:53:29 2024
173, 95, 170, Sat Aug 24 06:54:29 2024
160, 79, 167, Sat Aug 24 06:55:29 2024
158, 72, 174, Sat Aug 24 06:56:29 2024
189, 104, 191, Sat Aug 24 06:57:29 2024
197, 102, 208, Sat Aug 24 06:58:29 2024
179, 94, 183, Sat Aug 24 06:59:29 2024
151, 86, 194, Sat Aug 24 07:00:29 2024
173, 94, 181, Sat Aug 24 07:01:29 2024
160, 84, 159, Sat Aug 24 07:02:29 2024
156, 63, 157, Sat Aug 24 07:03:29 2024
166, 90, 186, Sat Aug 24 07:04:29 2024
153, 68, 143, Sat Aug 24 07:05:29 2024
136, 66, 176, Sat Aug 24 07:06:29 2024
179, 95, 183, Sat Aug 24 07:07:29 2024
159, 82, 186, Sat Aug 24 07:08:29 2024
167, 81, 177, Sat Aug 24 07:09:29 2024
148, 74, 171, Sat Aug 24 07:10:29 2024
172, 87, 162, Sat Aug 24 07:11:29 2024
180, 98, 189, Sat Aug 24 07:12:29 2024
167, 92, 176, Sat Aug 24 07:13:29 2024
157, 72, 164, Sat Aug 24 07:14:29 2024
160, 97, 188, Sat Aug 24 07:15:29 2024
165, 83, 178, Sat Aug 24 07:16:29 2024
164, 87, 158, Sat Aug 24 07:17:29 2024
173, 81, 164, Sat Aug 24 07:18:29 2024
160, 79, 175, Sat Aug 24 07:19:29 2024
177, 92, 178, Sat Aug 24 07:20:29 2024
158, 79, 165, Sat Aug 24 07:21:29 2024
165, 80, 162, Sat Aug 24 07:22:29 2024
176, 92, 194, Sat Aug 24 07:23:29 2024
138, 73, 143, Sat Aug 24 07:24:29 2024
170, 86, 170, Sat Aug 24 07:25:29 2024
187, 82, 185, Sat Aug 24 07:26:29 2024
151, 83, 183, Sat Aug 24 07:27:29 2024
127, 61, 144, Sat Aug 24 07:28:29 2024
157, 72, 142, Sat Aug 24 07:29:29 2024
158, 81, 152, Sat Aug 24 07:30:29 2024
151, 64, 155, Sat Aug 24 07:31:29 2024
151, 61, 159, Sat Aug 24 07:32:29 2024
143, 61, 155, Sat Aug 24 07:33:29 2024
134, 62, 156, Sat Aug 24 07:34:29 2024
154, 72, 175, Sat Aug 24 07:35:29 2024
167, 81, 167, Sat Aug 24 07:36:29 2024
153, 75, 164, Sat Aug 24 07:37:29 2024
145, 72, 144, Sat Aug 24 07:38:29 2024
165, 83, 169, Sat Aug 24 07:39:29 2024
149, 71, 155, Sat Aug 24 07:40:29 2024
177, 81, 175, Sat Aug 24 07:41:29 2024
157, 76, 148, Sat Aug 24 07:42:29 2024
158, 81, 181, Sat Aug 24 07:43:29 2024
148, 80, 157, Sat Aug 24 07:44:29 2024
125, 58, 135, Sat Aug 24 07:45:29 2024
146, 65, 148, Sat Aug 24 07:46:29 2024
168, 99, 194, Sat Aug 24 07:47:29 2024
150, 81, 175, Sat Aug 24 07:48:29 2024
164, 82, 175, Sat Aug 24 07:49:29 2024
184, 97, 179, Sat Aug 24 07:50:29 2024
167, 91, 193, Sat Aug 24 07:51:29 2024
196, 82, 176, Sat Aug 24 07:52:29 2024
178, 92, 183, Sat Aug 24 07:53:29 2024
167, 96, 192, Sat Aug 24 07:54:29 2024
147, 72, 173, Sat Aug 24 07:55:29 2024
151, 78, 170, Sat Aug 24 07:56:29 2024
168, 72, 168, Sat Aug 24 07:57:29 2024
164, 84, 159, Sat Aug 24 07:58:29 2024
169, 82, 162, Sat Aug 24 07:59:29 2024
168, 81, 158, Sat Aug 24 08:00:29 2024
157, 89, 155, Sat Aug 24 08:01:29 2024
177, 94, 177, Sat Aug 24 08:02:29 2024
165, 93, 176, Sat Aug 24 08:03:29 2024
161, 71, 152, Sat Aug 24 08:04:29 2024
181, 90, 187, Sat Aug 24 08:05:29 2024
160, 80, 165, Sat Aug 24 08:06:29 2024
179, 97, 185, Sat Aug 24 08:07:29 2024
164, 93, 171, Sat Aug 24 08:08:29 2024
165, 83, 164, Sat Aug 24 08:09:29 2024
162, 73, 175, Sat Aug 24 08:10:29 2024
145, 76, 166, Sat Aug 24 08:11:29 2024
175, 86, 166, Sat Aug 24 08:12:29 2024
166, 83, 164, Sat Aug 24 08:13:29 2024
153, 75, 162, Sat Aug 24 08:14:29 2024
185, 90, 168, Sat Aug 24 08:15:29 2024
156, 81, 160, Sat Aug 24 08:16:29 2024
150, 71, 156, Sat Aug 24 08:17:29 2024
180, 82, 173, Sat Aug 24 08:18:29 2024
125, 64, 167, Sat Aug 24 08:19:29 2024
162, 84, 168, Sat Aug 24 08:20:29 2024
158, 77, 162, Sat Aug 24 08:21:29 2024
175, 90, 185, Sat Aug 24 08:22:29 2024
140, 62, 143, Sat Aug 24 08:23:29 2024
149, 67, 159, Sat Aug 24 08:24:29 2024
150, 61, 161, Sat Aug 24 08:25:29 2024
172, 93, 163, Sat Aug 24 08:26:29 2024
162, 82, 194, Sat Aug 24 08:27:29 2024
161, 71, 166, Sat Aug 24 08:28:29 2024
138, 75, 171, Sat Aug 24 08:29:29 2024
183, 87, 172, Sat Aug 24 08:30:29 2024
166, 81, 168, Sat Aug 24 08:31:29 2024
177, 79, 173, Sat Aug 24 08:32:29 2024
140, 70, 159, Sat Aug 24 08:33:29 2024
159, 69, 164, Sat Aug 24 08:34:29 2024
157, 80, 177, Sat Aug 24 08:35:29 2024
159, 78, 161, Sat Aug 24 08:36:29 2024
174, 86, 186, Sat Aug 24 08:37:29 2024
153, 71, 159, Sat Aug 24 08:38:29 2024
151, 74, 162, Sat Aug 24 08:39:29 2024
158, 77, 164, Sat Aug 24 08:40:29 2024
166, 82, 187, Sat Aug 24 08:41:29 2024
183, 88, 176, Sat Aug 24 08:42:29 2024
147, 60, 139, Sat Aug 24 08:43:29 2024
164, 81, 163, Sat Aug 24 08:44:29 2024
161, 85, 162, Sat Aug 24 08:45:29 2024
171, 85, 174, Sat Aug 24 08:46:29 2024
169, 83, 174, Sat Aug 24 08:47:29 2024
170, 76, 158, Sat Aug 24 08:48:29 2024
166, 90, 160, Sat Aug 24 08:49:29 2024
149, 71, 148, Sat Aug 24 08:50:29 2024
156, 72, 177, Sat Aug 24 08:51:29 2024
166, 84, 183, Sat Aug 24 08:52:29 2024
141, 66, 142, Sat Aug 24 08:53:29 2024
159, 82, 176, Sat Aug 24 08:54:29 2024
161, 81, 178, Sat Aug 24 08:55:29 2024
170, 71, 150, Sat Aug 24 08:56:29 2024
172, 99, 181, Sat Aug 24 08:57:29 2024
185, 86, 177, Sat Aug 24 08:58:29 2024
169, 81, 180, Sat Aug 24 08:59:29 2024
157, 78, 143, Sat Aug 24 09:00:29 2024
163, 85, 156, Sat Aug 24 09:01:29 2024
148, 74, 158, Sat Aug 24 09:02:29 2024
159, 81, 175, Sat Aug 24 09:03:29 2024
166, 73, 168, Sat Aug 24 09:04:29 2024
171, 82, 172, Sat Aug 24 09:05:29 2024
160, 84, 160, Sat Aug 24 09:06:29 2024
156, 85, 165, Sat Aug 24 09:07:29 2024
153, 80, 167, Sat Aug 24 09:08:29 2024
138, 69, 156, Sat Aug 24 09:09:29 2024
148, 74, 169, Sat Aug 24 09:10:29 2024
180, 86, 184, Sat Aug 24 09:11:29 2024
137, 72, 153, Sat Aug 24 09:12:29 2024
165, 76, 171, Sat Aug 24 09:13:29 2024
155, 67, 148, Sat Aug 24 09:14:29 2024
167, 82, 165, Sat Aug 24 09:15:29 2024
165, 82, 161, Sat Aug 24 09:16:29 2024
136, 63, 166, Sat Aug 24 09:17:29 2024
161, 77, 162, Sat Aug 24 09:18:29 2024
173, 93, 183, Sat Aug 24 09:19:29 2024
175, 86, 179, Sat Aug 24 09:20:29 2024
152, 87, 174, Sat Aug 24 09:21:29 2024
159, 88, 178, Sat Aug 24 09:22:29 2024
160, 65, 169, Sat Aug 24 09:23:29 2024
146, 75, 164, Sat Aug 24 09:24:29 2024
176, 79, 175, Sat Aug 24 09:25:29 2024
166, 79, 179, Sat Aug 24 09:26:29 2024
135, 80, 176, Sat Aug 24 09:27:29 2024
186, 95, 178, Sat Aug 24 09:28:29 2024
173, 90, 185, Sat Aug 24 09:29:29 2024
188, 91, 169, Sat Aug 24 09:30:29 2024
165, 77, 157, Sat Aug 24 09:31:29 2024
156, 77, 182, Sat Aug 24 09:32:29 2024
161, 66, 158, Sat Aug 24 09:33:29 2024
153, 66, 145, Sat Aug 24 09:34:29 2024
172, 93, 194, Sat Aug 24 09:35:29 2024
160, 75, 157, Sat Aug 24 09:36:29 2024
156, 64, 149, Sat Aug 24 09:37:29 2024
144, 74, 157, Sat Aug 24 09:38:29 2024
168, 87, 181, Sat Aug 24 09:39:29 2024
157, 86, 172, Sat Aug 24 09:40:29 2024
145, 83, 183, Sat Aug 24 09:41:29 2024
171, 80, 177, Sat Aug 24 09:42:29 2024
172, 91, 189, Sat Aug 24 09:43:29 2024
155, 64, 150, Sat Aug 24 09:44:29 2024
169, 80, 180, Sat Aug 24 09:45:29 2024
162, 88, 173, Sat Aug 24 09:46:29 2024
163, 82, 178, Sat Aug 24 09:47:29 2024
140, 68, 154, Sat Aug 24 09:48:29 2024
172, 82, 161, Sat Aug 24 09:49:29 2024
154, 70, 147, Sat Aug 24 09:50:29 2024
150, 72, 162, Sat Aug 24 09:51:29 2024
147, 72, 148, Sat Aug 24 09:52:29 2024
171, 84, 172, Sat Aug 24 09:53:29 2024
175, 86, 187, Sat Aug 24 09:54:29 2024
153, 71, 144, Sat Aug 24 09:55:29 2024
144, 81, 177, Sat Aug 24 09:56:29 2024
157, 82, 156, Sat Aug 24 09:57:29 2024
154, 70, 148, Sat Aug 24 09:58:29 2024
158, 85, 178, Sat Aug 24 09:59:29 2024
154, 74, 162, Sat Aug 24 10:00:29 2024
170, 84, 186, Sat Aug 24 10:01:29 2024
158, 79, 190, Sat Aug 24 10:02:29 2024
136, 79, 173, Sat Aug 24 10:03:29 2024
148, 68, 175, Sat Aug 24 10:04:29 2024
150, 72, 152, Sat Aug 24 10:05:29 2024
168, 80, 177, Sat Aug 24 10:06:29 2024
163, 82, 158, Sat Aug 24 10:07:29 2024
155, 70, 155, Sat Aug 24 10:08:29 2024
154, 74, 178, Sat Aug 24 10:09:29 2024
174, 100, 181, Sat Aug 24 10:10:29 2024
173, 90, 157, Sat Aug 24 10:11:29 2024
184, 102, 188, Sat Aug 24 10:12:29 2024
167, 90, 176, Sat Aug 24 10:13:29 2024
167, 87, 199, Sat Aug 24 10:14:29 2024
139, 66, 171, Sat Aug 24 10:15:29 2024
171, 100, 204, Sat Aug 24 10:16:29 2024
178, 90, 171, Sat Aug 24 10:17:29 2024
178, 83, 176, Sat Aug 24 10:18:29 2024
174, 90, 187, Sat Aug 24 10:19:29 2024
170, 84, 181, Sat Aug 24 10:20:29 2024
156, 83, 165, Sat Aug 24 10:21:29 2024
136, 60, 152, Sat Aug 24 10:22:29 2024
141, 68, 148, Sat Aug 24 10:23:29 2024
153, 82, 169, Sat Aug 24 10:24:29 2024
179, 98, 203, Sat Aug 24 10:25:29 2024
159, 90, 171, Sat Aug 24 10:26:29 2024
177, 77, 174, Sat Aug 24 10:27:29 2024
157, 73, 160, Sat Aug 24 10:28:29 2024
169, 87, 183, Sat Aug 24 10:29:29 2024
146, 76, 163, Sat Aug 24 10:30:29 2024
179, 90, 171, Sat Aug 24 10:31:29 2024
174, 92, 176, Sat Aug 24 10:32:29 2024
149, 81, 160, Sat Aug 24 10:33:29 2024
155, 70, 156, Sat Aug 24 10:34:29 2024
182, 85, 166, Sat Aug 24 10:35:29 2024
153, 83, 175, Sat Aug 24 10:36:29 2024
181, 88, 162, Sat Aug 24 10:37:29 2024
158, 84, 162, Sat Aug 24 10:38:29 2024
145, 68, 174, Sat Aug 24 10:39:29 2024
158, 64, 157, Sat Aug 24 10:40:29 2024
165, 94, 165, Sat Aug 24 10:41:29 2024
154, 86, 188, Sat Aug 24 10:42:29 2024
146, 75, 154, Sat Aug 24 10:43:29 2024
183, 89, 173, Sat Aug 24 10:44:29 2024
157, 72, 144, Sat Aug 24 10:45:29 2024
167, 85, 174, Sat Aug 24 10:46:29 2024
157, 67, 162, Sat Aug 24 10:47:29 2024
173, 92, 173, Sat Aug 24 10:48:29 2024
145, 73, 167, Sat Aug 24 10:49:29 2024
142, 63, 154, Sat Aug 24 10:50:29 2024
148, 72, 145, Sat Aug 24 10:51:29 2024
137, 77, 185, Sat Aug 24 10:52:29 2024
147, 69, 162, Sat Aug 24 10:53:29 2024
156, 79, 159, Sat Aug 24 10:54:29 2024
160, 75, 154, Sat Aug 24 10:55:29 2024
148, 70, 169, Sat Aug 24 10:56:29 2024
178, 87, 191, Sat Aug 24 10:57:29 2024
125, 65, 148, Sat Aug 24 10:58:29 2024
168, 84, 168, Sat Aug 24 10:59:29 2024
160, 76, 159, Sat Aug 24 11:00:29 2024
179, 112, 222, Sat Aug 24 11:01:29 2024
173, 93, 190, Sat Aug 24 11:02:29 2024
141, 68, 164, Sat Aug 24 11:03:29 2024
153, 78, 161, Sat Aug 24 11:04:29 2024
151, 79, 166, Sat Aug 24 11:05:29 2024
182, 86, 173, Sat Aug 24 11:06:29 2024
177, 66, 157, Sat Aug 24 11:07:29 2024
158, 76, 183, Sat Aug 24 11:08:29 2024
142, 66, 167, Sat Aug 24 11:09:29 2024
174, 94, 184, Sat Aug 24 11:10:29 2024
152, 85, 183, Sat Aug 24 11:11:29 2024
164, 76, 153, Sat Aug 24 11:12:29 2024
158, 88, 178, Sat Aug 24 11:13:29 2024
143, 82, 178, Sat Aug 24 11:14:29 2024
167, 76, 185, Sat Aug 24 11:15:29 2024
157, 85, 170, Sat Aug 24 11:16:29 2024
153, 72, 160, Sat Aug 24 11:17:29 2024
177, 98, 189, Sat Aug 24 11:18:29 2024
155, 80, 161, Sat Aug 24 11:19:29 2024
182, 91, 170, Sat Aug 24 11:20:29 2024
166, 77, 166, Sat Aug 24 11:21:29 2024
170, 87, 174, Sat Aug 24 11:22:29 2024
140, 74, 191, Sat Aug 24 11:23:29 2024
166, 70, 174, Sat Aug 24 11:24:29 2024
160, 77, 174, Sat Aug 24 11:25:29 2024
155, 90, 177, Sat Aug 24 11:26:29 2024
165, 83, 167, Sat Aug 24 11:27:29 2024
168, 85, 165, Sat Aug 24 11:28:29 2024
175, 96, 188, Sat Aug 24 11:29:29 2024
153, 78, 168, Sat Aug 24 11:30:29 2024
179, 88, 172, Sat Aug 24 11:31:29 2024
142, 78, 158, Sat Aug 24 11:32:29 2024
153, 74, 164, Sat Aug 24 11:33:29 2024
170, 76, 154, Sat Aug 24 11:34:29 2024
159, 90, 176, Sat Aug 24 11:35:29 2024
163, 74, 163, Sat Aug 24 11:36:29 2024
159, 92, 173, Sat Aug 24 11:37:29 2024
160, 76, 165, Sat Aug 24 11:38:29 2024
154, 75, 165, Sat Aug 24 11:39:29 2024
158, 84, 174, Sat Aug 24 11:40:29 2024
162, 81, 172, Sat Aug 24 11:41:29 2024
150, 65, 143, Sat Aug 24 11:42:29 2024
148, 72, 177, Sat Aug 24 11:43:29 2024
168, 72, 154, Sat Aug 24 11:44:29 2024
163, 82, 172, Sat Aug 24 11:45:29 2024
171, 89, 168, Sat Aug 24 11:46:29 2024
147, 75, 154, Sat Aug 24 11:47:29 2024
173, 81, 165, Sat Aug 24 11:48:29 2024
156, 76, 169, Sat Aug 24 11:49:29 2024
140, 64, 164, Sat Aug 24 11:50:29 2024
155, 90, 182, Sat Aug 24 11:51:29 2024
140, 61, 149, Sat Aug 24 11:52:29 2024
170, 77, 161, Sat Aug 24 11:53:29 2024
138, 60, 137, Sat Aug 24 11:54:29 2024
165, 85, 171, Sat Aug 24 11:55:29 2024
153, 83, 167, Sat Aug 24 11:56:29 2024
160, 87, 178, Sat Aug 24 11:57:29 2024
164, 79, 168, Sat Aug 24 11:58:29 2024
155, 76, 167, Sat Aug 24 11:59:29 2024
159, 86, 182, Sat Aug 24 12:00:29 2024
162, 71, 158, Sat Aug 24 12:01:29 2024
155, 70, 159, Sat Aug 24 12:02:29 2024
190, 89, 184, Sat Aug 24 12:03:29 2024
144, 75, 159, Sat Aug 24 12:04:29 2024
141, 74, 165, Sat Aug 24 12:05:29 2024
179, 101, 186, Sat Aug 24 12:06:29 2024
134, 74, 155, Sat Aug 24 12:07:29 2024
170, 91, 172, Sat Aug 24 12:08:29 2024
174, 84, 173, Sat Aug 24 12:09:29 2024
160, 76, 165, Sat Aug 24 12:10:29 2024
145, 66, 148, Sat Aug 24 12:11:29 2024
151, 82, 154, Sat Aug 24 12:12:29 2024
148, 76, 181, Sat Aug 24 12:13:29 2024
164, 82, 181, Sat Aug 24 12:14:29 2024
152, 73, 174, Sat Aug 24 12:15:29 2024
184, 95, 169, Sat Aug 24 12:16:29 2024
152, 82, 173, Sat Aug 24 12:17:29 2024
168, 87, 183, Sat Aug 24 12:18:29 2024
162, 83, 162, Sat Aug 24 12:19:29 2024
166, 81, 180, Sat Aug 24 12:20:29 2024
175, 80, 167, Sat Aug 24 12:21:29 2024
166, 81, 172, Sat Aug 24 12:22:29 2024
157, 77, 168, Sat Aug 24 12:23:29 2024
172, 90, 190, Sat Aug 24 12:24:29 2024
185, 77, 168, Sat Aug 24 12:25:29 2024
155, 67, 163, Sat Aug 24 12:26:29 2024
159, 72, 166, Sat Aug 24 12:27:29 2024
156, 72, 146, Sat Aug 24 12:28:29 2024
136, 59, 144, Sat Aug 24 12:29:29 2024
133, 65, 165, Sat Aug 24 12:30:29 2024
152, 73, 156, Sat Aug 24 12:31:29 2024
161, 79, 163, Sat Aug 24 12:32:29 2024
147, 67, 157, Sat Aug 24 12:33:29 2024
168, 73, 160, Sat Aug 24 12:34:29 2024
160, 74, 152, Sat Aug 24 12:35:29 2024
164, 81, 163, Sat Aug 24 12:36:29 2024
165, 70, 160, Sat Aug 24 12:37:29 2024
146, 83, 176, Sat Aug 24 12:38:29 2024
173, 99, 175, Sat Aug 24 12:39:29 2024
145, 78, 161, Sat Aug 24 12:40:29 2024
159, 75, 148, Sat Aug 24 12:41:29 2024
148, 76, 175, Sat Aug 24 12:42:29 2024
145, 76, 149, Sat Aug 24 12:43:29 2024
167, 92, 172, Sat Aug 24 12:44:29 2024
164, 78, 185, Sat Aug 24 12:45:29 2024
162, 72, 165, Sat Aug 24 12:46:29 2024
150, 78, 163, Sat Aug 24 12:47:29 2024
156, 89, 183, Sat Aug 24 12:48:29 2024
176, 93, 182, Sat Aug 24 12:49:29 2024
148, 68, 149, Sat Aug 24 12:50:29 2024
145, 69, 161, Sat Aug 24 12:51:29 2024
156, 83, 168, Sat Aug 24 12:52:29 2024
171, 80, 179, Sat Aug 24 12:53:29 2024
164, 79, 160, Sat Aug 24 12:54:29 2024
163, 81, 160, Sat Aug 24 12:55:29 2024
143, 66, 156, Sat Aug 24 12:56:29 2024
160, 83, 178, Sat Aug 24 12:57:29 2024
154, 72, 165, Sat Aug 24 12:58:29 2024
157, 76, 169, Sat Aug 24 12:59:29 2024
154, 84, 182, Sat Aug 24 13:00:29 2024
170, 88, 195, Sat Aug 24 13:01:29 2024
166, 84, 175, Sat Aug 24 13:02:29 2024
158, 76, 185, Sat Aug 24 13:03:29 2024
161, 84, 171, Sat Aug 24 13:04:29 2024
153, 75, 173, Sat Aug 24 13:05:29 2024
160, 75, 156, Sat Aug 24 13:06:29 2024
158, 76, 158, Sat Aug 24 13:07:29 2024
145, 76, 162, Sat Aug 24 13:08:29 2024
158, 72, 152, Sat Aug 24 13:09:29 2024
140, 68, 158, Sat Aug 24 13:10:29 2024
172, 82, 168, Sat Aug 24 13:11:29 2024
169, 78, 160, Sat Aug 24 13:12:29 2024
154, 79, 168, Sat Aug 24 13:13:29 2024
157, 78, 160, Sat Aug 24 13:14:29 2024
126, 67, 154, Sat Aug 24 13:15:29 2024
149, 78, 165, Sat Aug 24 13:16:29 2024
145, 70, 153, Sat Aug 24 13:17:29 2024
158, 84, 174, Sat Aug 24 13:18:29 2024
167, 90, 186, Sat Aug 24 13:19:29 2024
173, 73, 159, Sat Aug 24 13:20:29 2024
164, 86, 167, Sat Aug 24 13:21:29 2024
157, 73, 170, Sat Aug 24 13:22:29 2024
165, 78, 162, Sat Aug 24 13:23:29 2024
161, 78, 166, Sat Aug 24 13:24:29 2024
156, 70, 145, Sat Aug 24 13:25:29 2024
153, 79, 174, Sat Aug 24 13:26:29 2024
170, 86, 172, Sat Aug 24 13:27:29 2024
189, 90, 177, Sat Aug 24 13:28:29 2024
144, 70, 151, Sat Aug 24 13:29:29 2024
151, 70, 169, Sat Aug 24 13:30:29 2024
177, 97, 191, Sat Aug 24 13:31:29 2024
156, 74, 148, Sat Aug 24 13:32:29 2024
181, 91, 181, Sat Aug 24 13:33:29 2024
152, 78, 171, Sat Aug 24 13:34:29 2024
166, 78, 173, Sat Aug 24 13:35:29 2024
154, 68, 153, Sat Aug 24 13:36:29 2024
185, 109, 189, Sat Aug 24 13:37:29 2024
136, 74, 167, Sat Aug 24 13:38:29 2024
187, 94, 188, Sat Aug 24 13:39:29 2024
140, 76, 159, Sat Aug 24 13:40:29 2024
184, 89, 172, Sat Aug 24 13:41:29 2024
163, 78, 161, Sat Aug 24 13:42:29 2024
172, 82, 165, Sat Aug 24 13:43:29 2024
152, 82, 174, Sat Aug 24 13:44:29 2024
159, 80, 159, Sat Aug 24 13:45:29 2024
145, 75, 153, Sat Aug 24 13:46:29 2024
150, 59, 150, Sat Aug 24 13:47:29 2024
177, 80, 169, Sat Aug 24 13:48:29 2024
158, 83, 172, Sat Aug 24 13:49:29 2024
169, 76, 165, Sat Aug 24 13:50:29 2024
160, 79, 167, Sat Aug 24 13:51:29 2024
157, 89, 182, Sat Aug 24 13:52:29 2024
172, 85, 183, Sat Aug 24 13:53:29 2024
173, 95, 188, Sat Aug 24 13:54:29 2024
186, 78, 173, Sat Aug 24 13:55:29 2024
184, 90, 174, Sat Aug 24 13:56:29 2024
166, 89, 198, Sat Aug 24 13:57:29 2024
145, 68, 151, Sat Aug 24 13:58:29 2024
159, 80, 187, Sat Aug 24 13:59:29 2024
147, 73, 155, Sat Aug 24 14:00:29 2024
162, 66, 141, Sat Aug 24 14:01:29 2024
169, 81, 181, Sat Aug 24 14:02:29 2024
171, 87, 181, Sat Aug 24 14:03:29 2024
163, 79, 185, Sat Aug 24 14:04:29 2024
160, 65, 153, Sat Aug 24 14:05:29 2024
157, 83, 160, Sat Aug 24 14:06:29 2024
134, 65, 161, Sat Aug 24 14:07:29 2024
160, 82, 163, Sat Aug 24 14:08:29 2024
152, 72, 150, Sat Aug 24 14:09:29 2024
174, 97, 177, Sat Aug 24 14:10:29 2024
154, 74, 177, Sat Aug 24 14:11:29 2024
153, 65, 162, Sat Aug 24 14:12:29 2024
143, 64, 165, Sat Aug 24 14:13:29 2024
158, 80, 168, Sat Aug 24 14:14:29 2024
150, 71, 162, Sat Aug 24 14:15:29 2024
161, 83, 179, Sat Aug 24 14:16:29 2024
152, 77, 166, Sat Aug 24 14:17:29 2024
136, 68, 155, Sat Aug 24 14:18:29 2024
168, 80, 183, Sat Aug 24 14:19:29 2024
177, 95, 190, Sat Aug 24 14:20:29 2024
146, 61, 138, Sat Aug 24 14:21:29 2024
152, 71, 154, Sat Aug 24 14:22:29 2024
163, 80, 174, Sat Aug 24 14:23:29 2024
154, 74, 182, Sat Aug 24 14:24:29 2024
167, 99, 176, Sat Aug 24 14:25:29 2024
150, 74, 174, Sat Aug 24 14:26:29 2024
157, 79, 163, Sat Aug 24 14:27:29 2024
147, 70, 175, Sat Aug 24 14:28:29 2024
148, 78, 166, Sat Aug 24 14:29:29 2024
151, 70, 160, Sat Aug 24 14:30:29 2024
188, 87, 179, Sat Aug 24 14:31:29 2024
176, 101, 193, Sat Aug 24 14:32:29 2024
151, 80, 158, Sat Aug 24 14:33:29 2024
152, 77, 175, Sat Aug 24 14:34:29 2024
159, 71, 165, Sat Aug 24 14:35:29 2024
141, 81, 174, Sat Aug 24 14:36:29 2024
169, 88, 183, Sat Aug 24 14:37:29 2024
159, 75, 162, Sat Aug 24 14:38:29 2024
134, 59, 146, Sat Aug 24 14:39:29 2024
168, 88, 182, Sat Aug 24 14:40:29 2024
161, 86, 186, Sat Aug 24 14:41:29 2024
154, 75, 150, Sat Aug 24 14:42:29 2024
172, 87, 175, Sat Aug 24 14:43:29 2024
149, 73, 171, Sat Aug 24 14:44:29 2024
170, 92, 195, Sat Aug 24 14:45:29 2024
170, 80, 167, Sat Aug 24 14:46:29 2024
165, 76, 162, Sat Aug 24 14:47:29 2024
171, 85, 183, Sat Aug 24 14:48:29 2024
153, 75, 154, Sat Aug 24 14:49:29 2024
146, 83, 160, Sat Aug 24 14:50:29 2024
177, 81, 180, Sat Aug 24 14:51:29 2024
157, 82, 172, Sat Aug 24 14:52:29 2024
167, 91, 182, Sat Aug 24 14:53:29 2024
159, 99, 186, Sat Aug 24 14:54:29 2024
170, 88, 166, Sat Aug 24 14:55:29 2024
151, 81, 180, Sat Aug 24 14:56:29 2024
164, 85, 185, Sat Aug 24 14:57:29 2024
162, 82, 175, Sat Aug 24 14:58:29 2024
165, 89, 164, Sat Aug 24 14:59:29 2024
147, 76, 153, Sat Aug 24 15:00:29 2024
159, 71, 162, Sat Aug 24 15:01:29 2024
168, 82, 182, Sat Aug 24 15:02:29 2024
148, 79, 169, Sat Aug 24 15:03:29 2024
144, 66, 152, Sat Aug 24 15:04:29 2024
168, 74, 161, Sat Aug 24 15:05:29 2024
162, 74, 167, Sat Aug 24 15:06:29 2024
157, 73, 162, Sat Aug 24 15:07:29 2024
156, 87, 166, Sat Aug 24 15:08:29 2024
166, 77, 174, Sat Aug 24 15:09:29 2024
148, 64, 152, Sat Aug 24 15:10:29 2024
183, 98, 192, Sat Aug 24 15:11:29 2024
147, 65, 160, Sat Aug 24 15:12:29 2024
163, 82, 179, Sat Aug 24 15:13:29 2024
183, 87, 184, Sat Aug 24 15:14:29 2024
174, 94, 175, Sat Aug 24 15:15:29 2024
182, 78, 171, Sat Aug 24 15:16:29 2024
183, 100, 162, Sat Aug 24 15:17:29 2024
142, 79, 177, Sat Aug 24 15:18:29 2024
165, 76, 161, Sat Aug 24 15:19:29 2024
154, 71, 163, Sat Aug 24 15:20:29 2024
152, 82, 157, Sat Aug 24 15:21:29 2024
158, 82, 181, Sat Aug 24 15:22:29 2024
194, 98, 189, Sat Aug 24 15:23:29 2024
157, 71, 149, Sat Aug 24 15:24:29 2024
146, 79, 154, Sat Aug 24 15:25:29 2024
138, 65, 168, Sat Aug 24 15:26:29 2024
148, 75, 177, Sat Aug 24 15:27:29 2024
160, 73, 161, Sat Aug 24 15:28:29 2024
189, 83, 164, Sat Aug 24 15:29:29 2024
180, 89, 182, Sat Aug 24 15:30:29 2024
162, 82, 174, Sat Aug 24 15:31:29 2024
151, 80, 147, Sat Aug 24 15:32:29 2024
166, 84, 183, Sat Aug 24 15:33:29 2024
168, 90, 190, Sat Aug 24 15:34:29 2024
145, 66, 152, Sat Aug 24 15:35:29 2024
152, 79, 160, Sat Aug 24 15:36:29 2024
150, 74, 161, Sat Aug 24 15:37:29 2024
139, 77, 167, Sat Aug 24 15:38:29 2024
155, 79, 160, Sat Aug 24 15:39:29 2024
186, 86, 174, Sat Aug 24 15:40:29 2024
152, 82, 154, Sat Aug 24 15:41:29 2024
166, 87, 192, Sat Aug 24 15:42:29 2024
165, 85, 178, Sat Aug 24 15:43:29 2024
146, 71, 157, Sat Aug 24 15:44:29 2024
157, 71, 156, Sat Aug 24 15:45:29 2024
139, 80, 155, Sat Aug 24 15:46:29 2024
162, 76, 175, Sat Aug 24 15:47:29 2024
166, 73, 168, Sat Aug 24 15:48:29 2024
160, 78, 181, Sat Aug 24 15:49:29 2024
167, 83, 159, Sat Aug 24 15:50:29 2024
171, 94, 177, Sat Aug 24 15:51:29 2024
157, 88, 180, Sat Aug 24 15:52:29 2024
159, 87, 169, Sat Aug 24 15:53:29 2024
148, 71, 163, Sat Aug 24 15:54:29 2024
148, 79, 169, Sat Aug 24 15:55:29 2024
149, 73, 159, Sat Aug 24 15:56:29 2024
178, 84, 181, Sat Aug 24 15:57:29 2024
151, 74, 153, Sat Aug 24 15:58:29 2024
148, 69, 175, Sat Aug 24 15:59:29 2024
160, 74, 150, Sat Aug 24 16:00:29 2024
162, 80, 166, Sat Aug 24 16:01:29 2024
174, 79, 176, Sat Aug 24 16:02:29 2024
159, 89, 175, Sat Aug 24 16:03:29 2024
153, 69, 140, Sat Aug 24 16:04:29 2024
154, 69, 165, Sat Aug 24 16:05:29 2024
173, 87, 180, Sat Aug 24 16:06:29 2024
166, 73, 159, Sat Aug 24 16:07:29 2024
163, 85, 173, Sat Aug 24 16:08:29 2024
143, 83, 174, Sat Aug 24 16:09:29 2024
174, 86, 168, Sat Aug 24 16:10:29 2024
151, 74, 153, Sat Aug 24 16:11:29 2024
150, 76, 170, Sat Aug 24 16:12:29 2024
162, 85, 169, Sat Aug 24 16:13:29 2024
138, 64, 150, Sat Aug 24 16:14:29 2024
150, 92, 194, Sat Aug 24 16:15:29 2024
147, 76, 165, Sat Aug 24 16:16:29 2024
156, 81, 169, Sat Aug 24 16:17:29 2024
168, 89, 189, Sat Aug 24 16:18:29 2024
144, 66, 163, Sat Aug 24 16:19:29 2024
149, 78, 157, Sat Aug 24 16:20:29 2024
155, 76, 182, Sat Aug 24 16:21:29 2024
158, 80, 160, Sat Aug 24 16:22:29 2024
181, 84, 186, Sat Aug 24 16:23:29 2024
165, 83, 187, Sat Aug 24 16:24:29 2024
144, 65, 165, Sat Aug 24 16:25:29 2024
188, 73, 147, Sat Aug 24 16:26:29 2024
161, 80, 169, Sat Aug 24 16:27:29 2024
174, 99, 200, Sat Aug 24 16:28:29 2024
136, 78, 149, Sat Aug 24 16:29:29 2024
164, 74, 159, Sat Aug 24 16:30:29 2024
165, 79, 175, Sat Aug 24 16:31:29 2024
147, 77, 164, Sat Aug 24 16:32:29 2024
158, 78, 168, Sat Aug 24 16:33:29 2024
163, 76, 180, Sat Aug 24 16:34:29 2024
146, 78, 163, Sat Aug 24 16:35:29 2024
164, 83, 182, Sat Aug 24 16:36:29 2024
178, 100, 174, Sat Aug 24 16:37:29 2024
169, 83, 174, Sat Aug 24 16:38:29 2024
168, 79, 170, Sat Aug 24 16:39:29 2024
150, 84, 164, Sat Aug 24 16:40:29 2024
167, 81, 185, Sat Aug 24 16:41:29 2024
163, 78, 168, Sat Aug 24 16:42:29 2024
153, 72, 160, Sat Aug 24 16:43:29 2024
142, 72, 163, Sat Aug 24 16:44:29 2024
160, 85, 179, Sat Aug 24 16:45:29 2024
156, 81, 174, Sat Aug 24 16:46:29 2024
152, 80, 195, Sat Aug 24 16:47:29 2024
164, 92, 171, Sat Aug 24 16:48:29 2024
146, 65, 169, Sat Aug 24 16:49:29 2024
158, 86, 172, Sat Aug 24 16:50:29 2024
164, 82, 168, Sat Aug 24 16:51:29 2024
160, 80, 175, Sat Aug 24 16:52:29 2024
154, 71, 163, Sat Aug 24 16:53:29 2024
164, 67, 149, Sat Aug 24 16:54:29 2024
171, 86, 179, Sat Aug 24 16:55:29 2024
178, 89, 197, Sat Aug 24 16:56:29 2024
157, 70, 157, Sat Aug 24 16:57:29 2024
176, 91, 181, Sat Aug 24 16:58:29 2024
159, 79, 157, Sat Aug 24 16:59:29 2024
174, 88, 178, Sat Aug 24 17:00:29 2024
154, 81, 164, Sat Aug 24 17:01:29 2024
190, 100, 187, Sat Aug 24 17:02:29 2024
168, 86, 169, Sat Aug 24 17:03:29 2024
179, 87, 180, Sat Aug 24 17:04:29 2024
161, 77, 164, Sat Aug 24 17:05:29 2024
157, 78, 156, Sat Aug 24 17:06:29 2024
145, 70, 170, Sat Aug 24 17:07:29 2024
159, 83, 183, Sat Aug 24 17:08:29 2024
166, 79, 161, Sat Aug 24 17:09:29 2024
173, 87, 168, Sat Aug 24 17:10:29 2024
178, 83, 160, Sat Aug 24 17:11:29 2024
158, 77, 168, Sat Aug 24 17:12:29 2024
158, 83, 174, Sat Aug 24 17:13:29 2024
146, 68, 166, Sat Aug 24 17:14:29 2024
154, 76, 174, Sat Aug 24 17:15:29 2024
176, 88, 162, Sat Aug 24 17:16:29 2024
172, 83, 180, Sat Aug 24 17:17:29 2024
169, 95, 196, Sat Aug 24 17:18:29 2024
155, 88, 168, Sat Aug 24 17:19:29 2024
165, 80, 172, Sat Aug 24 17:20:29 2024
147, 74, 155, Sat Aug 24 17:21:29 2024
182, 86, 180, Sat Aug 24 17:22:29 2024
139, 56, 133, Sat Aug 24 17:23:29 2024
151, 75, 159, Sat Aug 24 17:24:29 2024
150, 72, 148, Sat Aug 24 17:25:29 2024
150, 83, 176, Sat Aug 24 17:26:29 2024
149, 82, 174, Sat Aug 24 17:27:29 2024
157, 85, 179, Sat Aug 24 17:28:29 2024
160, 72, 161, Sat Aug 24 17:29:29 2024
163, 79, 168, Sat Aug 24 17:30:29 2024
163, 67, 158, Sat Aug 24 17:31:29 2024
160, 86, 173, Sat Aug 24 17:32:29 2024
177, 83, 179, Sat Aug 24 17:33:29 2024
160, 82, 155, Sat Aug 24 17:34:29 2024
172, 90, 200, Sat Aug 24 17:35:29 2024
161, 82, 166, Sat Aug 24 17:36:29 2024
162, 85, 176, Sat Aug 24 17:37:29 2024
159, 91, 168, Sat Aug 24 17:38:29 2024
170, 81, 172, Sat Aug 24 17:39:29 2024
172, 88, 175, Sat Aug 24 17:40:29 2024
156, 70, 142, Sat Aug 24 17:41:29 2024
151, 78, 175, Sat Aug 24 17:42:29 2024
181, 93, 169, Sat Aug 24 17:43:29 2024
143, 83, 160, Sat Aug 24 17:44:29 2024
170, 96, 180, Sat Aug 24 17:45:29 2024
152, 74, 162, Sat Aug 24 17:46:29 2024
151, 84, 172, Sat Aug 24 17:47:29 2024
159, 76, 162, Sat Aug 24 17:48:29 2024
197, 105, 199, Sat Aug 24 17:49:29 2024
146, 78, 170, Sat Aug 24 17:50:29 2024
179, 92, 178, Sat Aug 24 17:51:29 2024
178, 88, 192, Sat Aug 24 17:52:29 2024
165, 70, 162, Sat Aug 24 17:53:29 2024
176, 88, 181, Sat Aug 24 17:54:29 2024
151, 74, 191, Sat Aug 24 17:55:29 2024
155, 78, 160, Sat Aug 24 17:56:29 2024
153, 74, 164, Sat Aug 24 17:57:29 2024
155, 65, 151, Sat Aug 24 17:58:29 2024
151, 66, 170, Sat Aug 24 17:59:29 2024
148, 60, 137, Sat Aug 24 18:00:29 2024
163, 76, 174, Sat Aug 24 18:01:29 2024
166, 77, 153, Sat Aug 24 18:02:29 2024
159, 71, 173, Sat Aug 24 18:03:29 2024
147, 72, 162, Sat Aug 24 18:04:29 2024
145, 79, 178, Sat Aug 24 18:05:29 2024
166, 87, 176, Sat Aug 24 18:06:29 2024
143, 64, 156, Sat Aug 24 18:07:29 2024
171, 91, 182, Sat Aug 24 18:08:29 2024
151, 71, 166, Sat Aug 24 18:09:29 2024
165, 91, 182, Sat Aug 24 18:10:29 2024
131, 74, 167, Sat Aug 24 18:11:29 2024
163, 82, 167, Sat Aug 24 18:12:29 2024
161, 75, 170, Sat Aug 24 18:13:29 2024
137, 66, 149, Sat Aug 24 18:14:29 2024
164, 82, 164, Sat Aug 24 18:15:29 2024
176, 100, 204, Sat Aug 24 18:16:29 2024
166, 90, 174, Sat Aug 24 18:17:29 2024
173, 83, 166, Sat Aug 24 18:18:29 2024
145, 70, 153, Sat Aug 24 18:19:29 2024
163, 80, 161, Sat Aug 24 18:20:29 2024
169, 70, 155, Sat Aug 24 18:21:29 2024
143, 62, 129, Sat Aug 24 18:22:29 2024
155, 86, 179, Sat Aug 24 18:23:29 2024
143, 69, 176, Sat Aug 24 18:24:29 2024
174, 83, 159, Sat Aug 24 18:25:29 2024
172, 95, 184, Sat Aug 24 18:26:29 2024
155, 72, 160, Sat Aug 24 18:27:29 2024
147, 78, 164, Sat Aug 24 18:28:29 2024
165, 71, 162, Sat Aug 24 18:29:29 2024
168, 80, 162, Sat Aug 24 18:30:29 2024
158, 93, 166, Sat Aug 24 18:31:29 2024
189, 91, 166, Sat Aug 24 18:32:29 2024
179, 94, 187, Sat Aug 24 18:33:29 2024
148, 82, 167, Sat Aug 24 18:34:29 2024
160, 82, 173, Sat Aug 24 18:35:29 2024
182, 85, 180, Sat Aug 24 18:36:29 2024
175, 82, 173, Sat Aug 24 18:37:29 2024
182, 90, 179, Sat Aug 24 18:38:29 2024
154, 73, 154, Sat Aug 24 18:39:29 2024
155, 70, 147, Sat Aug 24 18:40:29 2024
145, 66, 158, Sat Aug 24 18:41:29 2024
157, 70, 165, Sat Aug 24 18:42:29 2024
172, 84, 177, Sat Aug 24 18:43:29 2024
168, 104, 197, Sat Aug 24 18:44:29 2024
195, 93, 182, Sat Aug 24 18:45:29 2024
157, 81, 171, Sat Aug 24 18:46:29 2024
155, 75, 166, Sat Aug 24 18:47:29 2024
179, 90, 178, Sat Aug 24 18:48:29 2024
158, 82, 180, Sat Aug 24 18:49:29 2024
200, 108, 199, Sat Aug 24 18:50:29 2024
174, 78, 175, Sat Aug 24 18:51:29 2024
166, 86, 169, Sat Aug 24 18:52:29 2024
142, 80, 168, Sat Aug 24 18:53:29 2024
149, 81, 164, Sat Aug 24 18:54:29 2024
188, 91, 169, Sat Aug 24 18:55:29 2024
140, 60, 158, Sat Aug 24 18:56:29 2024
167, 85, 167, Sat Aug 24 18:57:29 2024
168, 81, 184, Sat Aug 24 18:58:29 2024
146, 77, 170, Sat Aug 24 18:59:29 2024
176, 87, 180, Sat Aug 24 19:00:29 2024
181, 83, 161, Sat Aug 24 19:01:29 2024
165, 78, 193, Sat Aug 24 19:02:29 2024
153, 76, 162, Sat Aug 24 19:03:29 2024
169, 87, 179, Sat Aug 24 19:04:29 2024
157, 73, 155, Sat Aug 24 19:05:29 2024
165, 77, 152, Sat Aug 24 19:06:29 2024
164, 76, 152, Sat Aug 24 19:07:29 2024
161, 76, 175, Sat Aug 24 19:08:29 2024
165, 86, 168, Sat Aug 24 19:09:29 2024
185, 93, 186, Sat Aug 24 19:10:29 2024
180, 95, 191, Sat Aug 24 19:11:29 2024
156, 74, 179, Sat Aug 24 19:12:29 2024
163, 86, 177, Sat Aug 24 19:13:29 2024
144, 72, 189, Sat Aug 24 19:14:29 2024
156, 79, 165, Sat Aug 24 19:15:29 2024
146, 84, 180, Sat Aug 24 19:16:29 2024
172, 87, 194, Sat Aug 24 19:17:29 2024
173, 84, 169, Sat Aug 24 19:18:29 2024
148, 74, 171, Sat Aug 24 19:19:29 2024
152, 68, 154, Sat Aug 24 19:20:29 2024
147, 67, 134, Sat Aug 24 19:21:29 2024
151, 72, 148, Sat Aug 24 19:22:29 2024
155, 71, 149, Sat Aug 24 19:23:29 2024
139, 74, 163, Sat Aug 24 19:24:29 2024
160, 74, 173, Sat Aug 24 19:25:29 2024
153, 73, 178, Sat Aug 24 19:26:29 2024
146, 76, 163, Sat Aug 24 19:27:29 2024
162, 80, 175, Sat Aug 24 19:28:29 2024
166, 79, 170, Sat Aug 24 19:29:29 2024
164, 75, 179, Sat Aug 24 19:30:29 2024
177, 94, 185, Sat Aug 24 19:31:29 2024
130, 64, 141, Sat Aug 24 19:32:29 2024
127, 64, 147, Sat Aug 24 19:33:29 2024
193, 91, 193, Sat Aug 24 19:34:29 2024
153, 85, 175, Sat Aug 24 19:35:29 2024
172, 88, 197, Sat Aug 24 19:36:29 2024
172, 83, 171, Sat Aug 24 19:37:29 2024
165, 77, 167, Sat Aug 24 19:38:29 2024
161, 69, 159, Sat Aug 24 19:39:29 2024
174, 79, 167, Sat Aug 24 19:40:29 2024
141, 61, 155, Sat Aug 24 19:41:29 2024
162, 81, 182, Sat Aug 24 19:42:29 2024
165, 93, 180, Sat Aug 24 19:43:29 2024
150, 85, 192, Sat Aug 24 19:44:29 2024
185, 92, 151, Sat Aug 24 19:45:29 2024
181, 82, 171, Sat Aug 24 19:46:29 2024
158, 78, 155, Sat Aug 24 19:47:29 2024
151, 76, 165, Sat Aug 24 19:48:29 2024
175, 85, 156, Sat Aug 24 19:49:29 2024
146, 76, 162, Sat Aug 24 19:50:29 2024
169, 84, 175, Sat Aug 24 19:51:29 2024
159, 76, 164, Sat Aug 24 19:52:29 2024
176, 86, 165, Sat Aug 24 19:53:29 2024
167, 85, 176, Sat Aug 24 19:54:29 2024
154, 77, 159, Sat Aug 24 19:55:29 2024
173, 93, 183, Sat Aug 24 19:56:29 2024
159, 80, 167, Sat Aug 24 19:57:29 2024
163, 92, 166, Sat Aug 24 19:58:29 2024
135, 61, 147, Sat Aug 24 19:59:29 2024
155, 72, 179, Sat Aug 24 20:00:29 2024
176, 90, 168, Sat Aug 24 20:01:29 2024
167, 76, 170, Sat Aug 24 20:02:29 2024
164, 99, 198, Sat Aug 24 20:03:29 2024
181, 97, 191, Sat Aug 24 20:04:29 2024
157, 79, 165, Sat Aug 24 20:05:29 2024
174, 82, 167, Sat Aug 24 20:06:29 2024
168, 90, 194, Sat Aug 24 20:07:29 2024
150, 80, 179, Sat Aug 24 20:08:29 2024
144, 74, 168, Sat Aug 24 20:09:29 2024
167, 98, 174, Sat Aug 24 20:10:29 2024
185, 89, 159, Sat Aug 24 20:11:29 2024
170, 98, 201, Sat Aug 24 20:12:29 2024
173, 78, 180, Sat Aug 24 20:13:29 2024
145, 77, 159, Sat Aug 24 20:14:29 2024
160, 77, 152, Sat Aug 24 20:15:29 2024
153, 75, 164, Sat Aug 24 20:16:29 2024
179, 97, 200, Sat Aug 24 20:17:29 2024
167, 93, 191, Sat Aug 24 20:18:29 2024
170, 88, 184, Sat Aug 24 20:19:29 2024
162, 74, 169, Sat Aug 24 20:20:29 2024
178, 81, 184, Sat Aug 24 20:21:29 2024
174, 96, 178, Sat Aug 24 20:22:29 2024
162, 71, 142, Sat Aug 24 20:23:29 2024
178, 73, 145, Sat Aug 24 20:24:29 2024
151, 76, 157, Sat Aug 24 20:25:29 2024
153, 70, 143, Sat Aug 24 20:26:29 2024
189, 91, 198, Sat Aug 24 20:27:29 2024
156, 92, 176, Sat Aug 24 20:28:29 2024
154, 83, 164, Sat Aug 24 20:29:29 2024
154, 72, 169, Sat Aug 24 20:30:29 2024
190, 92, 173, Sat Aug 24 20:31:29 2024
173, 94, 182, Sat Aug 24 20:32:29 2024
160, 76, 165, Sat Aug 24 20:33:29 2024
152, 71, 153, Sat Aug 24 20:34:29 2024
157, 89, 183, Sat Aug 24 20:35:29 2024
174, 80, 164, Sat Aug 24 20:36:29 2024
163, 79, 173, Sat Aug 24 20:37:29 2024
166, 87, 178, Sat Aug 24 20:38:29 2024
169, 89, 185, Sat Aug 24 20:39:29 2024
158, 93, 161, Sat Aug 24 20:40:29 2024
164, 75, 156, Sat Aug 24 20:41:29 2024
166, 76, 159, Sat Aug 24 20:42:29 2024
154, 90, 183, Sat Aug 24 20:43:29 2024
179, 92, 181, Sat Aug 24 20:44:29 2024
163, 71, 165, Sat Aug 24 20:45:29 2024
172, 89, 169, Sat Aug 24 20:46:29 2024
166, 96, 177, Sat Aug 24 20:47:29 2024
162, 85, 197, Sat Aug 24 20:48:29 2024
168, 99, 198, Sat Aug 24 20:49:29 2024
169, 67, 153, Sat Aug 24 20:50:29 2024
154, 70, 157, Sat Aug 24 20:51:29 2024
172, 89, 177, Sat Aug 24 20:52:29 2024
171, 82, 167, Sat Aug 24 20:53:29 2024
142, 74, 169, Sat Aug 24 20:54:29 2024
168, 82, 189, Sat Aug 24 20:55:29 2024
151, 73, 166, Sat Aug 24 20:56:29 2024
172, 82, 159, Sat Aug 24 20:57:29 2024
157, 85, 172, Sat Aug 24 20:58:29 2024
176, 97, 181, Sat Aug 24 20:59:29 2024
141, 73, 156, Sat Aug 24 21:00:29 2024
146, 83, 159, Sat Aug 24 21:01:29 2024
152, 78, 159, Sat Aug 24 21:02:29 2024
179, 87, 174, Sat Aug 24 21:03:29 2024
151, 69, 168, Sat Aug 24 21:04:29 2024
165, 91, 173, Sat Aug 24 21:05:29 2024
168, 91, 195, Sat Aug 24 21:06:29 2024
166, 87, 175, Sat Aug 24 21:07:29 2024
146, 66, 160, Sat Aug 24 21:08:29 2024
145, 73, 167, Sat Aug 24 21:09:29 2024
161, 82, 191, Sat Aug 24 21:10:29 2024
154, 68, 139, Sat Aug 24 21:11:29 2024
141, 85, 165, Sat Aug 24 21:12:29 2024
154, 78, 162, Sat Aug 24 21:13:29 2024
169, 84, 195, Sat Aug 24 21:14:29 2024
129, 62, 150, Sat Aug 24 21:15:29 2024
157, 83, 170, Sat Aug 24 21:16:29 2024
162, 74, 158, Sat Aug 24 21:17:29 2024
170, 87, 177, Sat Aug 24 21:18:29 2024
153, 88, 171, Sat Aug 24 21:19:29 2024
161, 70, 153, Sat Aug 24 21:20:29 2024
172, 93, 173, Sat Aug 24 21:21:29 2024
149, 74, 182, Sat Aug 24 21:22:29 2024
175, 76, 157, Sat Aug 24 21:23:29 2024
164, 85, 174, Sat Aug 24 21:24:29 2024
166, 73, 162, Sat Aug 24 21:25:29 2024
167, 88, 184, Sat Aug 24 21:26:29 2024
181, 105, 177, Sat Aug 24 21:27:29 2024
169, 87, 159, Sat Aug 24 21:28:29 2024
169, 88, 190, Sat Aug 24 21:29:29 2024
154, 89, 165, Sat Aug 24 21:30:29 2024
172, 98, 190, Sat Aug 24 21:31:29 2024
152, 76, 181, Sat Aug 24 21:32:29 2024
159, 92, 179, Sat Aug 24 21:33:29 2024
171, 84, 168, Sat Aug 24 21:34:29 2024
157, 80, 165, Sat Aug 24 21:35:29 2024
175, 78, 161, Sat Aug 24 21:36:29 2024
170, 86, 175, Sat Aug 24 21:37:29 2024
173, 81, 165, Sat Aug 24 21:38:29 2024
171, 85, 171, Sat Aug 24 21:39:29 2024
146, 62, 149, Sat Aug 24 21:40:29 2024
160, 72, 156, Sat Aug 24 21:41:29 2024
157, 83, 164, Sat Aug 24 21:42:29 2024
155, 82, 174, Sat Aug 24 21:43:29 2024
164, 89, 180, Sat Aug 24 21:44:29 2024
157, 87, 175, Sat Aug 24 21:45:29 2024
141, 70, 151, Sat Aug 24 21:46:29 2024
164, 86, 187, Sat Aug 24 21:47:29 2024
160, 75, 156, Sat Aug 24 21:48:29 2024
167, 71, 159, Sat Aug 24 21:49:29 2024
167, 76, 160, Sat Aug 24 21:50:29 2024
162, 83, 168, Sat Aug 24 21:51:29 2024
166, 94, 168, Sat Aug 24 21:52:29 2024
158, 92, 173, Sat Aug 24 21:53:29 2024
162, 82, 162, Sat Aug 24 21:54:29 2024
153, 75, 178, Sat Aug 24 21:55:29 2024
118, 55, 146, Sat Aug 24 21:56:29 2024
156, 84, 166, Sat Aug 24 21:57:29 2024
160, 85, 179, Sat Aug 24 21:58:29 2024
160, 81, 160, Sat Aug 24 21:59:29 2024
167, 89, 188, Sat Aug 24 22:00:29 2024
149, 72, 159, Sat Aug 24 22:01:29 2024
163, 83, 173, Sat Aug 24 22:02:29 2024
151, 74, 171, Sat Aug 24 22:03:29 2024
170, 94, 177, Sat Aug 24 22:04:29 2024
155, 78, 170, Sat Aug 24 22:05:29 2024
165, 84, 184, Sat Aug 24 22:06:29 2024
162, 76, 160, Sat Aug 24 22:07:29 2024
180, 95, 180, Sat Aug 24 22:08:29 2024
168, 87, 174, Sat Aug 24 22:09:29 2024
161, 85, 177, Sat Aug 24 22:10:29 2024
154, 85, 176, Sat Aug 24 22:11:29 2024
180, 92, 206, Sat Aug 24 22:12:29 2024
158, 78, 179, Sat Aug 24 22:13:29 2024
162, 82, 186, Sat Aug 24 22:14:29 2024
145, 63, 164, Sat Aug 24 22:15:29 2024
178, 81, 178, Sat Aug 24 22:16:29 2024
179, 80, 183, Sat Aug 24 22:17:29 2024
179, 89, 193, Sat Aug 24 22:18:29 2024
169, 74, 164, Sat Aug 24 22:19:29 2024
160, 74, 179, Sat Aug 24 22:20:29 2024
156, 93, 170, Sat Aug 24 22:21:29 2024
141, 64, 154, Sat Aug 24 22:22:29 2024
158, 77, 171, Sat Aug 24 22:23:29 2024
160, 88, 180, Sat Aug 24 22:24:29 2024
182, 89, 167, Sat Aug 24 22:25:29 2024
165, 82, 174, Sat Aug 24 22:26:29 2024
138, 69, 146, Sat Aug 24 22:27:29 2024
147, 76, 159, Sat Aug 24 22:28:29 2024
151, 79, 167, Sat Aug 24 22:29:29 2024
167, 82, 177, Sat Aug 24 22:30:29 2024
141, 65, 145, Sat Aug 24 22:31:29 2024
175, 93, 173, Sat Aug 24 22:32:29 2024
161, 84, 185, Sat Aug 24 22:33:29 2024
176, 89, 167, Sat Aug 24 22:34:29 2024
166, 90, 172, Sat Aug 24 22:35:29 2024
175, 92, 186, Sat Aug 24 22:36:29 2024
162, 92, 195, Sat Aug 24 22:37:29 2024
153, 73, 165, Sat Aug 24 22:38:29 2024
165, 87, 171, Sat Aug 24 22:39:29 2024
162, 78, 167, Sat Aug 24 22:40:29 2024
140, 57, 162, Sat Aug 24 22:41:29 2024
140, 73, 153, Sat Aug 24 22:42:29 2024
189, 89, 185, Sat Aug 24 22:43:29 2024
176, 80, 184, Sat Aug 24 22:44:29 2024
190, 90, 193, Sat Aug 24 22:45:29 2024
152, 79, 163, Sat Aug 24 22:46:29 2024
176, 92, 165, Sat Aug 24 22:47:29 2024
152, 78, 192, Sat Aug 24 22:48:29 2024
163, 82, 189, Sat Aug 24 22:49:29 2024
156, 81, 180, Sat Aug 24 22:50:29 2024
161, 83, 166, Sat Aug 24 22:51:29 2024
165, 77, 178, Sat Aug 24 22:52:29 2024
155, 82, 166, Sat Aug 24 22:53:29 2024
166, 79, 189, Sat Aug 24 22:54:29 2024
166, 89, 178, Sat Aug 24 22:55:29 2024
176, 83, 168, Sat Aug 24 22:56:29 2024
172, 83, 165, Sat Aug 24 22:57:29 2024
183, 95, 187, Sat Aug 24 22:58:29 2024
153, 63, 156, Sat Aug 24 22:59:29 2024
156, 72, 154, Sat Aug 24 23:00:29 2024
177, 89, 198, Sat Aug 24 23:01:29 2024
161, 82, 151, Sat Aug 24 23:02:29 2024
168, 88, 174, Sat Aug 24 23:03:29 2024
167, 84, 173, Sat Aug 24 23:04:29 2024
161, 85, 185, Sat Aug 24 23:05:29 2024
149, 78, 155, Sat Aug 24 23:06:29 2024
171, 72, 164, Sat Aug 24 23:07:29 2024
165, 79, 169, Sat Aug 24 23:08:29 2024
152, 76, 174, Sat Aug 24 23:09:29 2024
160, 97, 183, Sat Aug 24 23:10:29 2024
163, 78, 162, Sat Aug 24 23:11:29 2024
157, 81, 168, Sat Aug 24 23:12:29 2024
138, 79, 163, Sat Aug 24 23:13:29 2024
139, 71, 149, Sat Aug 24 23:14:29 2024
152, 81, 170, Sat Aug 24 23:15:29 2024
173, 79, 168, Sat Aug 24 23:16:29 2024
136, 59, 147, Sat Aug 24 23:17:29 2024
148, 65, 163, Sat Aug 24 23:18:29 2024
148, 87, 187, Sat Aug 24 23:19:29 2024
143, 67, 161, Sat Aug 24 23:20:29 2024
176, 84, 161, Sat Aug 24 23:21:29 2024
140, 66, 158, Sat Aug 24 23:22:29 2024
150, 80, 161, Sat Aug 24 23:23:29 2024
166, 75, 174, Sat Aug 24 23:24:29 2024
151, 86, 173, Sat Aug 24 23:25:29 2024
144, 73, 157, Sat Aug 24 23:26:29 2024
173, 85, 167, Sat Aug 24 23:27:29 2024
146, 79, 152, Sat Aug 24 23:28:29 2024
159, 83, 164, Sat Aug 24 23:29:29 2024
137, 71, 166, Sat Aug 24 23:30:29 2024
147, 73, 181, Sat Aug 24 23:31:29 2024
145, 58, 134, Sat Aug 24 23:32:29 2024
167, 78, 164, Sat Aug 24 23:33:29 2024
157, 71, 159, Sat Aug 24 23:34:29 2024
158, 79, 155, Sat Aug 24 23:35:29 2024
137, 67, 136, Sat Aug 24 23:36:29 2024
161, 83, 163, Sat Aug 24 23:37:29 2024
158, 73, 165, Sat Aug 24 23:38:29 2024
164, 80, 168, Sat Aug 24 23:39:29 2024
152, 73, 147, Sat Aug 24 23:40:29 2024
182, 80, 174, Sat Aug 24 23:41:29 2024
156, 70, 162, Sat Aug 24 23:42:29 2024
165, 77, 177, Sat Aug 24 23:43:29 2024
144, 72, 164, Sat Aug 24 23:44:29 2024
138, 67, 153, Sat Aug 24 23:45:29 2024
182, 92, 195, Sat Aug 24 23:46:29 2024
167, 72, 155, Sat Aug 24 23:47:29 2024
166, 100, 199, Sat Aug 24 23:48:29 2024
150, 77, 156, Sat Aug 24 23:49:29 2024
