143, 70, 165, Fri Apr 26 11:36:00 2024
127, 61, 131, Fri Apr 26 11:37:00 2024
139, 66, 139, Fri Apr 26 11:38:00 2024
121, 84, 153, Fri Apr 26 11:39:00 2024
128, 65, 155, Fri Apr 26 11:40:00 2024
131, 63, 137, Fri Apr 26 11:41:00 2024
110, 53, 113, Fri Apr 26 11:42:00 2024
129, 73, 144, Fri Apr 26 11:43:52 2024
122, 59, 137, Fri Apr 26 11:44:52 2024
140, 83, 146, Fri Apr 26 11:45:52 2024
113, 56, 131, Fri Apr 26 11:46:52 2024
128, 69, 149, Fri Apr 26 11:47:52 2024
118, 54, 134, Fri Apr 26 11:48:52 2024
116, 61, 141, Fri Apr 26 11:49:52 2024
106, 54, 122, Fri Apr 26 11:50:52 2024
112, 58, 138, Fri Apr 26 11:51:52 2024
115, 72, 137, Fri Apr 26 11:52:52 2024
117, 54, 140, Fri Apr 26 11:53:52 2024
119, 67, 147, Fri Apr 26 11:54:52 2024
130, 64, 150, Fri Apr 26 11:55:52 2024
140, 70, 157, Fri Apr 26 11:56:52 2024
123, 63, 140, Fri Apr 26 11:57:52 2024
109, 55, 129, Fri Apr 26 11:58:52 2024
114, 60, 143, Fri Apr 26 11:59:52 2024
132, 66, 147, Fri Apr 26 12:00:52 2024
147, 78, 155, Fri Apr 26 12:01:52 2024
96, 50, 131, Fri Apr 26 12:02:52 2024
141, 81, 164, Fri Apr 26 12:03:52 2024
135, 62, 151, Fri Apr 26 12:04:52 2024
122, 71, 149, Fri Apr 26 12:05:52 2024
127, 63, 130, Fri Apr 26 12:06:52 2024
123, 69, 149, Fri Apr 26 12:07:52 2024
95, 47, 124, Fri Apr 26 12:08:52 2024
124, 69, 139, Fri Apr 26 12:09:52 2024
109, 58, 133, Fri Apr 26 12:10:52 2024
133, 70, 158, Fri Apr 26 12:11:52 2024
130, 56, 132, Fri Apr 26 12:12:52 2024
128, 68, 157, Fri Apr 26 12:13:52 2024
107, 55, 128, Fri Apr 26 12:14:52 2024
133, 72, 160, Fri Apr 26 12:15:52 2024
111, 66, 167, Fri Apr 26 12:16:52 2024
136, 78, 158, Fri Apr 26 12:17:52 2024
128, 73, 139, Fri Apr 26 12:18:52 2024
121, 65, 137, Fri Apr 26 12:19:52 2024
137, 67, 135, Fri Apr 26 12:20:52 2024
125, 71, 148, Fri Apr 26 12:21:52 2024
119, 60, 153, Fri Apr 26 12:22:52 2024
108, 62, 130, Fri Apr 26 12:23:52 2024
141, 73, 142, Fri Apr 26 12:24:52 2024
119, 59, 141, Fri Apr 26 12:25:52 2024
116, 58, 126, Fri Apr 26 12:26:52 2024
115, 60, 136, Fri Apr 26 12:27:52 2024
141, 64, 138, Fri Apr 26 12:28:52 2024
143, 80, 172, Fri Apr 26 12:29:52 2024
137, 73, 172, Fri Apr 26 12:30:52 2024
144, 79, 158, Fri Apr 26 12:31:52 2024
142, 79, 167, Fri Apr 26 12:32:52 2024
122, 61, 146, Fri Apr 26 12:33:52 2024
102, 54, 121, Fri Apr 26 12:34:52 2024
117, 64, 138, Fri Apr 26 12:35:52 2024
120, 58, 146, Fri Apr 26 12:36:52 2024
108, 58, 131, Fri Apr 26 12:37:52 2024
124, 66, 160, Fri Apr 26 12:38:52 2024
121, 71, 179, Fri Apr 26 12:39:52 2024
121, 68, 140, Fri Apr 26 12:40:52 2024
113, 66, 152, Fri Apr 26 12:41:52 2024
113, 59, 143, Fri Apr 26 12:42:52 2024
114, 60, 137, Fri Apr 26 12:43:52 2024
130, 67, 152, Fri Apr 26 12:44:52 2024
127, 68, 157, Fri Apr 26 12:45:52 2024
115, 67, 149, Fri Apr 26 12:46:52 2024
97, 47, 117, Fri Apr 26 12:47:52 2024
96, 56, 119, Fri Apr 26 12:48:52 2024
113, 71, 154, Fri Apr 26 12:49:52 2024
133, 74, 144, Fri Apr 26 12:50:52 2024
119, 73, 158, Fri Apr 26 12:51:52 2024
133, 68, 143, Fri Apr 26 12:52:52 2024
109, 49, 125, Fri Apr 26 12:53:52 2024
126, 63, 153, Fri Apr 26 12:54:52 2024
143, 82, 162, Fri Apr 26 12:55:52 2024
124, 65, 148, Fri Apr 26 12:56:52 2024
121, 70, 147, Fri Apr 26 12:57:52 2024
125, 61, 143, Fri Apr 26 12:58:52 2024
106, 63, 139, Fri Apr 26 12:59:52 2024
125, 65, 149, Fri Apr 26 13:00:52 2024
132, 74, 145, Fri Apr 26 13:01:52 2024
148, 89, 161, Fri Apr 26 13:02:52 2024
116, 71, 159, Fri Apr 26 13:03:52 2024
118, 74, 145, Fri Apr 26 13:04:52 2024
93, 53, 115, Fri Apr 26 13:05:52 2024
109, 54, 135, Fri Apr 26 13:06:52 2024
142, 78, 152, Fri Apr 26 13:07:52 2024
113, 55, 130, Fri Apr 26 13:08:52 2024
115, 55, 153, Fri Apr 26 13:09:52 2024
95, 57, 133, Fri Apr 26 13:10:52 2024
117, 61, 146, Fri Apr 26 13:11:52 2024
134, 63, 136, Fri Apr 26 13:12:52 2024
119, 65, 144, Fri Apr 26 13:13:52 2024
123, 66, 153, Fri Apr 26 13:14:52 2024
124, 66, 151, Fri Apr 26 13:15:52 2024
115, 71, 153, Fri Apr 26 13:16:52 2024
122, 58, 140, Fri Apr 26 13:17:52 2024
128, 78, 156, Fri Apr 26 13:18:52 2024
131, 76, 156, Fri Apr 26 13:19:52 2024
122, 74, 183, Fri Apr 26 13:20:52 2024
113, 69, 139, Fri Apr 26 13:21:52 2024
140, 76, 163, Fri Apr 26 13:22:52 2024
110, 56, 131, Fri Apr 26 13:23:52 2024
143, 87, 175, Fri Apr 26 13:24:52 2024
113, 59, 162, Fri Apr 26 13:25:52 2024
120, 62, 156, Fri Apr 26 13:26:52 2024
126, 68, 165, Fri Apr 26 13:27:52 2024
109, 50, 158, Fri Apr 26 13:28:52 2024
117, 64, 152, Fri Apr 26 13:29:52 2024
128, 67, 120, Fri Apr 26 13:30:52 2024
128, 77, 146, Fri Apr 26 13:31:52 2024
132, 64, 148, Fri Apr 26 13:32:52 2024
121, 68, 152, Fri Apr 26 13:33:52 2024
124, 77, 144, Fri Apr 26 13:34:52 2024
115, 53, 138, Fri Apr 26 13:35:52 2024
125, 67, 142, Fri Apr 26 13:36:52 2024
112, 41, 104, Fri Apr 26 13:37:52 2024
137, 81, 132, Fri Apr 26 13:38:52 2024
112, 62, 155, Fri Apr 26 13:39:52 2024
116, 61, 141, Fri Apr 26 13:40:52 2024
126, 68, 142, Fri Apr 26 13:41:52 2024
134, 60, 136, Fri Apr 26 13:42:52 2024
110, 70, 159, Fri Apr 26 13:43:52 2024
132, 67, 144, Fri Apr 26 13:44:52 2024
125, 69, 147, Fri Apr 26 13:45:52 2024
120, 70, 157, Fri Apr 26 13:46:52 2024
114, 60, 144, Fri Apr 26 13:47:52 2024
123, 57, 134, Fri Apr 26 13:48:52 2024
135, 77, 143, Fri Apr 26 13:49:52 2024
146, 82, 153, Fri Apr 26 13:50:52 2024
115, 61, 144, Fri Apr 26 13:51:52 2024
142, 75, 162, Fri Apr 26 13:52:52 2024
111, 70, 141, Fri Apr 26 13:53:52 2024
131, 71, 156, Fri Apr 26 13:54:52 2024
116, 75, 158, Fri Apr 26 13:55:52 2024
134, 77, 146, Fri Apr 26 13:56:52 2024
123, 74, 152, Fri Apr 26 13:57:52 2024
122, 64, 139, Fri Apr 26 13:58:52 2024
119, 68, 133, Fri Apr 26 13:59:52 2024
139, 85, 157, Fri Apr 26 14:00:52 2024
144, 83, 155, Fri Apr 26 14:01:52 2024
122, 70, 152, Fri Apr 26 14:02:52 2024
123, 72, 163, Fri Apr 26 14:03:52 2024
119, 72, 174, Fri Apr 26 14:04:52 2024
128, 73, 141, Fri Apr 26 14:05:52 2024
110, 52, 130, Fri Apr 26 14:06:52 2024
138, 71, 146, Fri Apr 26 14:07:52 2024
138, 71, 162, Fri Apr 26 14:08:52 2024
129, 73, 160, Fri Apr 26 14:09:52 2024
108, 58, 143, Fri Apr 26 14:10:52 2024
116, 62, 142, Fri Apr 26 14:11:52 2024
150, 74, 165, Fri Apr 26 14:12:52 2024
119, 66, 134, Fri Apr 26 14:13:52 2024
127, 66, 172, Fri Apr 26 14:14:52 2024
134, 69, 154, Fri Apr 26 14:15:52 2024
119, 70, 153, Fri Apr 26 14:16:52 2024
121, 61, 143, Fri Apr 26 14:17:52 2024
125, 61, 152, Fri Apr 26 14:18:52 2024
139, 73, 158, Fri Apr 26 14:19:52 2024
134, 74, 150, Fri Apr 26 14:20:52 2024
111, 73, 168, Fri Apr 26 14:21:52 2024
108, 55, 131, Fri Apr 26 14:22:52 2024
121, 49, 136, Fri Apr 26 14:23:52 2024
121, 67, 150, Fri Apr 26 14:24:52 2024
119, 71, 147, Fri Apr 26 14:25:52 2024
112, 57, 148, Fri Apr 26 14:26:52 2024
133, 77, 151, Fri Apr 26 14:27:52 2024
112, 63, 134, Fri Apr 26 14:28:52 2024
127, 60, 152, Fri Apr 26 14:29:52 2024
105, 63, 141, Fri Apr 26 14:30:52 2024
123, 64, 145, Fri Apr 26 14:31:52 2024
130, 61, 128, Fri Apr 26 14:32:52 2024
117, 70, 146, Fri Apr 26 14:33:52 2024
141, 75, 162, Fri Apr 26 14:34:52 2024
147, 84, 141, Fri Apr 26 14:35:52 2024
118, 70, 159, Fri Apr 26 14:36:52 2024
136, 74, 154, Fri Apr 26 14:37:52 2024
126, 71, 153, Fri Apr 26 14:38:52 2024
102, 50, 116, Fri Apr 26 14:39:52 2024
135, 70, 155, Fri Apr 26 14:40:52 2024
128, 72, 143, Fri Apr 26 14:41:52 2024
122, 60, 144, Fri Apr 26 14:42:52 2024
123, 70, 161, Fri Apr 26 14:43:52 2024
128, 84, 137, Fri Apr 26 14:44:52 2024
131, 70, 156, Fri Apr 26 14:45:52 2024
124, 69, 142, Fri Apr 26 14:46:52 2024
143, 75, 140, Fri Apr 26 14:47:52 2024
131, 77, 161, Fri Apr 26 14:48:52 2024
120, 68, 136, Fri Apr 26 14:49:52 2024
131, 70, 153, Fri Apr 26 14:50:52 2024
128, 73, 175, Fri Apr 26 14:51:52 2024
131, 62, 130, Fri Apr 26 14:52:52 2024
121, 64, 153, Fri Apr 26 14:53:52 2024
121, 69, 129, Fri Apr 26 14:54:52 2024
138, 90, 184, Fri Apr 26 14:55:52 2024
153, 81, 161, Fri Apr 26 14:56:52 2024
140, 72, 159, Fri Apr 26 14:57:52 2024
133, 76, 167, Fri Apr 26 14:58:52 2024
151, 85, 153, Fri Apr 26 14:59:52 2024
155, 69, 155, Fri Apr 26 15:00:52 2024
123, 75, 148, Fri Apr 26 15:01:52 2024
153, 84, 181, Fri Apr 26 15:02:52 2024
118, 71, 146, Fri Apr 26 15:03:52 2024
114, 62, 142, Fri Apr 26 15:04:52 2024
119, 61, 149, Fri Apr 26 15:05:52 2024
126, 68, 148, Fri Apr 26 15:06:52 2024
130, 82, 166, Fri Apr 26 15:07:52 2024
113, 58, 139, Fri Apr 26 15:08:52 2024
129, 68, 148, Fri Apr 26 15:09:52 2024
123, 74, 153, Fri Apr 26 15:10:52 2024
124, 71, 167, Fri Apr 26 15:11:52 2024
123, 63, 147, Fri Apr 26 15:12:52 2024
140, 79, 159, Fri Apr 26 15:13:52 2024
123, 67, 132, Fri Apr 26 15:14:52 2024
125, 70, 150, Fri Apr 26 15:15:52 2024
121, 63, 149, Fri Apr 26 15:16:52 2024
111, 65, 158, Fri Apr 26 15:17:52 2024
140, 68, 148, Fri Apr 26 15:18:52 2024
128, 72, 152, Fri Apr 26 15:19:52 2024
124, 57, 136, Fri Apr 26 15:20:52 2024
106, 52, 126, Fri Apr 26 15:21:52 2024
143, 63, 147, Fri Apr 26 15:22:52 2024
130, 77, 156, Fri Apr 26 15:23:52 2024
148, 79, 161, Fri Apr 26 15:24:52 2024
129, 62, 147, Fri Apr 26 15:25:52 2024
114, 74, 164, Fri Apr 26 15:26:52 2024
140, 69, 140, Fri Apr 26 15:27:52 2024
126, 68, 124, Fri Apr 26 15:28:52 2024
114, 61, 156, Fri Apr 26 15:29:52 2024
131, 67, 152, Fri Apr 26 15:30:52 2024
130, 70, 152, Fri Apr 26 15:31:52 2024
116, 66, 151, Fri Apr 26 15:32:52 2024
120, 69, 173, Fri Apr 26 15:33:52 2024
121, 71, 155, Fri Apr 26 15:34:52 2024
132, 75, 155, Fri Apr 26 15:35:52 2024
139, 74, 164, Fri Apr 26 15:36:52 2024
124, 73, 165, Fri Apr 26 15:37:52 2024
127, 62, 136, Fri Apr 26 15:38:52 2024
119, 57, 143, Fri Apr 26 15:39:52 2024
120, 64, 138, Fri Apr 26 15:40:52 2024
134, 66, 152, Fri Apr 26 15:41:52 2024
118, 62, 137, Fri Apr 26 15:42:52 2024
131, 74, 149, Fri Apr 26 15:43:52 2024
131, 60, 143, Fri Apr 26 15:44:52 2024
133, 60, 140, Fri Apr 26 15:45:52 2024
129, 75, 175, Fri Apr 26 15:46:52 2024
127, 77, 144, Fri Apr 26 15:47:52 2024
134, 69, 156, Fri Apr 26 15:48:52 2024
119, 63, 156, Fri Apr 26 15:49:52 2024
140, 78, 147, Fri Apr 26 15:50:52 2024
141, 75, 154, Fri Apr 26 15:51:52 2024
155, 95, 159, Fri Apr 26 15:52:52 2024
101, 48, 128, Fri Apr 26 15:53:52 2024
114, 68, 153, Fri Apr 26 15:54:52 2024
120, 67, 151, Fri Apr 26 15:55:52 2024
124, 57, 147, Fri Apr 26 15:56:52 2024
147, 75, 155, Fri Apr 26 15:57:52 2024
127, 80, 145, Fri Apr 26 15:58:52 2024
137, 70, 160, Fri Apr 26 15:59:52 2024
129, 66, 167, Fri Apr 26 16:00:52 2024
140, 64, 137, Fri Apr 26 16:01:52 2024
119, 78, 151, Fri Apr 26 16:02:52 2024
94, 53, 134, Fri Apr 26 16:03:52 2024
113, 65, 138, Fri Apr 26 16:04:52 2024
113, 69, 157, Fri Apr 26 16:05:52 2024
121, 66, 137, Fri Apr 26 16:06:52 2024
142, 97, 190, Fri Apr 26 16:07:52 2024
117, 66, 152, Fri Apr 26 16:08:52 2024
133, 97, 155, Fri Apr 26 16:09:52 2024
121, 64, 146, Fri Apr 26 16:10:52 2024
105, 64, 160, Fri Apr 26 16:11:52 2024
129, 73, 152, Fri Apr 26 16:12:52 2024
150, 82, 179, Fri Apr 26 16:13:52 2024
116, 69, 141, Fri Apr 26 16:14:52 2024
127, 72, 152, Fri Apr 26 16:15:52 2024
141, 74, 154, Fri Apr 26 16:16:52 2024
121, 59, 140, Fri Apr 26 16:17:52 2024
126, 67, 129, Fri Apr 26 16:18:52 2024
125, 73, 140, Fri Apr 26 16:19:52 2024
121, 67, 156, Fri Apr 26 16:20:52 2024
133, 70, 155, Fri Apr 26 16:21:52 2024
119, 62, 134, Fri Apr 26 16:22:52 2024
104, 46, 131, Fri Apr 26 16:23:52 2024
108, 67, 141, Fri Apr 26 16:24:52 2024
126, 62, 148, Fri Apr 26 16:25:52 2024
132, 65, 139, Fri Apr 26 16:26:52 2024
111, 59, 145, Fri Apr 26 16:27:52 2024
128, 64, 161, Fri Apr 26 16:28:52 2024
133, 72, 166, Fri Apr 26 16:29:52 2024
130, 73, 156, Fri Apr 26 16:30:52 2024
123, 57, 134, Fri Apr 26 16:31:52 2024
115, 53, 139, Fri Apr 26 16:32:52 2024
132, 73, 144, Fri Apr 26 16:33:52 2024
143, 87, 167, Fri Apr 26 16:34:52 2024
139, 74, 158, Fri Apr 26 16:35:52 2024
128, 70, 159, Fri Apr 26 16:36:52 2024
143, 62, 132, Fri Apr 26 16:37:52 2024
132, 75, 177, Fri Apr 26 16:38:52 2024
135, 74, 162, Fri Apr 26 16:39:52 2024
112, 60, 150, Fri Apr 26 16:40:52 2024
123, 56, 134, Fri Apr 26 16:41:52 2024
138, 77, 171, Fri Apr 26 16:42:52 2024
127, 70, 168, Fri Apr 26 16:43:52 2024
132, 75, 156, Fri Apr 26 16:44:52 2024
131, 70, 143, Fri Apr 26 16:45:52 2024
135, 72, 165, Fri Apr 26 16:46:52 2024
140, 82, 155, Fri Apr 26 16:47:52 2024
145, 72, 164, Fri Apr 26 16:48:52 2024
126, 64, 139, Fri Apr 26 16:49:52 2024
115, 68, 155, Fri Apr 26 16:50:52 2024
115, 66, 155, Fri Apr 26 16:51:52 2024
124, 72, 160, Fri Apr 26 16:52:52 2024
141, 74, 159, Fri Apr 26 16:53:52 2024
98, 63, 150, Fri Apr 26 16:54:52 2024
123, 70, 147, Fri Apr 26 16:55:52 2024
136, 70, 164, Fri Apr 26 16:56:52 2024
140, 76, 161, Fri Apr 26 16:57:52 2024
119, 67, 142, Fri Apr 26 16:58:52 2024
106, 60, 143, Fri Apr 26 16:59:52 2024
129, 63, 158, Fri Apr 26 17:00:52 2024
136, 68, 147, Fri Apr 26 17:01:52 2024
128, 73, 155, Fri Apr 26 17:02:52 2024
141, 65, 162, Fri Apr 26 17:03:52 2024
152, 73, 148, Fri Apr 26 17:04:52 2024
130, 65, 151, Fri Apr 26 17:05:52 2024
134, 68, 142, Fri Apr 26 17:06:52 2024
132, 71, 168, Fri Apr 26 17:07:52 2024
129, 67, 148, Fri Apr 26 17:08:52 2024
147, 75, 162, Fri Apr 26 17:09:52 2024
106, 56, 135, Fri Apr 26 17:10:52 2024
112, 69, 125, Fri Apr 26 17:11:52 2024
150, 61, 146, Fri Apr 26 17:12:52 2024
145, 77, 175, Fri Apr 26 17:13:52 2024
131, 64, 165, Fri Apr 26 17:14:52 2024
141, 70, 131, Fri Apr 26 17:15:52 2024
121, 66, 126, Fri Apr 26 17:16:52 2024
128, 73, 163, Fri Apr 26 17:17:52 2024
125, 79, 162, Fri Apr 26 17:18:52 2024
140, 74, 157, Fri Apr 26 17:19:52 2024
133, 61, 149, Fri Apr 26 17:20:52 2024
146, 73, 145, Fri Apr 26 17:21:52 2024
133, 70, 158, Fri Apr 26 17:22:52 2024
126, 65, 149, Fri Apr 26 17:23:52 2024
134, 74, 144, Fri Apr 26 17:24:52 2024
147, 81, 163, Fri Apr 26 17:25:52 2024
141, 64, 160, Fri Apr 26 17:26:52 2024
127, 65, 145, Fri Apr 26 17:27:52 2024
118, 58, 142, Fri Apr 26 17:28:52 2024
129, 76, 166, Fri Apr 26 17:29:52 2024
128, 81, 156, Fri Apr 26 17:30:52 2024
136, 79, 179, Fri Apr 26 17:31:52 2024
122, 63, 143, Fri Apr 26 17:32:52 2024
137, 77, 178, Fri Apr 26 17:33:52 2024
123, 65, 146, Fri Apr 26 17:34:52 2024
126, 70, 159, Fri Apr 26 17:35:52 2024
139, 84, 177, Fri Apr 26 17:36:52 2024
135, 66, 136, Fri Apr 26 17:37:52 2024
115, 67, 170, Fri Apr 26 17:38:52 2024
121, 64, 150, Fri Apr 26 17:39:52 2024
133, 71, 143, Fri Apr 26 17:40:52 2024
124, 67, 145, Fri Apr 26 17:41:52 2024
113, 58, 150, Fri Apr 26 17:42:52 2024
129, 83, 154, Fri Apr 26 17:43:52 2024
132, 72, 166, Fri Apr 26 17:44:52 2024
103, 58, 148, Fri Apr 26 17:45:52 2024
144, 74, 163, Fri Apr 26 17:46:52 2024
124, 71, 155, Fri Apr 26 17:47:52 2024
137, 71, 146, Fri Apr 26 17:48:52 2024
116, 62, 151, Fri Apr 26 17:49:52 2024
121, 64, 145, Fri Apr 26 17:50:52 2024
135, 74, 160, Fri Apr 26 17:51:52 2024
124, 75, 159, Fri Apr 26 17:52:52 2024
139, 71, 169, Fri Apr 26 17:53:52 2024
132, 68, 149, Fri Apr 26 17:54:52 2024
124, 64, 136, Fri Apr 26 17:55:52 2024
159, 87, 156, Fri Apr 26 17:56:52 2024
145, 80, 163, Fri Apr 26 17:57:52 2024
148, 77, 160, Fri Apr 26 17:58:52 2024
133, 67, 134, Fri Apr 26 17:59:52 2024
137, 80, 166, Fri Apr 26 18:00:52 2024
129, 85, 167, Fri Apr 26 18:01:52 2024
116, 60, 138, Fri Apr 26 18:02:52 2024
126, 61, 138, Fri Apr 26 18:03:52 2024
131, 74, 157, Fri Apr 26 18:04:52 2024
142, 66, 141, Fri Apr 26 18:05:52 2024
131, 69, 157, Fri Apr 26 18:06:52 2024
115, 57, 143, Fri Apr 26 18:07:52 2024
120, 59, 134, Fri Apr 26 18:08:52 2024
133, 78, 164, Fri Apr 26 18:09:52 2024
133, 64, 154, Fri Apr 26 18:10:52 2024
126, 77, 153, Fri Apr 26 18:11:52 2024
123, 65, 155, Fri Apr 26 18:12:52 2024
136, 72, 139, Fri Apr 26 18:13:52 2024
129, 65, 152, Fri Apr 26 18:14:52 2024
121, 59, 144, Fri Apr 26 18:15:52 2024
123, 59, 159, Fri Apr 26 18:16:52 2024
118, 59, 140, Fri Apr 26 18:17:52 2024
114, 60, 151, Fri Apr 26 18:18:52 2024
125, 66, 144, Fri Apr 26 18:19:52 2024
126, 55, 139, Fri Apr 26 18:20:52 2024
134, 66, 150, Fri Apr 26 18:21:52 2024
145, 99, 182, Fri Apr 26 18:22:52 2024
124, 68, 159, Fri Apr 26 18:23:52 2024
129, 74, 148, Fri Apr 26 18:24:52 2024
166, 104, 192, Fri Apr 26 18:25:52 2024
128, 68, 166, Fri Apr 26 18:26:52 2024
121, 69, 153, Fri Apr 26 18:27:52 2024
131, 62, 143, Fri Apr 26 18:28:52 2024
110, 61, 142, Fri Apr 26 18:29:52 2024
134, 61, 152, Fri Apr 26 18:30:52 2024
125, 77, 142, Fri Apr 26 18:31:52 2024
121, 69, 154, Fri Apr 26 18:32:52 2024
125, 61, 140, Fri Apr 26 18:33:52 2024
137, 70, 143, Fri Apr 26 18:34:52 2024
103, 57, 151, Fri Apr 26 18:35:52 2024
123, 52, 128, Fri Apr 26 18:36:52 2024
144, 61, 168, Fri Apr 26 18:37:52 2024
118, 63, 146, Fri Apr 26 18:38:52 2024
120, 66, 144, Fri Apr 26 18:39:52 2024
124, 71, 159, Fri Apr 26 18:40:52 2024
135, 70, 154, Fri Apr 26 18:41:52 2024
112, 61, 151, Fri Apr 26 18:42:52 2024
133, 78, 155, Fri Apr 26 18:43:52 2024
114, 74, 152, Fri Apr 26 18:44:52 2024
140, 75, 154, Fri Apr 26 18:45:52 2024
110, 60, 128, Fri Apr 26 18:46:52 2024
138, 74, 154, Fri Apr 26 18:47:52 2024
121, 64, 154, Fri Apr 26 18:48:52 2024
126, 63, 157, Fri Apr 26 18:49:52 2024
115, 72, 146, Fri Apr 26 18:50:52 2024
140, 78, 172, Fri Apr 26 18:51:52 2024
128, 64, 147, Fri Apr 26 18:52:52 2024
128, 62, 149, Fri Apr 26 18:53:52 2024
115, 73, 152, Fri Apr 26 18:54:52 2024
137, 69, 163, Fri Apr 26 18:55:52 2024
130, 68, 145, Fri Apr 26 18:56:52 2024
130, 68, 151, Fri Apr 26 18:57:52 2024
150, 83, 141, Fri Apr 26 18:58:52 2024
138, 70, 174, Fri Apr 26 18:59:52 2024
111, 71, 152, Fri Apr 26 19:00:52 2024
122, 70, 140, Fri Apr 26 19:01:52 2024
134, 68, 176, Fri Apr 26 19:02:52 2024
115, 64, 136, Fri Apr 26 19:03:52 2024
132, 60, 151, Fri Apr 26 19:04:52 2024
128, 66, 158, Fri Apr 26 19:05:52 2024
137, 81, 167, Fri Apr 26 19:06:52 2024
141, 60, 139, Fri Apr 26 19:07:52 2024
115, 69, 145, Fri Apr 26 19:08:52 2024
131, 75, 148, Fri Apr 26 19:09:52 2024
117, 59, 129, Fri Apr 26 19:10:52 2024
116, 65, 144, Fri Apr 26 19:11:52 2024
137, 72, 163, Fri Apr 26 19:12:52 2024
133, 74, 150, Fri Apr 26 19:13:52 2024
108, 49, 141, Fri Apr 26 19:14:52 2024
143, 77, 156, Fri Apr 26 19:15:52 2024
120, 63, 167, Fri Apr 26 19:16:52 2024
117, 66, 139, Fri Apr 26 19:17:52 2024
139, 73, 143, Fri Apr 26 19:18:52 2024
123, 65, 151, Fri Apr 26 19:19:52 2024
126, 65, 155, Fri Apr 26 19:20:52 2024
135, 70, 140, Fri Apr 26 19:21:52 2024
121, 67, 145, Fri Apr 26 19:22:52 2024
120, 60, 145, Fri Apr 26 19:23:52 2024
124, 74, 160, Fri Apr 26 19:24:52 2024
133, 73, 157, Fri Apr 26 19:25:52 2024
126, 65, 145, Fri Apr 26 19:26:52 2024
136, 88, 165, Fri Apr 26 19:27:52 2024
130, 76, 166, Fri Apr 26 19:28:52 2024
118, 67, 153, Fri Apr 26 19:29:52 2024
128, 59, 138, Fri Apr 26 19:30:52 2024
107, 55, 160, Fri Apr 26 19:31:52 2024
134, 70, 172, Fri Apr 26 19:32:52 2024
124, 62, 145, Fri Apr 26 19:33:52 2024
133, 76, 157, Fri Apr 26 19:34:52 2024
131, 76, 152, Fri Apr 26 19:35:52 2024
119, 61, 144, Fri Apr 26 19:36:52 2024
116, 59, 145, Fri Apr 26 19:37:52 2024
114, 69, 140, Fri Apr 26 19:38:52 2024
126, 68, 133, Fri Apr 26 19:39:52 2024
130, 73, 143, Fri Apr 26 19:40:52 2024
127, 68, 162, Fri Apr 26 19:41:52 2024
134, 80, 146, Fri Apr 26 19:42:52 2024
148, 72, 140, Fri Apr 26 19:43:52 2024
132, 68, 147, Fri Apr 26 19:44:52 2024
123, 61, 151, Fri Apr 26 19:45:52 2024
131, 76, 170, Fri Apr 26 19:46:52 2024
125, 63, 137, Fri Apr 26 19:47:52 2024
130, 55, 126, Fri Apr 26 19:48:52 2024
121, 72, 137, Fri Apr 26 19:49:52 2024
111, 63, 140, Fri Apr 26 19:50:52 2024
128, 68, 153, Fri Apr 26 19:51:52 2024
131, 68, 153, Fri Apr 26 19:52:52 2024
130, 73, 145, Fri Apr 26 19:53:52 2024
117, 58, 130, Fri Apr 26 19:54:52 2024
138, 65, 141, Fri Apr 26 19:55:52 2024
120, 62, 155, Fri Apr 26 19:56:52 2024
125, 63, 148, Fri Apr 26 19:57:52 2024
107, 52, 119, Fri Apr 26 19:58:52 2024
106, 55, 127, Fri Apr 26 19:59:52 2024
125, 68, 142, Fri Apr 26 20:00:52 2024
138, 71, 147, Fri Apr 26 20:01:52 2024
126, 68, 146, Fri Apr 26 20:02:52 2024
129, 73, 157, Fri Apr 26 20:03:52 2024
117, 63, 149, Fri Apr 26 20:04:52 2024
122, 77, 153, Fri Apr 26 20:05:52 2024
115, 66, 161, Fri Apr 26 20:06:52 2024
127, 70, 149, Fri Apr 26 20:07:52 2024
118, 63, 140, Fri Apr 26 20:08:52 2024
126, 60, 146, Fri Apr 26 20:09:52 2024
127, 69, 162, Fri Apr 26 20:10:52 2024
119, 63, 133, Fri Apr 26 20:11:52 2024
149, 78, 155, Fri Apr 26 20:12:52 2024
131, 65, 142, Fri Apr 26 20:13:52 2024
136, 78, 172, Fri Apr 26 20:14:52 2024
141, 79, 154, Fri Apr 26 20:15:52 2024
139, 64, 148, Fri Apr 26 20:16:52 2024
124, 68, 157, Fri Apr 26 20:17:52 2024
112, 53, 143, Fri Apr 26 20:18:52 2024
117, 61, 146, Fri Apr 26 20:19:52 2024
110, 58, 150, Fri Apr 26 20:20:52 2024
125, 59, 139, Fri Apr 26 20:21:52 2024
128, 65, 156, Fri Apr 26 20:22:52 2024
125, 58, 123, Fri Apr 26 20:23:52 2024
133, 72, 147, Fri Apr 26 20:24:52 2024
122, 59, 140, Fri Apr 26 20:25:52 2024
133, 76, 127, Fri Apr 26 20:26:52 2024
142, 69, 141, Fri Apr 26 20:27:52 2024
129, 74, 141, Fri Apr 26 20:28:52 2024
138, 69, 150, Fri Apr 26 20:29:52 2024
126, 70, 150, Fri Apr 26 20:30:52 2024
124, 59, 135, Fri Apr 26 20:31:52 2024
126, 69, 144, Fri Apr 26 20:32:52 2024
145, 84, 171, Fri Apr 26 20:33:52 2024
131, 64, 136, Fri Apr 26 20:34:52 2024
125, 65, 152, Fri Apr 26 20:35:52 2024
112, 66, 160, Fri Apr 26 20:36:52 2024
126, 74, 155, Fri Apr 26 20:37:52 2024
147, 85, 182, Fri Apr 26 20:38:52 2024
138, 67, 153, Fri Apr 26 20:39:52 2024
105, 59, 150, Fri Apr 26 20:40:52 2024
118, 64, 158, Fri Apr 26 20:41:52 2024
133, 68, 153, Fri Apr 26 20:42:52 2024
108, 73, 145, Fri Apr 26 20:43:52 2024
132, 71, 166, Fri Apr 26 20:44:52 2024
130, 80, 164, Fri Apr 26 20:45:52 2024
143, 71, 156, Fri Apr 26 20:46:52 2024
121, 70, 162, Fri Apr 26 20:47:52 2024
142, 77, 170, Fri Apr 26 20:48:52 2024
120, 52, 120, Fri Apr 26 20:49:52 2024
127, 69, 146, Fri Apr 26 20:50:52 2024
126, 61, 144, Fri Apr 26 20:51:52 2024
125, 65, 144, Fri Apr 26 20:52:52 2024
123, 71, 156, Fri Apr 26 20:53:52 2024
134, 66, 165, Fri Apr 26 20:54:52 2024
126, 77, 161, Fri Apr 26 20:55:52 2024
125, 67, 133, Fri Apr 26 20:56:52 2024
120, 66, 146, Fri Apr 26 20:57:52 2024
119, 69, 155, Fri Apr 26 20:58:52 2024
112, 55, 139, Fri Apr 26 20:59:52 2024
123, 67, 148, Fri Apr 26 21:00:52 2024
112, 61, 146, Fri Apr 26 21:01:52 2024
124, 62, 155, Fri Apr 26 21:02:52 2024
100, 51, 135, Fri Apr 26 21:03:52 2024
138, 75, 153, Fri Apr 26 21:04:52 2024
129, 71, 131, Fri Apr 26 21:05:52 2024
129, 66, 139, Fri Apr 26 21:06:52 2024
128, 68, 166, Fri Apr 26 21:07:52 2024
143, 71, 165, Fri Apr 26 21:08:52 2024
138, 68, 143, Fri Apr 26 21:09:52 2024
140, 77, 172, Fri Apr 26 21:10:52 2024
135, 68, 159, Fri Apr 26 21:11:52 2024
134, 66, 144, Fri Apr 26 21:12:52 2024
127, 57, 136, Fri Apr 26 21:13:52 2024
118, 61, 157, Fri Apr 26 21:14:52 2024
105, 68, 146, Fri Apr 26 21:15:52 2024
122, 65, 148, Fri Apr 26 21:16:52 2024
115, 71, 169, Fri Apr 26 21:17:52 2024
115, 68, 145, Fri Apr 26 21:18:52 2024
117, 69, 147, Fri Apr 26 21:19:52 2024
127, 65, 154, Fri Apr 26 21:20:52 2024
126, 71, 149, Fri Apr 26 21:21:52 2024
100, 59, 147, Fri Apr 26 21:22:52 2024
141, 85, 161, Fri Apr 26 21:23:52 2024
122, 68, 151, Fri Apr 26 21:24:52 2024
142, 68, 156, Fri Apr 26 21:25:52 2024
142, 84, 166, Fri Apr 26 21:26:52 2024
100, 49, 152, Fri Apr 26 21:27:52 2024
133, 70, 151, Fri Apr 26 21:28:52 2024
125, 69, 140, Fri Apr 26 21:29:52 2024
130, 71, 158, Fri Apr 26 21:30:52 2024
136, 67, 156, Fri Apr 26 21:31:52 2024
125, 61, 136, Fri Apr 26 21:32:52 2024
105, 57, 136, Fri Apr 26 21:33:52 2024
131, 55, 135, Fri Apr 26 21:34:52 2024
139, 75, 156, Fri Apr 26 21:35:52 2024
119, 64, 150, Fri Apr 26 21:36:52 2024
131, 70, 137, Fri Apr 26 21:37:52 2024
119, 66, 135, Fri Apr 26 21:38:52 2024
116, 59, 134, Fri Apr 26 21:39:52 2024
130, 68, 139, Fri Apr 26 21:40:52 2024
124, 64, 150, Fri Apr 26 21:41:52 2024
131, 73, 158, Fri Apr 26 21:42:52 2024
135, 67, 154, Fri Apr 26 21:43:52 2024
126, 68, 139, Fri Apr 26 21:44:52 2024
131, 63, 157, Fri Apr 26 21:45:52 2024
129, 69, 153, Fri Apr 26 21:46:52 2024
121, 68, 139, Fri Apr 26 21:47:52 2024
112, 60, 150, Fri Apr 26 21:48:52 2024
128, 49, 129, Fri Apr 26 21:49:52 2024
134, 73, 177, Fri Apr 26 21:50:52 2024
146, 74, 163, Fri Apr 26 21:51:52 2024
117, 57, 137, Fri Apr 26 21:52:52 2024
142, 74, 145, Fri Apr 26 21:53:52 2024
141, 69, 155, Fri Apr 26 21:54:52 2024
123, 54, 152, Fri Apr 26 21:55:52 2024
118, 62, 136, Fri Apr 26 21:56:52 2024
138, 59, 140, Fri Apr 26 21:57:52 2024
133, 75, 151, Fri Apr 26 21:58:52 2024
123, 69, 147, Fri Apr 26 21:59:52 2024
117, 68, 149, Fri Apr 26 22:00:52 2024
121, 57, 145, Fri Apr 26 22:01:52 2024
121, 60, 153, Fri Apr 26 22:02:52 2024
116, 59, 140, Fri Apr 26 22:03:52 2024
130, 66, 156, Fri Apr 26 22:04:52 2024
120, 70, 143, Fri Apr 26 22:05:52 2024
117, 71, 153, Fri Apr 26 22:06:52 2024
132, 65, 141, Fri Apr 26 22:07:52 2024
134, 73, 166, Fri Apr 26 22:08:52 2024
138, 61, 134, Fri Apr 26 22:09:52 2024
113, 53, 130, Fri Apr 26 22:10:52 2024
124, 67, 154, Fri Apr 26 22:11:52 2024
121, 51, 137, Fri Apr 26 22:12:52 2024
113, 56, 142, Fri Apr 26 22:13:52 2024
139, 76, 138, Fri Apr 26 22:14:52 2024
109, 58, 132, Fri Apr 26 22:15:52 2024
142, 76, 130, Fri Apr 26 22:16:52 2024
124, 65, 137, Fri Apr 26 22:17:52 2024
130, 73, 151, Fri Apr 26 22:18:52 2024
118, 71, 155, Fri Apr 26 22:19:52 2024
138, 63, 146, Fri Apr 26 22:20:52 2024
114, 59, 143, Fri Apr 26 22:21:52 2024
113, 64, 145, Fri Apr 26 22:22:52 2024
127, 73, 164, Fri Apr 26 22:23:52 2024
120, 70, 143, Fri Apr 26 22:24:52 2024
140, 80, 169, Fri Apr 26 22:25:52 2024
107, 54, 123, Fri Apr 26 22:26:52 2024
114, 69, 130, Fri Apr 26 22:27:52 2024
134, 75, 156, Fri Apr 26 22:28:52 2024
114, 67, 154, Fri Apr 26 22:29:52 2024
130, 77, 156, Fri Apr 26 22:30:52 2024
124, 60, 151, Fri Apr 26 22:31:52 2024
111, 55, 126, Fri Apr 26 22:32:52 2024
152, 84, 180, Fri Apr 26 22:33:52 2024
116, 68, 147, Fri Apr 26 22:34:52 2024
114, 65, 159, Fri Apr 26 22:35:52 2024
131, 66, 163, Fri Apr 26 22:36:52 2024
140, 81, 147, Fri Apr 26 22:37:52 2024
118, 60, 144, Fri Apr 26 22:38:52 2024
146, 82, 159, Fri Apr 26 22:39:52 2024
113, 78, 174, Fri Apr 26 22:40:52 2024
123, 64, 130, Fri Apr 26 22:41:52 2024
117, 57, 163, Fri Apr 26 22:42:52 2024
120, 66, 150, Fri Apr 26 22:43:52 2024
129, 68, 147, Fri Apr 26 22:44:52 2024
147, 67, 157, Fri Apr 26 22:45:52 2024
118, 63, 161, Fri Apr 26 22:46:52 2024
133, 68, 141, Fri Apr 26 22:47:52 2024
130, 65, 163, Fri Apr 26 22:48:52 2024
140, 71, 134, Fri Apr 26 22:49:52 2024
120, 66, 152, Fri Apr 26 22:50:52 2024
114, 69, 144, Fri Apr 26 22:51:52 2024
114, 64, 143, Fri Apr 26 22:52:52 2024
145, 83, 147, Fri Apr 26 22:53:52 2024
125, 67, 159, Fri Apr 26 22:54:52 2024
112, 62, 155, Fri Apr 26 22:55:52 2024
127, 67, 160, Fri Apr 26 22:56:52 2024
132, 63, 135, Fri Apr 26 22:57:52 2024
118, 68, 152, Fri Apr 26 22:58:52 2024
127, 78, 165, Fri Apr 26 22:59:52 2024
139, 74, 156, Fri Apr 26 23:00:52 2024
141, 90, 163, Fri Apr 26 23:01:52 2024
135, 57, 154, Fri Apr 26 23:02:52 2024
121, 59, 124, Fri Apr 26 23:03:52 2024
117, 72, 159, Fri Apr 26 23:04:52 2024
125, 60, 152, Fri Apr 26 23:05:52 2024
144, 88, 158, Fri Apr 26 23:06:52 2024
120, 66, 136, Fri Apr 26 23:07:52 2024
155, 68, 153, Fri Apr 26 23:08:52 2024
131, 87, 155, Fri Apr 26 23:09:52 2024
134, 57, 158, Fri Apr 26 23:10:52 2024
118, 77, 152, Fri Apr 26 23:11:52 2024
135, 61, 142, Fri Apr 26 23:12:52 2024
110, 57, 139, Fri Apr 26 23:13:52 2024
133, 62, 133, Fri Apr 26 23:14:52 2024
115, 63, 161, Fri Apr 26 23:15:52 2024
111, 56, 132, Fri Apr 26 23:16:52 2024
132, 52, 134, Fri Apr 26 23:17:52 2024
129, 79, 164, Fri Apr 26 23:18:52 2024
135, 78, 168, Fri Apr 26 23:19:52 2024
124, 77, 153, Fri Apr 26 23:20:52 2024
119, 60, 139, Fri Apr 26 23:21:52 2024
112, 53, 144, Fri Apr 26 23:22:52 2024
111, 62, 132, Fri Apr 26 23:23:52 2024
132, 73, 149, Fri Apr 26 23:24:52 2024
133, 64, 135, Fri Apr 26 23:25:52 2024
135, 71, 160, Fri Apr 26 23:26:52 2024
122, 79, 167, Fri Apr 26 23:27:52 2024
129, 69, 136, Fri Apr 26 23:28:52 2024
122, 71, 154, Fri Apr 26 23:29:52 2024
115, 62, 134, Fri Apr 26 23:30:52 2024
133, 61, 155, Fri Apr 26 23:31:52 2024
123, 70, 142, Fri Apr 26 23:32:52 2024
125, 73, 147, Fri Apr 26 23:33:52 2024
124, 66, 156, Fri Apr 26 23:34:52 2024
133, 64, 131, Fri Apr 26 23:35:52 2024
132, 66, 154, Fri Apr 26 23:36:52 2024
166, 84, 182, Fri Apr 26 23:37:52 2024
118, 55, 148, Fri Apr 26 23:38:52 2024
125, 68, 143, Fri Apr 26 23:39:52 2024
154, 79, 148, Fri Apr 26 23:40:52 2024
138, 66, 147, Fri Apr 26 23:41:52 2024
112, 57, 129, Fri Apr 26 23:42:52 2024
120, 62, 162, Fri Apr 26 23:43:52 2024
117, 62, 138, Fri Apr 26 23:44:52 2024
134, 78, 144, Fri Apr 26 23:45:52 2024
128, 63, 155, Fri Apr 26 23:46:52 2024
129, 63, 143, Fri Apr 26 23:47:52 2024
139, 79, 157, Fri Apr 26 23:48:52 2024
127, 67, 136, Fri Apr 26 23:49:52 2024
138, 70, 157, Fri Apr 26 23:50:52 2024
126, 76, 158, Fri Apr 26 23:51:52 2024
138, 85, 183, Fri Apr 26 23:52:52 2024
126, 56, 153, Fri Apr 26 23:53:52 2024
129, 61, 146, Fri Apr 26 23:54:52 2024
94, 39, 118, Fri Apr 26 23:55:52 2024
133, 69, 133, Fri Apr 26 23:56:52 2024
112, 59, 135, Fri Apr 26 23:57:52 2024
133, 82, 163, Fri Apr 26 23:58:52 2024
132, 67, 156, Fri Apr 26 23:59:52 2024
139, 71, 154, Sat Apr 27 00:00:52 2024
140, 87, 161, Sat Apr 27 00:01:52 2024
139, 73, 165, Sat Apr 27 00:02:52 2024
117, 72, 174, Sat Apr 27 00:03:52 2024
136, 83, 154, Sat Apr 27 00:04:52 2024
138, 73, 175, Sat Apr 27 00:05:52 2024
122, 64, 145, Sat Apr 27 00:06:52 2024
120, 58, 136, Sat Apr 27 00:07:52 2024
121, 64, 156, Sat Apr 27 00:08:52 2024
128, 68, 146, Sat Apr 27 00:09:52 2024
127, 67, 146, Sat Apr 27 00:10:52 2024
138, 65, 135, Sat Apr 27 00:11:52 2024
125, 63, 137, Sat Apr 27 00:12:52 2024
133, 76, 154, Sat Apr 27 00:13:52 2024
129, 80, 173, Sat Apr 27 00:14:52 2024
116, 60, 143, Sat Apr 27 00:15:52 2024
120, 62, 148, Sat Apr 27 00:16:52 2024
145, 80, 148, Sat Apr 27 00:17:52 2024
126, 69, 145, Sat Apr 27 00:18:52 2024
119, 69, 152, Sat Apr 27 00:19:52 2024
121, 71, 144, Sat Apr 27 00:20:52 2024
115, 60, 135, Sat Apr 27 00:21:52 2024
133, 78, 168, Sat Apr 27 00:22:52 2024
148, 76, 162, Sat Apr 27 00:23:52 2024
122, 64, 145, Sat Apr 27 00:24:52 2024
139, 68, 145, Sat Apr 27 00:25:52 2024
116, 56, 141, Sat Apr 27 00:26:52 2024
149, 81, 159, Sat Apr 27 00:27:52 2024
125, 68, 160, Sat Apr 27 00:28:52 2024
126, 62, 130, Sat Apr 27 00:29:52 2024
126, 74, 142, Sat Apr 27 00:30:52 2024
126, 56, 135, Sat Apr 27 00:31:52 2024
142, 67, 154, Sat Apr 27 00:32:52 2024
137, 77, 155, Sat Apr 27 00:33:52 2024
132, 68, 146, Sat Apr 27 00:34:52 2024
124, 59, 133, Sat Apr 27 00:35:52 2024
132, 76, 151, Sat Apr 27 00:36:52 2024
118, 50, 121, Sat Apr 27 00:37:52 2024
114, 55, 138, Sat Apr 27 00:38:52 2024
122, 63, 145, Sat Apr 27 00:39:52 2024
143, 64, 138, Sat Apr 27 00:40:52 2024
137, 72, 155, Sat Apr 27 00:41:52 2024
110, 62, 150, Sat Apr 27 00:42:52 2024
128, 69, 151, Sat Apr 27 00:43:52 2024
94, 60, 129, Sat Apr 27 00:44:52 2024
133, 69, 156, Sat Apr 27 00:45:52 2024
126, 55, 136, Sat Apr 27 00:46:52 2024
123, 61, 132, Sat Apr 27 00:47:52 2024
115, 66, 150, Sat Apr 27 00:48:52 2024
111, 52, 132, Sat Apr 27 00:49:52 2024
148, 76, 152, Sat Apr 27 00:50:52 2024
109, 65, 154, Sat Apr 27 00:51:52 2024
130, 62, 143, Sat Apr 27 00:52:52 2024
120, 72, 157, Sat Apr 27 00:53:52 2024
126, 57, 132, Sat Apr 27 00:54:52 2024
138, 78, 147, Sat Apr 27 00:55:52 2024
122, 57, 125, Sat Apr 27 00:56:52 2024
128, 80, 153, Sat Apr 27 00:57:52 2024
126, 71, 166, Sat Apr 27 00:58:52 2024
111, 53, 139, Sat Apr 27 00:59:52 2024
118, 61, 110, Sat Apr 27 01:00:52 2024
134, 79, 152, Sat Apr 27 01:01:52 2024
136, 77, 152, Sat Apr 27 01:02:52 2024
124, 63, 141, Sat Apr 27 01:03:52 2024
122, 61, 142, Sat Apr 27 01:04:52 2024
133, 58, 130, Sat Apr 27 01:05:52 2024
136, 70, 163, Sat Apr 27 01:06:52 2024
141, 69, 150, Sat Apr 27 01:07:52 2024
124, 63, 142, Sat Apr 27 01:08:52 2024
124, 75, 155, Sat Apr 27 01:09:52 2024
128, 70, 140, Sat Apr 27 01:10:52 2024
120, 65, 144, Sat Apr 27 01:11:52 2024
130, 57, 127, Sat Apr 27 01:12:52 2024
123, 68, 166, Sat Apr 27 01:13:52 2024
136, 70, 154, Sat Apr 27 01:14:52 2024
127, 60, 150, Sat Apr 27 01:15:52 2024
113, 63, 145, Sat Apr 27 01:16:52 2024
136, 70, 156, Sat Apr 27 01:17:52 2024
116, 64, 140, Sat Apr 27 01:18:52 2024
118, 65, 137, Sat Apr 27 01:19:52 2024
139, 83, 162, Sat Apr 27 01:20:52 2024
127, 76, 172, Sat Apr 27 01:21:52 2024
128, 69, 154, Sat Apr 27 01:22:52 2024
148, 79, 145, Sat Apr 27 01:23:52 2024
136, 72, 152, Sat Apr 27 01:24:52 2024
116, 68, 136, Sat Apr 27 01:25:52 2024
127, 77, 163, Sat Apr 27 01:26:52 2024
116, 65, 147, Sat Apr 27 01:27:52 2024
142, 70, 138, Sat Apr 27 01:28:52 2024
132, 73, 152, Sat Apr 27 01:29:52 2024
115, 55, 131, Sat Apr 27 01:30:52 2024
126, 70, 153, Sat Apr 27 01:31:52 2024
106, 62, 141, Sat Apr 27 01:32:52 2024
119, 55, 128, Sat Apr 27 01:33:52 2024
142, 85, 168, Sat Apr 27 01:34:52 2024
140, 73, 152, Sat Apr 27 01:35:52 2024
113, 67, 145, Sat Apr 27 01:36:52 2024
123, 66, 142, Sat Apr 27 01:37:52 2024
119, 57, 142, Sat Apr 27 01:38:52 2024
149, 91, 172, Sat Apr 27 01:39:52 2024
117, 70, 151, Sat Apr 27 01:40:52 2024
140, 88, 172, Sat Apr 27 01:41:52 2024
134, 66, 155, Sat Apr 27 01:42:52 2024
123, 61, 149, Sat Apr 27 01:43:52 2024
118, 55, 147, Sat Apr 27 01:44:52 2024
129, 52, 146, Sat Apr 27 01:45:52 2024
130, 75, 161, Sat Apr 27 01:46:52 2024
134, 70, 143, Sat Apr 27 01:47:52 2024
123, 65, 150, Sat Apr 27 01:48:52 2024
127, 65, 136, Sat Apr 27 01:49:52 2024
105, 56, 142, Sat Apr 27 01:50:52 2024
117, 55, 129, Sat Apr 27 01:51:52 2024
127, 62, 154, Sat Apr 27 01:52:52 2024
118, 55, 142, Sat Apr 27 01:53:52 2024
130, 69, 147, Sat Apr 27 01:54:52 2024
101, 54, 146, Sat Apr 27 01:55:52 2024
138, 72, 146, Sat Apr 27 01:56:52 2024
119, 56, 128, Sat Apr 27 01:57:52 2024
124, 65, 133, Sat Apr 27 01:58:52 2024
131, 61, 138, Sat Apr 27 01:59:52 2024
126, 60, 130, Sat Apr 27 02:00:52 2024
120, 72, 158, Sat Apr 27 02:01:52 2024
150, 74, 149, Sat Apr 27 02:02:52 2024
132, 72, 153, Sat Apr 27 02:03:52 2024
149, 80, 159, Sat Apr 27 02:04:52 2024
120, 62, 153, Sat Apr 27 02:05:52 2024
147, 84, 165, Sat Apr 27 02:06:52 2024
114, 66, 142, Sat Apr 27 02:07:52 2024
114, 68, 156, Sat Apr 27 02:08:52 2024
129, 67, 122, Sat Apr 27 02:09:52 2024
124, 73, 164, Sat Apr 27 02:10:52 2024
117, 57, 143, Sat Apr 27 02:11:52 2024
130, 76, 157, Sat Apr 27 02:12:52 2024
127, 66, 157, Sat Apr 27 02:13:52 2024
106, 51, 127, Sat Apr 27 02:14:52 2024
107, 61, 143, Sat Apr 27 02:15:52 2024
134, 68, 170, Sat Apr 27 02:16:52 2024
123, 76, 162, Sat Apr 27 02:17:52 2024
120, 69, 132, Sat Apr 27 02:18:52 2024
110, 67, 143, Sat Apr 27 02:19:52 2024
129, 66, 150, Sat Apr 27 02:20:52 2024
132, 74, 150, Sat Apr 27 02:21:52 2024
122, 60, 148, Sat Apr 27 02:22:52 2024
118, 64, 151, Sat Apr 27 02:23:52 2024
128, 54, 136, Sat Apr 27 02:24:52 2024
127, 73, 156, Sat Apr 27 02:25:52 2024
135, 79, 176, Sat Apr 27 02:26:52 2024
127, 61, 152, Sat Apr 27 02:27:52 2024
110, 62, 127, Sat Apr 27 02:28:52 2024
132, 75, 148, Sat Apr 27 02:29:52 2024
129, 71, 149, Sat Apr 27 02:30:52 2024
123, 67, 163, Sat Apr 27 02:31:52 2024
129, 70, 146, Sat Apr 27 02:32:52 2024
120, 66, 146, Sat Apr 27 02:33:52 2024
120, 66, 143, Sat Apr 27 02:34:52 2024
131, 71, 142, Sat Apr 27 02:35:52 2024
112, 59, 131, Sat Apr 27 02:36:52 2024
127, 60, 156, Sat Apr 27 02:37:52 2024
135, 82, 159, Sat Apr 27 02:38:52 2024
123, 65, 153, Sat Apr 27 02:39:52 2024
117, 66, 160, Sat Apr 27 02:40:52 2024
108, 72, 162, Sat Apr 27 02:41:52 2024
145, 67, 152, Sat Apr 27 02:42:52 2024
145, 93, 162, Sat Apr 27 02:43:52 2024
129, 75, 167, Sat Apr 27 02:44:52 2024
133, 70, 155, Sat Apr 27 02:45:52 2024
156, 91, 168, Sat Apr 27 02:46:52 2024
147, 83, 156, Sat Apr 27 02:47:52 2024
136, 76, 144, Sat Apr 27 02:48:52 2024
120, 64, 152, Sat Apr 27 02:49:52 2024
141, 77, 170, Sat Apr 27 02:50:52 2024
124, 58, 134, Sat Apr 27 02:51:52 2024
129, 80, 163, Sat Apr 27 02:52:52 2024
120, 70, 156, Sat Apr 27 02:53:52 2024
146, 64, 149, Sat Apr 27 02:54:52 2024
132, 68, 147, Sat Apr 27 02:55:52 2024
115, 68, 148, Sat Apr 27 02:56:52 2024
133, 70, 150, Sat Apr 27 02:57:52 2024
139, 80, 144, Sat Apr 27 02:58:52 2024
152, 76, 174, Sat Apr 27 02:59:52 2024
126, 77, 168, Sat Apr 27 03:00:52 2024
136, 70, 146, Sat Apr 27 03:01:52 2024
141, 85, 163, Sat Apr 27 03:02:52 2024
127, 58, 128, Sat Apr 27 03:03:52 2024
145, 85, 169, Sat Apr 27 03:04:52 2024
135, 72, 161, Sat Apr 27 03:05:52 2024
150, 87, 168, Sat Apr 27 03:06:52 2024
120, 71, 161, Sat Apr 27 03:07:52 2024
132, 77, 144, Sat Apr 27 03:08:52 2024
125, 63, 136, Sat Apr 27 03:09:52 2024
130, 76, 152, Sat Apr 27 03:10:52 2024
122, 80, 156, Sat Apr 27 03:11:52 2024
124, 60, 152, Sat Apr 27 03:12:52 2024
127, 68, 147, Sat Apr 27 03:13:52 2024
134, 71, 156, Sat Apr 27 03:14:52 2024
125, 47, 151, Sat Apr 27 03:15:52 2024
126, 64, 147, Sat Apr 27 03:16:52 2024
125, 59, 159, Sat Apr 27 03:17:52 2024
124, 62, 145, Sat Apr 27 03:18:52 2024
122, 56, 154, Sat Apr 27 03:19:52 2024
105, 47, 138, Sat Apr 27 03:20:52 2024
120, 65, 160, Sat Apr 27 03:21:52 2024
114, 62, 145, Sat Apr 27 03:22:52 2024
160, 89, 152, Sat Apr 27 03:23:52 2024
144, 75, 149, Sat Apr 27 03:24:52 2024
135, 63, 158, Sat Apr 27 03:25:52 2024
135, 68, 143, Sat Apr 27 03:26:52 2024
126, 57, 142, Sat Apr 27 03:27:52 2024
137, 74, 144, Sat Apr 27 03:28:52 2024
150, 91, 169, Sat Apr 27 03:29:52 2024
146, 72, 149, Sat Apr 27 03:30:52 2024
115, 57, 125, Sat Apr 27 03:31:52 2024
124, 61, 142, Sat Apr 27 03:32:52 2024
122, 72, 142, Sat Apr 27 03:33:52 2024
125, 70, 143, Sat Apr 27 03:34:52 2024
130, 71, 143, Sat Apr 27 03:35:52 2024
115, 70, 159, Sat Apr 27 03:36:52 2024
154, 75, 172, Sat Apr 27 03:37:52 2024
120, 56, 143, Sat Apr 27 03:38:52 2024
124, 64, 141, Sat Apr 27 03:39:52 2024
118, 60, 148, Sat Apr 27 03:40:52 2024
130, 77, 155, Sat Apr 27 03:41:52 2024
111, 65, 147, Sat Apr 27 03:42:52 2024
125, 60, 148, Sat Apr 27 03:43:52 2024
114, 64, 163, Sat Apr 27 03:44:52 2024
122, 66, 153, Sat Apr 27 03:45:52 2024
142, 85, 172, Sat Apr 27 03:46:52 2024
138, 62, 141, Sat Apr 27 03:47:52 2024
143, 61, 147, Sat Apr 27 03:48:52 2024
135, 66, 163, Sat Apr 27 03:49:52 2024
121, 63, 152, Sat Apr 27 03:50:52 2024
132, 72, 139, Sat Apr 27 03:51:52 2024
135, 65, 137, Sat Apr 27 03:52:52 2024
150, 64, 139, Sat Apr 27 03:53:52 2024
120, 67, 155, Sat Apr 27 03:54:52 2024
117, 63, 153, Sat Apr 27 03:55:52 2024
145, 77, 147, Sat Apr 27 03:56:52 2024
136, 63, 163, Sat Apr 27 03:57:52 2024
125, 78, 171, Sat Apr 27 03:58:52 2024
141, 85, 196, Sat Apr 27 03:59:52 2024
133, 85, 162, Sat Apr 27 04:00:52 2024
131, 77, 161, Sat Apr 27 04:01:52 2024
119, 65, 143, Sat Apr 27 04:02:52 2024
133, 80, 154, Sat Apr 27 04:03:52 2024
122, 59, 127, Sat Apr 27 04:04:52 2024
109, 60, 143, Sat Apr 27 04:05:52 2024
130, 68, 155, Sat Apr 27 04:06:52 2024
131, 68, 152, Sat Apr 27 04:07:52 2024
110, 56, 147, Sat Apr 27 04:08:52 2024
143, 66, 142, Sat Apr 27 04:09:52 2024
128, 67, 149, Sat Apr 27 04:10:52 2024
119, 58, 142, Sat Apr 27 04:11:52 2024
133, 84, 165, Sat Apr 27 04:12:52 2024
135, 75, 148, Sat Apr 27 04:13:52 2024
127, 60, 132, Sat Apr 27 04:14:52 2024
116, 67, 138, Sat Apr 27 04:15:52 2024
144, 70, 164, Sat Apr 27 04:16:52 2024
148, 92, 174, Sat Apr 27 04:17:52 2024
126, 74, 155, Sat Apr 27 04:18:52 2024
128, 70, 160, Sat Apr 27 04:19:52 2024
114, 65, 140, Sat Apr 27 04:20:52 2024
111, 51, 129, Sat Apr 27 04:21:52 2024
134, 70, 161, Sat Apr 27 04:22:52 2024
144, 65, 148, Sat Apr 27 04:23:52 2024
139, 73, 163, Sat Apr 27 04:24:52 2024
117, 48, 114, Sat Apr 27 04:25:52 2024
115, 64, 145, Sat Apr 27 04:26:52 2024
126, 67, 153, Sat Apr 27 04:27:52 2024
119, 75, 164, Sat Apr 27 04:28:52 2024
133, 67, 146, Sat Apr 27 04:29:52 2024
131, 75, 150, Sat Apr 27 04:30:52 2024
115, 69, 165, Sat Apr 27 04:31:52 2024
135, 85, 164, Sat Apr 27 04:32:52 2024
138, 84, 150, Sat Apr 27 04:33:52 2024
137, 74, 156, Sat Apr 27 04:34:52 2024
128, 73, 154, Sat Apr 27 04:35:52 2024
120, 75, 161, Sat Apr 27 04:36:52 2024
128, 59, 145, Sat Apr 27 04:37:52 2024
127, 73, 153, Sat Apr 27 04:38:52 2024
137, 74, 152, Sat Apr 27 04:39:52 2024
132, 70, 135, Sat Apr 27 04:40:52 2024
131, 75, 168, Sat Apr 27 04:41:52 2024
138, 78, 152, Sat Apr 27 04:42:52 2024
120, 64, 149, Sat Apr 27 04:43:52 2024
122, 63, 169, Sat Apr 27 04:44:52 2024
127, 69, 163, Sat Apr 27 04:45:52 2024
147, 91, 166, Sat Apr 27 04:46:52 2024
127, 69, 160, Sat Apr 27 04:47:52 2024
153, 89, 174, Sat Apr 27 04:48:52 2024
134, 71, 138, Sat Apr 27 04:49:52 2024
134, 70, 150, Sat Apr 27 04:50:52 2024
152, 81, 151, Sat Apr 27 04:51:52 2024
127, 64, 157, Sat Apr 27 04:52:52 2024
123, 72, 159, Sat Apr 27 04:53:52 2024
142, 85, 152, Sat Apr 27 04:54:52 2024
134, 65, 143, Sat Apr 27 04:55:52 2024
148, 72, 165, Sat Apr 27 04:56:52 2024
136, 69, 149, Sat Apr 27 04:57:52 2024
116, 59, 130, Sat Apr 27 04:58:52 2024
144, 75, 161, Sat Apr 27 04:59:52 2024
121, 55, 137, Sat Apr 27 05:00:52 2024
151, 79, 154, Sat Apr 27 05:01:52 2024
125, 79, 160, Sat Apr 27 05:02:52 2024
148, 80, 150, Sat Apr 27 05:03:52 2024
138, 76, 164, Sat Apr 27 05:04:52 2024
140, 73, 173, Sat Apr 27 05:05:52 2024
119, 62, 156, Sat Apr 27 05:06:52 2024
133, 59, 145, Sat Apr 27 05:07:52 2024
122, 73, 162, Sat Apr 27 05:08:52 2024
134, 76, 169, Sat Apr 27 05:09:52 2024
132, 71, 150, Sat Apr 27 05:10:52 2024
103, 62, 149, Sat Apr 27 05:11:52 2024
143, 65, 146, Sat Apr 27 05:12:52 2024
132, 64, 141, Sat Apr 27 05:13:52 2024
149, 67, 157, Sat Apr 27 05:14:52 2024
127, 54, 139, Sat Apr 27 05:15:52 2024
137, 71, 165, Sat Apr 27 05:16:52 2024
148, 80, 170, Sat Apr 27 05:17:52 2024
135, 70, 152, Sat Apr 27 05:18:52 2024
137, 63, 170, Sat Apr 27 05:19:52 2024
135, 73, 156, Sat Apr 27 05:20:52 2024
154, 68, 153, Sat Apr 27 05:21:52 2024
128, 69, 158, Sat Apr 27 05:22:52 2024
137, 80, 145, Sat Apr 27 05:23:52 2024
131, 72, 144, Sat Apr 27 05:24:52 2024
125, 75, 159, Sat Apr 27 05:25:52 2024
129, 70, 139, Sat Apr 27 05:26:52 2024
140, 73, 148, Sat Apr 27 05:27:52 2024
121, 68, 145, Sat Apr 27 05:28:52 2024
126, 68, 165, Sat Apr 27 05:29:52 2024
138, 76, 159, Sat Apr 27 05:30:52 2024
112, 65, 165, Sat Apr 27 05:31:52 2024
154, 73, 164, Sat Apr 27 05:32:52 2024
137, 68, 156, Sat Apr 27 05:33:52 2024
129, 62, 149, Sat Apr 27 05:34:52 2024
135, 62, 149, Sat Apr 27 05:35:52 2024
134, 83, 146, Sat Apr 27 05:36:52 2024
134, 81, 166, Sat Apr 27 05:37:52 2024
127, 69, 148, Sat Apr 27 05:38:52 2024
125, 70, 145, Sat Apr 27 05:39:52 2024
138, 63, 155, Sat Apr 27 05:40:52 2024
131, 67, 148, Sat Apr 27 05:41:52 2024
127, 74, 154, Sat Apr 27 05:42:52 2024
123, 74, 134, Sat Apr 27 05:43:52 2024
136, 59, 142, Sat Apr 27 05:44:52 2024
116, 61, 148, Sat Apr 27 05:45:52 2024
135, 66, 159, Sat Apr 27 05:46:52 2024
144, 69, 149, Sat Apr 27 05:47:52 2024
123, 67, 158, Sat Apr 27 05:48:52 2024
150, 86, 165, Sat Apr 27 05:49:52 2024
136, 89, 163, Sat Apr 27 05:50:52 2024
138, 75, 161, Sat Apr 27 05:51:52 2024
125, 71, 143, Sat Apr 27 05:52:52 2024
113, 52, 151, Sat Apr 27 05:53:52 2024
109, 48, 142, Sat Apr 27 05:54:52 2024
152, 76, 163, Sat Apr 27 05:55:52 2024
136, 61, 132, Sat Apr 27 05:56:52 2024
120, 73, 134, Sat Apr 27 05:57:52 2024
141, 71, 152, Sat Apr 27 05:58:52 2024
132, 67, 144, Sat Apr 27 05:59:52 2024
125, 60, 155, Sat Apr 27 06:00:52 2024
135, 73, 158, Sat Apr 27 06:01:52 2024
120, 61, 133, Sat Apr 27 06:02:52 2024
141, 79, 163, Sat Apr 27 06:03:52 2024
115, 65, 146, Sat Apr 27 06:04:52 2024
131, 60, 143, Sat Apr 27 06:05:52 2024
126, 62, 141, Sat Apr 27 06:06:52 2024
137, 73, 155, Sat Apr 27 06:07:52 2024
132, 66, 139, Sat Apr 27 06:08:52 2024
113, 70, 149, Sat Apr 27 06:09:52 2024
132, 68, 142, Sat Apr 27 06:10:52 2024
139, 71, 162, Sat Apr 27 06:11:52 2024
114, 64, 148, Sat Apr 27 06:12:52 2024
151, 82, 179, Sat Apr 27 06:13:52 2024
152, 82, 175, Sat Apr 27 06:14:52 2024
145, 71, 153, Sat Apr 27 06:15:52 2024
127, 59, 144, Sat Apr 27 06:16:52 2024
132, 70, 157, Sat Apr 27 06:17:52 2024
124, 63, 143, Sat Apr 27 06:18:52 2024
129, 66, 156, Sat Apr 27 06:19:52 2024
121, 73, 150, Sat Apr 27 06:20:52 2024
132, 68, 148, Sat Apr 27 06:21:52 2024
121, 73, 146, Sat Apr 27 06:22:52 2024
129, 70, 171, Sat Apr 27 06:23:52 2024
129, 66, 155, Sat Apr 27 06:24:52 2024
139, 71, 140, Sat Apr 27 06:25:52 2024
135, 77, 161, Sat Apr 27 06:26:52 2024
126, 70, 150, Sat Apr 27 06:27:52 2024
127, 60, 143, Sat Apr 27 06:28:52 2024
155, 78, 157, Sat Apr 27 06:29:52 2024
131, 78, 160, Sat Apr 27 06:30:52 2024
162, 102, 163, Sat Apr 27 06:31:52 2024
134, 74, 148, Sat Apr 27 06:32:52 2024
125, 64, 145, Sat Apr 27 06:33:52 2024
120, 73, 152, Sat Apr 27 06:34:52 2024
127, 63, 156, Sat Apr 27 06:35:52 2024
130, 76, 161, Sat Apr 27 06:36:52 2024
133, 117, 160, Sat Apr 27 06:37:52 2024
143, 69, 150, Sat Apr 27 06:38:52 2024
131, 71, 161, Sat Apr 27 06:39:52 2024
113, 62, 126, Sat Apr 27 06:40:52 2024
148, 82, 166, Sat Apr 27 06:41:52 2024
128, 76, 156, Sat Apr 27 06:42:52 2024
137, 72, 159, Sat Apr 27 06:43:52 2024
140, 63, 141, Sat Apr 27 06:44:52 2024
134, 71, 151, Sat Apr 27 06:45:52 2024
124, 60, 145, Sat Apr 27 06:46:52 2024
142, 76, 154, Sat Apr 27 06:47:52 2024
133, 64, 158, Sat Apr 27 06:48:52 2024
107, 55, 124, Sat Apr 27 06:49:52 2024
113, 69, 144, Sat Apr 27 06:50:52 2024
143, 74, 150, Sat Apr 27 06:51:52 2024
113, 67, 146, Sat Apr 27 06:52:52 2024
120, 55, 151, Sat Apr 27 06:53:52 2024
147, 73, 136, Sat Apr 27 06:54:52 2024
136, 66, 154, Sat Apr 27 06:55:52 2024
137, 77, 172, Sat Apr 27 06:56:52 2024
149, 97, 150, Sat Apr 27 06:57:52 2024
121, 74, 145, Sat Apr 27 06:58:52 2024
131, 73, 161, Sat Apr 27 06:59:52 2024
151, 83, 176, Sat Apr 27 07:00:52 2024
136, 79, 149, Sat Apr 27 07:01:52 2024
120, 64, 156, Sat Apr 27 07:02:52 2024
116, 69, 138, Sat Apr 27 07:03:52 2024
125, 71, 143, Sat Apr 27 07:04:52 2024
107, 55, 131, Sat Apr 27 07:05:52 2024
106, 55, 148, Sat Apr 27 07:06:52 2024
140, 74, 163, Sat Apr 27 07:07:52 2024
131, 75, 145, Sat Apr 27 07:08:52 2024
134, 64, 143, Sat Apr 27 07:09:52 2024
130, 75, 162, Sat Apr 27 07:10:52 2024
113, 67, 144, Sat Apr 27 07:11:52 2024
132, 79, 168, Sat Apr 27 07:12:52 2024
127, 76, 151, Sat Apr 27 07:13:52 2024
122, 70, 139, Sat Apr 27 07:14:52 2024
133, 61, 139, Sat Apr 27 07:15:52 2024
132, 73, 155, Sat Apr 27 07:16:52 2024
135, 78, 173, Sat Apr 27 07:17:52 2024
125, 60, 152, Sat Apr 27 07:18:52 2024
110, 67, 137, Sat Apr 27 07:19:52 2024
124, 74, 159, Sat Apr 27 07:20:52 2024
134, 73, 157, Sat Apr 27 07:21:52 2024
116, 54, 142, Sat Apr 27 07:22:52 2024
135, 71, 147, Sat Apr 27 07:23:52 2024
119, 65, 145, Sat Apr 27 07:24:52 2024
146, 89, 185, Sat Apr 27 07:25:52 2024
109, 60, 134, Sat Apr 27 07:26:52 2024
110, 58, 130, Sat Apr 27 07:27:52 2024
121, 66, 141, Sat Apr 27 07:28:52 2024
113, 66, 158, Sat Apr 27 07:29:52 2024
112, 65, 146, Sat Apr 27 07:30:52 2024
108, 46, 131, Sat Apr 27 07:31:52 2024
133, 68, 137, Sat Apr 27 07:32:52 2024
128, 58, 130, Sat Apr 27 07:33:52 2024
144, 84, 171, Sat Apr 27 07:34:52 2024
114, 57, 124, Sat Apr 27 07:35:52 2024
103, 60, 144, Sat Apr 27 07:36:52 2024
122, 55, 125, Sat Apr 27 07:37:52 2024
105, 48, 135, Sat Apr 27 07:38:52 2024
137, 83, 163, Sat Apr 27 07:39:52 2024
132, 66, 165, Sat Apr 27 07:40:52 2024
112, 63, 136, Sat Apr 27 07:41:52 2024
119, 69, 150, Sat Apr 27 07:42:52 2024
126, 70, 147, Sat Apr 27 07:43:52 2024
119, 58, 139, Sat Apr 27 07:44:52 2024
118, 72, 158, Sat Apr 27 07:45:52 2024
117, 59, 126, Sat Apr 27 07:46:52 2024
144, 78, 162, Sat Apr 27 07:47:52 2024
121, 71, 148, Sat Apr 27 07:48:52 2024
131, 67, 156, Sat Apr 27 07:49:52 2024
138, 74, 152, Sat Apr 27 07:50:52 2024
131, 76, 138, Sat Apr 27 07:51:52 2024
116, 66, 146, Sat Apr 27 07:52:52 2024
145, 87, 161, Sat Apr 27 07:53:52 2024
139, 80, 174, Sat Apr 27 07:54:52 2024
112, 55, 125, Sat Apr 27 07:55:52 2024
124, 70, 158, Sat Apr 27 07:56:52 2024
137, 74, 146, Sat Apr 27 07:57:52 2024
143, 61, 162, Sat Apr 27 07:58:52 2024
124, 60, 157, Sat Apr 27 07:59:52 2024
128, 75, 155, Sat Apr 27 08:00:52 2024
116, 58, 155, Sat Apr 27 08:01:52 2024
118, 66, 146, Sat Apr 27 08:02:52 2024
137, 72, 148, Sat Apr 27 08:03:52 2024
130, 67, 155, Sat Apr 27 08:04:52 2024
127, 74, 152, Sat Apr 27 08:05:52 2024
133, 70, 142, Sat Apr 27 08:06:52 2024
122, 65, 164, Sat Apr 27 08:07:52 2024
132, 62, 150, Sat Apr 27 08:08:52 2024
119, 63, 146, Sat Apr 27 08:09:52 2024
126, 62, 138, Sat Apr 27 08:10:52 2024
122, 64, 152, Sat Apr 27 08:11:52 2024
130, 68, 146, Sat Apr 27 08:12:52 2024
114, 66, 139, Sat Apr 27 08:13:52 2024
136, 66, 142, Sat Apr 27 08:14:52 2024
126, 64, 148, Sat Apr 27 08:15:52 2024
101, 61, 138, Sat Apr 27 08:16:52 2024
108, 57, 135, Sat Apr 27 08:17:52 2024
120, 60, 137, Sat Apr 27 08:18:52 2024
117, 58, 153, Sat Apr 27 08:19:52 2024
138, 73, 145, Sat Apr 27 08:20:52 2024
101, 67, 153, Sat Apr 27 08:21:52 2024
121, 66, 157, Sat Apr 27 08:22:52 2024
151, 89, 158, Sat Apr 27 08:23:52 2024
119, 70, 168, Sat Apr 27 08:24:52 2024
121, 80, 151, Sat Apr 27 08:25:52 2024
125, 70, 151, Sat Apr 27 08:26:52 2024
119, 75, 154, Sat Apr 27 08:27:52 2024
99, 65, 141, Sat Apr 27 08:28:52 2024
121, 71, 159, Sat Apr 27 08:29:52 2024
114, 65, 146, Sat Apr 27 08:30:52 2024
135, 84, 155, Sat Apr 27 08:31:52 2024
116, 62, 154, Sat Apr 27 08:32:52 2024
133, 76, 164, Sat Apr 27 08:33:52 2024
151, 82, 150, Sat Apr 27 08:34:52 2024
127, 61, 141, Sat Apr 27 08:35:52 2024
131, 66, 151, Sat Apr 27 08:36:52 2024
133, 61, 143, Sat Apr 27 08:37:52 2024
117, 60, 135, Sat Apr 27 08:38:52 2024
111, 50, 122, Sat Apr 27 08:39:52 2024
133, 68, 155, Sat Apr 27 08:40:52 2024
121, 56, 132, Sat Apr 27 08:41:52 2024
134, 89, 166, Sat Apr 27 08:42:52 2024
125, 74, 148, Sat Apr 27 08:43:52 2024
137, 73, 142, Sat Apr 27 08:44:52 2024
111, 59, 133, Sat Apr 27 08:45:52 2024
131, 60, 140, Sat Apr 27 08:46:52 2024
123, 78, 157, Sat Apr 27 08:47:52 2024
116, 56, 139, Sat Apr 27 08:48:52 2024
128, 68, 149, Sat Apr 27 08:49:52 2024
116, 67, 140, Sat Apr 27 08:50:52 2024
109, 63, 147, Sat Apr 27 08:51:52 2024
135, 69, 133, Sat Apr 27 08:52:52 2024
129, 59, 133, Sat Apr 27 08:53:52 2024
123, 69, 157, Sat Apr 27 08:54:52 2024
118, 60, 135, Sat Apr 27 08:55:52 2024
100, 60, 136, Sat Apr 27 08:56:52 2024
105, 57, 133, Sat Apr 27 08:57:52 2024
145, 82, 165, Sat Apr 27 08:58:52 2024
132, 71, 159, Sat Apr 27 08:59:52 2024
151, 74, 151, Sat Apr 27 09:00:52 2024
110, 64, 147, Sat Apr 27 09:01:52 2024
131, 68, 145, Sat Apr 27 09:02:52 2024
131, 79, 163, Sat Apr 27 09:03:52 2024
124, 61, 145, Sat Apr 27 09:04:52 2024
141, 71, 165, Sat Apr 27 09:05:52 2024
118, 59, 146, Sat Apr 27 09:06:52 2024
134, 78, 165, Sat Apr 27 09:07:52 2024
118, 66, 145, Sat Apr 27 09:08:52 2024
134, 69, 172, Sat Apr 27 09:09:52 2024
124, 80, 151, Sat Apr 27 09:10:52 2024
140, 62, 152, Sat Apr 27 09:11:52 2024
133, 71, 154, Sat Apr 27 09:12:52 2024
141, 93, 158, Sat Apr 27 09:13:52 2024
117, 69, 155, Sat Apr 27 09:14:52 2024
134, 70, 155, Sat Apr 27 09:15:52 2024
112, 67, 155, Sat Apr 27 09:16:52 2024
138, 69, 153, Sat Apr 27 09:17:52 2024
125, 68, 159, Sat Apr 27 09:18:52 2024
132, 71, 160, Sat Apr 27 09:19:52 2024
111, 58, 139, Sat Apr 27 09:20:52 2024
135, 73, 147, Sat Apr 27 09:21:52 2024
129, 68, 152, Sat Apr 27 09:22:52 2024
122, 64, 162, Sat Apr 27 09:23:52 2024
126, 76, 150, Sat Apr 27 09:24:52 2024
124, 69, 153, Sat Apr 27 09:25:52 2024
112, 58, 147, Sat Apr 27 09:26:52 2024
137, 77, 148, Sat Apr 27 09:27:52 2024
118, 55, 128, Sat Apr 27 09:28:52 2024
122, 67, 155, Sat Apr 27 09:29:52 2024
108, 66, 141, Sat Apr 27 09:30:52 2024
138, 71, 137, Sat Apr 27 09:31:52 2024
113, 61, 158, Sat Apr 27 09:32:52 2024
131, 79, 167, Sat Apr 27 09:33:52 2024
120, 58, 131, Sat Apr 27 09:34:52 2024
110, 77, 157, Sat Apr 27 09:35:52 2024
130, 73, 140, Sat Apr 27 09:36:52 2024
130, 66, 147, Sat Apr 27 09:37:52 2024
111, 62, 163, Sat Apr 27 09:38:52 2024
144, 74, 155, Sat Apr 27 09:39:52 2024
110, 54, 142, Sat Apr 27 09:40:52 2024
142, 66, 148, Sat Apr 27 09:41:52 2024
137, 70, 145, Sat Apr 27 09:42:52 2024
144, 73, 154, Sat Apr 27 09:43:52 2024
131, 75, 151, Sat Apr 27 09:44:52 2024
120, 59, 143, Sat Apr 27 09:45:52 2024
133, 76, 164, Sat Apr 27 09:46:52 2024
127, 67, 149, Sat Apr 27 09:47:52 2024
112, 71, 153, Sat Apr 27 09:48:52 2024
117, 76, 154, Sat Apr 27 09:49:52 2024
109, 57, 140, Sat Apr 27 09:50:52 2024
115, 68, 135, Sat Apr 27 09:51:52 2024
113, 69, 138, Sat Apr 27 09:52:52 2024
105, 54, 139, Sat Apr 27 09:53:52 2024
107, 53, 142, Sat Apr 27 09:54:52 2024
126, 65, 137, Sat Apr 27 09:55:52 2024
97, 66, 139, Sat Apr 27 09:56:52 2024
103, 58, 141, Sat Apr 27 09:57:52 2024
121, 63, 149, Sat Apr 27 09:58:52 2024
110, 60, 143, Sat Apr 27 09:59:52 2024
108, 59, 131, Sat Apr 27 10:00:52 2024
130, 76, 159, Sat Apr 27 10:01:52 2024
111, 61, 137, Sat Apr 27 10:02:52 2024
112, 57, 150, Sat Apr 27 10:03:52 2024
124, 72, 139, Sat Apr 27 10:04:52 2024
115, 66, 143, Sat Apr 27 10:05:52 2024
104, 59, 145, Sat Apr 27 10:06:52 2024
120, 63, 154, Sat Apr 27 10:07:52 2024
135, 89, 176, Sat Apr 27 10:08:52 2024
104, 55, 150, Sat Apr 27 10:09:52 2024
106, 56, 138, Sat Apr 27 10:10:52 2024
133, 74, 140, Sat Apr 27 10:11:52 2024
119, 59, 137, Sat Apr 27 10:12:52 2024
142, 75, 134, Sat Apr 27 10:13:52 2024
100, 53, 122, Sat Apr 27 10:14:52 2024
131, 82, 174, Sat Apr 27 10:15:52 2024
131, 72, 138, Sat Apr 27 10:16:52 2024
95, 46, 122, Sat Apr 27 10:17:52 2024
122, 68, 132, Sat Apr 27 10:18:52 2024
123, 64, 156, Sat Apr 27 10:19:52 2024
112, 67, 152, Sat Apr 27 10:20:52 2024
116, 63, 151, Sat Apr 27 10:21:52 2024
143, 61, 167, Sat Apr 27 10:22:52 2024
134, 63, 148, Sat Apr 27 10:23:52 2024
99, 49, 146, Sat Apr 27 10:24:52 2024
119, 55, 128, Sat Apr 27 10:25:52 2024
99, 54, 133, Sat Apr 27 10:26:52 2024
114, 57, 133, Sat Apr 27 10:27:52 2024
103, 57, 136, Sat Apr 27 10:28:52 2024
107, 65, 152, Sat Apr 27 10:29:52 2024
122, 69, 150, Sat Apr 27 10:30:52 2024
99, 58, 119, Sat Apr 27 10:31:52 2024
100, 56, 121, Sat Apr 27 10:32:52 2024
92, 49, 124, Sat Apr 27 10:33:52 2024
122, 59, 136, Sat Apr 27 10:34:52 2024
110, 57, 128, Sat Apr 27 10:35:52 2024
124, 64, 162, Sat Apr 27 10:36:52 2024
105, 59, 128, Sat Apr 27 10:37:52 2024
100, 51, 143, Sat Apr 27 10:38:52 2024
116, 54, 117, Sat Apr 27 10:39:52 2024
125, 49, 119, Sat Apr 27 10:40:52 2024
114, 63, 133, Sat Apr 27 10:41:52 2024
122, 66, 148, Sat Apr 27 10:42:52 2024
108, 67, 146, Sat Apr 27 10:43:52 2024
115, 61, 138, Sat Apr 27 10:44:52 2024
127, 73, 150, Sat Apr 27 10:45:52 2024
124, 69, 153, Sat Apr 27 10:46:52 2024
112, 53, 123, Sat Apr 27 10:47:52 2024
116, 69, 152, Sat Apr 27 10:48:52 2024
112, 49, 123, Sat Apr 27 10:49:52 2024
121, 70, 142, Sat Apr 27 10:50:52 2024
138, 66, 153, Sat Apr 27 10:51:52 2024
107, 62, 143, Sat Apr 27 10:52:52 2024
126, 71, 159, Sat Apr 27 10:53:52 2024
119, 62, 142, Sat Apr 27 10:54:52 2024
112, 45, 127, Sat Apr 27 10:55:52 2024
124, 70, 153, Sat Apr 27 10:56:52 2024
87, 57, 123, Sat Apr 27 10:57:52 2024
112, 49, 123, Sat Apr 27 10:58:52 2024
130, 79, 173, Sat Apr 27 10:59:52 2024
120, 67, 133, Sat Apr 27 11:00:52 2024
133, 62, 148, Sat Apr 27 11:01:52 2024
108, 66, 149, Sat Apr 27 11:02:52 2024
115, 55, 163, Sat Apr 27 11:03:52 2024
108, 64, 138, Sat Apr 27 11:04:52 2024
120, 67, 169, Sat Apr 27 11:05:52 2024
141, 73, 171, Sat Apr 27 11:06:52 2024
134, 68, 155, Sat Apr 27 11:07:52 2024
140, 80, 173, Sat Apr 27 11:08:52 2024
110, 50, 125, Sat Apr 27 11:09:52 2024
109, 57, 138, Sat Apr 27 11:10:52 2024
154, 82, 173, Sat Apr 27 11:11:52 2024
130, 76, 135, Sat Apr 27 11:12:52 2024
115, 71, 149, Sat Apr 27 11:13:52 2024
125, 72, 139, Sat Apr 27 11:14:52 2024
114, 59, 149, Sat Apr 27 11:15:52 2024
103, 53, 126, Sat Apr 27 11:16:52 2024
127, 65, 133, Sat Apr 27 11:17:52 2024
125, 65, 150, Sat Apr 27 11:18:52 2024
119, 66, 147, Sat Apr 27 11:19:52 2024
121, 70, 167, Sat Apr 27 11:20:52 2024
113, 58, 129, Sat Apr 27 11:21:52 2024
105, 60, 139, Sat Apr 27 11:22:52 2024
126, 59, 137, Sat Apr 27 11:23:52 2024
128, 73, 147, Sat Apr 27 11:24:52 2024
131, 78, 166, Sat Apr 27 11:25:52 2024
125, 79, 153, Sat Apr 27 11:26:52 2024
115, 56, 162, Sat Apr 27 11:27:52 2024
131, 66, 143, Sat Apr 27 11:28:52 2024
130, 70, 146, Sat Apr 27 11:29:52 2024
128, 69, 146, Sat Apr 27 11:30:52 2024
122, 66, 138, Sat Apr 27 11:31:52 2024
117, 58, 171, Sat Apr 27 11:32:52 2024
115, 69, 155, Sat Apr 27 11:33:52 2024
110, 62, 149, Sat Apr 27 11:34:52 2024
119, 73, 152, Sat Apr 27 11:35:52 2024
107, 63, 150, Sat Apr 27 11:36:52 2024
118, 58, 149, Sat Apr 27 11:37:52 2024
111, 60, 140, Sat Apr 27 11:38:52 2024
141, 87, 174, Sat Apr 27 11:39:52 2024
125, 73, 160, Sat Apr 27 11:40:52 2024
131, 71, 160, Sat Apr 27 11:41:52 2024
124, 85, 154, Sat Apr 27 11:42:52 2024
119, 55, 135, Sat Apr 27 11:43:52 2024
108, 63, 129, Sat Apr 27 11:44:52 2024
128, 63, 129, Sat Apr 27 11:45:52 2024
136, 66, 135, Sat Apr 27 11:46:52 2024
143, 76, 156, Sat Apr 27 11:47:52 2024
108, 65, 147, Sat Apr 27 11:48:52 2024
130, 61, 130, Sat Apr 27 11:49:52 2024
132, 73, 149, Sat Apr 27 11:50:52 2024
139, 68, 131, Sat Apr 27 11:51:52 2024
127, 61, 158, Sat Apr 27 11:52:52 2024
129, 69, 153, Sat Apr 27 11:53:52 2024
134, 62, 142, Sat Apr 27 11:54:52 2024
125, 64, 149, Sat Apr 27 11:55:52 2024
129, 75, 167, Sat Apr 27 11:56:52 2024
113, 64, 164, Sat Apr 27 11:57:52 2024
144, 73, 157, Sat Apr 27 11:58:52 2024
108, 57, 135, Sat Apr 27 11:59:52 2024
