149, 58, 102, Sat Feb 24 21:18:43 2024
134, 52, 95, Sat Feb 24 21:19:43 2024
151, 66, 134, Sat Feb 24 21:20:43 2024
151, 61, 119, Sat Feb 24 21:21:43 2024
145, 63, 127, Sat Feb 24 21:22:43 2024
161, 77, 121, Sat Feb 24 21:58:55 2024
149, 60, 110, Sat Feb 24 21:59:55 2024
143, 74, 122, Sat Feb 24 22:00:55 2024
153, 72, 122, Sat Feb 24 22:01:55 2024
150, 56, 112, Sat Feb 24 22:02:55 2024
145, 62, 133, Sat Feb 24 22:03:55 2024
147, 59, 103, Sat Feb 24 22:04:55 2024
147, 74, 149, Sat Feb 24 22:05:55 2024
144, 61, 114, Sat Feb 24 22:06:55 2024
137, 70, 106, Sat Feb 24 22:07:55 2024
142, 61, 115, Sat Feb 24 22:08:55 2024
155, 66, 120, Sat Feb 24 22:09:55 2024
147, 64, 128, Sat Feb 24 22:10:55 2024
165, 70, 135, Sat Feb 24 22:11:55 2024
155, 72, 122, Sat Feb 24 22:12:55 2024
139, 70, 119, Sat Feb 24 22:13:55 2024
162, 70, 131, Sat Feb 24 22:14:55 2024
153, 61, 117, Sat Feb 24 22:15:55 2024
143, 61, 128, Sat Feb 24 22:16:55 2024
148, 60, 116, Sat Feb 24 22:17:55 2024
143, 52, 104, Sat Feb 24 22:18:55 2024
145, 72, 117, Sat Feb 24 22:19:55 2024
142, 57, 117, Sat Feb 24 22:20:55 2024
150, 63, 120, Sat Feb 24 22:21:55 2024
130, 53, 109, Sat Feb 24 22:22:55 2024
145, 70, 103, Sat Feb 24 22:23:55 2024
146, 61, 124, Sat Feb 24 22:24:55 2024
144, 57, 111, Sat Feb 24 22:25:55 2024
163, 69, 127, Sat Feb 24 22:26:55 2024
155, 66, 119, Sat Feb 24 22:27:55 2024
168, 70, 118, Sat Feb 24 22:28:55 2024
151, 69, 128, Sat Feb 24 22:29:55 2024
156, 77, 128, Sat Feb 24 22:30:55 2024
149, 72, 131, Sat Feb 24 22:31:55 2024
114, 55, 106, Sat Feb 24 22:32:55 2024
142, 58, 113, Sat Feb 24 22:33:55 2024
143, 68, 110, Sat Feb 24 22:34:55 2024
161, 65, 131, Sat Feb 24 22:35:55 2024
153, 70, 129, Sat Feb 24 22:36:55 2024
134, 55, 110, Sat Feb 24 22:37:55 2024
116, 49, 107, Sat Feb 24 22:38:55 2024
158, 77, 130, Sat Feb 24 22:39:55 2024
148, 66, 116, Sat Feb 24 22:40:55 2024
148, 57, 97, Sat Feb 24 22:41:55 2024
141, 57, 114, Sat Feb 24 22:42:55 2024
153, 63, 109, Sat Feb 24 22:43:55 2024
123, 61, 118, Sat Feb 24 22:44:55 2024
160, 64, 127, Sat Feb 24 22:45:55 2024
148, 61, 115, Sat Feb 24 22:46:55 2024
154, 62, 119, Sat Feb 24 22:47:55 2024
128, 65, 117, Sat Feb 24 22:48:55 2024
136, 72, 125, Sat Feb 24 22:49:55 2024
145, 67, 141, Sat Feb 24 22:50:55 2024
157, 61, 108, Sat Feb 24 22:51:55 2024
134, 46, 109, Sat Feb 24 22:52:55 2024
158, 55, 122, Sat Feb 24 22:53:55 2024
127, 56, 114, Sat Feb 24 22:54:55 2024
157, 73, 130, Sat Feb 24 22:55:55 2024
157, 71, 125, Sat Feb 24 22:56:55 2024
162, 77, 111, Sat Feb 24 22:57:55 2024
151, 65, 110, Sat Feb 24 22:58:55 2024
162, 82, 125, Sat Feb 24 22:59:55 2024
145, 68, 131, Sat Feb 24 23:00:55 2024
152, 63, 129, Sat Feb 24 23:01:55 2024
141, 61, 131, Sat Feb 24 23:02:55 2024
146, 67, 124, Sat Feb 24 23:03:55 2024
178, 88, 137, Sat Feb 24 23:04:55 2024
138, 67, 125, Sat Feb 24 23:05:55 2024
172, 83, 134, Sat Feb 24 23:06:55 2024
150, 63, 117, Sat Feb 24 23:07:55 2024
127, 55, 119, Sat Feb 24 23:08:55 2024
151, 75, 125, Sat Feb 24 23:09:55 2024
155, 72, 118, Sat Feb 24 23:10:55 2024
160, 72, 129, Sat Feb 24 23:11:55 2024
147, 57, 107, Sat Feb 24 23:12:55 2024
150, 57, 106, Sat Feb 24 23:13:55 2024
138, 63, 117, Sat Feb 24 23:14:55 2024
138, 55, 114, Sat Feb 24 23:15:55 2024
140, 59, 114, Sat Feb 24 23:16:55 2024
144, 51, 111, Sat Feb 24 23:17:55 2024
143, 70, 136, Sat Feb 24 23:18:55 2024
134, 68, 128, Sat Feb 24 23:19:55 2024
146, 65, 119, Sat Feb 24 23:20:55 2024
133, 45, 84, Sat Feb 24 23:21:55 2024
146, 69, 114, Sat Feb 24 23:22:55 2024
157, 64, 100, Sat Feb 24 23:23:55 2024
158, 67, 123, Sat Feb 24 23:24:55 2024
145, 60, 118, Sat Feb 24 23:25:55 2024
148, 62, 120, Sat Feb 24 23:26:55 2024
140, 51, 113, Sat Feb 24 23:27:55 2024
156, 65, 124, Sat Feb 24 23:28:55 2024
136, 53, 109, Sat Feb 24 23:29:55 2024
146, 54, 109, Sat Feb 24 23:30:55 2024
136, 60, 125, Sat Feb 24 23:31:55 2024
151, 61, 107, Sat Feb 24 23:32:55 2024
147, 63, 107, Sat Feb 24 23:33:55 2024
154, 66, 131, Sat Feb 24 23:34:55 2024
160, 73, 126, Sat Feb 24 23:35:55 2024
167, 65, 114, Sat Feb 24 23:36:55 2024
138, 70, 133, Sat Feb 24 23:37:55 2024
165, 56, 98, Sat Feb 24 23:38:55 2024
155, 66, 124, Sat Feb 24 23:39:55 2024
139, 64, 132, Sat Feb 24 23:40:55 2024
135, 65, 119, Sat Feb 24 23:41:55 2024
175, 78, 130, Sat Feb 24 23:42:55 2024
143, 66, 111, Sat Feb 24 23:43:55 2024
144, 63, 126, Sat Feb 24 23:44:55 2024
132, 58, 106, Sat Feb 24 23:45:55 2024
131, 54, 114, Sat Feb 24 23:46:55 2024
132, 58, 118, Sat Feb 24 23:47:55 2024
148, 56, 120, Sat Feb 24 23:48:55 2024
135, 67, 123, Sat Feb 24 23:49:55 2024
137, 69, 125, Sat Feb 24 23:50:55 2024
144, 49, 96, Sat Feb 24 23:51:55 2024
149, 71, 122, Sat Feb 24 23:52:55 2024
151, 69, 128, Sat Feb 24 23:53:55 2024
154, 63, 129, Sat Feb 24 23:54:55 2024
147, 59, 114, Sat Feb 24 23:55:55 2024
154, 64, 136, Sat Feb 24 23:56:55 2024
155, 68, 120, Sat Feb 24 23:57:55 2024
148, 62, 101, Sat Feb 24 23:58:55 2024
153, 55, 117, Sat Feb 24 23:59:55 2024
138, 67, 130, Sun Feb 25 00:00:55 2024
149, 70, 137, Sun Feb 25 00:01:55 2024
152, 71, 134, Sun Feb 25 00:02:55 2024
164, 65, 124, Sun Feb 25 00:03:55 2024
158, 50, 99, Sun Feb 25 00:04:55 2024
130, 71, 103, Sun Feb 25 00:05:55 2024
152, 58, 103, Sun Feb 25 00:06:55 2024
118, 50, 100, Sun Feb 25 00:07:55 2024
136, 59, 112, Sun Feb 25 00:08:55 2024
163, 80, 128, Sun Feb 25 00:09:55 2024
147, 67, 121, Sun Feb 25 00:10:55 2024
134, 52, 113, Sun Feb 25 00:11:55 2024
159, 68, 127, Sun Feb 25 00:12:55 2024
138, 63, 124, Sun Feb 25 00:13:55 2024
137, 57, 123, Sun Feb 25 00:14:55 2024
146, 77, 127, Sun Feb 25 00:15:55 2024
138, 59, 120, Sun Feb 25 00:16:55 2024
135, 55, 107, Sun Feb 25 00:17:55 2024
153, 71, 133, Sun Feb 25 00:18:55 2024
151, 70, 127, Sun Feb 25 00:19:55 2024
143, 64, 119, Sun Feb 25 00:20:55 2024
141, 67, 132, Sun Feb 25 00:21:55 2024
158, 79, 139, Sun Feb 25 00:22:55 2024
139, 62, 113, Sun Feb 25 00:23:55 2024
173, 71, 137, Sun Feb 25 00:24:55 2024
138, 54, 107, Sun Feb 25 00:25:55 2024
154, 54, 121, Sun Feb 25 00:26:55 2024
167, 68, 118, Sun Feb 25 00:27:55 2024
135, 63, 126, Sun Feb 25 00:28:55 2024
133, 56, 122, Sun Feb 25 00:29:55 2024
146, 70, 131, Sun Feb 25 00:30:55 2024
159, 72, 127, Sun Feb 25 00:31:55 2024
116, 51, 108, Sun Feb 25 00:32:55 2024
141, 50, 105, Sun Feb 25 00:33:55 2024
143, 60, 131, Sun Feb 25 00:34:55 2024
144, 69, 106, Sun Feb 25 00:35:55 2024
159, 78, 125, Sun Feb 25 00:36:55 2024
156, 74, 129, Sun Feb 25 00:37:55 2024
148, 53, 127, Sun Feb 25 00:38:55 2024
159, 62, 125, Sun Feb 25 00:39:55 2024
149, 73, 135, Sun Feb 25 00:40:55 2024
145, 48, 117, Sun Feb 25 00:41:55 2024
150, 76, 133, Sun Feb 25 00:42:55 2024
146, 68, 124, Sun Feb 25 00:43:55 2024
148, 67, 121, Sun Feb 25 00:44:55 2024
162, 69, 114, Sun Feb 25 00:45:55 2024
146, 66, 118, Sun Feb 25 00:46:55 2024
149, 72, 129, Sun Feb 25 00:47:55 2024
135, 57, 130, Sun Feb 25 00:48:55 2024
175, 82, 130, Sun Feb 25 00:49:55 2024
148, 56, 110, Sun Feb 25 00:50:55 2024
165, 73, 138, Sun Feb 25 00:51:55 2024
130, 62, 118, Sun Feb 25 00:52:55 2024
128, 55, 93, Sun Feb 25 00:53:55 2024
163, 72, 129, Sun Feb 25 00:54:55 2024
156, 83, 142, Sun Feb 25 00:55:55 2024
139, 59, 110, Sun Feb 25 00:56:55 2024
165, 64, 114, Sun Feb 25 00:57:55 2024
140, 62, 108, Sun Feb 25 00:58:55 2024
145, 59, 118, Sun Feb 25 00:59:55 2024
126, 59, 108, Sun Feb 25 01:00:55 2024
147, 59, 115, Sun Feb 25 01:01:55 2024
145, 57, 94, Sun Feb 25 01:02:55 2024
155, 67, 125, Sun Feb 25 01:03:55 2024
137, 62, 118, Sun Feb 25 01:04:55 2024
150, 69, 138, Sun Feb 25 01:05:55 2024
164, 69, 130, Sun Feb 25 01:06:55 2024
124, 66, 124, Sun Feb 25 01:07:55 2024
151, 68, 126, Sun Feb 25 01:08:55 2024
146, 61, 114, Sun Feb 25 01:09:55 2024
164, 64, 140, Sun Feb 25 01:10:55 2024
149, 72, 124, Sun Feb 25 01:11:55 2024
136, 55, 104, Sun Feb 25 01:12:55 2024
132, 75, 119, Sun Feb 25 01:13:55 2024
155, 70, 130, Sun Feb 25 01:14:55 2024
161, 66, 124, Sun Feb 25 01:15:55 2024
128, 59, 108, Sun Feb 25 01:16:55 2024
147, 61, 128, Sun Feb 25 01:17:55 2024
150, 58, 118, Sun Feb 25 01:18:55 2024
131, 58, 104, Sun Feb 25 01:19:55 2024
152, 67, 131, Sun Feb 25 01:20:55 2024
159, 68, 121, Sun Feb 25 01:21:55 2024
151, 69, 123, Sun Feb 25 01:22:55 2024
155, 57, 106, Sun Feb 25 01:23:55 2024
140, 70, 126, Sun Feb 25 01:24:55 2024
113, 54, 103, Sun Feb 25 01:25:55 2024
137, 59, 105, Sun Feb 25 01:26:55 2024
132, 59, 117, Sun Feb 25 01:27:55 2024
146, 68, 120, Sun Feb 25 01:28:55 2024
146, 52, 109, Sun Feb 25 01:29:55 2024
146, 62, 111, Sun Feb 25 01:30:55 2024
138, 43, 98, Sun Feb 25 01:31:55 2024
125, 57, 120, Sun Feb 25 01:32:55 2024
148, 69, 119, Sun Feb 25 01:33:55 2024
162, 64, 123, Sun Feb 25 01:34:55 2024
137, 52, 124, Sun Feb 25 01:35:55 2024
130, 57, 111, Sun Feb 25 01:36:55 2024
163, 76, 121, Sun Feb 25 01:37:55 2024
163, 82, 137, Sun Feb 25 01:38:55 2024
137, 59, 115, Sun Feb 25 01:39:55 2024
149, 63, 121, Sun Feb 25 01:40:55 2024
177, 74, 118, Sun Feb 25 01:41:55 2024
145, 72, 132, Sun Feb 25 01:42:55 2024
130, 55, 108, Sun Feb 25 01:43:55 2024
151, 67, 117, Sun Feb 25 01:44:55 2024
140, 55, 107, Sun Feb 25 01:45:55 2024
146, 71, 123, Sun Feb 25 01:46:55 2024
152, 70, 129, Sun Feb 25 01:47:55 2024
152, 80, 147, Sun Feb 25 01:48:55 2024
152, 59, 130, Sun Feb 25 01:49:55 2024
123, 55, 120, Sun Feb 25 01:50:55 2024
164, 68, 128, Sun Feb 25 01:51:55 2024
146, 65, 121, Sun Feb 25 01:52:55 2024
159, 52, 118, Sun Feb 25 01:53:55 2024
155, 65, 120, Sun Feb 25 01:54:55 2024
141, 73, 115, Sun Feb 25 01:55:55 2024
154, 69, 119, Sun Feb 25 01:56:55 2024
159, 61, 114, Sun Feb 25 01:57:55 2024
157, 73, 134, Sun Feb 25 01:58:55 2024
147, 65, 129, Sun Feb 25 01:59:55 2024
145, 68, 115, Sun Feb 25 02:00:55 2024
185, 82, 145, Sun Feb 25 02:01:55 2024
141, 65, 111, Sun Feb 25 02:02:55 2024
138, 68, 124, Sun Feb 25 02:03:55 2024
143, 64, 111, Sun Feb 25 02:04:55 2024
149, 63, 108, Sun Feb 25 02:05:55 2024
156, 67, 123, Sun Feb 25 02:06:55 2024
162, 72, 125, Sun Feb 25 02:07:55 2024
139, 64, 107, Sun Feb 25 02:08:55 2024
157, 84, 141, Sun Feb 25 02:09:55 2024
141, 72, 121, Sun Feb 25 02:10:55 2024
174, 80, 132, Sun Feb 25 02:11:55 2024
145, 54, 111, Sun Feb 25 02:12:55 2024
153, 61, 118, Sun Feb 25 02:13:55 2024
140, 57, 111, Sun Feb 25 02:14:55 2024
162, 70, 138, Sun Feb 25 02:15:55 2024
128, 52, 102, Sun Feb 25 02:16:55 2024
120, 51, 96, Sun Feb 25 02:17:55 2024
138, 68, 105, Sun Feb 25 02:18:55 2024
140, 62, 131, Sun Feb 25 02:19:55 2024
149, 75, 123, Sun Feb 25 02:20:55 2024
158, 58, 112, Sun Feb 25 02:21:55 2024
135, 47, 106, Sun Feb 25 02:22:55 2024
134, 68, 142, Sun Feb 25 02:23:55 2024
147, 63, 115, Sun Feb 25 02:24:55 2024
143, 64, 108, Sun Feb 25 02:25:55 2024
152, 66, 125, Sun Feb 25 02:26:55 2024
141, 64, 115, Sun Feb 25 02:27:55 2024
143, 51, 115, Sun Feb 25 02:28:55 2024
138, 60, 122, Sun Feb 25 02:29:55 2024
156, 68, 122, Sun Feb 25 02:30:55 2024
153, 71, 142, Sun Feb 25 02:31:55 2024
125, 54, 112, Sun Feb 25 02:32:55 2024
140, 61, 122, Sun Feb 25 02:33:55 2024
158, 70, 132, Sun Feb 25 02:34:55 2024
153, 67, 137, Sun Feb 25 02:35:55 2024
161, 68, 137, Sun Feb 25 02:36:55 2024
132, 54, 117, Sun Feb 25 02:37:55 2024
157, 68, 124, Sun Feb 25 02:38:55 2024
153, 69, 124, Sun Feb 25 02:39:55 2024
150, 71, 136, Sun Feb 25 02:40:55 2024
151, 59, 118, Sun Feb 25 02:41:55 2024
147, 67, 124, Sun Feb 25 02:42:55 2024
134, 57, 115, Sun Feb 25 02:43:55 2024
158, 57, 110, Sun Feb 25 02:44:55 2024
149, 74, 131, Sun Feb 25 02:45:55 2024
143, 63, 112, Sun Feb 25 02:46:55 2024
113, 62, 103, Sun Feb 25 02:47:55 2024
145, 61, 113, Sun Feb 25 02:48:55 2024
145, 67, 126, Sun Feb 25 02:49:55 2024
155, 69, 132, Sun Feb 25 02:50:55 2024
148, 66, 119, Sun Feb 25 02:51:55 2024
129, 58, 131, Sun Feb 25 02:52:55 2024
130, 55, 99, Sun Feb 25 02:53:55 2024
144, 67, 114, Sun Feb 25 02:54:55 2024
144, 68, 126, Sun Feb 25 02:55:55 2024
147, 69, 127, Sun Feb 25 02:56:55 2024
155, 67, 123, Sun Feb 25 02:57:55 2024
155, 64, 110, Sun Feb 25 02:58:55 2024
164, 78, 131, Sun Feb 25 02:59:55 2024
150, 77, 123, Sun Feb 25 03:00:55 2024
146, 62, 127, Sun Feb 25 03:01:55 2024
136, 62, 106, Sun Feb 25 03:02:55 2024
148, 74, 130, Sun Feb 25 03:03:55 2024
131, 53, 108, Sun Feb 25 03:04:55 2024
162, 65, 115, Sun Feb 25 03:05:55 2024
167, 58, 124, Sun Feb 25 03:06:55 2024
127, 65, 125, Sun Feb 25 03:07:55 2024
150, 78, 132, Sun Feb 25 03:08:55 2024
157, 58, 123, Sun Feb 25 03:09:55 2024
122, 45, 96, Sun Feb 25 03:10:55 2024
145, 59, 114, Sun Feb 25 03:11:55 2024
142, 56, 114, Sun Feb 25 03:12:55 2024
128, 59, 100, Sun Feb 25 03:13:55 2024
158, 68, 141, Sun Feb 25 03:14:55 2024
151, 63, 110, Sun Feb 25 03:15:55 2024
140, 60, 111, Sun Feb 25 03:16:55 2024
146, 65, 121, Sun Feb 25 03:17:55 2024
154, 57, 105, Sun Feb 25 03:18:55 2024
164, 72, 124, Sun Feb 25 03:19:55 2024
142, 74, 121, Sun Feb 25 03:20:55 2024
146, 57, 119, Sun Feb 25 03:21:55 2024
135, 57, 102, Sun Feb 25 03:22:55 2024
131, 63, 109, Sun Feb 25 03:23:55 2024
159, 71, 114, Sun Feb 25 03:24:55 2024
137, 59, 130, Sun Feb 25 03:25:55 2024
156, 73, 135, Sun Feb 25 03:26:55 2024
118, 59, 116, Sun Feb 25 03:27:55 2024
147, 62, 129, Sun Feb 25 03:28:55 2024
145, 50, 95, Sun Feb 25 03:29:55 2024
153, 61, 124, Sun Feb 25 03:30:55 2024
146, 75, 131, Sun Feb 25 03:31:55 2024
176, 89, 146, Sun Feb 25 03:32:55 2024
149, 77, 120, Sun Feb 25 03:33:55 2024
140, 67, 129, Sun Feb 25 03:34:55 2024
138, 66, 133, Sun Feb 25 03:35:55 2024
160, 54, 114, Sun Feb 25 03:36:55 2024
157, 69, 135, Sun Feb 25 03:37:55 2024
172, 75, 136, Sun Feb 25 03:38:55 2024
158, 77, 131, Sun Feb 25 03:39:55 2024
140, 65, 127, Sun Feb 25 03:40:55 2024
160, 73, 147, Sun Feb 25 03:41:55 2024
136, 66, 133, Sun Feb 25 03:42:55 2024
168, 83, 132, Sun Feb 25 03:43:55 2024
138, 63, 117, Sun Feb 25 03:44:55 2024
143, 58, 124, Sun Feb 25 03:45:55 2024
156, 70, 115, Sun Feb 25 03:46:55 2024
137, 61, 118, Sun Feb 25 03:47:55 2024
140, 53, 101, Sun Feb 25 03:48:55 2024
149, 63, 122, Sun Feb 25 03:49:55 2024
150, 55, 103, Sun Feb 25 03:50:55 2024
159, 71, 117, Sun Feb 25 03:51:55 2024
149, 70, 128, Sun Feb 25 03:52:55 2024
121, 51, 114, Sun Feb 25 03:53:55 2024
142, 61, 107, Sun Feb 25 03:54:55 2024
151, 64, 115, Sun Feb 25 03:55:55 2024
135, 52, 105, Sun Feb 25 03:56:55 2024
153, 66, 124, Sun Feb 25 03:57:55 2024
162, 60, 118, Sun Feb 25 03:58:55 2024
138, 56, 106, Sun Feb 25 03:59:55 2024
143, 60, 114, Sun Feb 25 04:00:55 2024
131, 55, 108, Sun Feb 25 04:01:55 2024
147, 64, 114, Sun Feb 25 04:02:55 2024
162, 65, 116, Sun Feb 25 04:03:55 2024
145, 71, 121, Sun Feb 25 04:04:55 2024
125, 47, 116, Sun Feb 25 04:05:55 2024
148, 65, 124, Sun Feb 25 04:06:55 2024
159, 72, 120, Sun Feb 25 04:07:55 2024
161, 70, 139, Sun Feb 25 04:08:55 2024
142, 70, 134, Sun Feb 25 04:09:55 2024
135, 69, 132, Sun Feb 25 04:10:55 2024
144, 54, 132, Sun Feb 25 04:11:55 2024
144, 53, 119, Sun Feb 25 04:12:55 2024
140, 54, 104, Sun Feb 25 04:13:55 2024
142, 59, 109, Sun Feb 25 04:14:55 2024
149, 56, 117, Sun Feb 25 04:15:55 2024
147, 70, 110, Sun Feb 25 04:16:55 2024
154, 70, 121, Sun Feb 25 04:17:55 2024
151, 62, 136, Sun Feb 25 04:18:55 2024
132, 62, 99, Sun Feb 25 04:19:55 2024
135, 54, 108, Sun Feb 25 04:20:55 2024
138, 69, 141, Sun Feb 25 04:21:55 2024
160, 73, 134, Sun Feb 25 04:22:55 2024
168, 73, 113, Sun Feb 25 04:23:55 2024
139, 69, 132, Sun Feb 25 04:24:55 2024
145, 63, 130, Sun Feb 25 04:25:55 2024
143, 55, 110, Sun Feb 25 04:26:55 2024
158, 69, 122, Sun Feb 25 04:27:55 2024
136, 58, 115, Sun Feb 25 04:28:55 2024
139, 50, 90, Sun Feb 25 04:29:55 2024
115, 53, 102, Sun Feb 25 04:30:55 2024
143, 58, 126, Sun Feb 25 04:31:55 2024
139, 61, 104, Sun Feb 25 04:32:55 2024
150, 64, 120, Sun Feb 25 04:33:55 2024
165, 74, 131, Sun Feb 25 04:34:55 2024
152, 64, 127, Sun Feb 25 04:35:55 2024
125, 64, 118, Sun Feb 25 04:36:55 2024
143, 52, 106, Sun Feb 25 04:37:55 2024
140, 63, 104, Sun Feb 25 04:38:55 2024
158, 81, 137, Sun Feb 25 04:39:55 2024
132, 46, 106, Sun Feb 25 04:40:55 2024
144, 59, 119, Sun Feb 25 04:41:55 2024
129, 66, 112, Sun Feb 25 04:42:55 2024
174, 76, 136, Sun Feb 25 04:43:55 2024
133, 53, 108, Sun Feb 25 04:44:55 2024
135, 60, 125, Sun Feb 25 04:45:55 2024
155, 71, 136, Sun Feb 25 04:46:55 2024
157, 61, 115, Sun Feb 25 04:47:55 2024
126, 60, 122, Sun Feb 25 04:48:55 2024
160, 68, 119, Sun Feb 25 04:49:55 2024
159, 68, 138, Sun Feb 25 04:50:55 2024
145, 63, 121, Sun Feb 25 04:51:55 2024
132, 59, 110, Sun Feb 25 04:52:55 2024
167, 79, 140, Sun Feb 25 04:53:55 2024
149, 67, 131, Sun Feb 25 04:54:55 2024
162, 81, 149, Sun Feb 25 04:55:55 2024
118, 61, 125, Sun Feb 25 04:56:55 2024
138, 63, 131, Sun Feb 25 04:57:55 2024
150, 71, 126, Sun Feb 25 04:58:55 2024
155, 76, 142, Sun Feb 25 04:59:55 2024
132, 52, 114, Sun Feb 25 05:00:55 2024
140, 59, 123, Sun Feb 25 05:01:55 2024
155, 63, 112, Sun Feb 25 05:02:55 2024
127, 59, 109, Sun Feb 25 05:03:55 2024
130, 64, 119, Sun Feb 25 05:04:55 2024
138, 66, 116, Sun Feb 25 05:05:55 2024
166, 71, 136, Sun Feb 25 05:06:55 2024
151, 76, 125, Sun Feb 25 05:07:55 2024
143, 58, 106, Sun Feb 25 05:08:55 2024
143, 58, 121, Sun Feb 25 05:09:55 2024
160, 69, 119, Sun Feb 25 05:10:55 2024
120, 48, 114, Sun Feb 25 05:11:55 2024
141, 61, 122, Sun Feb 25 05:12:55 2024
128, 57, 127, Sun Feb 25 05:13:55 2024
158, 71, 119, Sun Feb 25 05:14:55 2024
