149, 68, 117, Sat Feb 24 10:18:42 2024
136, 72, 134, Sat Feb 24 10:19:42 2024
157, 73, 130, Sat Feb 24 10:20:42 2024
164, 65, 129, Sat Feb 24 10:21:42 2024
150, 66, 106, Sat Feb 24 10:22:42 2024
153, 66, 127, Sat Feb 24 10:23:42 2024
155, 82, 131, Sat Feb 24 10:24:42 2024
160, 83, 122, Sat Feb 24 10:25:42 2024
143, 68, 124, Sat Feb 24 10:26:42 2024
165, 84, 141, Sat Feb 24 10:27:42 2024
147, 73, 109, Sat Feb 24 10:28:42 2024
133, 60, 103, Sat Feb 24 10:29:42 2024
137, 62, 143, Sat Feb 24 10:30:42 2024
141, 72, 125, Sat Feb 24 10:31:42 2024
148, 70, 129, Sat Feb 24 10:32:42 2024
133, 58, 117, Sat Feb 24 10:33:42 2024
139, 52, 122, Sat Feb 24 10:34:42 2024
138, 69, 125, Sat Feb 24 10:35:42 2024
157, 50, 101, Sat Feb 24 10:36:42 2024
148, 75, 131, Sat Feb 24 10:37:42 2024
130, 52, 100, Sat Feb 24 10:38:42 2024
155, 65, 115, Sat Feb 24 10:39:42 2024
130, 54, 105, Sat Feb 24 10:40:42 2024
152, 83, 141, Sat Feb 24 10:41:42 2024
153, 70, 116, Sat Feb 24 10:42:42 2024
149, 54, 93, Sat Feb 24 10:43:42 2024
125, 54, 92, Sat Feb 24 10:44:42 2024
143, 61, 108, Sat Feb 24 10:45:42 2024
147, 59, 123, Sat Feb 24 10:46:42 2024
143, 67, 108, Sat Feb 24 10:47:42 2024
134, 70, 126, Sat Feb 24 10:48:42 2024
150, 69, 119, Sat Feb 24 10:49:42 2024
139, 68, 126, Sat Feb 24 10:50:42 2024
137, 62, 105, Sat Feb 24 10:51:42 2024
131, 52, 111, Sat Feb 24 10:52:42 2024
121, 49, 99, Sat Feb 24 10:53:42 2024
125, 53, 99, Sat Feb 24 10:54:42 2024
129, 64, 118, Sat Feb 24 10:55:42 2024
149, 63, 84, Sat Feb 24 10:56:42 2024
129, 55, 96, Sat Feb 24 10:57:42 2024
131, 54, 98, Sat Feb 24 10:58:42 2024
143, 58, 100, Sat Feb 24 10:59:42 2024
132, 59, 127, Sat Feb 24 11:00:42 2024
128, 58, 98, Sat Feb 24 11:01:42 2024
128, 52, 101, Sat Feb 24 11:02:42 2024
123, 49, 89, Sat Feb 24 11:03:42 2024
154, 66, 121, Sat Feb 24 11:04:42 2024
131, 52, 104, Sat Feb 24 11:05:42 2024
139, 56, 107, Sat Feb 24 11:06:42 2024
142, 48, 98, Sat Feb 24 11:07:42 2024
158, 66, 124, Sat Feb 24 11:08:42 2024
125, 58, 101, Sat Feb 24 11:09:42 2024
152, 67, 113, Sat Feb 24 11:10:42 2024
132, 54, 98, Sat Feb 24 11:11:42 2024
118, 55, 113, Sat Feb 24 11:12:42 2024
165, 71, 137, Sat Feb 24 11:13:42 2024
131, 65, 122, Sat Feb 24 11:14:42 2024
121, 50, 98, Sat Feb 24 11:15:42 2024
128, 54, 105, Sat Feb 24 11:16:42 2024
156, 67, 106, Sat Feb 24 11:17:42 2024
147, 66, 103, Sat Feb 24 11:18:42 2024
151, 66, 107, Sat Feb 24 11:19:42 2024
166, 78, 133, Sat Feb 24 11:20:42 2024
154, 63, 114, Sat Feb 24 11:21:42 2024
156, 64, 111, Sat Feb 24 11:22:42 2024
132, 45, 114, Sat Feb 24 11:23:42 2024
126, 55, 101, Sat Feb 24 11:24:42 2024
151, 73, 133, Sat Feb 24 11:25:42 2024
160, 65, 111, Sat Feb 24 11:26:42 2024
133, 51, 110, Sat Feb 24 11:27:42 2024
126, 62, 107, Sat Feb 24 11:28:42 2024
125, 54, 114, Sat Feb 24 11:29:42 2024
136, 55, 107, Sat Feb 24 11:30:42 2024
134, 51, 107, Sat Feb 24 11:31:42 2024
142, 58, 117, Sat Feb 24 11:32:42 2024
124, 50, 95, Sat Feb 24 11:33:42 2024
136, 44, 98, Sat Feb 24 11:34:42 2024
132, 57, 135, Sat Feb 24 11:35:42 2024
145, 60, 105, Sat Feb 24 11:36:42 2024
131, 47, 91, Sat Feb 24 11:37:42 2024
171, 61, 100, Sat Feb 24 11:38:42 2024
161, 63, 112, Sat Feb 24 11:39:42 2024
134, 69, 112, Sat Feb 24 11:40:42 2024
140, 50, 104, Sat Feb 24 11:41:42 2024
144, 55, 96, Sat Feb 24 11:42:42 2024
119, 52, 99, Sat Feb 24 11:43:42 2024
143, 56, 109, Sat Feb 24 11:44:42 2024
139, 67, 119, Sat Feb 24 11:45:42 2024
132, 67, 112, Sat Feb 24 11:46:42 2024
149, 56, 113, Sat Feb 24 11:47:42 2024
138, 58, 107, Sat Feb 24 11:48:42 2024
124, 60, 94, Sat Feb 24 11:49:42 2024
156, 56, 107, Sat Feb 24 11:50:42 2024
142, 63, 122, Sat Feb 24 11:51:42 2024
140, 60, 124, Sat Feb 24 11:52:42 2024
133, 52, 93, Sat Feb 24 11:53:42 2024
133, 52, 100, Sat Feb 24 11:54:42 2024
120, 50, 113, Sat Feb 24 11:55:42 2024
152, 71, 103, Sat Feb 24 11:56:42 2024
143, 65, 112, Sat Feb 24 11:57:42 2024
150, 62, 103, Sat Feb 24 11:58:42 2024
157, 67, 127, Sat Feb 24 11:59:42 2024
131, 58, 120, Sat Feb 24 12:00:42 2024
134, 58, 111, Sat Feb 24 12:01:42 2024
143, 64, 113, Sat Feb 24 12:02:42 2024
144, 66, 129, Sat Feb 24 12:03:42 2024
143, 73, 125, Sat Feb 24 12:04:42 2024
124, 57, 111, Sat Feb 24 12:05:42 2024
149, 64, 116, Sat Feb 24 12:06:42 2024
144, 61, 107, Sat Feb 24 12:07:42 2024
143, 62, 115, Sat Feb 24 12:08:42 2024
155, 65, 105, Sat Feb 24 12:09:42 2024
150, 71, 127, Sat Feb 24 12:10:42 2024
158, 60, 121, Sat Feb 24 12:11:42 2024
138, 56, 110, Sat Feb 24 12:12:42 2024
147, 56, 106, Sat Feb 24 12:13:42 2024
127, 50, 103, Sat Feb 24 12:14:42 2024
135, 64, 115, Sat Feb 24 12:15:42 2024
135, 69, 120, Sat Feb 24 12:16:42 2024
146, 66, 129, Sat Feb 24 12:17:42 2024
127, 51, 96, Sat Feb 24 12:18:42 2024
148, 59, 120, Sat Feb 24 12:19:42 2024
147, 61, 127, Sat Feb 24 12:20:42 2024
130, 53, 118, Sat Feb 24 12:21:42 2024
129, 47, 87, Sat Feb 24 12:22:42 2024
162, 64, 130, Sat Feb 24 12:23:42 2024
162, 76, 125, Sat Feb 24 12:24:42 2024
162, 66, 108, Sat Feb 24 12:25:42 2024
152, 71, 125, Sat Feb 24 12:26:42 2024
158, 65, 105, Sat Feb 24 12:27:42 2024
157, 79, 125, Sat Feb 24 12:28:42 2024
135, 61, 127, Sat Feb 24 12:29:42 2024
160, 65, 123, Sat Feb 24 12:30:42 2024
163, 66, 117, Sat Feb 24 12:31:42 2024
123, 48, 106, Sat Feb 24 12:32:42 2024
140, 61, 114, Sat Feb 24 12:33:42 2024
128, 63, 119, Sat Feb 24 12:34:42 2024
132, 65, 110, Sat Feb 24 12:35:42 2024
143, 62, 121, Sat Feb 24 12:36:42 2024
128, 57, 114, Sat Feb 24 12:37:42 2024
170, 81, 127, Sat Feb 24 12:38:42 2024
142, 69, 114, Sat Feb 24 12:39:42 2024
119, 61, 105, Sat Feb 24 12:40:42 2024
140, 62, 114, Sat Feb 24 12:41:42 2024
155, 65, 107, Sat Feb 24 12:42:42 2024
156, 74, 130, Sat Feb 24 12:43:43 2024
140, 51, 101, Sat Feb 24 12:44:43 2024
142, 48, 97, Sat Feb 24 12:45:43 2024
164, 68, 119, Sat Feb 24 12:46:43 2024
143, 65, 125, Sat Feb 24 12:47:43 2024
126, 50, 101, Sat Feb 24 12:48:43 2024
135, 63, 118, Sat Feb 24 12:49:43 2024
146, 63, 108, Sat Feb 24 12:50:43 2024
136, 61, 117, Sat Feb 24 12:51:43 2024
155, 75, 137, Sat Feb 24 12:52:43 2024
141, 69, 129, Sat Feb 24 12:53:43 2024
134, 71, 140, Sat Feb 24 12:54:43 2024
165, 72, 133, Sat Feb 24 12:55:43 2024
158, 86, 136, Sat Feb 24 12:56:43 2024
148, 63, 119, Sat Feb 24 12:57:43 2024
149, 72, 131, Sat Feb 24 12:58:43 2024
159, 80, 129, Sat Feb 24 12:59:43 2024
165, 71, 103, Sat Feb 24 13:00:43 2024
125, 55, 107, Sat Feb 24 13:01:43 2024
143, 59, 109, Sat Feb 24 13:02:43 2024
149, 66, 116, Sat Feb 24 13:03:43 2024
115, 50, 114, Sat Feb 24 13:04:43 2024
127, 52, 94, Sat Feb 24 13:05:43 2024
132, 51, 103, Sat Feb 24 13:06:43 2024
150, 67, 138, Sat Feb 24 13:07:43 2024
144, 68, 126, Sat Feb 24 13:08:43 2024
157, 69, 121, Sat Feb 24 13:09:43 2024
130, 46, 120, Sat Feb 24 13:10:43 2024
152, 54, 107, Sat Feb 24 13:11:43 2024
174, 70, 118, Sat Feb 24 13:12:43 2024
145, 67, 112, Sat Feb 24 13:13:43 2024
149, 70, 124, Sat Feb 24 13:14:43 2024
169, 72, 127, Sat Feb 24 13:15:43 2024
150, 67, 124, Sat Feb 24 13:16:43 2024
142, 71, 125, Sat Feb 24 13:17:43 2024
137, 66, 124, Sat Feb 24 13:18:43 2024
154, 71, 138, Sat Feb 24 13:19:43 2024
129, 57, 110, Sat Feb 24 13:20:43 2024
142, 64, 101, Sat Feb 24 13:21:43 2024
146, 54, 112, Sat Feb 24 13:22:43 2024
139, 60, 125, Sat Feb 24 13:23:43 2024
160, 61, 105, Sat Feb 24 13:24:43 2024
129, 53, 112, Sat Feb 24 13:25:43 2024
137, 62, 112, Sat Feb 24 13:26:43 2024
139, 64, 117, Sat Feb 24 13:27:43 2024
159, 65, 124, Sat Feb 24 13:28:43 2024
146, 70, 132, Sat Feb 24 13:29:43 2024
157, 68, 120, Sat Feb 24 13:30:43 2024
162, 57, 107, Sat Feb 24 13:31:43 2024
126, 42, 97, Sat Feb 24 13:32:43 2024
141, 60, 117, Sat Feb 24 13:33:43 2024
147, 63, 122, Sat Feb 24 13:34:43 2024
134, 67, 122, Sat Feb 24 13:35:43 2024
132, 52, 100, Sat Feb 24 13:36:43 2024
135, 56, 101, Sat Feb 24 13:37:43 2024
136, 72, 123, Sat Feb 24 13:38:43 2024
139, 64, 111, Sat Feb 24 13:39:43 2024
131, 72, 132, Sat Feb 24 13:40:43 2024
134, 60, 107, Sat Feb 24 13:41:43 2024
136, 63, 121, Sat Feb 24 13:42:43 2024
148, 71, 128, Sat Feb 24 13:43:43 2024
131, 63, 132, Sat Feb 24 13:44:43 2024
139, 43, 107, Sat Feb 24 13:45:43 2024
146, 58, 113, Sat Feb 24 13:46:43 2024
137, 65, 112, Sat Feb 24 13:47:43 2024
149, 80, 133, Sat Feb 24 13:48:43 2024
147, 62, 131, Sat Feb 24 13:49:43 2024
113, 46, 108, Sat Feb 24 13:50:43 2024
152, 62, 131, Sat Feb 24 13:51:43 2024
135, 62, 122, Sat Feb 24 13:52:43 2024
154, 58, 119, Sat Feb 24 13:53:43 2024
153, 62, 121, Sat Feb 24 13:54:43 2024
144, 76, 137, Sat Feb 24 13:55:43 2024
167, 65, 115, Sat Feb 24 13:56:43 2024
134, 69, 134, Sat Feb 24 13:57:43 2024
162, 78, 132, Sat Feb 24 13:58:43 2024
148, 66, 128, Sat Feb 24 13:59:43 2024
146, 60, 105, Sat Feb 24 14:00:43 2024
131, 59, 95, Sat Feb 24 14:01:43 2024
131, 63, 114, Sat Feb 24 14:02:43 2024
142, 71, 125, Sat Feb 24 14:03:43 2024
152, 70, 115, Sat Feb 24 14:04:43 2024
140, 64, 121, Sat Feb 24 14:05:43 2024
141, 76, 112, Sat Feb 24 14:06:43 2024
142, 65, 114, Sat Feb 24 14:07:43 2024
165, 72, 141, Sat Feb 24 14:08:43 2024
115, 45, 104, Sat Feb 24 14:09:43 2024
135, 59, 120, Sat Feb 24 14:10:43 2024
136, 64, 137, Sat Feb 24 14:11:43 2024
142, 65, 112, Sat Feb 24 14:12:43 2024
129, 60, 120, Sat Feb 24 14:13:43 2024
156, 70, 115, Sat Feb 24 14:14:43 2024
183, 68, 116, Sat Feb 24 14:15:43 2024
155, 54, 114, Sat Feb 24 14:16:43 2024
129, 60, 121, Sat Feb 24 14:17:43 2024
142, 68, 124, Sat Feb 24 14:18:43 2024
152, 59, 128, Sat Feb 24 14:19:43 2024
125, 45, 113, Sat Feb 24 14:20:43 2024
133, 68, 121, Sat Feb 24 14:21:43 2024
151, 67, 113, Sat Feb 24 14:22:43 2024
156, 59, 107, Sat Feb 24 14:23:43 2024
141, 74, 127, Sat Feb 24 14:24:43 2024
145, 61, 127, Sat Feb 24 14:25:43 2024
144, 49, 113, Sat Feb 24 14:26:43 2024
128, 57, 125, Sat Feb 24 14:27:43 2024
133, 64, 111, Sat Feb 24 14:28:43 2024
142, 67, 123, Sat Feb 24 14:29:43 2024
135, 65, 117, Sat Feb 24 14:30:43 2024
148, 66, 122, Sat Feb 24 14:31:43 2024
140, 58, 107, Sat Feb 24 14:32:43 2024
156, 58, 118, Sat Feb 24 14:33:43 2024
138, 60, 126, Sat Feb 24 14:34:43 2024
156, 72, 116, Sat Feb 24 14:35:43 2024
140, 53, 112, Sat Feb 24 14:36:43 2024
143, 58, 114, Sat Feb 24 14:37:43 2024
157, 64, 118, Sat Feb 24 14:38:43 2024
147, 61, 113, Sat Feb 24 14:39:43 2024
142, 63, 118, Sat Feb 24 14:40:43 2024
141, 59, 113, Sat Feb 24 14:41:43 2024
137, 56, 119, Sat Feb 24 14:42:43 2024
153, 66, 117, Sat Feb 24 14:43:43 2024
140, 66, 129, Sat Feb 24 14:44:43 2024
142, 77, 122, Sat Feb 24 14:45:43 2024
137, 61, 113, Sat Feb 24 14:46:43 2024
142, 64, 115, Sat Feb 24 14:47:43 2024
143, 58, 95, Sat Feb 24 14:48:43 2024
159, 81, 130, Sat Feb 24 14:49:43 2024
130, 51, 95, Sat Feb 24 14:54:08 2024
136, 57, 110, Sat Feb 24 14:55:08 2024
128, 54, 112, Sat Feb 24 14:56:08 2024
141, 57, 108, Sat Feb 24 14:57:08 2024
157, 69, 122, Sat Feb 24 14:58:08 2024
142, 62, 121, Sat Feb 24 14:59:08 2024
162, 69, 124, Sat Feb 24 15:00:08 2024
144, 58, 115, Sat Feb 24 15:01:08 2024
127, 52, 111, Sat Feb 24 15:02:08 2024
136, 56, 113, Sat Feb 24 15:03:08 2024
144, 66, 110, Sat Feb 24 15:04:08 2024
136, 56, 115, Sat Feb 24 15:05:08 2024
148, 59, 118, Sat Feb 24 15:06:08 2024
135, 65, 112, Sat Feb 24 15:07:08 2024
131, 57, 105, Sat Feb 24 15:08:08 2024
150, 72, 122, Sat Feb 24 15:09:08 2024
151, 75, 117, Sat Feb 24 15:10:08 2024
147, 57, 116, Sat Feb 24 15:11:08 2024
165, 73, 124, Sat Feb 24 15:12:08 2024
142, 62, 113, Sat Feb 24 15:13:08 2024
129, 53, 112, Sat Feb 24 15:14:08 2024
146, 55, 104, Sat Feb 24 15:15:08 2024
150, 73, 133, Sat Feb 24 15:16:08 2024
149, 66, 105, Sat Feb 24 15:17:08 2024
144, 61, 118, Sat Feb 24 15:18:08 2024
152, 69, 119, Sat Feb 24 15:19:08 2024
143, 64, 101, Sat Feb 24 15:20:08 2024
126, 63, 119, Sat Feb 24 15:21:08 2024
133, 64, 129, Sat Feb 24 15:22:08 2024
159, 60, 111, Sat Feb 24 15:23:08 2024
127, 46, 104, Sat Feb 24 15:24:08 2024
129, 60, 108, Sat Feb 24 15:25:08 2024
166, 74, 117, Sat Feb 24 15:26:08 2024
147, 66, 121, Sat Feb 24 15:27:08 2024
157, 58, 102, Sat Feb 24 15:28:08 2024
149, 64, 123, Sat Feb 24 15:29:08 2024
142, 68, 119, Sat Feb 24 15:30:08 2024
144, 70, 121, Sat Feb 24 15:31:08 2024
141, 63, 117, Sat Feb 24 15:32:08 2024
146, 63, 104, Sat Feb 24 15:33:08 2024
132, 58, 116, Sat Feb 24 15:34:08 2024
155, 67, 118, Sat Feb 24 15:35:08 2024
135, 65, 106, Sat Feb 24 15:36:08 2024
131, 58, 112, Sat Feb 24 15:37:08 2024
130, 53, 99, Sat Feb 24 15:38:08 2024
144, 54, 113, Sat Feb 24 15:39:08 2024
141, 60, 126, Sat Feb 24 15:40:08 2024
164, 77, 128, Sat Feb 24 15:41:08 2024
144, 58, 123, Sat Feb 24 15:42:08 2024
136, 50, 115, Sat Feb 24 15:43:08 2024
154, 65, 97, Sat Feb 24 15:44:08 2024
147, 49, 90, Sat Feb 24 15:45:08 2024
132, 56, 102, Sat Feb 24 15:46:08 2024
146, 67, 112, Sat Feb 24 15:47:08 2024
107, 55, 103, Sat Feb 24 15:48:08 2024
144, 50, 102, Sat Feb 24 15:49:08 2024
149, 49, 105, Sat Feb 24 15:50:08 2024
173, 71, 120, Sat Feb 24 15:51:08 2024
155, 68, 115, Sat Feb 24 15:52:08 2024
128, 67, 111, Sat Feb 24 15:53:08 2024
132, 59, 108, Sat Feb 24 15:54:08 2024
144, 68, 106, Sat Feb 24 15:55:08 2024
148, 67, 119, Sat Feb 24 15:56:08 2024
125, 59, 130, Sat Feb 24 15:57:08 2024
155, 66, 112, Sat Feb 24 15:58:08 2024
165, 74, 121, Sat Feb 24 15:59:08 2024
151, 66, 121, Sat Feb 24 16:00:08 2024
121, 56, 110, Sat Feb 24 16:01:08 2024
143, 61, 122, Sat Feb 24 16:02:08 2024
161, 75, 144, Sat Feb 24 16:03:08 2024
144, 73, 127, Sat Feb 24 16:04:08 2024
130, 62, 97, Sat Feb 24 16:05:08 2024
139, 68, 116, Sat Feb 24 16:06:08 2024
128, 62, 123, Sat Feb 24 16:07:08 2024
144, 66, 119, Sat Feb 24 16:08:08 2024
149, 58, 113, Sat Feb 24 16:09:08 2024
140, 59, 112, Sat Feb 24 16:10:08 2024
149, 67, 129, Sat Feb 24 16:11:08 2024
150, 69, 129, Sat Feb 24 16:12:08 2024
130, 64, 114, Sat Feb 24 16:13:08 2024
150, 71, 128, Sat Feb 24 16:14:08 2024
142, 66, 126, Sat Feb 24 16:15:08 2024
125, 49, 104, Sat Feb 24 16:16:08 2024
143, 68, 127, Sat Feb 24 16:17:08 2024
164, 65, 117, Sat Feb 24 16:18:08 2024
146, 57, 104, Sat Feb 24 16:19:08 2024
155, 68, 111, Sat Feb 24 16:20:08 2024
156, 72, 127, Sat Feb 24 16:21:08 2024
137, 66, 102, Sat Feb 24 16:22:08 2024
141, 69, 115, Sat Feb 24 16:23:08 2024
171, 77, 130, Sat Feb 24 16:24:08 2024
149, 57, 114, Sat Feb 24 16:25:08 2024
154, 63, 119, Sat Feb 24 16:26:08 2024
131, 54, 103, Sat Feb 24 16:27:08 2024
148, 59, 114, Sat Feb 24 16:28:08 2024
150, 58, 119, Sat Feb 24 16:29:08 2024
142, 67, 118, Sat Feb 24 16:30:08 2024
135, 49, 110, Sat Feb 24 16:31:08 2024
157, 69, 130, Sat Feb 24 16:32:08 2024
132, 61, 126, Sat Feb 24 16:33:08 2024
145, 72, 132, Sat Feb 24 16:34:08 2024
141, 63, 112, Sat Feb 24 16:35:08 2024
156, 74, 134, Sat Feb 24 16:36:08 2024
164, 90, 135, Sat Feb 24 16:37:08 2024
160, 79, 119, Sat Feb 24 16:38:08 2024
143, 60, 104, Sat Feb 24 16:39:08 2024
137, 54, 94, Sat Feb 24 16:40:08 2024
144, 67, 114, Sat Feb 24 16:41:08 2024
164, 74, 124, Sat Feb 24 16:42:08 2024
145, 59, 102, Sat Feb 24 16:43:08 2024
139, 58, 104, Sat Feb 24 16:44:08 2024
145, 69, 126, Sat Feb 24 16:45:08 2024
153, 60, 108, Sat Feb 24 16:46:08 2024
133, 60, 109, Sat Feb 24 16:47:08 2024
139, 58, 114, Sat Feb 24 16:48:08 2024
156, 74, 123, Sat Feb 24 16:49:08 2024
150, 69, 118, Sat Feb 24 16:50:08 2024
129, 54, 108, Sat Feb 24 16:51:08 2024
161, 76, 129, Sat Feb 24 16:52:08 2024
142, 64, 117, Sat Feb 24 16:53:08 2024
151, 67, 128, Sat Feb 24 16:54:08 2024
109, 49, 103, Sat Feb 24 16:55:08 2024
132, 67, 118, Sat Feb 24 16:56:08 2024
135, 46, 100, Sat Feb 24 16:57:08 2024
132, 59, 109, Sat Feb 24 16:58:08 2024
132, 54, 111, Sat Feb 24 16:59:08 2024
151, 58, 116, Sat Feb 24 17:00:08 2024
165, 74, 132, Sat Feb 24 17:01:08 2024
143, 58, 122, Sat Feb 24 17:02:08 2024
162, 58, 121, Sat Feb 24 17:03:08 2024
151, 53, 108, Sat Feb 24 17:04:08 2024
136, 56, 105, Sat Feb 24 17:05:08 2024
157, 65, 116, Sat Feb 24 17:06:08 2024
151, 62, 117, Sat Feb 24 17:07:08 2024
139, 59, 110, Sat Feb 24 17:08:08 2024
117, 59, 102, Sat Feb 24 17:09:08 2024
145, 57, 111, Sat Feb 24 17:10:08 2024
128, 58, 118, Sat Feb 24 17:11:08 2024
140, 57, 124, Sat Feb 24 17:12:08 2024
153, 62, 121, Sat Feb 24 17:13:08 2024
131, 51, 105, Sat Feb 24 17:14:08 2024
136, 56, 111, Sat Feb 24 17:15:08 2024
152, 65, 120, Sat Feb 24 17:16:08 2024
142, 70, 107, Sat Feb 24 17:17:08 2024
129, 56, 97, Sat Feb 24 17:18:08 2024
147, 68, 124, Sat Feb 24 17:19:08 2024
140, 63, 105, Sat Feb 24 17:20:08 2024
139, 60, 109, Sat Feb 24 17:21:08 2024
145, 62, 104, Sat Feb 24 17:22:08 2024
146, 55, 125, Sat Feb 24 17:23:08 2024
136, 66, 117, Sat Feb 24 17:24:08 2024
140, 72, 127, Sat Feb 24 17:25:08 2024
148, 65, 122, Sat Feb 24 17:26:08 2024
154, 70, 113, Sat Feb 24 17:27:08 2024
131, 50, 98, Sat Feb 24 17:28:08 2024
140, 66, 127, Sat Feb 24 17:29:08 2024
150, 70, 123, Sat Feb 24 17:30:08 2024
139, 52, 107, Sat Feb 24 17:31:08 2024
132, 56, 108, Sat Feb 24 17:32:08 2024
155, 63, 117, Sat Feb 24 17:33:08 2024
135, 55, 109, Sat Feb 24 17:34:08 2024
153, 61, 104, Sat Feb 24 17:35:08 2024
153, 71, 130, Sat Feb 24 17:36:08 2024
139, 46, 103, Sat Feb 24 17:37:08 2024
132, 49, 99, Sat Feb 24 17:38:08 2024
139, 61, 117, Sat Feb 24 17:39:08 2024
137, 55, 111, Sat Feb 24 17:40:08 2024
155, 74, 129, Sat Feb 24 17:41:08 2024
108, 52, 115, Sat Feb 24 17:42:08 2024
145, 57, 103, Sat Feb 24 17:43:08 2024
123, 55, 125, Sat Feb 24 17:44:08 2024
135, 60, 122, Sat Feb 24 17:45:08 2024
132, 57, 114, Sat Feb 24 17:46:08 2024
131, 71, 122, Sat Feb 24 17:47:08 2024
143, 60, 117, Sat Feb 24 17:48:08 2024
165, 74, 128, Sat Feb 24 17:49:08 2024
152, 82, 136, Sat Feb 24 17:50:08 2024
121, 59, 117, Sat Feb 24 17:51:08 2024
128, 64, 112, Sat Feb 24 17:52:08 2024
154, 61, 121, Sat Feb 24 17:53:08 2024
142, 52, 108, Sat Feb 24 17:54:08 2024
147, 60, 123, Sat Feb 24 17:55:08 2024
130, 71, 113, Sat Feb 24 17:56:08 2024
150, 70, 126, Sat Feb 24 17:57:08 2024
154, 66, 138, Sat Feb 24 17:58:08 2024
142, 62, 101, Sat Feb 24 17:59:08 2024
163, 73, 128, Sat Feb 24 18:00:08 2024
171, 70, 140, Sat Feb 24 18:01:08 2024
139, 61, 122, Sat Feb 24 18:02:08 2024
128, 56, 111, Sat Feb 24 18:03:08 2024
129, 65, 112, Sat Feb 24 18:04:08 2024
149, 64, 117, Sat Feb 24 18:05:08 2024
148, 71, 117, Sat Feb 24 18:06:08 2024
142, 58, 132, Sat Feb 24 18:07:08 2024
150, 60, 115, Sat Feb 24 18:08:08 2024
166, 71, 137, Sat Feb 24 18:09:08 2024
145, 65, 114, Sat Feb 24 18:10:08 2024
139, 61, 110, Sat Feb 24 18:11:08 2024
149, 58, 109, Sat Feb 24 18:12:08 2024
158, 65, 116, Sat Feb 24 18:13:08 2024
143, 60, 117, Sat Feb 24 18:14:08 2024
118, 45, 103, Sat Feb 24 18:15:08 2024
130, 53, 116, Sat Feb 24 18:16:08 2024
138, 64, 123, Sat Feb 24 18:17:08 2024
127, 56, 104, Sat Feb 24 18:18:08 2024
142, 68, 114, Sat Feb 24 18:19:08 2024
145, 61, 107, Sat Feb 24 18:20:08 2024
152, 75, 135, Sat Feb 24 18:21:08 2024
156, 66, 124, Sat Feb 24 18:22:08 2024
149, 65, 105, Sat Feb 24 18:23:08 2024
139, 61, 114, Sat Feb 24 18:24:08 2024
134, 58, 102, Sat Feb 24 18:25:08 2024
150, 63, 108, Sat Feb 24 18:26:08 2024
149, 63, 94, Sat Feb 24 18:27:08 2024
161, 73, 119, Sat Feb 24 18:28:08 2024
129, 64, 122, Sat Feb 24 18:29:08 2024
146, 74, 120, Sat Feb 24 18:30:08 2024
138, 54, 108, Sat Feb 24 18:31:08 2024
135, 58, 115, Sat Feb 24 18:32:08 2024
142, 69, 120, Sat Feb 24 18:33:08 2024
142, 70, 113, Sat Feb 24 18:34:08 2024
154, 64, 121, Sat Feb 24 18:35:08 2024
152, 56, 117, Sat Feb 24 18:36:08 2024
141, 54, 106, Sat Feb 24 18:37:08 2024
145, 75, 129, Sat Feb 24 18:38:08 2024
135, 48, 102, Sat Feb 24 18:39:08 2024
140, 61, 124, Sat Feb 24 18:40:08 2024
107, 48, 104, Sat Feb 24 18:41:08 2024
143, 64, 129, Sat Feb 24 18:42:08 2024
153, 76, 131, Sat Feb 24 18:43:08 2024
148, 58, 118, Sat Feb 24 18:44:08 2024
134, 66, 121, Sat Feb 24 18:45:08 2024
157, 80, 124, Sat Feb 24 18:46:08 2024
144, 57, 112, Sat Feb 24 18:47:08 2024
140, 65, 122, Sat Feb 24 18:48:08 2024
147, 50, 103, Sat Feb 24 18:49:08 2024
150, 67, 124, Sat Feb 24 18:50:08 2024
127, 54, 122, Sat Feb 24 18:51:08 2024
146, 75, 127, Sat Feb 24 18:52:08 2024
135, 66, 113, Sat Feb 24 18:53:08 2024
145, 70, 131, Sat Feb 24 18:54:08 2024
130, 58, 113, Sat Feb 24 18:55:08 2024
151, 61, 117, Sat Feb 24 18:56:08 2024
139, 77, 127, Sat Feb 24 18:57:08 2024
149, 72, 110, Sat Feb 24 18:58:08 2024
137, 62, 118, Sat Feb 24 18:59:08 2024
140, 59, 114, Sat Feb 24 19:00:08 2024
158, 77, 138, Sat Feb 24 19:01:08 2024
155, 62, 109, Sat Feb 24 19:02:08 2024
160, 61, 114, Sat Feb 24 19:03:08 2024
129, 51, 102, Sat Feb 24 19:04:08 2024
147, 49, 115, Sat Feb 24 19:05:08 2024
148, 66, 114, Sat Feb 24 19:06:08 2024
157, 51, 102, Sat Feb 24 19:07:08 2024
137, 53, 94, Sat Feb 24 19:08:08 2024
159, 84, 136, Sat Feb 24 19:09:08 2024
142, 57, 106, Sat Feb 24 19:10:08 2024
141, 68, 122, Sat Feb 24 19:11:08 2024
140, 50, 116, Sat Feb 24 19:12:08 2024
130, 59, 109, Sat Feb 24 19:13:08 2024
151, 62, 107, Sat Feb 24 19:14:08 2024
142, 63, 115, Sat Feb 24 19:15:08 2024
129, 57, 102, Sat Feb 24 19:16:08 2024
146, 76, 137, Sat Feb 24 19:17:08 2024
153, 79, 126, Sat Feb 24 19:18:08 2024
131, 61, 124, Sat Feb 24 19:19:08 2024
159, 73, 127, Sat Feb 24 19:20:08 2024
132, 57, 114, Sat Feb 24 19:21:08 2024
131, 57, 112, Sat Feb 24 19:22:08 2024
133, 63, 116, Sat Feb 24 19:23:08 2024
131, 64, 118, Sat Feb 24 19:24:08 2024
122, 51, 112, Sat Feb 24 19:25:08 2024
141, 63, 135, Sat Feb 24 19:26:08 2024
144, 68, 126, Sat Feb 24 19:27:08 2024
155, 67, 131, Sat Feb 24 19:28:08 2024
151, 52, 109, Sat Feb 24 19:29:08 2024
145, 68, 133, Sat Feb 24 19:30:08 2024
143, 56, 115, Sat Feb 24 19:31:08 2024
136, 64, 113, Sat Feb 24 19:32:08 2024
150, 67, 137, Sat Feb 24 19:33:08 2024
161, 69, 122, Sat Feb 24 19:34:08 2024
143, 62, 113, Sat Feb 24 19:35:08 2024
150, 70, 135, Sat Feb 24 19:36:08 2024
138, 69, 121, Sat Feb 24 19:37:08 2024
156, 57, 133, Sat Feb 24 19:38:08 2024
140, 60, 125, Sat Feb 24 19:39:08 2024
146, 80, 122, Sat Feb 24 19:40:08 2024
141, 72, 106, Sat Feb 24 19:41:08 2024
148, 65, 126, Sat Feb 24 19:42:08 2024
144, 65, 115, Sat Feb 24 19:43:08 2024
140, 58, 125, Sat Feb 24 19:44:08 2024
124, 48, 100, Sat Feb 24 19:45:08 2024
143, 62, 125, Sat Feb 24 19:46:08 2024
191, 86, 145, Sat Feb 24 19:47:08 2024
160, 83, 145, Sat Feb 24 19:48:08 2024
130, 60, 110, Sat Feb 24 19:49:08 2024
156, 70, 142, Sat Feb 24 19:50:08 2024
139, 60, 122, Sat Feb 24 19:51:08 2024
136, 62, 104, Sat Feb 24 19:52:08 2024
160, 70, 125, Sat Feb 24 19:53:08 2024
156, 72, 126, Sat Feb 24 19:54:08 2024
151, 66, 118, Sat Feb 24 19:55:08 2024
156, 80, 124, Sat Feb 24 19:56:08 2024
149, 67, 130, Sat Feb 24 19:57:08 2024
123, 44, 93, Sat Feb 24 19:58:08 2024
133, 65, 116, Sat Feb 24 19:59:08 2024
151, 55, 102, Sat Feb 24 20:00:08 2024
161, 77, 117, Sat Feb 24 20:01:08 2024
166, 60, 134, Sat Feb 24 20:02:08 2024
155, 64, 115, Sat Feb 24 20:03:08 2024
141, 59, 117, Sat Feb 24 20:04:08 2024
145, 62, 122, Sat Feb 24 20:05:08 2024
136, 59, 106, Sat Feb 24 20:06:08 2024
143, 73, 147, Sat Feb 24 20:07:08 2024
149, 64, 136, Sat Feb 24 20:08:08 2024
131, 51, 107, Sat Feb 24 20:09:08 2024
146, 60, 125, Sat Feb 24 20:10:08 2024
145, 63, 122, Sat Feb 24 20:11:08 2024
147, 54, 98, Sat Feb 24 20:12:08 2024
150, 55, 103, Sat Feb 24 20:13:08 2024
145, 61, 127, Sat Feb 24 20:14:08 2024
165, 67, 134, Sat Feb 24 20:15:08 2024
160, 70, 124, Sat Feb 24 20:16:08 2024
161, 76, 126, Sat Feb 24 20:17:08 2024
143, 62, 112, Sat Feb 24 20:18:08 2024
175, 65, 120, Sat Feb 24 20:19:08 2024
158, 71, 117, Sat Feb 24 20:20:08 2024
138, 61, 109, Sat Feb 24 20:21:08 2024
150, 74, 126, Sat Feb 24 20:22:08 2024
170, 82, 132, Sat Feb 24 20:23:08 2024
153, 71, 129, Sat Feb 24 20:24:08 2024
163, 73, 121, Sat Feb 24 20:25:08 2024
156, 65, 114, Sat Feb 24 20:26:08 2024
143, 65, 141, Sat Feb 24 20:27:08 2024
137, 53, 96, Sat Feb 24 20:28:08 2024
149, 63, 111, Sat Feb 24 20:29:08 2024
139, 75, 123, Sat Feb 24 20:30:08 2024
135, 67, 120, Sat Feb 24 20:31:08 2024
130, 63, 99, Sat Feb 24 20:32:08 2024
149, 81, 125, Sat Feb 24 20:33:08 2024
134, 61, 121, Sat Feb 24 20:34:08 2024
135, 64, 131, Sat Feb 24 20:35:08 2024
137, 62, 126, Sat Feb 24 20:36:08 2024
142, 66, 128, Sat Feb 24 20:37:08 2024
145, 65, 109, Sat Feb 24 20:38:08 2024
149, 69, 123, Sat Feb 24 20:39:08 2024
133, 62, 110, Sat Feb 24 20:40:08 2024
166, 80, 126, Sat Feb 24 20:41:08 2024
165, 68, 118, Sat Feb 24 20:42:08 2024
138, 62, 124, Sat Feb 24 20:43:08 2024
134, 56, 119, Sat Feb 24 20:44:08 2024
150, 62, 124, Sat Feb 24 20:45:08 2024
166, 73, 133, Sat Feb 24 20:46:08 2024
124, 55, 119, Sat Feb 24 20:47:08 2024
173, 74, 133, Sat Feb 24 20:48:08 2024
142, 54, 107, Sat Feb 24 20:49:08 2024
150, 65, 120, Sat Feb 24 20:50:08 2024
134, 57, 121, Sat Feb 24 20:51:08 2024
145, 48, 109, Sat Feb 24 20:52:08 2024
130, 47, 107, Sat Feb 24 20:53:08 2024
145, 58, 116, Sat Feb 24 20:54:08 2024
160, 65, 118, Sat Feb 24 20:55:08 2024
158, 74, 117, Sat Feb 24 20:56:08 2024
147, 61, 102, Sat Feb 24 20:57:08 2024
145, 58, 122, Sat Feb 24 20:58:08 2024
127, 52, 121, Sat Feb 24 20:59:08 2024
153, 71, 126, Sat Feb 24 21:00:08 2024
146, 67, 116, Sat Feb 24 21:01:08 2024
153, 52, 120, Sat Feb 24 21:02:08 2024
156, 74, 133, Sat Feb 24 21:03:08 2024
149, 63, 115, Sat Feb 24 21:04:08 2024
152, 58, 109, Sat Feb 24 21:05:08 2024
145, 56, 108, Sat Feb 24 21:06:08 2024
142, 56, 101, Sat Feb 24 21:07:08 2024
149, 68, 131, Sat Feb 24 21:08:08 2024
143, 65, 121, Sat Feb 24 21:09:08 2024
154, 66, 130, Sat Feb 24 21:10:08 2024
142, 73, 133, Sat Feb 24 21:11:08 2024
144, 67, 112, Sat Feb 24 21:12:08 2024
158, 70, 126, Sat Feb 24 21:13:08 2024
172, 72, 134, Sat Feb 24 21:14:08 2024
