102, 53, 105, Mon Aug 14 14:30:23 2023
121, 46, 97, Mon Aug 14 14:31:23 2023
119, 50, 104, Mon Aug 14 14:32:23 2023
133, 56, 104, Mon Aug 14 14:33:23 2023
110, 53, 94, Mon Aug 14 14:34:23 2023
119, 58, 99, Mon Aug 14 14:35:23 2023
112, 54, 107, Mon Aug 14 14:36:23 2023
124, 53, 101, Mon Aug 14 14:37:23 2023
102, 47, 90, Mon Aug 14 14:38:23 2023
141, 77, 119, Mon Aug 14 14:39:23 2023
115, 54, 100, Mon Aug 14 14:40:23 2023
91, 37, 85, Mon Aug 14 14:42:46 2023
101, 44, 95, Mon Aug 14 14:43:46 2023
99, 39, 79, Tue Aug 15 16:12:51 2023
84, 34, 86, Tue Aug 15 16:13:51 2023
101, 44, 79, Tue Aug 15 16:14:51 2023
89, 42, 76, Tue Aug 15 16:15:51 2023
97, 45, 99, Tue Aug 15 16:16:51 2023
116, 43, 83, Tue Aug 15 16:17:51 2023
94, 30, 90, Tue Aug 15 16:18:51 2023
103, 40, 91, Tue Aug 15 16:19:51 2023
96, 48, 84, Tue Aug 15 16:20:51 2023
99, 40, 79, Tue Aug 15 16:21:51 2023
103, 50, 83, Tue Aug 15 16:22:51 2023
99, 37, 83, Tue Aug 15 16:23:51 2023
103, 42, 76, Tue Aug 15 16:24:51 2023
113, 43, 87, Tue Aug 15 16:25:51 2023
106, 49, 82, Tue Aug 15 16:26:51 2023
112, 54, 97, Tue Aug 15 16:27:51 2023
112, 60, 97, Tue Aug 15 16:28:51 2023
124, 42, 93, Tue Aug 15 16:29:51 2023
109, 39, 82, Tue Aug 15 16:30:51 2023
108, 53, 83, Tue Aug 15 16:31:51 2023
96, 42, 77, Tue Aug 15 16:32:51 2023
101, 45, 102, Tue Aug 15 16:33:51 2023
114, 52, 102, Tue Aug 15 16:34:51 2023
97, 38, 85, Tue Aug 15 16:35:51 2023
104, 39, 72, Tue Aug 15 16:36:51 2023
89, 36, 77, Tue Aug 15 16:37:51 2023
89, 32, 72, Tue Aug 15 16:38:51 2023
80, 28, 71, Tue Aug 15 16:39:51 2023
105, 44, 80, Tue Aug 15 16:40:51 2023
78, 39, 81, Tue Aug 15 16:41:51 2023
104, 43, 90, Tue Aug 15 16:42:51 2023
100, 41, 90, Tue Aug 15 16:43:51 2023
91, 34, 72, Tue Aug 15 16:44:51 2023
101, 43, 102, Tue Aug 15 16:45:51 2023
110, 41, 80, Tue Aug 15 16:46:51 2023
103, 39, 86, Tue Aug 15 16:47:51 2023
91, 34, 83, Tue Aug 15 16:48:51 2023
116, 54, 97, Tue Aug 15 16:49:51 2023
90, 36, 84, Tue Aug 15 16:50:51 2023
104, 50, 85, Tue Aug 15 16:51:51 2023
110, 47, 106, Tue Aug 15 16:52:51 2023
94, 41, 70, Tue Aug 15 16:53:51 2023
85, 38, 77, Tue Aug 15 16:54:51 2023
102, 39, 71, Tue Aug 15 16:55:51 2023
98, 37, 86, Tue Aug 15 16:56:51 2023
115, 48, 98, Tue Aug 15 16:57:51 2023
124, 50, 94, Tue Aug 15 16:58:51 2023
93, 49, 96, Tue Aug 15 16:59:51 2023
110, 40, 76, Tue Aug 15 17:00:51 2023
124, 44, 84, Tue Aug 15 17:01:51 2023
96, 34, 79, Tue Aug 15 17:02:51 2023
83, 31, 79, Tue Aug 15 17:03:51 2023
97, 32, 90, Tue Aug 15 17:04:51 2023
99, 48, 89, Tue Aug 15 17:05:51 2023
86, 50, 93, Tue Aug 15 17:06:51 2023
134, 52, 100, Tue Aug 15 17:07:51 2023
93, 35, 92, Tue Aug 15 17:08:51 2023
102, 38, 83, Tue Aug 15 17:09:51 2023
97, 35, 76, Tue Aug 15 17:10:51 2023
90, 38, 80, Tue Aug 15 17:11:51 2023
110, 49, 90, Tue Aug 15 17:12:51 2023
103, 53, 95, Tue Aug 15 17:13:51 2023
102, 33, 83, Tue Aug 15 17:14:51 2023
101, 40, 73, Tue Aug 15 17:15:51 2023
73, 39, 81, Tue Aug 15 17:16:51 2023
89, 36, 81, Tue Aug 15 17:17:51 2023
111, 47, 86, Tue Aug 15 17:18:51 2023
92, 44, 75, Tue Aug 15 17:19:51 2023
90, 30, 69, Tue Aug 15 17:20:51 2023
109, 45, 80, Tue Aug 15 17:21:51 2023
104, 45, 93, Tue Aug 15 17:22:51 2023
96, 34, 72, Tue Aug 15 17:23:51 2023
100, 33, 75, Tue Aug 15 17:24:51 2023
120, 52, 92, Tue Aug 15 17:25:51 2023
105, 48, 95, Tue Aug 15 17:26:51 2023
96, 43, 78, Tue Aug 15 17:27:51 2023
110, 42, 86, Tue Aug 15 17:28:51 2023
105, 43, 82, Tue Aug 15 17:29:51 2023
104, 51, 93, Tue Aug 15 17:30:51 2023
106, 36, 81, Tue Aug 15 17:31:51 2023
100, 33, 78, Tue Aug 15 17:32:51 2023
90, 35, 78, Tue Aug 15 17:33:51 2023
91, 42, 88, Tue Aug 15 17:34:51 2023
118, 43, 90, Tue Aug 15 17:35:51 2023
106, 49, 90, Tue Aug 15 17:36:51 2023
97, 42, 91, Tue Aug 15 17:37:51 2023
101, 42, 73, Tue Aug 15 17:38:51 2023
90, 43, 83, Tue Aug 15 17:39:51 2023
99, 36, 82, Tue Aug 15 17:40:51 2023
111, 41, 82, Tue Aug 15 17:41:51 2023
93, 33, 75, Tue Aug 15 17:42:51 2023
98, 36, 86, Tue Aug 15 17:43:51 2023
97, 43, 99, Tue Aug 15 17:44:51 2023
118, 56, 114, Tue Aug 15 17:45:51 2023
99, 43, 91, Tue Aug 15 17:46:51 2023
116, 56, 96, Tue Aug 15 17:47:51 2023
108, 43, 85, Tue Aug 15 17:48:51 2023
96, 32, 78, Tue Aug 15 17:49:51 2023
110, 48, 87, Tue Aug 15 17:50:51 2023
99, 45, 90, Tue Aug 15 17:51:51 2023
116, 51, 89, Tue Aug 15 17:52:51 2023
98, 41, 84, Tue Aug 15 17:53:51 2023
111, 39, 85, Tue Aug 15 17:54:51 2023
84, 36, 80, Tue Aug 15 17:55:51 2023
106, 42, 84, Tue Aug 15 17:56:51 2023
85, 28, 63, Tue Aug 15 17:57:51 2023
106, 46, 100, Tue Aug 15 17:58:51 2023
100, 37, 83, Tue Aug 15 17:59:51 2023
104, 43, 81, Tue Aug 15 18:00:51 2023
85, 31, 78, Tue Aug 15 18:01:51 2023
101, 42, 94, Tue Aug 15 18:02:51 2023
101, 43, 96, Tue Aug 15 18:03:51 2023
94, 45, 87, Tue Aug 15 18:04:51 2023
103, 41, 92, Tue Aug 15 18:05:51 2023
100, 36, 78, Tue Aug 15 18:06:51 2023
100, 35, 76, Tue Aug 15 18:07:51 2023
94, 40, 74, Tue Aug 15 18:08:51 2023
92, 28, 80, Tue Aug 15 18:09:51 2023
98, 48, 96, Tue Aug 15 18:10:51 2023
95, 44, 84, Tue Aug 15 18:11:51 2023
88, 34, 69, Tue Aug 15 18:12:51 2023
111, 47, 86, Tue Aug 15 18:13:51 2023
104, 38, 82, Tue Aug 15 18:14:51 2023
94, 32, 85, Tue Aug 15 18:15:51 2023
98, 35, 88, Tue Aug 15 18:16:51 2023
118, 51, 85, Tue Aug 15 18:17:51 2023
97, 42, 97, Tue Aug 15 18:18:51 2023
113, 51, 89, Tue Aug 15 18:19:51 2023
101, 44, 93, Tue Aug 15 18:20:51 2023
113, 45, 91, Tue Aug 15 18:21:51 2023
85, 38, 88, Tue Aug 15 18:22:51 2023
106, 44, 89, Tue Aug 15 18:23:51 2023
91, 27, 78, Tue Aug 15 18:24:51 2023
100, 43, 90, Tue Aug 15 18:25:51 2023
108, 36, 104, Tue Aug 15 18:26:51 2023
99, 39, 81, Tue Aug 15 18:27:51 2023
101, 40, 92, Tue Aug 15 18:28:51 2023
97, 47, 100, Tue Aug 15 18:29:51 2023
95, 34, 76, Tue Aug 15 18:30:51 2023
108, 37, 88, Tue Aug 15 18:31:51 2023
100, 32, 66, Tue Aug 15 18:32:51 2023
103, 47, 85, Tue Aug 15 18:33:51 2023
118, 51, 97, Tue Aug 15 18:34:51 2023
112, 39, 82, Tue Aug 15 18:35:51 2023
96, 44, 76, Tue Aug 15 18:36:51 2023
100, 31, 83, Tue Aug 15 18:37:51 2023
113, 48, 92, Tue Aug 15 18:38:51 2023
113, 41, 87, Tue Aug 15 18:39:51 2023
85, 33, 75, Tue Aug 15 18:40:51 2023
98, 54, 96, Tue Aug 15 18:41:51 2023
105, 40, 94, Tue Aug 15 18:42:51 2023
92, 42, 77, Tue Aug 15 18:43:51 2023
112, 52, 85, Tue Aug 15 18:44:51 2023
98, 39, 82, Tue Aug 15 18:45:51 2023
111, 46, 92, Tue Aug 15 18:46:51 2023
93, 32, 92, Tue Aug 15 18:47:51 2023
109, 43, 99, Tue Aug 15 18:48:51 2023
113, 38, 80, Tue Aug 15 18:49:51 2023
107, 41, 85, Tue Aug 15 18:50:51 2023
104, 35, 71, Tue Aug 15 18:51:51 2023
123, 47, 79, Tue Aug 15 18:52:51 2023
111, 46, 91, Tue Aug 15 18:53:51 2023
127, 54, 108, Tue Aug 15 18:54:51 2023
109, 38, 81, Tue Aug 15 18:55:51 2023
119, 52, 98, Tue Aug 15 18:56:51 2023
91, 38, 86, Tue Aug 15 18:57:51 2023
85, 43, 90, Tue Aug 15 18:58:51 2023
101, 45, 90, Tue Aug 15 18:59:51 2023
89, 46, 95, Tue Aug 15 19:00:51 2023
90, 35, 77, Tue Aug 15 19:01:51 2023
113, 54, 85, Tue Aug 15 19:02:51 2023
97, 41, 72, Tue Aug 15 19:03:51 2023
110, 48, 96, Tue Aug 15 19:04:51 2023
96, 45, 79, Tue Aug 15 19:05:51 2023
98, 42, 74, Tue Aug 15 19:06:51 2023
93, 43, 86, Tue Aug 15 19:07:51 2023
102, 34, 101, Tue Aug 15 19:08:51 2023
85, 35, 82, Tue Aug 15 19:09:51 2023
103, 43, 97, Tue Aug 15 19:10:51 2023
90, 38, 85, Tue Aug 15 19:11:51 2023
110, 50, 99, Tue Aug 15 19:12:51 2023
118, 47, 95, Tue Aug 15 19:13:51 2023
87, 34, 79, Tue Aug 15 19:14:51 2023
85, 36, 84, Tue Aug 15 19:15:51 2023
122, 54, 109, Tue Aug 15 19:16:51 2023
95, 49, 79, Tue Aug 15 19:17:51 2023
83, 33, 88, Tue Aug 15 19:18:51 2023
104, 40, 100, Tue Aug 15 19:19:51 2023
113, 40, 76, Tue Aug 15 19:20:51 2023
106, 40, 83, Tue Aug 15 19:21:51 2023
99, 34, 98, Tue Aug 15 19:22:51 2023
130, 42, 97, Tue Aug 15 19:23:51 2023
102, 43, 91, Tue Aug 15 19:24:51 2023
99, 40, 85, Tue Aug 15 19:25:51 2023
100, 49, 110, Tue Aug 15 19:26:51 2023
96, 37, 79, Tue Aug 15 19:27:51 2023
99, 37, 81, Tue Aug 15 19:28:51 2023
86, 33, 81, Tue Aug 15 19:29:51 2023
95, 37, 81, Tue Aug 15 19:30:51 2023
104, 42, 85, Tue Aug 15 19:31:51 2023
108, 48, 94, Tue Aug 15 19:32:51 2023
97, 37, 91, Tue Aug 15 19:33:51 2023
101, 43, 79, Tue Aug 15 19:34:51 2023
93, 41, 82, Tue Aug 15 19:35:51 2023
91, 37, 74, Tue Aug 15 19:36:51 2023
98, 40, 92, Tue Aug 15 19:37:51 2023
102, 41, 89, Tue Aug 15 19:38:51 2023
105, 45, 96, Tue Aug 15 19:39:51 2023
99, 48, 93, Tue Aug 15 19:40:51 2023
108, 47, 104, Tue Aug 15 19:41:51 2023
80, 31, 60, Tue Aug 15 19:42:51 2023
100, 45, 94, Tue Aug 15 19:43:51 2023
110, 43, 91, Tue Aug 15 19:44:51 2023
104, 46, 85, Tue Aug 15 19:45:51 2023
86, 39, 85, Tue Aug 15 19:46:51 2023
93, 47, 79, Tue Aug 15 19:47:51 2023
106, 47, 103, Tue Aug 15 19:48:51 2023
103, 48, 113, Tue Aug 15 19:49:51 2023
96, 36, 77, Tue Aug 15 19:50:51 2023
102, 37, 89, Tue Aug 15 19:51:51 2023
95, 39, 80, Tue Aug 15 19:52:51 2023
121, 43, 87, Tue Aug 15 19:53:51 2023
93, 35, 92, Tue Aug 15 19:54:51 2023
115, 46, 93, Tue Aug 15 19:55:51 2023
89, 39, 96, Tue Aug 15 19:56:51 2023
86, 40, 83, Tue Aug 15 19:57:51 2023
102, 37, 96, Tue Aug 15 19:58:51 2023
99, 47, 89, Tue Aug 15 19:59:51 2023
104, 42, 88, Tue Aug 15 20:00:51 2023
89, 31, 82, Tue Aug 15 20:01:51 2023
96, 42, 87, Tue Aug 15 20:02:51 2023
105, 49, 93, Tue Aug 15 20:03:51 2023
116, 41, 84, Tue Aug 15 20:04:51 2023
110, 51, 95, Tue Aug 15 20:05:51 2023
97, 47, 89, Tue Aug 15 20:06:51 2023
116, 41, 81, Tue Aug 15 20:07:51 2023
122, 50, 91, Tue Aug 15 20:08:51 2023
90, 39, 90, Tue Aug 15 20:09:51 2023
103, 41, 85, Tue Aug 15 20:10:51 2023
101, 41, 85, Tue Aug 15 20:11:51 2023
120, 39, 74, Tue Aug 15 20:12:51 2023
115, 41, 83, Tue Aug 15 20:13:51 2023
91, 44, 88, Tue Aug 15 20:14:51 2023
93, 36, 69, Tue Aug 15 20:15:51 2023
101, 38, 85, Tue Aug 15 20:16:51 2023
134, 73, 125, Tue Aug 15 20:31:00 2023
131, 65, 119, Tue Aug 15 20:32:00 2023
152, 61, 108, Tue Aug 15 20:33:00 2023
139, 67, 121, Tue Aug 15 20:34:00 2023
128, 52, 92, Tue Aug 15 20:35:00 2023
142, 63, 116, Tue Aug 15 20:36:00 2023
123, 50, 99, Tue Aug 15 20:37:00 2023
140, 65, 110, Tue Aug 15 20:38:00 2023
133, 63, 119, Tue Aug 15 20:39:00 2023
131, 56, 108, Tue Aug 15 20:40:00 2023
121, 48, 94, Tue Aug 15 20:41:00 2023
145, 58, 107, Tue Aug 15 20:42:00 2023
113, 45, 93, Tue Aug 15 20:43:00 2023
141, 66, 109, Tue Aug 15 20:44:00 2023
120, 57, 113, Tue Aug 15 20:45:00 2023
146, 62, 111, Tue Aug 15 20:46:00 2023
165, 63, 105, Tue Aug 15 20:47:00 2023
130, 66, 118, Tue Aug 15 20:48:00 2023
133, 45, 85, Tue Aug 15 20:49:00 2023
120, 42, 91, Tue Aug 15 20:50:00 2023
134, 60, 121, Tue Aug 15 20:51:00 2023
142, 57, 109, Tue Aug 15 20:52:00 2023
147, 55, 104, Tue Aug 15 20:53:00 2023
128, 57, 96, Tue Aug 15 20:54:00 2023
143, 54, 105, Tue Aug 15 20:55:00 2023
121, 51, 110, Tue Aug 15 20:56:00 2023
136, 56, 100, Tue Aug 15 20:57:00 2023
145, 51, 98, Tue Aug 15 20:58:00 2023
123, 42, 97, Tue Aug 15 20:59:00 2023
115, 56, 106, Tue Aug 15 21:00:00 2023
126, 54, 97, Tue Aug 15 21:01:00 2023
138, 56, 105, Tue Aug 15 21:02:00 2023
143, 64, 102, Tue Aug 15 21:03:00 2023
128, 58, 101, Tue Aug 15 21:04:00 2023
161, 58, 103, Tue Aug 15 21:05:00 2023
128, 47, 103, Tue Aug 15 21:06:00 2023
150, 62, 119, Tue Aug 15 21:07:00 2023
149, 63, 97, Tue Aug 15 21:08:00 2023
133, 50, 98, Tue Aug 15 21:09:00 2023
125, 54, 105, Tue Aug 15 21:10:00 2023
131, 53, 107, Tue Aug 15 21:11:00 2023
142, 56, 94, Tue Aug 15 21:12:00 2023
148, 56, 100, Tue Aug 15 21:13:00 2023
141, 50, 103, Tue Aug 15 21:14:00 2023
123, 54, 104, Tue Aug 15 21:15:00 2023
139, 64, 113, Tue Aug 15 21:16:00 2023
132, 55, 109, Tue Aug 15 21:17:00 2023
146, 52, 103, Tue Aug 15 21:18:00 2023
134, 58, 107, Tue Aug 15 21:19:00 2023
133, 60, 99, Tue Aug 15 21:20:00 2023
142, 66, 109, Tue Aug 15 21:21:00 2023
147, 66, 110, Tue Aug 15 21:22:00 2023
149, 51, 92, Tue Aug 15 21:23:00 2023
127, 53, 103, Tue Aug 15 21:24:00 2023
122, 48, 98, Tue Aug 15 21:25:00 2023
134, 44, 97, Tue Aug 15 21:26:00 2023
158, 71, 118, Tue Aug 15 21:27:00 2023
122, 56, 112, Tue Aug 15 21:28:00 2023
123, 49, 95, Tue Aug 15 21:29:00 2023
127, 53, 98, Tue Aug 15 21:30:00 2023
124, 58, 111, Tue Aug 15 21:31:00 2023
127, 62, 105, Tue Aug 15 21:32:00 2023
147, 66, 124, Tue Aug 15 21:33:00 2023
129, 50, 100, Tue Aug 15 21:34:00 2023
129, 52, 110, Tue Aug 15 21:35:00 2023
139, 66, 106, Tue Aug 15 21:36:00 2023
139, 52, 100, Tue Aug 15 21:37:00 2023
118, 49, 94, Tue Aug 15 21:38:00 2023
110, 43, 78, Tue Aug 15 21:39:00 2023
125, 49, 92, Tue Aug 15 21:40:00 2023
137, 62, 123, Tue Aug 15 21:41:00 2023
122, 55, 101, Tue Aug 15 21:42:00 2023
125, 47, 76, Tue Aug 15 21:43:00 2023
151, 70, 97, Tue Aug 15 21:44:00 2023
100, 48, 94, Tue Aug 15 21:45:00 2023
142, 48, 97, Tue Aug 15 21:46:00 2023
128, 59, 95, Tue Aug 15 21:47:00 2023
136, 62, 115, Tue Aug 15 21:48:00 2023
120, 45, 92, Tue Aug 15 21:49:00 2023
132, 49, 99, Tue Aug 15 21:50:00 2023
149, 66, 111, Tue Aug 15 21:51:00 2023
123, 51, 94, Tue Aug 15 21:52:00 2023
155, 56, 98, Tue Aug 15 21:53:00 2023
135, 57, 106, Tue Aug 15 21:54:00 2023
131, 43, 97, Tue Aug 15 21:55:00 2023
132, 64, 122, Tue Aug 15 21:56:00 2023
127, 46, 100, Tue Aug 15 21:57:00 2023
114, 48, 105, Tue Aug 15 21:58:00 2023
118, 44, 85, Tue Aug 15 21:59:00 2023
150, 77, 127, Tue Aug 15 22:00:00 2023
162, 74, 108, Tue Aug 15 22:01:00 2023
127, 48, 90, Tue Aug 15 22:02:00 2023
112, 44, 69, Tue Aug 15 22:03:00 2023
113, 56, 95, Tue Aug 15 22:04:00 2023
130, 50, 92, Tue Aug 15 22:05:00 2023
131, 52, 104, Tue Aug 15 22:06:00 2023
123, 55, 94, Tue Aug 15 22:07:00 2023
126, 56, 108, Tue Aug 15 22:08:00 2023
167, 65, 92, Tue Aug 15 22:09:00 2023
138, 61, 92, Tue Aug 15 22:10:00 2023
116, 40, 91, Tue Aug 15 22:11:00 2023
126, 47, 80, Tue Aug 15 22:12:00 2023
122, 64, 104, Tue Aug 15 22:13:00 2023
127, 39, 74, Tue Aug 15 22:14:00 2023
124, 56, 106, Tue Aug 15 22:15:00 2023
132, 60, 108, Tue Aug 15 22:16:00 2023
121, 41, 95, Tue Aug 15 22:17:00 2023
114, 39, 85, Tue Aug 15 22:18:00 2023
132, 61, 110, Tue Aug 15 22:19:00 2023
133, 54, 97, Tue Aug 15 22:20:00 2023
145, 62, 107, Tue Aug 15 22:21:00 2023
163, 61, 106, Tue Aug 15 22:22:00 2023
130, 53, 97, Tue Aug 15 22:23:00 2023
139, 63, 109, Tue Aug 15 22:24:00 2023
122, 53, 96, Tue Aug 15 22:25:00 2023
110, 46, 86, Tue Aug 15 22:26:00 2023
131, 62, 104, Tue Aug 15 22:27:00 2023
144, 64, 107, Tue Aug 15 22:28:00 2023
143, 56, 89, Tue Aug 15 22:29:00 2023
111, 46, 93, Tue Aug 15 22:30:00 2023
115, 45, 88, Tue Aug 15 22:31:00 2023
151, 57, 108, Tue Aug 15 22:32:00 2023
95, 32, 59, Tue Aug 15 22:42:32 2023
85, 44, 71, Tue Aug 15 22:43:32 2023
91, 33, 80, Tue Aug 15 22:44:32 2023
100, 35, 63, Tue Aug 15 22:45:32 2023
93, 47, 97, Tue Aug 15 22:46:32 2023
92, 33, 57, Tue Aug 15 22:47:32 2023
82, 30, 56, Tue Aug 15 22:48:32 2023
112, 51, 86, Tue Aug 15 22:49:32 2023
109, 42, 81, Tue Aug 15 22:50:32 2023
91, 41, 81, Tue Aug 15 22:51:32 2023
96, 43, 74, Tue Aug 15 22:52:32 2023
96, 33, 70, Tue Aug 15 22:53:32 2023
96, 39, 68, Tue Aug 15 22:54:32 2023
108, 31, 67, Tue Aug 15 22:55:32 2023
92, 37, 81, Tue Aug 15 22:56:32 2023
77, 34, 75, Tue Aug 15 22:57:32 2023
78, 34, 69, Tue Aug 15 22:58:32 2023
87, 41, 71, Tue Aug 15 22:59:32 2023
95, 51, 89, Tue Aug 15 23:00:32 2023
88, 41, 85, Tue Aug 15 23:01:32 2023
87, 27, 67, Tue Aug 15 23:02:32 2023
79, 30, 64, Tue Aug 15 23:03:32 2023
82, 41, 74, Tue Aug 15 23:04:32 2023
76, 30, 72, Tue Aug 15 23:05:32 2023
99, 49, 86, Tue Aug 15 23:06:32 2023
91, 29, 66, Tue Aug 15 23:07:32 2023
94, 36, 74, Tue Aug 15 23:08:32 2023
87, 35, 83, Tue Aug 15 23:09:32 2023
97, 35, 85, Tue Aug 15 23:10:32 2023
112, 48, 93, Tue Aug 15 23:11:32 2023
103, 44, 79, Tue Aug 15 23:12:32 2023
88, 37, 74, Tue Aug 15 23:13:32 2023
81, 40, 83, Tue Aug 15 23:14:32 2023
92, 38, 78, Tue Aug 15 23:15:32 2023
92, 41, 85, Tue Aug 15 23:16:32 2023
103, 37, 81, Tue Aug 15 23:17:32 2023
102, 41, 89, Tue Aug 15 23:18:32 2023
86, 32, 80, Tue Aug 15 23:19:32 2023
92, 37, 75, Tue Aug 15 23:20:32 2023
87, 27, 78, Tue Aug 15 23:21:32 2023
85, 27, 85, Tue Aug 15 23:22:32 2023
106, 45, 79, Tue Aug 15 23:23:32 2023
107, 51, 90, Tue Aug 15 23:24:32 2023
113, 54, 98, Tue Aug 15 23:25:32 2023
93, 40, 81, Tue Aug 15 23:26:32 2023
106, 43, 85, Tue Aug 15 23:27:32 2023
103, 46, 103, Tue Aug 15 23:28:32 2023
95, 39, 88, Tue Aug 15 23:29:32 2023
91, 34, 71, Tue Aug 15 23:30:32 2023
105, 38, 81, Tue Aug 15 23:31:32 2023
85, 29, 62, Tue Aug 15 23:32:32 2023
95, 35, 86, Tue Aug 15 23:33:32 2023
110, 45, 102, Tue Aug 15 23:34:32 2023
91, 39, 82, Tue Aug 15 23:35:32 2023
98, 48, 91, Tue Aug 15 23:36:32 2023
102, 37, 70, Tue Aug 15 23:37:32 2023
108, 42, 85, Tue Aug 15 23:38:32 2023
102, 39, 80, Tue Aug 15 23:39:32 2023
109, 42, 96, Tue Aug 15 23:40:32 2023
111, 45, 82, Tue Aug 15 23:41:32 2023
90, 31, 71, Tue Aug 15 23:42:32 2023
107, 40, 76, Tue Aug 15 23:43:32 2023
89, 37, 70, Tue Aug 15 23:44:32 2023
99, 45, 85, Tue Aug 15 23:45:32 2023
110, 40, 80, Tue Aug 15 23:46:32 2023
124, 49, 96, Tue Aug 15 23:47:32 2023
113, 55, 96, Tue Aug 15 23:48:32 2023
104, 34, 80, Tue Aug 15 23:49:32 2023
100, 44, 85, Tue Aug 15 23:50:32 2023
110, 40, 74, Tue Aug 15 23:51:32 2023
102, 46, 93, Tue Aug 15 23:52:32 2023
94, 30, 68, Tue Aug 15 23:53:32 2023
106, 40, 91, Tue Aug 15 23:54:32 2023
99, 43, 78, Tue Aug 15 23:55:32 2023
90, 34, 81, Tue Aug 15 23:56:32 2023
122, 46, 78, Tue Aug 15 23:57:32 2023
118, 51, 98, Tue Aug 15 23:58:32 2023
95, 46, 88, Tue Aug 15 23:59:32 2023
99, 32, 87, Wed Aug 16 00:00:32 2023
125, 45, 87, Wed Aug 16 00:01:32 2023
101, 47, 95, Wed Aug 16 00:02:32 2023
83, 38, 83, Wed Aug 16 00:03:32 2023
114, 55, 103, Wed Aug 16 00:04:32 2023
103, 43, 100, Wed Aug 16 00:05:32 2023
101, 41, 81, Wed Aug 16 00:06:32 2023
104, 43, 93, Wed Aug 16 00:07:32 2023
102, 39, 76, Wed Aug 16 00:08:32 2023
105, 48, 78, Wed Aug 16 00:09:32 2023
89, 33, 81, Wed Aug 16 00:10:32 2023
107, 55, 86, Wed Aug 16 00:11:32 2023
80, 37, 85, Wed Aug 16 00:12:32 2023
111, 37, 71, Wed Aug 16 00:13:32 2023
101, 36, 82, Wed Aug 16 00:14:32 2023
101, 40, 90, Wed Aug 16 00:15:32 2023
124, 57, 89, Wed Aug 16 00:16:32 2023
92, 44, 74, Wed Aug 16 00:17:32 2023
86, 27, 78, Wed Aug 16 00:18:32 2023
93, 36, 87, Wed Aug 16 00:19:32 2023
97, 32, 73, Wed Aug 16 00:20:32 2023
94, 41, 83, Wed Aug 16 00:21:32 2023
101, 41, 84, Wed Aug 16 00:22:32 2023
110, 38, 77, Wed Aug 16 00:23:32 2023
110, 49, 95, Wed Aug 16 00:24:32 2023
123, 44, 85, Wed Aug 16 00:25:32 2023
112, 49, 92, Wed Aug 16 00:26:32 2023
96, 30, 76, Wed Aug 16 00:27:32 2023
100, 43, 91, Wed Aug 16 00:28:32 2023
103, 36, 68, Wed Aug 16 00:29:32 2023
90, 49, 79, Wed Aug 16 00:30:32 2023
96, 43, 85, Wed Aug 16 00:31:32 2023
101, 43, 76, Wed Aug 16 00:32:32 2023
89, 35, 87, Wed Aug 16 00:33:32 2023
103, 45, 84, Wed Aug 16 00:34:32 2023
91, 44, 91, Wed Aug 16 00:35:32 2023
101, 50, 104, Wed Aug 16 00:36:32 2023
109, 53, 101, Wed Aug 16 00:37:32 2023
107, 52, 100, Wed Aug 16 00:38:32 2023
97, 34, 67, Wed Aug 16 00:39:32 2023
87, 36, 89, Wed Aug 16 00:40:32 2023
83, 33, 73, Wed Aug 16 00:41:32 2023
120, 45, 91, Wed Aug 16 00:42:32 2023
106, 39, 79, Wed Aug 16 00:43:32 2023
108, 47, 98, Wed Aug 16 00:44:32 2023
111, 54, 99, Wed Aug 16 00:45:32 2023
89, 33, 73, Wed Aug 16 00:46:32 2023
116, 51, 80, Wed Aug 16 00:47:32 2023
106, 40, 72, Wed Aug 16 00:48:32 2023
82, 29, 72, Wed Aug 16 00:49:32 2023
105, 43, 75, Wed Aug 16 00:50:32 2023
101, 47, 81, Wed Aug 16 00:51:32 2023
96, 42, 77, Wed Aug 16 00:52:32 2023
107, 33, 85, Wed Aug 16 00:53:32 2023
81, 38, 80, Wed Aug 16 00:54:32 2023
115, 52, 106, Wed Aug 16 00:55:32 2023
86, 42, 83, Wed Aug 16 00:56:32 2023
111, 41, 84, Wed Aug 16 00:57:32 2023
99, 50, 92, Wed Aug 16 00:58:32 2023
101, 37, 73, Wed Aug 16 00:59:32 2023
113, 53, 90, Wed Aug 16 01:00:32 2023
83, 23, 80, Wed Aug 16 01:01:32 2023
93, 44, 73, Wed Aug 16 01:02:32 2023
110, 45, 92, Wed Aug 16 01:03:32 2023
104, 44, 70, Wed Aug 16 01:04:32 2023
95, 33, 77, Wed Aug 16 01:05:32 2023
97, 30, 70, Wed Aug 16 01:06:32 2023
94, 46, 84, Wed Aug 16 01:07:32 2023
106, 56, 105, Wed Aug 16 01:08:32 2023
97, 33, 86, Wed Aug 16 01:09:32 2023
94, 36, 86, Wed Aug 16 01:10:32 2023
100, 44, 90, Wed Aug 16 01:11:32 2023
109, 36, 68, Wed Aug 16 01:12:32 2023
96, 34, 70, Wed Aug 16 01:13:32 2023
98, 46, 97, Wed Aug 16 01:14:32 2023
122, 54, 103, Wed Aug 16 01:15:32 2023
94, 30, 76, Wed Aug 16 01:16:32 2023
87, 37, 78, Wed Aug 16 01:17:32 2023
111, 44, 86, Wed Aug 16 01:18:32 2023
102, 32, 86, Wed Aug 16 01:19:32 2023
89, 38, 79, Wed Aug 16 01:20:32 2023
97, 39, 85, Wed Aug 16 01:21:32 2023
95, 39, 80, Wed Aug 16 01:22:32 2023
99, 45, 91, Wed Aug 16 01:23:32 2023
115, 44, 85, Wed Aug 16 01:24:32 2023
119, 48, 91, Wed Aug 16 01:25:32 2023
94, 37, 83, Wed Aug 16 01:26:32 2023
114, 50, 87, Wed Aug 16 01:27:32 2023
101, 51, 90, Wed Aug 16 01:28:32 2023
95, 29, 65, Wed Aug 16 01:29:32 2023
118, 46, 79, Wed Aug 16 01:30:32 2023
114, 46, 85, Wed Aug 16 01:31:32 2023
112, 47, 96, Wed Aug 16 01:32:32 2023
99, 47, 103, Wed Aug 16 01:33:32 2023
105, 47, 87, Wed Aug 16 01:34:32 2023
95, 32, 66, Wed Aug 16 01:35:32 2023
110, 41, 100, Wed Aug 16 01:36:32 2023
112, 61, 97, Wed Aug 16 01:37:32 2023
99, 38, 86, Wed Aug 16 01:38:32 2023
94, 39, 87, Wed Aug 16 01:39:32 2023
109, 44, 84, Wed Aug 16 01:40:32 2023
113, 47, 86, Wed Aug 16 01:41:32 2023
113, 47, 86, Wed Aug 16 01:42:32 2023
92, 31, 78, Wed Aug 16 01:43:32 2023
103, 34, 82, Wed Aug 16 01:44:32 2023
113, 47, 91, Wed Aug 16 01:45:32 2023
103, 44, 94, Wed Aug 16 01:46:32 2023
89, 35, 78, Wed Aug 16 01:47:32 2023
96, 35, 70, Wed Aug 16 01:48:32 2023
88, 45, 90, Wed Aug 16 01:49:32 2023
102, 41, 85, Wed Aug 16 01:50:32 2023
98, 26, 66, Wed Aug 16 01:51:32 2023
94, 35, 78, Wed Aug 16 01:52:32 2023
107, 42, 99, Wed Aug 16 01:53:32 2023
108, 41, 90, Wed Aug 16 01:54:32 2023
98, 44, 94, Wed Aug 16 01:55:32 2023
105, 44, 102, Wed Aug 16 01:56:32 2023
110, 40, 88, Wed Aug 16 01:57:32 2023
94, 45, 88, Wed Aug 16 01:58:32 2023
102, 37, 80, Wed Aug 16 01:59:32 2023
104, 35, 93, Wed Aug 16 02:00:32 2023
101, 42, 81, Wed Aug 16 02:01:32 2023
109, 39, 82, Wed Aug 16 02:02:32 2023
110, 42, 77, Wed Aug 16 02:03:32 2023
107, 45, 109, Wed Aug 16 02:04:32 2023
99, 47, 94, Wed Aug 16 02:05:32 2023
119, 38, 75, Wed Aug 16 02:06:32 2023
108, 39, 79, Wed Aug 16 02:07:32 2023
118, 45, 89, Wed Aug 16 02:08:32 2023
106, 42, 77, Wed Aug 16 02:09:32 2023
120, 48, 95, Wed Aug 16 02:10:32 2023
105, 40, 84, Wed Aug 16 02:11:32 2023
97, 42, 87, Wed Aug 16 02:12:32 2023
103, 42, 91, Wed Aug 16 02:13:32 2023
92, 37, 70, Wed Aug 16 02:14:32 2023
95, 34, 75, Wed Aug 16 02:15:32 2023
106, 43, 82, Wed Aug 16 02:16:32 2023
104, 46, 91, Wed Aug 16 02:17:32 2023
97, 34, 84, Wed Aug 16 02:18:32 2023
89, 35, 80, Wed Aug 16 02:19:32 2023
111, 42, 87, Wed Aug 16 02:20:32 2023
115, 47, 86, Wed Aug 16 02:21:32 2023
111, 38, 94, Wed Aug 16 02:22:32 2023
86, 40, 87, Wed Aug 16 02:23:32 2023
94, 36, 83, Wed Aug 16 02:24:32 2023
92, 42, 75, Wed Aug 16 02:25:32 2023
104, 42, 91, Wed Aug 16 02:26:32 2023
116, 45, 85, Wed Aug 16 02:27:32 2023
114, 45, 99, Wed Aug 16 02:28:32 2023
105, 35, 88, Wed Aug 16 02:29:32 2023
98, 38, 79, Wed Aug 16 02:30:32 2023
113, 52, 108, Wed Aug 16 02:31:32 2023
120, 53, 106, Wed Aug 16 02:32:32 2023
105, 32, 80, Wed Aug 16 02:33:32 2023
114, 44, 85, Wed Aug 16 02:34:32 2023
104, 42, 84, Wed Aug 16 02:35:32 2023
118, 48, 95, Wed Aug 16 02:36:32 2023
105, 52, 92, Wed Aug 16 02:37:32 2023
109, 32, 85, Wed Aug 16 02:38:32 2023
97, 39, 83, Wed Aug 16 02:39:32 2023
112, 47, 109, Wed Aug 16 02:40:32 2023
105, 38, 78, Wed Aug 16 02:41:32 2023
123, 60, 93, Wed Aug 16 02:42:32 2023
99, 40, 85, Wed Aug 16 02:43:32 2023
92, 46, 94, Wed Aug 16 02:44:32 2023
102, 34, 86, Wed Aug 16 02:45:32 2023
95, 34, 72, Wed Aug 16 02:46:32 2023
88, 34, 71, Wed Aug 16 02:47:32 2023
104, 50, 87, Wed Aug 16 02:48:32 2023
82, 29, 73, Wed Aug 16 02:49:32 2023
93, 38, 98, Wed Aug 16 02:50:32 2023
106, 50, 82, Wed Aug 16 02:51:32 2023
105, 52, 101, Wed Aug 16 02:52:32 2023
97, 45, 88, Wed Aug 16 02:53:32 2023
89, 38, 76, Wed Aug 16 02:54:32 2023
130, 50, 89, Wed Aug 16 02:55:32 2023
104, 40, 79, Wed Aug 16 02:56:32 2023
97, 38, 84, Wed Aug 16 02:57:32 2023
88, 43, 94, Wed Aug 16 02:58:32 2023
89, 34, 90, Wed Aug 16 02:59:32 2023
94, 48, 87, Wed Aug 16 03:00:32 2023
107, 47, 94, Wed Aug 16 03:01:32 2023
103, 34, 69, Wed Aug 16 03:02:32 2023
91, 32, 69, Wed Aug 16 03:03:32 2023
121, 50, 78, Wed Aug 16 03:04:32 2023
109, 36, 71, Wed Aug 16 03:05:32 2023
108, 48, 80, Wed Aug 16 03:06:32 2023
93, 54, 97, Wed Aug 16 03:07:32 2023
98, 30, 77, Wed Aug 16 03:08:32 2023
108, 41, 79, Wed Aug 16 03:09:32 2023
107, 29, 69, Wed Aug 16 03:10:32 2023
92, 40, 77, Wed Aug 16 03:11:32 2023
109, 38, 79, Wed Aug 16 03:12:32 2023
108, 39, 86, Wed Aug 16 03:13:32 2023
97, 35, 73, Wed Aug 16 03:14:32 2023
96, 43, 70, Wed Aug 16 03:15:32 2023
70, 39, 80, Wed Aug 16 03:16:32 2023
90, 32, 77, Wed Aug 16 03:17:32 2023
80, 35, 80, Wed Aug 16 03:18:32 2023
101, 40, 88, Wed Aug 16 03:19:32 2023
101, 40, 100, Wed Aug 16 03:20:32 2023
116, 35, 84, Wed Aug 16 03:21:32 2023
100, 38, 87, Wed Aug 16 03:22:32 2023
111, 36, 79, Wed Aug 16 03:23:32 2023
98, 36, 94, Wed Aug 16 03:24:32 2023
103, 53, 85, Wed Aug 16 03:25:32 2023
82, 30, 72, Wed Aug 16 03:26:32 2023
105, 51, 99, Wed Aug 16 03:27:32 2023
97, 45, 86, Wed Aug 16 03:28:32 2023
90, 35, 85, Wed Aug 16 03:29:32 2023
128, 63, 94, Wed Aug 16 03:30:32 2023
95, 51, 83, Wed Aug 16 03:31:32 2023
109, 56, 90, Wed Aug 16 03:32:32 2023
101, 32, 83, Wed Aug 16 03:33:32 2023
113, 43, 81, Wed Aug 16 03:34:32 2023
100, 46, 82, Wed Aug 16 03:35:32 2023
102, 43, 87, Wed Aug 16 03:36:32 2023
113, 47, 78, Wed Aug 16 03:37:32 2023
98, 39, 74, Wed Aug 16 03:38:32 2023
88, 39, 78, Wed Aug 16 03:39:32 2023
123, 48, 91, Wed Aug 16 03:40:32 2023
86, 43, 89, Wed Aug 16 03:41:32 2023
100, 35, 78, Wed Aug 16 03:42:32 2023
128, 52, 95, Wed Aug 16 03:43:32 2023
111, 49, 89, Wed Aug 16 03:44:32 2023
112, 47, 86, Wed Aug 16 03:45:32 2023
103, 43, 84, Wed Aug 16 03:46:32 2023
96, 37, 72, Wed Aug 16 03:47:32 2023
97, 42, 71, Wed Aug 16 03:48:32 2023
84, 39, 88, Wed Aug 16 03:49:32 2023
108, 42, 81, Wed Aug 16 03:50:32 2023
101, 37, 81, Wed Aug 16 03:51:32 2023
74, 27, 78, Wed Aug 16 03:52:32 2023
119, 59, 91, Wed Aug 16 03:53:32 2023
102, 40, 79, Wed Aug 16 03:54:32 2023
109, 48, 88, Wed Aug 16 03:55:32 2023
103, 46, 80, Wed Aug 16 03:56:32 2023
103, 39, 87, Wed Aug 16 03:57:32 2023
94, 35, 69, Wed Aug 16 03:58:32 2023
104, 38, 86, Wed Aug 16 03:59:32 2023
90, 32, 80, Wed Aug 16 04:00:32 2023
98, 41, 79, Wed Aug 16 04:01:32 2023
90, 27, 59, Wed Aug 16 04:02:32 2023
95, 39, 87, Wed Aug 16 04:03:32 2023
103, 48, 98, Wed Aug 16 04:04:32 2023
121, 52, 87, Wed Aug 16 04:05:32 2023
95, 35, 85, Wed Aug 16 04:06:32 2023
94, 43, 88, Wed Aug 16 04:07:32 2023
93, 31, 83, Wed Aug 16 04:08:32 2023
115, 49, 96, Wed Aug 16 04:09:32 2023
96, 38, 88, Wed Aug 16 04:10:32 2023
86, 33, 94, Wed Aug 16 04:11:32 2023
104, 47, 90, Wed Aug 16 04:12:32 2023
96, 48, 90, Wed Aug 16 04:13:32 2023
110, 50, 97, Wed Aug 16 04:14:32 2023
97, 36, 87, Wed Aug 16 04:15:32 2023
105, 44, 94, Wed Aug 16 04:16:32 2023
97, 40, 77, Wed Aug 16 04:17:32 2023
110, 39, 77, Wed Aug 16 04:18:32 2023
115, 47, 83, Wed Aug 16 04:19:32 2023
87, 28, 59, Wed Aug 16 04:20:32 2023
101, 39, 71, Wed Aug 16 04:21:32 2023
82, 31, 75, Wed Aug 16 04:22:32 2023
88, 42, 87, Wed Aug 16 04:23:32 2023
106, 50, 99, Wed Aug 16 04:24:32 2023
100, 36, 89, Wed Aug 16 04:25:32 2023
98, 53, 90, Wed Aug 16 04:26:32 2023
96, 36, 89, Wed Aug 16 04:27:32 2023
104, 45, 93, Wed Aug 16 04:28:32 2023
118, 53, 96, Wed Aug 16 04:29:32 2023
107, 34, 85, Wed Aug 16 04:30:32 2023
93, 38, 84, Wed Aug 16 04:31:32 2023
99, 40, 75, Wed Aug 16 04:32:32 2023
128, 39, 81, Wed Aug 16 04:33:32 2023
98, 32, 79, Wed Aug 16 04:34:32 2023
98, 43, 90, Wed Aug 16 04:35:32 2023
103, 42, 88, Wed Aug 16 04:36:32 2023
109, 55, 82, Wed Aug 16 04:37:32 2023
106, 43, 91, Wed Aug 16 04:38:32 2023
107, 43, 87, Wed Aug 16 04:39:32 2023
111, 46, 81, Wed Aug 16 04:40:32 2023
101, 39, 80, Wed Aug 16 04:41:32 2023
106, 37, 86, Wed Aug 16 04:42:32 2023
91, 42, 82, Wed Aug 16 04:43:32 2023
83, 46, 82, Wed Aug 16 04:44:32 2023
83, 35, 89, Wed Aug 16 04:45:32 2023
95, 29, 68, Wed Aug 16 04:46:32 2023
96, 50, 85, Wed Aug 16 04:47:32 2023
115, 50, 88, Wed Aug 16 04:48:32 2023
105, 45, 78, Wed Aug 16 04:49:32 2023
100, 45, 96, Wed Aug 16 04:50:32 2023
111, 35, 78, Wed Aug 16 04:51:32 2023
120, 43, 93, Wed Aug 16 04:52:32 2023
106, 40, 88, Wed Aug 16 04:53:32 2023
113, 52, 91, Wed Aug 16 04:54:32 2023
87, 38, 99, Wed Aug 16 04:55:32 2023
111, 34, 79, Wed Aug 16 04:56:32 2023
107, 43, 88, Wed Aug 16 04:57:32 2023
94, 30, 70, Wed Aug 16 04:58:32 2023
100, 44, 86, Wed Aug 16 04:59:32 2023
87, 31, 83, Wed Aug 16 05:00:32 2023
112, 45, 84, Wed Aug 16 05:01:32 2023
107, 34, 69, Wed Aug 16 05:02:32 2023
99, 29, 68, Wed Aug 16 05:03:32 2023
101, 44, 76, Wed Aug 16 05:04:32 2023
98, 32, 78, Wed Aug 16 05:05:32 2023
97, 48, 81, Wed Aug 16 05:06:32 2023
97, 35, 88, Wed Aug 16 05:07:32 2023
93, 39, 83, Wed Aug 16 05:08:32 2023
114, 48, 74, Wed Aug 16 05:09:32 2023
111, 47, 91, Wed Aug 16 05:10:32 2023
110, 41, 83, Wed Aug 16 05:11:32 2023
103, 53, 90, Wed Aug 16 05:12:32 2023
106, 45, 88, Wed Aug 16 05:13:32 2023
94, 44, 82, Wed Aug 16 05:14:32 2023
115, 42, 86, Wed Aug 16 05:15:32 2023
118, 39, 84, Wed Aug 16 05:16:32 2023
105, 43, 86, Wed Aug 16 05:17:32 2023
105, 39, 87, Wed Aug 16 05:18:32 2023
135, 42, 92, Wed Aug 16 05:19:32 2023
109, 46, 92, Wed Aug 16 05:20:32 2023
106, 44, 100, Wed Aug 16 05:21:32 2023
123, 45, 86, Wed Aug 16 05:22:32 2023
102, 39, 88, Wed Aug 16 05:23:32 2023
111, 43, 92, Wed Aug 16 05:24:32 2023
109, 49, 86, Wed Aug 16 05:25:32 2023
85, 33, 86, Wed Aug 16 05:26:32 2023
109, 38, 76, Wed Aug 16 05:27:32 2023
117, 38, 94, Wed Aug 16 05:28:32 2023
97, 45, 99, Wed Aug 16 05:29:32 2023
99, 39, 72, Wed Aug 16 05:30:32 2023
122, 46, 106, Wed Aug 16 05:31:32 2023
114, 48, 93, Wed Aug 16 05:32:32 2023
93, 54, 96, Wed Aug 16 05:33:32 2023
105, 39, 79, Wed Aug 16 05:34:32 2023
115, 41, 94, Wed Aug 16 05:35:32 2023
112, 45, 86, Wed Aug 16 05:36:32 2023
101, 39, 85, Wed Aug 16 05:37:32 2023
118, 43, 93, Wed Aug 16 05:38:32 2023
112, 39, 93, Wed Aug 16 05:39:32 2023
113, 51, 93, Wed Aug 16 05:40:32 2023
116, 55, 106, Wed Aug 16 05:41:32 2023
84, 39, 85, Wed Aug 16 05:42:32 2023
107, 51, 93, Wed Aug 16 05:43:32 2023
97, 39, 79, Wed Aug 16 05:44:32 2023
96, 39, 82, Wed Aug 16 05:45:32 2023
104, 46, 110, Wed Aug 16 05:46:32 2023
112, 29, 66, Wed Aug 16 05:47:32 2023
97, 36, 81, Wed Aug 16 05:48:32 2023
101, 36, 89, Wed Aug 16 05:49:32 2023
104, 46, 92, Wed Aug 16 05:50:32 2023
117, 49, 106, Wed Aug 16 05:51:32 2023
100, 29, 78, Wed Aug 16 05:52:32 2023
93, 32, 70, Wed Aug 16 05:53:32 2023
94, 42, 93, Wed Aug 16 05:54:32 2023
99, 40, 89, Wed Aug 16 05:55:32 2023
104, 43, 91, Wed Aug 16 05:56:32 2023
86, 36, 88, Wed Aug 16 05:57:32 2023
95, 38, 80, Wed Aug 16 05:58:32 2023
117, 55, 90, Wed Aug 16 05:59:32 2023
117, 43, 85, Wed Aug 16 06:00:32 2023
104, 62, 92, Wed Aug 16 06:01:32 2023
79, 39, 91, Wed Aug 16 06:02:32 2023
120, 51, 94, Wed Aug 16 06:03:32 2023
102, 52, 91, Wed Aug 16 06:04:32 2023
107, 42, 84, Wed Aug 16 06:05:32 2023
75, 29, 85, Wed Aug 16 06:06:32 2023
102, 47, 88, Wed Aug 16 06:07:32 2023
102, 44, 77, Wed Aug 16 06:08:32 2023
116, 47, 87, Wed Aug 16 06:09:32 2023
87, 26, 71, Wed Aug 16 06:10:32 2023
108, 43, 87, Wed Aug 16 06:11:32 2023
118, 55, 92, Wed Aug 16 06:12:32 2023
114, 48, 82, Wed Aug 16 06:13:32 2023
106, 44, 79, Wed Aug 16 06:14:32 2023
99, 40, 89, Wed Aug 16 06:15:32 2023
104, 46, 103, Wed Aug 16 06:16:32 2023
111, 44, 79, Wed Aug 16 06:17:32 2023
90, 43, 84, Wed Aug 16 06:18:32 2023
99, 38, 76, Wed Aug 16 06:19:32 2023
82, 36, 72, Wed Aug 16 06:20:32 2023
113, 42, 86, Wed Aug 16 06:21:32 2023
99, 39, 80, Wed Aug 16 06:22:32 2023
89, 49, 92, Wed Aug 16 06:23:32 2023
95, 45, 95, Wed Aug 16 06:24:32 2023
92, 36, 83, Wed Aug 16 06:25:32 2023
112, 40, 81, Wed Aug 16 06:26:32 2023
106, 36, 87, Wed Aug 16 06:27:32 2023
105, 45, 92, Wed Aug 16 06:28:32 2023
95, 30, 81, Wed Aug 16 06:29:32 2023
98, 42, 80, Wed Aug 16 06:30:32 2023
131, 49, 85, Wed Aug 16 06:31:32 2023
88, 43, 77, Wed Aug 16 06:32:32 2023
95, 44, 83, Wed Aug 16 06:33:32 2023
105, 46, 95, Wed Aug 16 06:34:32 2023
110, 42, 89, Wed Aug 16 06:35:32 2023
97, 44, 82, Wed Aug 16 06:36:32 2023
103, 37, 86, Wed Aug 16 06:37:32 2023
84, 38, 96, Wed Aug 16 06:38:32 2023
118, 45, 77, Wed Aug 16 06:39:32 2023
115, 46, 72, Wed Aug 16 06:40:32 2023
95, 36, 72, Wed Aug 16 06:41:32 2023
117, 46, 90, Wed Aug 16 06:42:32 2023
98, 39, 75, Wed Aug 16 06:43:32 2023
116, 55, 102, Wed Aug 16 06:44:32 2023
96, 46, 93, Wed Aug 16 06:45:32 2023
105, 48, 88, Wed Aug 16 06:46:32 2023
91, 35, 69, Wed Aug 16 06:47:32 2023
104, 42, 86, Wed Aug 16 06:48:32 2023
109, 48, 84, Wed Aug 16 06:49:32 2023
96, 47, 76, Wed Aug 16 06:50:32 2023
110, 49, 96, Wed Aug 16 06:51:32 2023
106, 49, 91, Wed Aug 16 06:52:32 2023
107, 55, 98, Wed Aug 16 06:53:32 2023
99, 31, 69, Wed Aug 16 06:54:32 2023
122, 51, 92, Wed Aug 16 06:55:32 2023
119, 32, 97, Wed Aug 16 06:56:32 2023
101, 38, 82, Wed Aug 16 06:57:32 2023
92, 40, 77, Wed Aug 16 06:58:32 2023
90, 38, 74, Wed Aug 16 06:59:32 2023
105, 41, 75, Wed Aug 16 07:00:32 2023
120, 53, 87, Wed Aug 16 07:01:32 2023
111, 48, 101, Wed Aug 16 07:02:32 2023
93, 34, 88, Wed Aug 16 07:03:32 2023
100, 33, 74, Wed Aug 16 07:04:32 2023
111, 40, 81, Wed Aug 16 07:05:32 2023
98, 47, 95, Wed Aug 16 07:06:32 2023
99, 39, 90, Wed Aug 16 07:07:32 2023
81, 33, 66, Wed Aug 16 07:08:32 2023
106, 48, 98, Wed Aug 16 07:09:32 2023
107, 44, 75, Wed Aug 16 07:10:32 2023
103, 42, 88, Wed Aug 16 07:11:32 2023
121, 44, 78, Wed Aug 16 07:12:32 2023
84, 38, 75, Wed Aug 16 07:13:32 2023
93, 39, 83, Wed Aug 16 07:14:32 2023
111, 46, 80, Wed Aug 16 07:15:32 2023
90, 40, 71, Wed Aug 16 07:16:32 2023
88, 39, 75, Wed Aug 16 07:17:32 2023
86, 39, 99, Wed Aug 16 07:18:32 2023
102, 44, 89, Wed Aug 16 07:19:32 2023
92, 43, 82, Wed Aug 16 07:20:32 2023
107, 44, 93, Wed Aug 16 07:21:32 2023
96, 39, 70, Wed Aug 16 07:22:32 2023
104, 44, 81, Wed Aug 16 07:23:32 2023
97, 52, 93, Wed Aug 16 07:24:32 2023
100, 31, 76, Wed Aug 16 07:25:32 2023
129, 55, 93, Wed Aug 16 07:26:32 2023
85, 33, 70, Wed Aug 16 07:27:32 2023
100, 38, 93, Wed Aug 16 07:28:32 2023
112, 45, 79, Wed Aug 16 07:29:32 2023
104, 37, 88, Wed Aug 16 07:30:32 2023
103, 43, 97, Wed Aug 16 07:31:32 2023
92, 39, 82, Wed Aug 16 07:32:32 2023
94, 41, 84, Wed Aug 16 07:33:32 2023
100, 32, 83, Wed Aug 16 07:34:32 2023
96, 46, 84, Wed Aug 16 07:35:32 2023
109, 42, 79, Wed Aug 16 07:36:32 2023
96, 33, 68, Wed Aug 16 07:37:32 2023
103, 41, 87, Wed Aug 16 07:38:32 2023
100, 40, 83, Wed Aug 16 07:39:32 2023
103, 45, 88, Wed Aug 16 07:40:32 2023
117, 50, 83, Wed Aug 16 07:41:32 2023
84, 28, 65, Wed Aug 16 07:42:32 2023
112, 45, 91, Wed Aug 16 07:43:32 2023
108, 40, 93, Wed Aug 16 07:44:32 2023
88, 41, 90, Wed Aug 16 07:45:32 2023
111, 42, 81, Wed Aug 16 07:46:32 2023
98, 41, 101, Wed Aug 16 07:47:32 2023
119, 57, 87, Wed Aug 16 07:48:32 2023
110, 48, 87, Wed Aug 16 07:49:32 2023
97, 44, 87, Wed Aug 16 07:50:32 2023
94, 44, 88, Wed Aug 16 07:51:32 2023
105, 46, 103, Wed Aug 16 07:52:32 2023
92, 40, 84, Wed Aug 16 07:53:32 2023
98, 32, 84, Wed Aug 16 07:54:32 2023
106, 41, 104, Wed Aug 16 07:55:32 2023
127, 51, 92, Wed Aug 16 07:56:32 2023
92, 39, 79, Wed Aug 16 07:57:32 2023
90, 35, 75, Wed Aug 16 07:58:32 2023
105, 40, 87, Wed Aug 16 07:59:32 2023
116, 45, 83, Wed Aug 16 08:00:32 2023
106, 40, 91, Wed Aug 16 08:01:32 2023
109, 43, 95, Wed Aug 16 08:02:32 2023
98, 46, 95, Wed Aug 16 08:03:32 2023
108, 52, 94, Wed Aug 16 08:04:32 2023
114, 51, 102, Wed Aug 16 08:05:32 2023
94, 38, 78, Wed Aug 16 08:06:32 2023
101, 35, 82, Wed Aug 16 08:07:32 2023
103, 37, 83, Wed Aug 16 08:08:32 2023
117, 44, 83, Wed Aug 16 08:09:32 2023
106, 50, 71, Wed Aug 16 08:10:32 2023
98, 44, 101, Wed Aug 16 08:11:32 2023
101, 49, 78, Wed Aug 16 08:12:32 2023
128, 56, 107, Wed Aug 16 08:13:32 2023
102, 40, 79, Wed Aug 16 08:14:32 2023
110, 47, 96, Wed Aug 16 08:15:32 2023
90, 35, 78, Wed Aug 16 08:16:32 2023
104, 47, 87, Wed Aug 16 08:17:32 2023
105, 41, 81, Wed Aug 16 08:18:32 2023
109, 41, 78, Wed Aug 16 08:19:32 2023
96, 47, 87, Wed Aug 16 08:20:32 2023
121, 49, 95, Wed Aug 16 08:21:32 2023
104, 47, 86, Wed Aug 16 08:22:32 2023
127, 38, 85, Wed Aug 16 08:23:32 2023
92, 40, 71, Wed Aug 16 08:24:32 2023
95, 41, 90, Wed Aug 16 08:25:32 2023
99, 34, 68, Wed Aug 16 08:26:32 2023
90, 48, 113, Wed Aug 16 08:27:32 2023
99, 40, 94, Wed Aug 16 08:28:32 2023
97, 38, 80, Wed Aug 16 08:29:32 2023
102, 38, 86, Wed Aug 16 08:30:32 2023
107, 39, 91, Wed Aug 16 08:31:32 2023
96, 41, 95, Wed Aug 16 08:32:32 2023
125, 48, 93, Wed Aug 16 08:33:32 2023
97, 45, 77, Wed Aug 16 08:34:32 2023
93, 47, 93, Wed Aug 16 08:35:32 2023
94, 37, 79, Wed Aug 16 08:36:32 2023
102, 40, 87, Wed Aug 16 08:37:32 2023
144, 63, 117, Wed Aug 16 11:27:59 2023
153, 71, 127, Wed Aug 16 11:28:59 2023
156, 70, 141, Wed Aug 16 11:29:59 2023
151, 63, 134, Wed Aug 16 11:30:59 2023
156, 73, 142, Wed Aug 16 11:31:59 2023
170, 90, 148, Wed Aug 16 10:32:59 2023
147, 69, 141, Wed Aug 16 10:33:59 2023
144, 61, 137, Wed Aug 16 10:34:59 2023
154, 77, 120, Wed Aug 16 10:35:59 2023
177, 75, 147, Wed Aug 16 10:36:59 2023
156, 82, 128, Wed Aug 16 10:37:59 2023
128, 58, 137, Wed Aug 16 10:38:59 2023
165, 68, 136, Wed Aug 16 10:39:59 2023
158, 64, 123, Wed Aug 16 10:40:59 2023
165, 77, 126, Wed Aug 16 10:41:59 2023
152, 70, 111, Wed Aug 16 10:42:59 2023
157, 77, 137, Wed Aug 16 10:43:59 2023
143, 59, 133, Wed Aug 16 10:44:59 2023
146, 65, 131, Wed Aug 16 10:45:59 2023
170, 73, 125, Wed Aug 16 10:46:59 2023
139, 62, 115, Wed Aug 16 10:47:59 2023
165, 78, 134, Wed Aug 16 10:48:59 2023
163, 59, 127, Wed Aug 16 10:49:59 2023
136, 65, 115, Wed Aug 16 10:50:59 2023
161, 68, 142, Wed Aug 16 10:51:59 2023
167, 75, 147, Wed Aug 16 10:52:59 2023
154, 55, 109, Wed Aug 16 10:53:59 2023
153, 72, 141, Wed Aug 16 10:54:59 2023
171, 76, 147, Wed Aug 16 10:55:59 2023
153, 67, 143, Wed Aug 16 10:56:59 2023
149, 70, 122, Wed Aug 16 10:57:59 2023
147, 60, 125, Wed Aug 16 10:58:59 2023
155, 78, 134, Wed Aug 16 10:59:59 2023
154, 64, 133, Wed Aug 16 11:00:59 2023
157, 68, 115, Wed Aug 16 11:01:59 2023
157, 78, 143, Wed Aug 16 11:02:59 2023
139, 61, 134, Wed Aug 16 11:03:59 2023
155, 79, 135, Wed Aug 16 11:04:59 2023
167, 77, 146, Wed Aug 16 11:05:59 2023
146, 69, 127, Wed Aug 16 11:06:59 2023
157, 68, 133, Wed Aug 16 11:07:59 2023
155, 62, 108, Wed Aug 16 11:08:59 2023
139, 59, 121, Wed Aug 16 11:09:59 2023
152, 65, 140, Wed Aug 16 11:10:59 2023
156, 69, 134, Wed Aug 16 11:11:59 2023
167, 73, 134, Wed Aug 16 11:12:59 2023
149, 71, 126, Wed Aug 16 11:13:59 2023
134, 66, 136, Wed Aug 16 11:14:59 2023
125, 58, 124, Wed Aug 16 11:15:59 2023
135, 59, 132, Wed Aug 16 11:16:59 2023
154, 67, 115, Wed Aug 16 11:17:59 2023
152, 66, 132, Wed Aug 16 11:18:59 2023
166, 73, 136, Wed Aug 16 11:19:59 2023
146, 78, 151, Wed Aug 16 11:20:59 2023
157, 70, 144, Wed Aug 16 11:21:59 2023
164, 74, 142, Wed Aug 16 11:22:59 2023
137, 52, 117, Wed Aug 16 11:23:59 2023
145, 64, 132, Wed Aug 16 11:24:59 2023
146, 63, 121, Wed Aug 16 11:25:59 2023
139, 64, 130, Wed Aug 16 11:26:59 2023
159, 66, 126, Wed Aug 16 11:27:59 2023
152, 61, 123, Wed Aug 16 11:28:59 2023
162, 74, 160, Wed Aug 16 11:29:59 2023
146, 56, 124, Wed Aug 16 11:30:59 2023
132, 68, 133, Wed Aug 16 11:31:59 2023
157, 74, 144, Wed Aug 16 11:32:59 2023
146, 76, 136, Wed Aug 16 11:33:59 2023
140, 58, 131, Wed Aug 16 11:34:59 2023
151, 71, 161, Wed Aug 16 11:35:59 2023
159, 61, 122, Wed Aug 16 11:36:59 2023
154, 70, 136, Wed Aug 16 11:37:59 2023
163, 79, 137, Wed Aug 16 11:38:59 2023
160, 81, 132, Wed Aug 16 11:39:59 2023
165, 63, 128, Wed Aug 16 11:40:59 2023
162, 73, 139, Wed Aug 16 11:41:59 2023
164, 67, 118, Wed Aug 16 11:42:59 2023
127, 50, 117, Wed Aug 16 11:43:59 2023
158, 79, 154, Wed Aug 16 11:44:59 2023
163, 65, 118, Wed Aug 16 11:45:59 2023
150, 59, 104, Wed Aug 16 11:46:59 2023
145, 70, 147, Wed Aug 16 11:47:59 2023
152, 82, 148, Wed Aug 16 11:48:59 2023
161, 72, 159, Wed Aug 16 11:49:59 2023
151, 76, 134, Wed Aug 16 11:50:59 2023
137, 66, 137, Wed Aug 16 11:51:59 2023
133, 68, 137, Wed Aug 16 11:52:59 2023
153, 55, 125, Wed Aug 16 11:53:59 2023
126, 51, 127, Wed Aug 16 11:54:59 2023
170, 75, 137, Wed Aug 16 11:55:59 2023
132, 65, 132, Wed Aug 16 11:56:59 2023
143, 64, 120, Wed Aug 16 11:57:59 2023
156, 78, 146, Wed Aug 16 11:58:59 2023
137, 51, 117, Wed Aug 16 11:59:59 2023
139, 63, 148, Wed Aug 16 12:00:59 2023
155, 72, 150, Wed Aug 16 12:01:59 2023
161, 69, 138, Wed Aug 16 12:02:59 2023
154, 59, 141, Wed Aug 16 12:03:59 2023
141, 59, 123, Wed Aug 16 12:04:59 2023
156, 71, 132, Wed Aug 16 12:05:59 2023
150, 66, 137, Wed Aug 16 12:06:59 2023
164, 69, 124, Wed Aug 16 12:07:59 2023
155, 67, 127, Wed Aug 16 12:08:59 2023
157, 85, 164, Wed Aug 16 12:09:59 2023
150, 73, 146, Wed Aug 16 12:10:59 2023
155, 77, 156, Wed Aug 16 12:11:59 2023
146, 60, 138, Wed Aug 16 12:12:59 2023
153, 73, 138, Wed Aug 16 12:13:59 2023
159, 74, 128, Wed Aug 16 12:14:59 2023
151, 62, 104, Wed Aug 16 12:15:59 2023
153, 77, 141, Wed Aug 16 12:16:59 2023
151, 78, 129, Wed Aug 16 12:17:59 2023
148, 56, 113, Wed Aug 16 12:18:59 2023
149, 73, 144, Wed Aug 16 12:19:59 2023
139, 67, 139, Wed Aug 16 12:20:59 2023
155, 66, 143, Wed Aug 16 12:21:59 2023
152, 65, 150, Wed Aug 16 12:22:59 2023
155, 78, 125, Wed Aug 16 12:23:59 2023
149, 58, 126, Wed Aug 16 12:24:59 2023
158, 62, 132, Wed Aug 16 12:25:59 2023
173, 84, 161, Wed Aug 16 12:26:59 2023
155, 66, 133, Wed Aug 16 12:27:59 2023
162, 68, 145, Wed Aug 16 12:28:59 2023
157, 74, 136, Wed Aug 16 12:29:59 2023
143, 55, 124, Wed Aug 16 12:30:59 2023
152, 65, 136, Wed Aug 16 12:31:59 2023
147, 48, 118, Wed Aug 16 12:32:59 2023
170, 80, 145, Wed Aug 16 12:33:59 2023
148, 66, 137, Wed Aug 16 12:34:59 2023
127, 65, 137, Wed Aug 16 12:35:59 2023
176, 71, 140, Wed Aug 16 12:36:59 2023
136, 62, 120, Wed Aug 16 12:37:59 2023
162, 84, 150, Wed Aug 16 12:38:59 2023
170, 66, 143, Wed Aug 16 12:39:59 2023
164, 74, 145, Wed Aug 16 12:40:59 2023
152, 75, 142, Wed Aug 16 12:41:59 2023
145, 66, 123, Wed Aug 16 12:42:59 2023
150, 74, 152, Wed Aug 16 12:43:59 2023
137, 64, 134, Wed Aug 16 12:44:59 2023
150, 72, 168, Wed Aug 16 12:45:59 2023
150, 62, 141, Wed Aug 16 12:46:59 2023
139, 63, 149, Wed Aug 16 12:47:59 2023
141, 60, 133, Wed Aug 16 12:48:59 2023
147, 74, 149, Wed Aug 16 12:49:59 2023
163, 70, 134, Wed Aug 16 12:50:59 2023
169, 76, 151, Wed Aug 16 12:51:59 2023
158, 74, 154, Wed Aug 16 12:52:59 2023
160, 70, 154, Wed Aug 16 12:53:59 2023
146, 75, 157, Wed Aug 16 12:54:59 2023
139, 57, 123, Wed Aug 16 12:55:59 2023
143, 80, 172, Wed Aug 16 12:56:59 2023
138, 62, 135, Wed Aug 16 12:57:59 2023
142, 66, 127, Wed Aug 16 12:58:59 2023
163, 80, 156, Wed Aug 16 12:59:59 2023
161, 72, 136, Wed Aug 16 13:00:59 2023
145, 59, 120, Wed Aug 16 13:01:59 2023
144, 64, 134, Wed Aug 16 13:02:59 2023
150, 69, 136, Wed Aug 16 13:03:59 2023
154, 67, 145, Wed Aug 16 13:04:59 2023
163, 73, 143, Wed Aug 16 13:05:59 2023
162, 73, 143, Wed Aug 16 13:06:59 2023
138, 62, 133, Wed Aug 16 13:07:59 2023
144, 68, 144, Wed Aug 16 13:08:59 2023
161, 79, 152, Wed Aug 16 13:09:59 2023
143, 75, 128, Wed Aug 16 13:10:59 2023
160, 75, 132, Wed Aug 16 13:11:59 2023
148, 74, 137, Wed Aug 16 13:12:59 2023
129, 57, 128, Wed Aug 16 13:13:59 2023
133, 59, 113, Wed Aug 16 13:14:59 2023
143, 66, 126, Wed Aug 16 13:15:59 2023
158, 81, 148, Wed Aug 16 13:16:59 2023
169, 95, 153, Wed Aug 16 13:17:59 2023
167, 70, 140, Wed Aug 16 13:18:59 2023
170, 78, 167, Wed Aug 16 13:19:59 2023
162, 79, 139, Wed Aug 16 13:20:59 2023
140, 65, 121, Wed Aug 16 13:21:59 2023
156, 70, 138, Wed Aug 16 13:22:59 2023
137, 68, 142, Wed Aug 16 13:23:59 2023
168, 65, 127, Wed Aug 16 13:24:59 2023
155, 64, 124, Wed Aug 16 13:25:59 2023
137, 66, 116, Wed Aug 16 13:26:59 2023
167, 71, 136, Wed Aug 16 13:27:59 2023
159, 65, 116, Wed Aug 16 13:28:59 2023
164, 77, 153, Wed Aug 16 13:29:59 2023
173, 88, 152, Wed Aug 16 13:30:59 2023
161, 76, 133, Wed Aug 16 13:31:59 2023
173, 85, 139, Wed Aug 16 13:32:59 2023
158, 74, 135, Wed Aug 16 13:33:59 2023
151, 61, 139, Wed Aug 16 13:34:59 2023
162, 64, 137, Wed Aug 16 13:35:59 2023
152, 73, 150, Wed Aug 16 13:36:59 2023
137, 61, 125, Wed Aug 16 13:37:59 2023
154, 76, 136, Wed Aug 16 13:38:59 2023
142, 63, 125, Wed Aug 16 13:39:59 2023
151, 64, 126, Wed Aug 16 13:40:59 2023
163, 88, 152, Wed Aug 16 13:41:59 2023
174, 78, 152, Wed Aug 16 13:42:59 2023
168, 73, 156, Wed Aug 16 13:43:59 2023
136, 60, 115, Wed Aug 16 13:44:59 2023
157, 70, 124, Wed Aug 16 13:45:59 2023
165, 70, 164, Wed Aug 16 13:46:59 2023
171, 79, 140, Wed Aug 16 13:47:59 2023
131, 67, 143, Wed Aug 16 13:48:59 2023
156, 72, 135, Wed Aug 16 13:49:59 2023
162, 74, 138, Wed Aug 16 13:50:59 2023
152, 70, 163, Wed Aug 16 13:51:59 2023
137, 66, 135, Wed Aug 16 13:52:59 2023
165, 83, 133, Wed Aug 16 13:53:59 2023
170, 84, 150, Wed Aug 16 13:54:59 2023
155, 75, 163, Wed Aug 16 13:55:59 2023
147, 73, 151, Wed Aug 16 13:56:59 2023
151, 64, 138, Wed Aug 16 13:57:59 2023
164, 75, 142, Wed Aug 16 13:58:59 2023
144, 67, 131, Wed Aug 16 13:59:59 2023
133, 59, 116, Wed Aug 16 14:00:59 2023
151, 72, 134, Wed Aug 16 14:01:59 2023
160, 65, 125, Wed Aug 16 14:02:59 2023
143, 71, 147, Wed Aug 16 14:03:59 2023
152, 67, 127, Wed Aug 16 14:04:59 2023
157, 66, 138, Wed Aug 16 14:05:59 2023
152, 69, 135, Wed Aug 16 14:06:59 2023
156, 69, 146, Wed Aug 16 14:07:59 2023
155, 73, 133, Wed Aug 16 14:08:59 2023
132, 56, 131, Wed Aug 16 14:09:59 2023
152, 77, 149, Wed Aug 16 14:10:59 2023
150, 63, 126, Wed Aug 16 14:11:59 2023
140, 77, 158, Wed Aug 16 14:12:59 2023
142, 55, 134, Wed Aug 16 14:13:59 2023
166, 83, 161, Wed Aug 16 14:14:59 2023
