149, 57, 125, Sun Feb 25 06:26:31 2024
153, 68, 113, Sun Feb 25 06:27:31 2024
157, 75, 116, Sun Feb 25 06:28:31 2024
165, 66, 117, Sun Feb 25 06:29:31 2024
158, 64, 102, Sun Feb 25 06:30:31 2024
142, 62, 113, Sun Feb 25 07:00:22 2024
133, 62, 122, Sun Feb 25 07:01:22 2024
147, 66, 122, Sun Feb 25 07:02:22 2024
138, 54, 102, Sun Feb 25 07:03:22 2024
163, 86, 142, Sun Feb 25 07:04:22 2024
145, 63, 112, Sun Feb 25 07:05:22 2024
136, 59, 115, Sun Feb 25 07:06:22 2024
142, 59, 104, Sun Feb 25 07:07:22 2024
159, 72, 140, Sun Feb 25 07:08:22 2024
134, 58, 114, Sun Feb 25 07:09:22 2024
142, 66, 117, Sun Feb 25 07:10:22 2024
136, 69, 122, Sun Feb 25 07:11:22 2024
151, 71, 126, Sun Feb 25 07:12:22 2024
159, 70, 126, Sun Feb 25 07:13:22 2024
138, 54, 110, Sun Feb 25 07:14:22 2024
143, 69, 126, Sun Feb 25 07:15:22 2024
152, 65, 121, Sun Feb 25 07:16:22 2024
141, 66, 107, Sun Feb 25 07:17:22 2024
128, 49, 98, Sun Feb 25 07:18:22 2024
170, 84, 153, Sun Feb 25 07:19:22 2024
135, 57, 115, Sun Feb 25 07:20:22 2024
159, 62, 132, Sun Feb 25 07:21:22 2024
167, 75, 137, Sun Feb 25 07:22:22 2024
158, 67, 105, Sun Feb 25 07:23:22 2024
146, 66, 113, Sun Feb 25 07:24:22 2024
153, 78, 129, Sun Feb 25 07:25:22 2024
154, 63, 118, Sun Feb 25 07:26:22 2024
135, 56, 107, Sun Feb 25 07:27:22 2024
133, 57, 121, Sun Feb 25 07:28:22 2024
127, 63, 121, Sun Feb 25 07:29:22 2024
162, 80, 131, Sun Feb 25 07:30:22 2024
153, 65, 113, Sun Feb 25 07:31:22 2024
164, 71, 131, Sun Feb 25 07:32:22 2024
152, 67, 125, Sun Feb 25 07:33:22 2024
137, 55, 98, Sun Feb 25 07:34:22 2024
151, 64, 117, Sun Feb 25 07:35:22 2024
138, 64, 112, Sun Feb 25 07:36:22 2024
136, 59, 122, Sun Feb 25 07:37:22 2024
132, 69, 135, Sun Feb 25 07:38:22 2024
163, 73, 123, Sun Feb 25 07:39:22 2024
155, 78, 122, Sun Feb 25 07:40:22 2024
160, 72, 123, Sun Feb 25 07:41:22 2024
157, 78, 131, Sun Feb 25 07:42:22 2024
138, 67, 133, Sun Feb 25 07:43:22 2024
150, 66, 116, Sun Feb 25 07:44:22 2024
156, 65, 124, Sun Feb 25 07:45:22 2024
132, 59, 112, Sun Feb 25 07:46:22 2024
136, 53, 116, Sun Feb 25 07:47:22 2024
129, 55, 112, Sun Feb 25 07:48:22 2024
142, 53, 114, Sun Feb 25 07:49:22 2024
131, 49, 106, Sun Feb 25 07:50:22 2024
147, 81, 146, Sun Feb 25 07:51:22 2024
167, 78, 135, Sun Feb 25 07:52:22 2024
134, 68, 115, Sun Feb 25 07:53:22 2024
146, 76, 135, Sun Feb 25 07:54:22 2024
128, 57, 101, Sun Feb 25 07:55:22 2024
151, 63, 114, Sun Feb 25 07:56:22 2024
143, 69, 133, Sun Feb 25 07:57:22 2024
144, 70, 111, Sun Feb 25 07:58:22 2024
159, 76, 142, Sun Feb 25 07:59:22 2024
129, 63, 109, Sun Feb 25 08:00:22 2024
135, 66, 125, Sun Feb 25 08:01:22 2024
148, 70, 131, Sun Feb 25 08:02:22 2024
176, 71, 128, Sun Feb 25 08:03:22 2024
135, 49, 111, Sun Feb 25 08:04:22 2024
133, 50, 114, Sun Feb 25 08:05:22 2024
110, 49, 100, Sun Feb 25 08:06:22 2024
158, 80, 141, Sun Feb 25 08:07:22 2024
133, 59, 108, Sun Feb 25 08:08:22 2024
139, 65, 115, Sun Feb 25 08:09:22 2024
148, 65, 126, Sun Feb 25 08:10:22 2024
160, 89, 145, Sun Feb 25 08:11:22 2024
151, 74, 138, Sun Feb 25 08:12:22 2024
134, 60, 119, Sun Feb 25 08:13:22 2024
145, 62, 115, Sun Feb 25 08:14:22 2024
146, 64, 119, Sun Feb 25 08:15:22 2024
141, 68, 130, Sun Feb 25 08:16:22 2024
146, 61, 148, Sun Feb 25 08:17:22 2024
161, 73, 124, Sun Feb 25 08:18:22 2024
161, 81, 153, Sun Feb 25 08:19:22 2024
142, 51, 108, Sun Feb 25 08:20:22 2024
161, 69, 113, Sun Feb 25 08:21:22 2024
133, 69, 115, Sun Feb 25 08:22:22 2024
136, 57, 113, Sun Feb 25 08:23:22 2024
142, 51, 98, Sun Feb 25 08:24:22 2024
161, 70, 127, Sun Feb 25 08:25:22 2024
156, 67, 120, Sun Feb 25 08:26:22 2024
143, 57, 121, Sun Feb 25 08:27:22 2024
168, 67, 135, Sun Feb 25 08:28:22 2024
172, 84, 143, Sun Feb 25 08:29:22 2024
151, 69, 125, Sun Feb 25 08:30:22 2024
121, 46, 93, Sun Feb 25 08:31:22 2024
141, 68, 118, Sun Feb 25 08:32:22 2024
136, 59, 116, Sun Feb 25 08:33:22 2024
138, 68, 130, Sun Feb 25 08:34:22 2024
130, 60, 96, Sun Feb 25 08:35:22 2024
133, 56, 120, Sun Feb 25 08:36:22 2024
140, 45, 104, Sun Feb 25 08:37:22 2024
156, 69, 133, Sun Feb 25 08:38:22 2024
148, 64, 117, Sun Feb 25 08:39:22 2024
165, 71, 127, Sun Feb 25 08:40:22 2024
144, 62, 113, Sun Feb 25 08:41:22 2024
110, 49, 113, Sun Feb 25 08:42:22 2024
164, 66, 121, Sun Feb 25 08:43:22 2024
141, 53, 114, Sun Feb 25 08:44:22 2024
149, 73, 105, Sun Feb 25 08:45:22 2024
148, 57, 123, Sun Feb 25 08:46:22 2024
128, 56, 113, Sun Feb 25 08:47:22 2024
151, 75, 130, Sun Feb 25 08:48:22 2024
152, 71, 135, Sun Feb 25 08:49:22 2024
160, 68, 126, Sun Feb 25 08:50:22 2024
130, 60, 115, Sun Feb 25 08:51:22 2024
142, 66, 107, Sun Feb 25 08:52:22 2024
146, 73, 127, Sun Feb 25 08:53:22 2024
131, 66, 123, Sun Feb 25 08:54:22 2024
169, 78, 134, Sun Feb 25 08:55:22 2024
159, 68, 127, Sun Feb 25 08:56:22 2024
142, 63, 121, Sun Feb 25 08:57:22 2024
158, 65, 113, Sun Feb 25 08:58:22 2024
151, 74, 141, Sun Feb 25 08:59:22 2024
146, 62, 116, Sun Feb 25 09:00:22 2024
147, 61, 126, Sun Feb 25 09:01:22 2024
156, 61, 113, Sun Feb 25 09:02:22 2024
147, 59, 124, Sun Feb 25 09:03:22 2024
126, 52, 107, Sun Feb 25 09:04:22 2024
145, 61, 102, Sun Feb 25 09:05:22 2024
152, 64, 116, Sun Feb 25 09:06:22 2024
171, 81, 151, Sun Feb 25 09:07:22 2024
140, 62, 121, Sun Feb 25 09:08:22 2024
140, 72, 120, Sun Feb 25 09:09:22 2024
151, 61, 123, Sun Feb 25 09:10:22 2024
156, 56, 113, Sun Feb 25 09:11:22 2024
154, 75, 126, Sun Feb 25 09:12:22 2024
127, 61, 112, Sun Feb 25 09:13:22 2024
158, 63, 111, Sun Feb 25 09:14:22 2024
154, 61, 122, Sun Feb 25 09:15:22 2024
156, 76, 135, Sun Feb 25 09:16:22 2024
155, 69, 120, Sun Feb 25 09:17:22 2024
165, 77, 140, Sun Feb 25 09:18:22 2024
157, 68, 107, Sun Feb 25 09:19:22 2024
140, 66, 127, Sun Feb 25 09:20:22 2024
149, 63, 122, Sun Feb 25 09:21:22 2024
125, 57, 113, Sun Feb 25 09:22:22 2024
146, 64, 118, Sun Feb 25 09:23:22 2024
114, 66, 107, Sun Feb 25 09:24:22 2024
125, 54, 114, Sun Feb 25 09:25:22 2024
132, 63, 122, Sun Feb 25 09:26:22 2024
135, 62, 108, Sun Feb 25 09:27:22 2024
148, 57, 108, Sun Feb 25 09:28:22 2024
147, 61, 125, Sun Feb 25 09:29:22 2024
136, 63, 105, Sun Feb 25 09:30:22 2024
135, 71, 120, Sun Feb 25 09:31:22 2024
151, 58, 101, Sun Feb 25 09:32:22 2024
136, 64, 132, Sun Feb 25 09:33:22 2024
136, 56, 109, Sun Feb 25 09:34:22 2024
156, 66, 123, Sun Feb 25 09:35:22 2024
160, 66, 116, Sun Feb 25 09:36:22 2024
152, 72, 123, Sun Feb 25 09:37:22 2024
164, 57, 109, Sun Feb 25 09:38:22 2024
159, 66, 105, Sun Feb 25 09:39:22 2024
157, 71, 122, Sun Feb 25 09:40:22 2024
146, 65, 115, Sun Feb 25 09:41:22 2024
142, 65, 103, Sun Feb 25 09:42:22 2024
155, 67, 114, Sun Feb 25 09:43:22 2024
145, 60, 123, Sun Feb 25 09:44:22 2024
124, 51, 122, Sun Feb 25 09:45:22 2024
141, 58, 110, Sun Feb 25 09:46:22 2024
136, 70, 125, Sun Feb 25 09:47:22 2024
162, 58, 132, Sun Feb 25 09:48:22 2024
135, 56, 121, Sun Feb 25 09:49:22 2024
127, 64, 117, Sun Feb 25 09:50:22 2024
145, 67, 129, Sun Feb 25 09:51:22 2024
145, 71, 123, Sun Feb 25 09:52:22 2024
138, 59, 128, Sun Feb 25 09:53:22 2024
128, 56, 107, Sun Feb 25 09:54:22 2024
154, 57, 123, Sun Feb 25 09:55:22 2024
153, 62, 112, Sun Feb 25 09:56:22 2024
117, 56, 106, Sun Feb 25 09:57:22 2024
153, 72, 144, Sun Feb 25 09:58:22 2024
151, 63, 118, Sun Feb 25 09:59:22 2024
165, 75, 129, Sun Feb 25 10:00:22 2024
164, 69, 138, Sun Feb 25 10:01:22 2024
138, 66, 115, Sun Feb 25 10:02:22 2024
142, 66, 121, Sun Feb 25 10:03:22 2024
134, 58, 115, Sun Feb 25 10:04:22 2024
145, 64, 117, Sun Feb 25 10:05:22 2024
138, 62, 131, Sun Feb 25 10:06:22 2024
141, 65, 117, Sun Feb 25 10:07:22 2024
165, 70, 131, Sun Feb 25 10:08:22 2024
166, 72, 119, Sun Feb 25 10:09:22 2024
156, 64, 122, Sun Feb 25 10:10:22 2024
186, 72, 115, Sun Feb 25 10:11:22 2024
144, 64, 124, Sun Feb 25 10:12:22 2024
122, 48, 112, Sun Feb 25 10:13:22 2024
163, 61, 126, Sun Feb 25 10:14:22 2024
160, 71, 138, Sun Feb 25 10:15:22 2024
152, 63, 133, Sun Feb 25 10:16:22 2024
144, 65, 115, Sun Feb 25 10:17:22 2024
159, 78, 133, Sun Feb 25 10:18:22 2024
152, 70, 135, Sun Feb 25 10:19:22 2024
137, 59, 102, Sun Feb 25 10:20:22 2024
143, 63, 129, Sun Feb 25 10:21:22 2024
159, 75, 132, Sun Feb 25 10:22:22 2024
135, 62, 112, Sun Feb 25 10:23:22 2024
150, 67, 113, Sun Feb 25 10:24:22 2024
134, 55, 112, Sun Feb 25 10:25:22 2024
142, 67, 115, Sun Feb 25 10:26:22 2024
152, 61, 110, Sun Feb 25 10:27:22 2024
159, 70, 129, Sun Feb 25 10:28:22 2024
140, 74, 119, Sun Feb 25 10:29:22 2024
164, 73, 126, Sun Feb 25 10:30:22 2024
156, 60, 114, Sun Feb 25 10:31:22 2024
147, 68, 124, Sun Feb 25 10:32:22 2024
140, 51, 113, Sun Feb 25 10:33:22 2024
130, 67, 112, Sun Feb 25 10:34:22 2024
154, 72, 121, Sun Feb 25 10:35:22 2024
165, 68, 127, Sun Feb 25 10:36:22 2024
145, 73, 117, Sun Feb 25 10:37:22 2024
154, 67, 125, Sun Feb 25 10:38:22 2024
127, 45, 117, Sun Feb 25 10:39:22 2024
157, 69, 128, Sun Feb 25 10:40:22 2024
162, 70, 115, Sun Feb 25 10:41:22 2024
160, 71, 115, Sun Feb 25 10:42:22 2024
141, 70, 122, Sun Feb 25 10:43:22 2024
129, 67, 128, Sun Feb 25 10:44:22 2024
163, 78, 130, Sun Feb 25 10:45:22 2024
167, 50, 117, Sun Feb 25 10:46:22 2024
132, 46, 96, Sun Feb 25 10:47:22 2024
146, 61, 121, Sun Feb 25 10:48:22 2024
141, 72, 132, Sun Feb 25 10:49:22 2024
157, 74, 132, Sun Feb 25 10:50:22 2024
154, 69, 122, Sun Feb 25 10:51:22 2024
123, 54, 102, Sun Feb 25 10:52:22 2024
146, 68, 113, Sun Feb 25 10:53:22 2024
149, 69, 133, Sun Feb 25 10:54:22 2024
149, 67, 126, Sun Feb 25 10:55:22 2024
133, 50, 123, Sun Feb 25 10:56:22 2024
148, 71, 130, Sun Feb 25 10:57:22 2024
153, 62, 123, Sun Feb 25 10:58:22 2024
138, 60, 134, Sun Feb 25 10:59:22 2024
145, 69, 127, Sun Feb 25 11:00:22 2024
137, 67, 122, Sun Feb 25 11:01:22 2024
151, 60, 120, Sun Feb 25 11:02:22 2024
148, 64, 123, Sun Feb 25 11:03:22 2024
118, 53, 103, Sun Feb 25 11:04:22 2024
143, 60, 114, Sun Feb 25 11:05:22 2024
148, 72, 121, Sun Feb 25 11:06:22 2024
132, 54, 102, Sun Feb 25 11:07:22 2024
137, 62, 114, Sun Feb 25 11:08:22 2024
151, 70, 139, Sun Feb 25 11:09:22 2024
158, 69, 132, Sun Feb 25 11:10:22 2024
140, 60, 122, Sun Feb 25 11:11:22 2024
131, 67, 113, Sun Feb 25 11:12:22 2024
140, 55, 115, Sun Feb 25 11:13:22 2024
144, 64, 104, Sun Feb 25 11:14:22 2024
