135, 70, 157, Mon Apr 22 14:17:41 2024
157, 93, 180, Mon Apr 22 14:18:41 2024
125, 58, 138, Mon Apr 22 14:19:41 2024
109, 58, 142, Mon Apr 22 14:20:41 2024
110, 52, 146, Mon Apr 22 14:21:41 2024
127, 70, 152, Mon Apr 22 14:22:41 2024
150, 75, 160, Mon Apr 22 14:23:41 2024
126, 64, 140, Mon Apr 22 14:24:41 2024
123, 61, 133, Mon Apr 22 14:25:41 2024
90, 56, 135, Mon Apr 22 14:26:41 2024
130, 70, 161, Mon Apr 22 14:27:41 2024
122, 59, 136, Mon Apr 22 14:28:41 2024
132, 71, 151, Mon Apr 22 14:29:41 2024
161, 78, 146, Mon Apr 22 14:30:41 2024
113, 54, 157, Mon Apr 22 14:31:41 2024
128, 77, 168, Mon Apr 22 14:32:41 2024
114, 66, 133, Mon Apr 22 14:33:41 2024
127, 68, 159, Mon Apr 22 14:34:41 2024
120, 59, 140, Mon Apr 22 14:35:41 2024
119, 63, 144, Mon Apr 22 14:36:41 2024
143, 89, 162, Mon Apr 22 14:37:41 2024
117, 71, 147, Mon Apr 22 14:38:41 2024
99, 55, 139, Mon Apr 22 14:39:41 2024
148, 73, 126, Mon Apr 22 14:40:41 2024
141, 68, 143, Mon Apr 22 14:41:41 2024
106, 47, 130, Mon Apr 22 14:42:41 2024
126, 60, 146, Mon Apr 22 14:43:41 2024
115, 57, 134, Mon Apr 22 14:44:41 2024
143, 76, 167, Mon Apr 22 14:45:41 2024
117, 61, 151, Mon Apr 22 14:46:41 2024
135, 76, 142, Mon Apr 22 14:47:41 2024
127, 78, 174, Mon Apr 22 14:48:41 2024
125, 72, 160, Mon Apr 22 14:49:41 2024
123, 74, 160, Mon Apr 22 14:50:41 2024
126, 75, 153, Mon Apr 22 14:51:41 2024
129, 69, 149, Mon Apr 22 14:52:41 2024
138, 76, 167, Mon Apr 22 14:53:41 2024
114, 56, 148, Mon Apr 22 14:54:41 2024
137, 65, 153, Mon Apr 22 14:55:41 2024
136, 69, 151, Mon Apr 22 14:56:41 2024
131, 70, 156, Mon Apr 22 14:57:41 2024
129, 69, 161, Mon Apr 22 14:58:41 2024
133, 65, 153, Mon Apr 22 14:59:41 2024
148, 75, 165, Mon Apr 22 15:00:41 2024
128, 68, 155, Mon Apr 22 15:01:41 2024
135, 75, 142, Mon Apr 22 15:02:41 2024
137, 77, 148, Mon Apr 22 15:03:41 2024
127, 74, 141, Mon Apr 22 15:04:41 2024
121, 66, 141, Mon Apr 22 15:05:41 2024
115, 53, 161, Mon Apr 22 15:06:41 2024
130, 67, 137, Mon Apr 22 15:07:41 2024
133, 76, 165, Mon Apr 22 15:08:41 2024
130, 64, 157, Mon Apr 22 15:09:41 2024
123, 67, 147, Mon Apr 22 15:10:41 2024
143, 68, 160, Mon Apr 22 15:11:41 2024
116, 71, 147, Mon Apr 22 15:12:41 2024
139, 73, 150, Mon Apr 22 15:13:41 2024
130, 70, 163, Mon Apr 22 15:14:41 2024
127, 76, 148, Mon Apr 22 15:15:41 2024
143, 67, 138, Mon Apr 22 15:16:41 2024
138, 63, 149, Mon Apr 22 15:17:41 2024
138, 78, 153, Mon Apr 22 15:18:41 2024
126, 72, 158, Mon Apr 22 15:19:41 2024
138, 67, 167, Mon Apr 22 15:20:41 2024
141, 78, 166, Mon Apr 22 15:21:41 2024
122, 73, 142, Mon Apr 22 15:22:41 2024
109, 55, 134, Mon Apr 22 15:23:41 2024
129, 69, 156, Mon Apr 22 15:24:41 2024
131, 73, 166, Mon Apr 22 15:25:41 2024
116, 58, 135, Mon Apr 22 15:26:41 2024
138, 68, 148, Mon Apr 22 15:27:41 2024
141, 71, 158, Mon Apr 22 15:28:41 2024
135, 70, 162, Mon Apr 22 15:29:41 2024
113, 59, 154, Mon Apr 22 15:30:41 2024
110, 58, 141, Mon Apr 22 15:31:41 2024
141, 67, 151, Mon Apr 22 15:32:41 2024
115, 76, 144, Mon Apr 22 15:33:41 2024
134, 77, 176, Mon Apr 22 15:34:41 2024
131, 66, 159, Mon Apr 22 15:35:41 2024
122, 65, 146, Mon Apr 22 15:36:41 2024
120, 71, 165, Mon Apr 22 15:37:41 2024
127, 64, 145, Mon Apr 22 15:38:41 2024
140, 73, 141, Mon Apr 22 15:39:41 2024
120, 59, 150, Mon Apr 22 15:40:41 2024
148, 82, 160, Mon Apr 22 15:41:41 2024
139, 68, 164, Mon Apr 22 15:42:41 2024
134, 73, 154, Mon Apr 22 15:43:41 2024
139, 78, 171, Mon Apr 22 15:44:41 2024
112, 62, 134, Mon Apr 22 15:45:41 2024
129, 74, 148, Mon Apr 22 15:46:41 2024
136, 64, 159, Mon Apr 22 15:47:41 2024
123, 70, 147, Mon Apr 22 15:48:41 2024
120, 79, 145, Mon Apr 22 15:49:41 2024
135, 78, 160, Mon Apr 22 15:50:41 2024
128, 72, 145, Mon Apr 22 15:51:41 2024
119, 62, 157, Mon Apr 22 15:52:41 2024
139, 82, 156, Mon Apr 22 15:53:41 2024
128, 70, 165, Mon Apr 22 15:54:41 2024
120, 63, 136, Mon Apr 22 15:55:41 2024
119, 63, 149, Mon Apr 22 15:56:41 2024
158, 76, 152, Mon Apr 22 15:57:41 2024
131, 64, 133, Mon Apr 22 15:58:41 2024
127, 79, 161, Mon Apr 22 15:59:41 2024
132, 60, 157, Mon Apr 22 16:00:41 2024
146, 81, 160, Mon Apr 22 16:01:41 2024
146, 74, 150, Mon Apr 22 16:02:41 2024
139, 86, 151, Mon Apr 22 16:03:41 2024
115, 59, 162, Mon Apr 22 16:04:41 2024
119, 67, 152, Mon Apr 22 16:05:41 2024
112, 58, 145, Mon Apr 22 16:06:41 2024
116, 60, 158, Mon Apr 22 16:07:41 2024
124, 62, 172, Mon Apr 22 16:08:41 2024
138, 85, 175, Mon Apr 22 16:09:41 2024
124, 68, 140, Mon Apr 22 16:10:41 2024
127, 59, 155, Mon Apr 22 16:11:41 2024
130, 69, 159, Mon Apr 22 16:12:41 2024
131, 70, 162, Mon Apr 22 16:13:41 2024
155, 79, 172, Mon Apr 22 16:14:41 2024
135, 62, 154, Mon Apr 22 16:15:41 2024
131, 69, 156, Mon Apr 22 16:16:41 2024
109, 55, 136, Mon Apr 22 16:17:41 2024
123, 58, 133, Mon Apr 22 16:18:41 2024
131, 65, 153, Mon Apr 22 16:19:41 2024
140, 81, 152, Mon Apr 22 16:20:41 2024
144, 90, 165, Mon Apr 22 16:21:41 2024
126, 61, 141, Mon Apr 22 16:22:41 2024
126, 74, 162, Mon Apr 22 16:23:41 2024
113, 72, 156, Mon Apr 22 16:24:41 2024
140, 71, 155, Mon Apr 22 16:25:41 2024
119, 65, 132, Mon Apr 22 16:26:41 2024
136, 80, 160, Mon Apr 22 16:27:41 2024
114, 61, 140, Mon Apr 22 16:28:41 2024
139, 67, 165, Mon Apr 22 16:29:41 2024
116, 58, 139, Mon Apr 22 16:30:41 2024
107, 65, 154, Mon Apr 22 16:31:41 2024
86, 49, 135, Mon Apr 22 16:32:41 2024
135, 75, 157, Mon Apr 22 16:33:41 2024
125, 69, 143, Mon Apr 22 16:34:41 2024
123, 65, 156, Mon Apr 22 16:35:41 2024
130, 70, 144, Mon Apr 22 16:36:41 2024
129, 58, 167, Mon Apr 22 16:37:41 2024
131, 58, 145, Mon Apr 22 16:38:41 2024
124, 63, 144, Mon Apr 22 16:39:41 2024
134, 80, 147, Mon Apr 22 16:40:41 2024
137, 76, 172, Mon Apr 22 16:41:41 2024
109, 65, 147, Mon Apr 22 16:42:41 2024
147, 81, 166, Mon Apr 22 16:43:41 2024
126, 67, 145, Mon Apr 22 16:44:41 2024
99, 55, 135, Mon Apr 22 16:45:41 2024
126, 64, 150, Mon Apr 22 16:46:41 2024
132, 67, 160, Mon Apr 22 16:47:41 2024
126, 76, 167, Mon Apr 22 16:48:41 2024
139, 83, 162, Mon Apr 22 16:49:41 2024
133, 56, 142, Mon Apr 22 16:50:41 2024
129, 75, 155, Mon Apr 22 16:51:41 2024
131, 75, 154, Mon Apr 22 16:52:41 2024
134, 71, 149, Mon Apr 22 16:53:41 2024
163, 80, 162, Mon Apr 22 16:54:41 2024
142, 66, 149, Mon Apr 22 16:55:41 2024
127, 60, 150, Mon Apr 22 16:56:41 2024
122, 54, 154, Mon Apr 22 16:57:41 2024
128, 63, 156, Mon Apr 22 16:58:41 2024
129, 64, 136, Mon Apr 22 16:59:41 2024
117, 66, 157, Mon Apr 22 17:00:41 2024
112, 64, 149, Mon Apr 22 17:01:41 2024
136, 73, 158, Mon Apr 22 17:02:41 2024
123, 70, 139, Mon Apr 22 17:03:41 2024
125, 84, 171, Mon Apr 22 17:04:41 2024
123, 64, 172, Mon Apr 22 17:05:41 2024
136, 74, 160, Mon Apr 22 17:06:41 2024
142, 86, 160, Mon Apr 22 17:07:41 2024
112, 60, 136, Mon Apr 22 17:08:41 2024
136, 76, 170, Mon Apr 22 17:09:41 2024
137, 84, 168, Mon Apr 22 17:10:41 2024
139, 74, 164, Mon Apr 22 17:11:41 2024
128, 70, 157, Mon Apr 22 17:12:41 2024
120, 68, 140, Mon Apr 22 17:13:41 2024
146, 89, 163, Mon Apr 22 17:14:41 2024
128, 66, 151, Mon Apr 22 17:15:41 2024
98, 53, 119, Mon Apr 22 17:16:41 2024
132, 66, 156, Mon Apr 22 17:17:41 2024
114, 56, 143, Mon Apr 22 17:18:41 2024
132, 75, 170, Mon Apr 22 17:19:41 2024
142, 82, 169, Mon Apr 22 17:20:41 2024
136, 75, 149, Mon Apr 22 17:21:41 2024
134, 68, 144, Mon Apr 22 17:22:41 2024
104, 49, 126, Mon Apr 22 17:23:41 2024
140, 70, 158, Mon Apr 22 17:24:41 2024
132, 66, 138, Mon Apr 22 17:25:41 2024
121, 72, 136, Mon Apr 22 17:26:41 2024
141, 85, 149, Mon Apr 22 17:27:41 2024
147, 85, 169, Mon Apr 22 17:28:41 2024
146, 83, 176, Mon Apr 22 17:29:41 2024
120, 60, 132, Mon Apr 22 17:30:41 2024
139, 69, 164, Mon Apr 22 17:31:41 2024
123, 54, 137, Mon Apr 22 17:32:41 2024
137, 73, 158, Mon Apr 22 17:33:41 2024
130, 74, 152, Mon Apr 22 17:34:41 2024
129, 74, 153, Mon Apr 22 17:35:41 2024
123, 66, 140, Mon Apr 22 17:36:41 2024
115, 62, 142, Mon Apr 22 17:37:41 2024
133, 61, 146, Mon Apr 22 17:38:41 2024
107, 60, 136, Mon Apr 22 17:39:41 2024
121, 69, 171, Mon Apr 22 17:40:41 2024
145, 73, 171, Mon Apr 22 17:41:41 2024
147, 81, 179, Mon Apr 22 17:42:41 2024
129, 64, 151, Mon Apr 22 17:43:41 2024
163, 81, 168, Mon Apr 22 17:44:41 2024
102, 63, 159, Mon Apr 22 17:45:41 2024
117, 59, 125, Mon Apr 22 17:46:41 2024
124, 63, 139, Mon Apr 22 17:47:41 2024
120, 74, 155, Mon Apr 22 17:48:41 2024
130, 73, 156, Mon Apr 22 17:49:41 2024
116, 54, 131, Mon Apr 22 17:50:41 2024
128, 85, 168, Mon Apr 22 17:51:41 2024
150, 88, 162, Mon Apr 22 17:52:41 2024
121, 67, 149, Mon Apr 22 17:53:41 2024
106, 64, 155, Mon Apr 22 17:54:41 2024
130, 68, 153, Mon Apr 22 17:55:41 2024
106, 49, 144, Mon Apr 22 17:56:41 2024
115, 76, 139, Mon Apr 22 17:57:41 2024
126, 63, 151, Mon Apr 22 17:58:41 2024
110, 68, 160, Mon Apr 22 17:59:41 2024
144, 84, 167, Mon Apr 22 18:00:41 2024
152, 86, 163, Mon Apr 22 18:01:41 2024
129, 75, 167, Mon Apr 22 18:02:41 2024
139, 66, 141, Mon Apr 22 18:03:41 2024
138, 81, 175, Mon Apr 22 18:04:41 2024
154, 80, 157, Mon Apr 22 18:05:41 2024
121, 67, 160, Mon Apr 22 18:06:41 2024
143, 67, 163, Mon Apr 22 18:07:41 2024
125, 68, 140, Mon Apr 22 18:08:41 2024
139, 87, 166, Mon Apr 22 18:09:41 2024
118, 73, 161, Mon Apr 22 18:10:41 2024
156, 89, 194, Mon Apr 22 18:11:41 2024
123, 59, 145, Mon Apr 22 18:12:41 2024
135, 65, 152, Mon Apr 22 18:13:41 2024
115, 67, 146, Mon Apr 22 18:14:41 2024
143, 76, 162, Mon Apr 22 18:15:41 2024
130, 69, 163, Mon Apr 22 18:16:41 2024
133, 65, 141, Mon Apr 22 18:17:41 2024
151, 84, 162, Mon Apr 22 18:18:41 2024
124, 71, 149, Mon Apr 22 18:19:41 2024
141, 77, 163, Mon Apr 22 18:20:41 2024
103, 48, 122, Mon Apr 22 18:21:41 2024
131, 75, 153, Mon Apr 22 18:22:41 2024
139, 64, 132, Mon Apr 22 18:23:41 2024
130, 77, 154, Mon Apr 22 18:24:41 2024
129, 79, 150, Mon Apr 22 18:25:41 2024
100, 55, 136, Mon Apr 22 18:26:41 2024
124, 67, 171, Mon Apr 22 18:27:41 2024
127, 62, 144, Mon Apr 22 18:28:41 2024
117, 70, 157, Mon Apr 22 18:29:41 2024
124, 76, 149, Mon Apr 22 18:30:41 2024
125, 70, 159, Mon Apr 22 18:31:41 2024
103, 53, 147, Mon Apr 22 18:32:41 2024
128, 81, 151, Mon Apr 22 18:33:41 2024
106, 52, 134, Mon Apr 22 18:34:41 2024
120, 68, 147, Mon Apr 22 18:35:41 2024
120, 66, 144, Mon Apr 22 18:36:41 2024
117, 63, 140, Mon Apr 22 18:37:41 2024
123, 69, 151, Mon Apr 22 18:38:41 2024
132, 64, 137, Mon Apr 22 18:39:41 2024
138, 65, 167, Mon Apr 22 18:40:41 2024
144, 57, 123, Mon Apr 22 18:41:41 2024
121, 68, 150, Mon Apr 22 18:42:41 2024
128, 58, 144, Mon Apr 22 18:43:41 2024
144, 69, 144, Mon Apr 22 18:44:41 2024
128, 73, 137, Mon Apr 22 18:45:41 2024
127, 64, 146, Mon Apr 22 18:46:41 2024
124, 65, 145, Mon Apr 22 18:47:41 2024
122, 62, 145, Mon Apr 22 18:48:41 2024
104, 55, 132, Mon Apr 22 18:49:41 2024
121, 62, 130, Mon Apr 22 18:50:41 2024
122, 71, 156, Mon Apr 22 18:51:41 2024
152, 80, 166, Mon Apr 22 18:52:41 2024
128, 90, 161, Mon Apr 22 18:53:41 2024
114, 61, 148, Mon Apr 22 18:54:41 2024
129, 62, 158, Mon Apr 22 18:55:41 2024
122, 64, 158, Mon Apr 22 18:56:41 2024
128, 68, 147, Mon Apr 22 18:57:41 2024
149, 85, 163, Mon Apr 22 18:58:41 2024
126, 68, 172, Mon Apr 22 18:59:41 2024
126, 81, 172, Mon Apr 22 19:00:41 2024
117, 76, 147, Mon Apr 22 19:01:41 2024
116, 50, 137, Mon Apr 22 19:02:41 2024
152, 85, 154, Mon Apr 22 19:03:41 2024
141, 74, 150, Mon Apr 22 19:04:41 2024
123, 71, 134, Mon Apr 22 19:05:41 2024
134, 69, 150, Mon Apr 22 19:06:41 2024
126, 58, 150, Mon Apr 22 19:07:41 2024
114, 63, 130, Mon Apr 22 19:08:41 2024
111, 62, 143, Mon Apr 22 19:09:41 2024
138, 77, 160, Mon Apr 22 19:10:41 2024
131, 61, 126, Mon Apr 22 19:11:41 2024
117, 55, 134, Mon Apr 22 19:12:41 2024
132, 60, 134, Mon Apr 22 19:13:41 2024
129, 72, 148, Mon Apr 22 19:14:41 2024
134, 71, 154, Mon Apr 22 19:15:41 2024
138, 77, 164, Mon Apr 22 19:16:41 2024
108, 55, 146, Mon Apr 22 19:17:41 2024
135, 74, 156, Mon Apr 22 19:18:41 2024
125, 76, 153, Mon Apr 22 19:19:41 2024
128, 65, 130, Mon Apr 22 19:20:41 2024
124, 65, 137, Mon Apr 22 19:21:41 2024
126, 72, 160, Mon Apr 22 19:22:41 2024
126, 73, 156, Mon Apr 22 19:23:41 2024
126, 61, 141, Mon Apr 22 19:24:41 2024
131, 73, 143, Mon Apr 22 19:25:41 2024
134, 68, 155, Mon Apr 22 19:26:41 2024
137, 74, 162, Mon Apr 22 19:27:41 2024
120, 68, 154, Mon Apr 22 19:28:41 2024
121, 65, 150, Mon Apr 22 19:29:41 2024
118, 47, 141, Mon Apr 22 19:30:41 2024
128, 73, 145, Mon Apr 22 19:31:41 2024
110, 67, 145, Mon Apr 22 19:32:41 2024
141, 71, 166, Mon Apr 22 19:33:41 2024
116, 78, 166, Mon Apr 22 19:34:41 2024
125, 67, 145, Mon Apr 22 19:35:41 2024
128, 74, 146, Mon Apr 22 19:36:41 2024
129, 70, 146, Mon Apr 22 19:37:41 2024
123, 62, 141, Mon Apr 22 19:38:41 2024
107, 67, 131, Mon Apr 22 19:39:41 2024
118, 65, 147, Mon Apr 22 19:40:41 2024
129, 70, 164, Mon Apr 22 19:41:41 2024
128, 74, 142, Mon Apr 22 19:42:41 2024
136, 63, 145, Mon Apr 22 19:43:41 2024
139, 73, 145, Mon Apr 22 19:44:41 2024
122, 63, 142, Mon Apr 22 19:45:41 2024
104, 53, 130, Mon Apr 22 19:46:41 2024
118, 62, 139, Mon Apr 22 19:47:41 2024
123, 70, 146, Mon Apr 22 19:48:41 2024
119, 74, 162, Mon Apr 22 19:49:41 2024
125, 56, 135, Mon Apr 22 19:50:41 2024
135, 70, 151, Mon Apr 22 19:51:41 2024
127, 74, 155, Mon Apr 22 19:52:41 2024
138, 77, 159, Mon Apr 22 19:53:41 2024
139, 70, 147, Mon Apr 22 19:54:41 2024
113, 69, 151, Mon Apr 22 19:55:41 2024
130, 76, 163, Mon Apr 22 19:56:41 2024
125, 72, 167, Mon Apr 22 19:57:41 2024
137, 69, 151, Mon Apr 22 19:58:41 2024
118, 70, 141, Mon Apr 22 19:59:41 2024
120, 62, 147, Mon Apr 22 20:00:41 2024
137, 71, 148, Mon Apr 22 20:01:41 2024
117, 71, 153, Mon Apr 22 20:02:41 2024
134, 72, 150, Mon Apr 22 20:03:41 2024
127, 64, 141, Mon Apr 22 20:04:41 2024
137, 64, 134, Mon Apr 22 20:05:41 2024
111, 62, 132, Mon Apr 22 20:06:41 2024
133, 71, 160, Mon Apr 22 20:07:41 2024
119, 66, 131, Mon Apr 22 20:08:41 2024
139, 71, 150, Mon Apr 22 20:09:41 2024
148, 80, 171, Mon Apr 22 20:10:41 2024
134, 79, 152, Mon Apr 22 20:11:41 2024
111, 61, 130, Mon Apr 22 20:12:41 2024
118, 79, 171, Mon Apr 22 20:13:41 2024
119, 54, 139, Mon Apr 22 20:14:41 2024
104, 53, 134, Mon Apr 22 20:15:41 2024
113, 62, 144, Mon Apr 22 20:16:41 2024
131, 65, 141, Mon Apr 22 20:17:41 2024
113, 58, 129, Mon Apr 22 20:18:41 2024
133, 74, 162, Mon Apr 22 20:19:41 2024
125, 66, 130, Mon Apr 22 20:20:41 2024
118, 64, 131, Mon Apr 22 20:21:41 2024
128, 79, 145, Mon Apr 22 20:22:41 2024
124, 66, 131, Mon Apr 22 20:23:41 2024
134, 58, 136, Mon Apr 22 20:24:41 2024
121, 65, 150, Mon Apr 22 20:25:41 2024
128, 67, 139, Mon Apr 22 20:26:41 2024
132, 66, 164, Mon Apr 22 20:27:41 2024
129, 65, 126, Mon Apr 22 20:28:41 2024
112, 65, 136, Mon Apr 22 20:29:41 2024
139, 75, 158, Mon Apr 22 20:30:41 2024
132, 66, 137, Mon Apr 22 20:31:41 2024
129, 67, 136, Mon Apr 22 20:32:41 2024
103, 50, 130, Mon Apr 22 20:33:41 2024
120, 64, 140, Mon Apr 22 20:34:41 2024
152, 77, 164, Mon Apr 22 20:35:41 2024
133, 65, 157, Mon Apr 22 20:36:41 2024
133, 61, 134, Mon Apr 22 20:37:41 2024
117, 58, 125, Mon Apr 22 20:38:41 2024
135, 81, 147, Mon Apr 22 20:39:41 2024
129, 67, 155, Mon Apr 22 20:40:41 2024
108, 54, 163, Mon Apr 22 20:41:41 2024
125, 59, 156, Mon Apr 22 20:42:41 2024
117, 69, 140, Mon Apr 22 20:43:41 2024
129, 67, 158, Mon Apr 22 20:44:41 2024
129, 69, 127, Mon Apr 22 20:45:41 2024
130, 76, 139, Mon Apr 22 20:46:41 2024
119, 72, 155, Mon Apr 22 20:47:41 2024
124, 69, 171, Mon Apr 22 20:48:41 2024
120, 64, 149, Mon Apr 22 20:49:41 2024
136, 70, 156, Mon Apr 22 20:50:41 2024
139, 70, 148, Mon Apr 22 20:51:41 2024
156, 84, 144, Mon Apr 22 20:52:41 2024
122, 51, 123, Mon Apr 22 20:53:41 2024
129, 72, 143, Mon Apr 22 20:54:41 2024
139, 81, 155, Mon Apr 22 20:55:41 2024
108, 65, 144, Mon Apr 22 20:56:41 2024
136, 75, 157, Mon Apr 22 20:57:41 2024
128, 66, 143, Mon Apr 22 20:58:41 2024
137, 70, 142, Mon Apr 22 20:59:41 2024
120, 72, 155, Mon Apr 22 21:00:41 2024
130, 67, 154, Mon Apr 22 21:01:41 2024
141, 66, 159, Mon Apr 22 21:02:41 2024
117, 66, 149, Mon Apr 22 21:03:41 2024
124, 75, 152, Mon Apr 22 21:04:41 2024
109, 56, 134, Mon Apr 22 21:05:41 2024
122, 68, 173, Mon Apr 22 21:06:41 2024
131, 73, 146, Mon Apr 22 21:07:41 2024
114, 71, 161, Mon Apr 22 21:08:41 2024
118, 65, 134, Mon Apr 22 21:09:41 2024
119, 65, 144, Mon Apr 22 21:10:41 2024
137, 65, 146, Mon Apr 22 21:11:41 2024
128, 69, 145, Mon Apr 22 21:12:41 2024
112, 59, 146, Mon Apr 22 21:13:41 2024
129, 81, 137, Mon Apr 22 21:14:41 2024
119, 75, 165, Mon Apr 22 21:15:41 2024
128, 63, 154, Mon Apr 22 21:16:41 2024
132, 73, 153, Mon Apr 22 21:17:41 2024
126, 77, 156, Mon Apr 22 21:18:41 2024
117, 56, 147, Mon Apr 22 21:19:41 2024
126, 78, 161, Mon Apr 22 21:20:41 2024
130, 75, 152, Mon Apr 22 21:21:41 2024
115, 68, 159, Mon Apr 22 21:22:41 2024
133, 64, 148, Mon Apr 22 21:23:41 2024
124, 77, 155, Mon Apr 22 21:24:41 2024
129, 67, 164, Mon Apr 22 21:25:41 2024
121, 70, 140, Mon Apr 22 21:26:41 2024
126, 71, 159, Mon Apr 22 21:27:41 2024
136, 69, 153, Mon Apr 22 21:28:41 2024
137, 61, 138, Mon Apr 22 21:29:41 2024
118, 68, 164, Mon Apr 22 21:30:41 2024
142, 76, 149, Mon Apr 22 21:31:41 2024
128, 65, 150, Mon Apr 22 21:32:41 2024
121, 59, 123, Mon Apr 22 21:33:41 2024
113, 59, 148, Mon Apr 22 21:34:41 2024
109, 65, 123, Mon Apr 22 21:35:41 2024
133, 67, 157, Mon Apr 22 21:36:41 2024
130, 78, 149, Mon Apr 22 21:37:41 2024
122, 66, 152, Mon Apr 22 21:38:41 2024
124, 58, 153, Mon Apr 22 21:39:41 2024
116, 56, 130, Mon Apr 22 21:40:41 2024
128, 67, 169, Mon Apr 22 21:41:41 2024
133, 87, 157, Mon Apr 22 21:42:41 2024
118, 66, 146, Mon Apr 22 21:43:41 2024
144, 76, 146, Mon Apr 22 21:44:41 2024
122, 75, 164, Mon Apr 22 21:45:41 2024
134, 71, 141, Mon Apr 22 21:46:41 2024
144, 81, 176, Mon Apr 22 21:47:41 2024
114, 59, 152, Mon Apr 22 21:48:41 2024
137, 79, 153, Mon Apr 22 21:49:41 2024
102, 61, 141, Mon Apr 22 21:50:41 2024
132, 71, 139, Mon Apr 22 21:51:41 2024
136, 75, 159, Mon Apr 22 21:52:41 2024
127, 58, 143, Mon Apr 22 21:53:41 2024
132, 65, 149, Mon Apr 22 21:54:41 2024
121, 63, 143, Mon Apr 22 21:55:41 2024
105, 52, 139, Mon Apr 22 21:56:41 2024
136, 74, 151, Mon Apr 22 21:57:41 2024
126, 66, 137, Mon Apr 22 21:58:41 2024
136, 72, 156, Mon Apr 22 21:59:41 2024
110, 54, 158, Mon Apr 22 22:00:41 2024
122, 79, 158, Mon Apr 22 22:01:41 2024
126, 68, 144, Mon Apr 22 22:02:41 2024
133, 72, 164, Mon Apr 22 22:03:41 2024
137, 65, 162, Mon Apr 22 22:04:41 2024
107, 56, 146, Mon Apr 22 22:05:41 2024
131, 69, 149, Mon Apr 22 22:06:41 2024
121, 65, 157, Mon Apr 22 22:07:41 2024
121, 66, 151, Mon Apr 22 22:08:41 2024
124, 71, 155, Mon Apr 22 22:09:41 2024
130, 73, 144, Mon Apr 22 22:10:41 2024
138, 72, 155, Mon Apr 22 22:11:41 2024
107, 53, 140, Mon Apr 22 22:12:41 2024
119, 64, 140, Mon Apr 22 22:13:41 2024
135, 81, 161, Mon Apr 22 22:14:41 2024
127, 76, 155, Mon Apr 22 22:15:41 2024
150, 87, 185, Mon Apr 22 22:16:41 2024
131, 79, 164, Mon Apr 22 22:17:41 2024
141, 83, 154, Mon Apr 22 22:18:41 2024
130, 79, 135, Mon Apr 22 22:19:41 2024
130, 76, 158, Mon Apr 22 22:20:41 2024
115, 67, 164, Mon Apr 22 22:21:41 2024
122, 68, 157, Mon Apr 22 22:22:41 2024
113, 61, 137, Mon Apr 22 22:23:41 2024
105, 62, 142, Mon Apr 22 22:24:41 2024
124, 63, 143, Mon Apr 22 22:25:41 2024
129, 59, 147, Mon Apr 22 22:26:41 2024
151, 85, 175, Mon Apr 22 22:27:41 2024
143, 62, 160, Mon Apr 22 22:28:41 2024
123, 59, 151, Mon Apr 22 22:29:41 2024
117, 63, 158, Mon Apr 22 22:30:41 2024
141, 68, 142, Mon Apr 22 22:31:41 2024
122, 66, 143, Mon Apr 22 22:32:41 2024
130, 79, 177, Mon Apr 22 22:33:41 2024
125, 60, 147, Mon Apr 22 22:34:41 2024
117, 74, 154, Mon Apr 22 22:35:41 2024
120, 53, 148, Mon Apr 22 22:36:41 2024
145, 69, 166, Mon Apr 22 22:37:41 2024
140, 82, 170, Mon Apr 22 22:38:41 2024
129, 64, 144, Mon Apr 22 22:39:41 2024
152, 88, 158, Mon Apr 22 22:40:41 2024
126, 70, 153, Mon Apr 22 22:41:41 2024
134, 77, 156, Mon Apr 22 22:42:41 2024
140, 80, 159, Mon Apr 22 22:43:41 2024
130, 71, 176, Mon Apr 22 22:44:41 2024
135, 70, 155, Mon Apr 22 22:45:41 2024
129, 63, 127, Mon Apr 22 22:46:41 2024
112, 55, 138, Mon Apr 22 22:47:41 2024
133, 64, 148, Mon Apr 22 22:48:41 2024
124, 63, 149, Mon Apr 22 22:49:41 2024
121, 65, 152, Mon Apr 22 22:50:41 2024
104, 56, 168, Mon Apr 22 22:51:41 2024
135, 82, 149, Mon Apr 22 22:52:41 2024
126, 54, 131, Mon Apr 22 22:53:41 2024
130, 61, 128, Mon Apr 22 22:54:41 2024
123, 72, 151, Mon Apr 22 22:55:41 2024
105, 65, 145, Mon Apr 22 22:56:41 2024
126, 70, 153, Mon Apr 22 22:57:41 2024
145, 71, 155, Mon Apr 22 22:58:41 2024
107, 52, 131, Mon Apr 22 22:59:41 2024
148, 70, 148, Mon Apr 22 23:00:41 2024
112, 64, 139, Mon Apr 22 23:01:41 2024
129, 69, 149, Mon Apr 22 23:02:41 2024
126, 61, 120, Mon Apr 22 23:03:41 2024
144, 79, 162, Mon Apr 22 23:04:41 2024
124, 73, 165, Mon Apr 22 23:05:41 2024
140, 63, 147, Mon Apr 22 23:06:41 2024
125, 56, 142, Mon Apr 22 23:07:41 2024
127, 61, 156, Mon Apr 22 23:08:41 2024
122, 74, 152, Mon Apr 22 23:09:41 2024
117, 68, 155, Mon Apr 22 23:10:41 2024
142, 75, 149, Mon Apr 22 23:11:41 2024
141, 88, 160, Mon Apr 22 23:12:41 2024
125, 57, 149, Mon Apr 22 23:13:41 2024
137, 78, 157, Mon Apr 22 23:14:41 2024
92, 47, 126, Mon Apr 22 23:15:41 2024
122, 60, 155, Mon Apr 22 23:16:41 2024
138, 75, 163, Mon Apr 22 23:17:41 2024
132, 74, 139, Mon Apr 22 23:18:41 2024
133, 69, 146, Mon Apr 22 23:19:41 2024
113, 60, 139, Mon Apr 22 23:20:41 2024
134, 85, 163, Mon Apr 22 23:21:41 2024
147, 79, 155, Mon Apr 22 23:22:41 2024
100, 59, 135, Mon Apr 22 23:23:41 2024
104, 50, 128, Mon Apr 22 23:24:41 2024
134, 74, 143, Mon Apr 22 23:25:41 2024
125, 64, 149, Mon Apr 22 23:26:41 2024
110, 66, 149, Mon Apr 22 23:27:41 2024
132, 72, 148, Mon Apr 22 23:28:41 2024
120, 62, 130, Mon Apr 22 23:29:41 2024
133, 65, 141, Mon Apr 22 23:30:41 2024
127, 58, 143, Mon Apr 22 23:31:41 2024
139, 72, 165, Mon Apr 22 23:32:41 2024
136, 68, 150, Mon Apr 22 23:33:41 2024
125, 64, 168, Mon Apr 22 23:34:41 2024
131, 65, 145, Mon Apr 22 23:35:41 2024
128, 73, 156, Mon Apr 22 23:36:41 2024
143, 69, 145, Mon Apr 22 23:37:41 2024
121, 58, 140, Mon Apr 22 23:38:41 2024
126, 58, 128, Mon Apr 22 23:39:41 2024
125, 66, 145, Mon Apr 22 23:40:41 2024
125, 76, 141, Mon Apr 22 23:41:41 2024
127, 62, 133, Mon Apr 22 23:42:41 2024
115, 55, 132, Mon Apr 22 23:43:41 2024
141, 75, 158, Mon Apr 22 23:44:41 2024
128, 72, 147, Mon Apr 22 23:45:41 2024
136, 71, 159, Mon Apr 22 23:46:41 2024
154, 88, 155, Mon Apr 22 23:47:41 2024
142, 78, 151, Mon Apr 22 23:48:41 2024
119, 65, 144, Mon Apr 22 23:49:41 2024
139, 71, 148, Mon Apr 22 23:50:41 2024
139, 72, 143, Mon Apr 22 23:51:41 2024
139, 73, 155, Mon Apr 22 23:52:41 2024
130, 70, 149, Mon Apr 22 23:53:41 2024
129, 67, 149, Mon Apr 22 23:54:41 2024
118, 64, 136, Mon Apr 22 23:55:41 2024
123, 65, 137, Mon Apr 22 23:56:41 2024
138, 82, 165, Mon Apr 22 23:57:41 2024
154, 86, 172, Mon Apr 22 23:58:41 2024
140, 77, 149, Mon Apr 22 23:59:41 2024
147, 82, 179, Tue Apr 23 00:00:41 2024
133, 80, 158, Tue Apr 23 00:01:41 2024
123, 68, 140, Tue Apr 23 00:02:41 2024
120, 75, 156, Tue Apr 23 00:03:41 2024
126, 72, 150, Tue Apr 23 00:04:41 2024
130, 69, 134, Tue Apr 23 00:05:41 2024
140, 86, 165, Tue Apr 23 00:06:41 2024
124, 65, 151, Tue Apr 23 00:07:41 2024
123, 64, 142, Tue Apr 23 00:08:41 2024
129, 75, 143, Tue Apr 23 00:09:41 2024
136, 70, 157, Tue Apr 23 00:10:41 2024
128, 63, 162, Tue Apr 23 00:11:41 2024
119, 67, 150, Tue Apr 23 00:12:41 2024
127, 66, 157, Tue Apr 23 00:13:41 2024
107, 44, 112, Tue Apr 23 00:14:41 2024
139, 61, 149, Tue Apr 23 00:15:41 2024
135, 81, 159, Tue Apr 23 00:16:41 2024
141, 76, 162, Tue Apr 23 00:17:41 2024
141, 63, 163, Tue Apr 23 00:18:41 2024
131, 80, 160, Tue Apr 23 00:19:41 2024
125, 62, 147, Tue Apr 23 00:20:41 2024
111, 65, 157, Tue Apr 23 00:21:41 2024
130, 60, 130, Tue Apr 23 00:22:41 2024
107, 57, 136, Tue Apr 23 00:23:41 2024
126, 74, 150, Tue Apr 23 00:24:41 2024
107, 57, 132, Tue Apr 23 00:25:41 2024
108, 52, 146, Tue Apr 23 00:26:41 2024
112, 60, 143, Tue Apr 23 00:27:41 2024
123, 71, 142, Tue Apr 23 00:28:41 2024
125, 62, 143, Tue Apr 23 00:29:41 2024
138, 72, 152, Tue Apr 23 00:30:41 2024
143, 66, 142, Tue Apr 23 00:31:41 2024
142, 74, 133, Tue Apr 23 00:32:41 2024
132, 58, 151, Tue Apr 23 00:33:41 2024
109, 69, 152, Tue Apr 23 00:34:41 2024
125, 65, 135, Tue Apr 23 00:35:41 2024
134, 71, 156, Tue Apr 23 00:36:41 2024
125, 63, 147, Tue Apr 23 00:37:41 2024
139, 71, 145, Tue Apr 23 00:38:41 2024
126, 69, 161, Tue Apr 23 00:39:41 2024
116, 54, 130, Tue Apr 23 00:40:41 2024
111, 62, 129, Tue Apr 23 00:41:41 2024
129, 69, 155, Tue Apr 23 00:42:41 2024
128, 67, 146, Tue Apr 23 00:43:41 2024
125, 55, 135, Tue Apr 23 00:44:41 2024
117, 57, 143, Tue Apr 23 00:45:41 2024
123, 71, 152, Tue Apr 23 00:46:41 2024
109, 59, 143, Tue Apr 23 00:47:41 2024
140, 84, 179, Tue Apr 23 00:48:41 2024
118, 64, 144, Tue Apr 23 00:49:41 2024
135, 77, 153, Tue Apr 23 00:50:41 2024
130, 72, 152, Tue Apr 23 00:51:41 2024
123, 66, 149, Tue Apr 23 00:52:41 2024
124, 71, 148, Tue Apr 23 00:53:41 2024
150, 82, 164, Tue Apr 23 00:54:41 2024
112, 60, 152, Tue Apr 23 00:55:41 2024
130, 69, 141, Tue Apr 23 00:56:41 2024
126, 64, 152, Tue Apr 23 00:57:41 2024
143, 76, 159, Tue Apr 23 00:58:41 2024
95, 53, 144, Tue Apr 23 00:59:41 2024
118, 64, 141, Tue Apr 23 01:00:41 2024
121, 61, 143, Tue Apr 23 01:01:41 2024
126, 68, 171, Tue Apr 23 01:02:41 2024
124, 73, 170, Tue Apr 23 01:03:41 2024
129, 67, 140, Tue Apr 23 01:04:41 2024
122, 63, 152, Tue Apr 23 01:05:41 2024
114, 62, 139, Tue Apr 23 01:06:41 2024
119, 75, 157, Tue Apr 23 01:07:41 2024
109, 64, 131, Tue Apr 23 01:08:41 2024
122, 65, 128, Tue Apr 23 01:09:41 2024
117, 66, 158, Tue Apr 23 01:10:41 2024
162, 81, 184, Tue Apr 23 01:11:41 2024
133, 76, 165, Tue Apr 23 01:12:41 2024
107, 56, 151, Tue Apr 23 01:13:41 2024
124, 79, 150, Tue Apr 23 01:14:41 2024
121, 72, 139, Tue Apr 23 01:15:41 2024
127, 80, 151, Tue Apr 23 01:16:41 2024
113, 62, 146, Tue Apr 23 01:17:41 2024
113, 55, 138, Tue Apr 23 01:18:41 2024
105, 63, 148, Tue Apr 23 01:19:41 2024
145, 84, 163, Tue Apr 23 01:20:41 2024
130, 50, 142, Tue Apr 23 01:21:41 2024
117, 61, 133, Tue Apr 23 01:22:41 2024
103, 66, 148, Tue Apr 23 01:23:41 2024
142, 66, 147, Tue Apr 23 01:24:41 2024
131, 67, 163, Tue Apr 23 01:25:41 2024
106, 63, 141, Tue Apr 23 01:26:41 2024
113, 66, 157, Tue Apr 23 01:27:41 2024
132, 63, 151, Tue Apr 23 01:28:41 2024
132, 76, 154, Tue Apr 23 01:29:41 2024
138, 74, 155, Tue Apr 23 01:30:41 2024
120, 68, 143, Tue Apr 23 01:31:41 2024
103, 54, 123, Tue Apr 23 01:32:41 2024
124, 67, 132, Tue Apr 23 01:33:41 2024
119, 61, 131, Tue Apr 23 01:34:41 2024
122, 76, 169, Tue Apr 23 01:35:41 2024
135, 73, 175, Tue Apr 23 01:36:41 2024
118, 65, 137, Tue Apr 23 01:37:41 2024
121, 56, 123, Tue Apr 23 01:38:41 2024
131, 71, 160, Tue Apr 23 01:39:41 2024
116, 56, 134, Tue Apr 23 01:40:41 2024
114, 67, 163, Tue Apr 23 01:41:41 2024
128, 61, 146, Tue Apr 23 01:42:41 2024
123, 60, 137, Tue Apr 23 01:43:41 2024
120, 71, 156, Tue Apr 23 01:44:41 2024
141, 68, 166, Tue Apr 23 01:45:41 2024
129, 74, 163, Tue Apr 23 01:46:41 2024
111, 65, 151, Tue Apr 23 01:47:41 2024
126, 66, 149, Tue Apr 23 01:48:41 2024
120, 56, 145, Tue Apr 23 01:49:41 2024
127, 77, 175, Tue Apr 23 01:50:41 2024
136, 67, 148, Tue Apr 23 01:51:41 2024
118, 58, 151, Tue Apr 23 01:52:41 2024
127, 62, 150, Tue Apr 23 01:53:41 2024
123, 63, 142, Tue Apr 23 01:54:41 2024
145, 81, 161, Tue Apr 23 01:55:41 2024
137, 70, 155, Tue Apr 23 01:56:41 2024
132, 62, 140, Tue Apr 23 01:57:41 2024
116, 58, 145, Tue Apr 23 01:58:41 2024
129, 67, 138, Tue Apr 23 01:59:41 2024
137, 68, 138, Tue Apr 23 02:00:41 2024
145, 57, 132, Tue Apr 23 02:01:41 2024
123, 82, 160, Tue Apr 23 02:02:41 2024
109, 62, 138, Tue Apr 23 02:03:41 2024
124, 63, 144, Tue Apr 23 02:04:41 2024
139, 74, 148, Tue Apr 23 02:05:41 2024
128, 77, 162, Tue Apr 23 02:06:41 2024
140, 72, 151, Tue Apr 23 02:07:41 2024
124, 63, 132, Tue Apr 23 02:08:41 2024
139, 74, 168, Tue Apr 23 02:09:41 2024
133, 72, 155, Tue Apr 23 02:10:41 2024
124, 65, 144, Tue Apr 23 02:11:41 2024
125, 67, 152, Tue Apr 23 02:12:41 2024
122, 61, 143, Tue Apr 23 02:13:41 2024
121, 66, 158, Tue Apr 23 02:14:41 2024
125, 72, 170, Tue Apr 23 02:15:41 2024
128, 61, 153, Tue Apr 23 02:16:41 2024
128, 66, 151, Tue Apr 23 02:17:41 2024
153, 70, 153, Tue Apr 23 02:18:41 2024
131, 72, 169, Tue Apr 23 02:19:41 2024
143, 82, 159, Tue Apr 23 02:20:41 2024
128, 83, 170, Tue Apr 23 02:21:41 2024
127, 69, 147, Tue Apr 23 02:22:41 2024
145, 65, 138, Tue Apr 23 02:23:41 2024
112, 54, 120, Tue Apr 23 02:24:41 2024
124, 71, 154, Tue Apr 23 02:25:41 2024
127, 72, 146, Tue Apr 23 02:26:41 2024
119, 72, 154, Tue Apr 23 02:27:41 2024
128, 66, 142, Tue Apr 23 02:28:41 2024
127, 74, 157, Tue Apr 23 02:29:41 2024
132, 67, 143, Tue Apr 23 02:30:41 2024
127, 74, 153, Tue Apr 23 02:31:41 2024
125, 69, 163, Tue Apr 23 02:32:41 2024
102, 55, 139, Tue Apr 23 02:33:41 2024
140, 69, 146, Tue Apr 23 02:34:41 2024
115, 61, 142, Tue Apr 23 02:35:41 2024
122, 68, 132, Tue Apr 23 02:36:41 2024
128, 65, 170, Tue Apr 23 02:37:41 2024
134, 70, 153, Tue Apr 23 02:38:41 2024
129, 65, 152, Tue Apr 23 02:39:41 2024
136, 75, 163, Tue Apr 23 02:40:41 2024
142, 72, 157, Tue Apr 23 02:41:41 2024
136, 73, 151, Tue Apr 23 02:42:41 2024
127, 68, 144, Tue Apr 23 02:43:41 2024
123, 61, 140, Tue Apr 23 02:44:41 2024
136, 72, 153, Tue Apr 23 02:45:41 2024
115, 68, 155, Tue Apr 23 02:46:41 2024
139, 79, 162, Tue Apr 23 02:47:41 2024
127, 71, 160, Tue Apr 23 02:48:41 2024
113, 68, 156, Tue Apr 23 02:49:41 2024
145, 71, 158, Tue Apr 23 02:50:41 2024
127, 67, 150, Tue Apr 23 02:51:41 2024
142, 61, 135, Tue Apr 23 02:52:41 2024
133, 70, 150, Tue Apr 23 02:53:41 2024
103, 66, 167, Tue Apr 23 02:54:41 2024
119, 70, 141, Tue Apr 23 02:55:41 2024
126, 73, 153, Tue Apr 23 02:56:41 2024
135, 68, 144, Tue Apr 23 02:57:41 2024
146, 90, 173, Tue Apr 23 02:58:41 2024
136, 64, 125, Tue Apr 23 02:59:41 2024
137, 67, 142, Tue Apr 23 03:00:41 2024
139, 78, 165, Tue Apr 23 03:01:41 2024
136, 72, 138, Tue Apr 23 03:02:41 2024
123, 64, 158, Tue Apr 23 03:03:41 2024
142, 73, 152, Tue Apr 23 03:04:41 2024
123, 78, 150, Tue Apr 23 03:05:41 2024
108, 57, 132, Tue Apr 23 03:06:41 2024
119, 65, 143, Tue Apr 23 03:07:41 2024
134, 67, 171, Tue Apr 23 03:08:41 2024
137, 64, 153, Tue Apr 23 03:09:41 2024
153, 91, 164, Tue Apr 23 03:10:41 2024
139, 68, 141, Tue Apr 23 03:11:41 2024
121, 73, 164, Tue Apr 23 03:12:41 2024
143, 73, 156, Tue Apr 23 03:13:41 2024
144, 75, 160, Tue Apr 23 03:14:41 2024
151, 70, 159, Tue Apr 23 03:15:41 2024
115, 63, 150, Tue Apr 23 03:16:41 2024
124, 69, 158, Tue Apr 23 03:17:41 2024
119, 62, 136, Tue Apr 23 03:18:41 2024
138, 71, 156, Tue Apr 23 03:19:41 2024
138, 69, 153, Tue Apr 23 03:20:41 2024
100, 48, 128, Tue Apr 23 03:21:41 2024
139, 65, 140, Tue Apr 23 03:22:41 2024
128, 64, 156, Tue Apr 23 03:23:41 2024
128, 71, 157, Tue Apr 23 03:24:41 2024
135, 68, 169, Tue Apr 23 03:25:41 2024
145, 69, 151, Tue Apr 23 03:26:41 2024
143, 71, 141, Tue Apr 23 03:27:41 2024
136, 74, 159, Tue Apr 23 03:28:41 2024
111, 61, 151, Tue Apr 23 03:29:41 2024
137, 64, 127, Tue Apr 23 03:30:41 2024
131, 72, 170, Tue Apr 23 03:31:41 2024
122, 67, 155, Tue Apr 23 03:32:41 2024
135, 69, 156, Tue Apr 23 03:33:41 2024
110, 60, 145, Tue Apr 23 03:34:41 2024
112, 69, 146, Tue Apr 23 03:35:41 2024
131, 68, 141, Tue Apr 23 03:36:41 2024
124, 61, 150, Tue Apr 23 03:37:41 2024
115, 59, 130, Tue Apr 23 03:38:41 2024
120, 65, 154, Tue Apr 23 03:39:41 2024
128, 76, 156, Tue Apr 23 03:40:41 2024
114, 66, 133, Tue Apr 23 03:41:41 2024
110, 59, 137, Tue Apr 23 03:42:41 2024
126, 61, 128, Tue Apr 23 03:43:41 2024
147, 76, 150, Tue Apr 23 03:44:41 2024
136, 73, 152, Tue Apr 23 03:45:41 2024
119, 62, 144, Tue Apr 23 03:46:41 2024
130, 87, 169, Tue Apr 23 03:47:41 2024
126, 71, 160, Tue Apr 23 03:48:41 2024
115, 49, 137, Tue Apr 23 03:49:41 2024
122, 74, 143, Tue Apr 23 03:50:41 2024
136, 78, 141, Tue Apr 23 03:51:41 2024
117, 69, 140, Tue Apr 23 03:52:41 2024
146, 77, 166, Tue Apr 23 03:53:41 2024
131, 78, 152, Tue Apr 23 03:54:41 2024
129, 70, 166, Tue Apr 23 03:55:41 2024
125, 60, 136, Tue Apr 23 03:56:41 2024
131, 64, 164, Tue Apr 23 03:57:41 2024
139, 81, 172, Tue Apr 23 03:58:41 2024
125, 62, 132, Tue Apr 23 03:59:41 2024
127, 68, 155, Tue Apr 23 04:00:41 2024
144, 83, 147, Tue Apr 23 04:01:41 2024
137, 72, 161, Tue Apr 23 04:02:41 2024
135, 70, 154, Tue Apr 23 04:03:41 2024
133, 71, 162, Tue Apr 23 04:04:41 2024
114, 59, 128, Tue Apr 23 04:05:41 2024
124, 65, 144, Tue Apr 23 04:06:41 2024
130, 83, 152, Tue Apr 23 04:07:41 2024
126, 66, 158, Tue Apr 23 04:08:41 2024
132, 73, 156, Tue Apr 23 04:09:41 2024
115, 68, 151, Tue Apr 23 04:10:41 2024
124, 71, 166, Tue Apr 23 04:11:41 2024
133, 71, 155, Tue Apr 23 04:12:41 2024
147, 77, 167, Tue Apr 23 04:13:41 2024
120, 62, 129, Tue Apr 23 04:14:41 2024
112, 59, 139, Tue Apr 23 04:15:41 2024
133, 73, 154, Tue Apr 23 04:16:41 2024
128, 80, 169, Tue Apr 23 04:17:41 2024
127, 74, 174, Tue Apr 23 04:18:41 2024
137, 78, 170, Tue Apr 23 04:19:41 2024
113, 63, 124, Tue Apr 23 04:20:41 2024
149, 88, 170, Tue Apr 23 04:21:41 2024
106, 61, 140, Tue Apr 23 04:22:41 2024
121, 67, 147, Tue Apr 23 04:23:41 2024
128, 61, 136, Tue Apr 23 04:24:41 2024
146, 74, 156, Tue Apr 23 04:25:41 2024
148, 79, 159, Tue Apr 23 04:26:41 2024
158, 81, 159, Tue Apr 23 04:27:41 2024
137, 69, 136, Tue Apr 23 04:28:41 2024
126, 64, 146, Tue Apr 23 04:29:41 2024
120, 60, 138, Tue Apr 23 04:30:41 2024
134, 71, 159, Tue Apr 23 04:31:41 2024
124, 71, 148, Tue Apr 23 04:32:41 2024
142, 78, 158, Tue Apr 23 04:33:41 2024
145, 61, 151, Tue Apr 23 04:34:41 2024
150, 77, 164, Tue Apr 23 04:35:41 2024
127, 69, 158, Tue Apr 23 04:36:41 2024
125, 65, 156, Tue Apr 23 04:37:41 2024
126, 67, 147, Tue Apr 23 04:38:41 2024
141, 78, 182, Tue Apr 23 04:39:41 2024
131, 77, 155, Tue Apr 23 04:40:41 2024
110, 55, 133, Tue Apr 23 04:41:41 2024
139, 71, 153, Tue Apr 23 04:42:41 2024
114, 70, 154, Tue Apr 23 04:43:41 2024
139, 71, 138, Tue Apr 23 04:44:41 2024
120, 56, 136, Tue Apr 23 04:45:41 2024
119, 64, 151, Tue Apr 23 04:46:41 2024
120, 68, 151, Tue Apr 23 04:47:41 2024
131, 59, 145, Tue Apr 23 04:48:41 2024
158, 86, 161, Tue Apr 23 04:49:41 2024
128, 56, 126, Tue Apr 23 04:50:41 2024
147, 89, 179, Tue Apr 23 04:51:41 2024
117, 63, 147, Tue Apr 23 04:52:41 2024
135, 71, 151, Tue Apr 23 04:53:41 2024
140, 78, 158, Tue Apr 23 04:54:41 2024
138, 75, 160, Tue Apr 23 04:55:41 2024
133, 77, 150, Tue Apr 23 04:56:41 2024
136, 69, 165, Tue Apr 23 04:57:41 2024
127, 70, 146, Tue Apr 23 04:58:41 2024
140, 73, 162, Tue Apr 23 04:59:41 2024
122, 68, 149, Tue Apr 23 05:00:41 2024
128, 70, 158, Tue Apr 23 05:01:41 2024
148, 76, 176, Tue Apr 23 05:02:41 2024
141, 69, 152, Tue Apr 23 05:03:41 2024
154, 66, 148, Tue Apr 23 05:04:41 2024
132, 68, 148, Tue Apr 23 05:05:41 2024
130, 78, 151, Tue Apr 23 05:06:41 2024
145, 77, 152, Tue Apr 23 05:07:41 2024
123, 69, 170, Tue Apr 23 05:08:41 2024
133, 59, 157, Tue Apr 23 05:09:41 2024
124, 76, 144, Tue Apr 23 05:10:41 2024
122, 52, 144, Tue Apr 23 05:11:41 2024
112, 66, 153, Tue Apr 23 05:12:41 2024
144, 69, 135, Tue Apr 23 05:13:41 2024
149, 81, 153, Tue Apr 23 05:14:41 2024
134, 64, 146, Tue Apr 23 05:15:41 2024
135, 63, 156, Tue Apr 23 05:16:41 2024
103, 56, 126, Tue Apr 23 05:17:41 2024
135, 77, 160, Tue Apr 23 05:18:41 2024
147, 62, 144, Tue Apr 23 05:19:41 2024
107, 52, 136, Tue Apr 23 05:20:41 2024
118, 46, 123, Tue Apr 23 05:21:41 2024
133, 86, 167, Tue Apr 23 05:22:41 2024
131, 71, 164, Tue Apr 23 05:23:41 2024
123, 65, 155, Tue Apr 23 05:24:41 2024
139, 80, 182, Tue Apr 23 05:25:41 2024
122, 72, 153, Tue Apr 23 05:26:41 2024
120, 58, 153, Tue Apr 23 05:27:41 2024
143, 73, 165, Tue Apr 23 05:28:41 2024
139, 76, 142, Tue Apr 23 05:29:41 2024
125, 57, 146, Tue Apr 23 05:30:41 2024
146, 76, 156, Tue Apr 23 05:31:41 2024
116, 62, 145, Tue Apr 23 05:32:41 2024
150, 70, 154, Tue Apr 23 05:33:41 2024
147, 78, 158, Tue Apr 23 05:34:41 2024
133, 69, 143, Tue Apr 23 05:35:41 2024
131, 75, 160, Tue Apr 23 05:36:41 2024
135, 78, 148, Tue Apr 23 05:37:41 2024
139, 68, 172, Tue Apr 23 05:38:41 2024
136, 68, 122, Tue Apr 23 05:39:41 2024
138, 87, 162, Tue Apr 23 05:40:41 2024
126, 59, 138, Tue Apr 23 05:41:41 2024
138, 66, 144, Tue Apr 23 05:42:41 2024
128, 71, 160, Tue Apr 23 05:43:41 2024
139, 80, 151, Tue Apr 23 05:44:41 2024
110, 65, 140, Tue Apr 23 05:45:41 2024
121, 60, 152, Tue Apr 23 05:46:41 2024
109, 65, 138, Tue Apr 23 05:47:41 2024
134, 86, 149, Tue Apr 23 05:48:41 2024
141, 84, 164, Tue Apr 23 05:49:41 2024
114, 67, 142, Tue Apr 23 05:50:41 2024
111, 55, 151, Tue Apr 23 05:51:41 2024
132, 78, 158, Tue Apr 23 05:52:41 2024
127, 82, 179, Tue Apr 23 05:53:41 2024
118, 70, 152, Tue Apr 23 05:54:41 2024
154, 93, 159, Tue Apr 23 05:55:41 2024
139, 67, 156, Tue Apr 23 05:56:41 2024
140, 66, 136, Tue Apr 23 05:57:41 2024
141, 79, 148, Tue Apr 23 05:58:41 2024
118, 66, 143, Tue Apr 23 05:59:41 2024
