113, 67, 142, Thu Aug 22 16:20:45 2024
110, 56, 135, Thu Aug 22 16:21:45 2024
112, 61, 136, Thu Aug 22 16:22:45 2024
119, 65, 140, Thu Aug 22 16:23:45 2024
140, 72, 167, Thu Aug 22 16:24:45 2024
120, 63, 137, Thu Aug 22 16:25:45 2024
155, 64, 133, Thu Aug 22 16:26:45 2024
153, 73, 147, Thu Aug 22 16:27:45 2024
148, 68, 151, Thu Aug 22 16:28:45 2024
122, 61, 134, Thu Aug 22 16:29:45 2024
129, 67, 153, Thu Aug 22 16:30:45 2024
117, 61, 138, Thu Aug 22 16:31:45 2024
116, 59, 130, Thu Aug 22 16:32:45 2024
128, 76, 155, Thu Aug 22 16:33:45 2024
158, 83, 183, Thu Aug 22 16:34:45 2024
118, 55, 136, Thu Aug 22 16:35:45 2024
131, 70, 153, Thu Aug 22 16:36:45 2024
135, 66, 155, Thu Aug 22 16:37:45 2024
141, 64, 130, Thu Aug 22 16:38:45 2024
108, 61, 143, Thu Aug 22 16:39:45 2024
145, 64, 145, Thu Aug 22 16:40:45 2024
130, 84, 143, Thu Aug 22 16:41:45 2024
157, 82, 160, Thu Aug 22 16:42:45 2024
114, 64, 129, Thu Aug 22 16:43:45 2024
131, 67, 148, Thu Aug 22 16:44:45 2024
142, 78, 149, Thu Aug 22 16:45:45 2024
150, 60, 128, Thu Aug 22 16:46:45 2024
147, 78, 159, Thu Aug 22 16:47:45 2024
131, 66, 148, Thu Aug 22 16:48:45 2024
122, 66, 161, Thu Aug 22 16:49:45 2024
134, 68, 145, Thu Aug 22 16:50:45 2024
130, 77, 163, Thu Aug 22 16:51:45 2024
175, 79, 155, Thu Aug 22 16:52:45 2024
121, 58, 143, Thu Aug 22 16:53:45 2024
151, 60, 138, Thu Aug 22 16:54:45 2024
122, 61, 157, Thu Aug 22 16:55:45 2024
128, 55, 148, Thu Aug 22 16:56:45 2024
139, 83, 149, Thu Aug 22 16:57:45 2024
118, 54, 147, Thu Aug 22 16:58:45 2024
121, 62, 140, Thu Aug 22 16:59:45 2024
118, 61, 141, Thu Aug 22 17:00:45 2024
118, 61, 138, Thu Aug 22 17:01:45 2024
125, 58, 132, Thu Aug 22 17:02:45 2024
119, 68, 144, Thu Aug 22 17:03:45 2024
122, 68, 151, Thu Aug 22 17:04:45 2024
150, 89, 172, Thu Aug 22 17:05:45 2024
155, 69, 153, Thu Aug 22 17:06:45 2024
134, 70, 154, Thu Aug 22 17:07:45 2024
146, 82, 173, Thu Aug 22 17:08:45 2024
128, 70, 149, Thu Aug 22 17:09:45 2024
155, 75, 142, Thu Aug 22 17:10:45 2024
137, 75, 142, Thu Aug 22 17:11:45 2024
120, 67, 151, Thu Aug 22 17:12:45 2024
128, 71, 169, Thu Aug 22 17:13:45 2024
140, 68, 143, Thu Aug 22 17:14:45 2024
126, 69, 147, Thu Aug 22 17:15:45 2024
135, 65, 157, Thu Aug 22 17:16:45 2024
121, 58, 120, Thu Aug 22 17:17:45 2024
127, 68, 162, Thu Aug 22 17:18:45 2024
127, 63, 163, Thu Aug 22 17:19:45 2024
126, 81, 167, Thu Aug 22 17:20:45 2024
117, 58, 154, Thu Aug 22 17:21:45 2024
153, 86, 172, Thu Aug 22 17:22:45 2024
106, 67, 135, Thu Aug 22 17:23:45 2024
119, 68, 155, Thu Aug 22 17:24:45 2024
133, 68, 145, Thu Aug 22 17:25:45 2024
117, 58, 132, Thu Aug 22 17:26:45 2024
128, 60, 156, Thu Aug 22 17:27:45 2024
140, 64, 167, Thu Aug 22 17:28:45 2024
98, 50, 137, Thu Aug 22 17:29:45 2024
132, 65, 147, Thu Aug 22 17:30:45 2024
134, 64, 141, Thu Aug 22 17:31:45 2024
129, 60, 140, Thu Aug 22 17:32:45 2024
117, 62, 135, Thu Aug 22 17:33:45 2024
138, 73, 169, Thu Aug 22 17:34:45 2024
128, 68, 141, Thu Aug 22 17:35:45 2024
130, 48, 154, Thu Aug 22 17:36:45 2024
121, 74, 141, Thu Aug 22 17:37:45 2024
130, 61, 149, Thu Aug 22 17:38:45 2024
136, 75, 159, Thu Aug 22 17:39:45 2024
124, 66, 154, Thu Aug 22 17:40:45 2024
121, 72, 165, Thu Aug 22 17:41:45 2024
130, 74, 159, Thu Aug 22 17:42:45 2024
125, 57, 157, Thu Aug 22 17:43:45 2024
134, 71, 178, Thu Aug 22 17:44:45 2024
135, 77, 141, Thu Aug 22 17:45:45 2024
154, 65, 138, Thu Aug 22 17:46:45 2024
111, 58, 149, Thu Aug 22 17:47:45 2024
127, 71, 157, Thu Aug 22 17:48:45 2024
118, 65, 151, Thu Aug 22 17:49:45 2024
138, 70, 145, Thu Aug 22 17:50:45 2024
136, 70, 150, Thu Aug 22 17:51:45 2024
112, 56, 130, Thu Aug 22 17:52:45 2024
133, 74, 148, Thu Aug 22 17:53:45 2024
121, 73, 173, Thu Aug 22 17:54:45 2024
110, 65, 160, Thu Aug 22 17:55:45 2024
133, 83, 170, Thu Aug 22 17:56:45 2024
134, 69, 141, Thu Aug 22 17:57:45 2024
132, 70, 155, Thu Aug 22 17:58:45 2024
136, 77, 176, Thu Aug 22 17:59:45 2024
