113, 67, 142, Thu Aug 22 16:20:45 2024
110, 56, 135, Thu Aug 22 16:21:45 2024
112, 61, 136, Thu Aug 22 16:22:45 2024
119, 65, 140, Thu Aug 22 16:23:45 2024
140, 72, 167, Thu Aug 22 16:24:45 2024
120, 63, 137, Thu Aug 22 16:25:45 2024
155, 64, 133, Thu Aug 22 16:26:45 2024
153, 73, 147, Thu Aug 22 16:27:45 2024
148, 68, 151, Thu Aug 22 16:28:45 2024
122, 61, 134, Thu Aug 22 16:29:45 2024
129, 67, 153, Thu Aug 22 16:30:45 2024
117, 61, 138, Thu Aug 22 16:31:45 2024
116, 59, 130, Thu Aug 22 16:32:45 2024
128, 76, 155, Thu Aug 22 16:33:45 2024
158, 83, 183, Thu Aug 22 16:34:45 2024
118, 55, 136, Thu Aug 22 16:35:45 2024
131, 70, 153, Thu Aug 22 16:36:45 2024
135, 66, 155, Thu Aug 22 16:37:45 2024
141, 64, 130, Thu Aug 22 16:38:45 2024
108, 61, 143, Thu Aug 22 16:39:45 2024
145, 64, 145, Thu Aug 22 16:40:45 2024
130, 84, 143, Thu Aug 22 16:41:45 2024
157, 82, 160, Thu Aug 22 16:42:45 2024
114, 64, 129, Thu Aug 22 16:43:45 2024
131, 67, 148, Thu Aug 22 16:44:45 2024
142, 78, 149, Thu Aug 22 16:45:45 2024
150, 60, 128, Thu Aug 22 16:46:45 2024
147, 78, 159, Thu Aug 22 16:47:45 2024
131, 66, 148, Thu Aug 22 16:48:45 2024
122, 66, 161, Thu Aug 22 16:49:45 2024
134, 68, 145, Thu Aug 22 16:50:45 2024
130, 77, 163, Thu Aug 22 16:51:45 2024
175, 79, 155, Thu Aug 22 16:52:45 2024
121, 58, 143, Thu Aug 22 16:53:45 2024
151, 60, 138, Thu Aug 22 16:54:45 2024
122, 61, 157, Thu Aug 22 16:55:45 2024
128, 55, 148, Thu Aug 22 16:56:45 2024
139, 83, 149, Thu Aug 22 16:57:45 2024
118, 54, 147, Thu Aug 22 16:58:45 2024
121, 62, 140, Thu Aug 22 16:59:45 2024
118, 61, 141, Thu Aug 22 17:00:45 2024
118, 61, 138, Thu Aug 22 17:01:45 2024
125, 58, 132, Thu Aug 22 17:02:45 2024
119, 68, 144, Thu Aug 22 17:03:45 2024
122, 68, 151, Thu Aug 22 17:04:45 2024
150, 89, 172, Thu Aug 22 17:05:45 2024
155, 69, 153, Thu Aug 22 17:06:45 2024
134, 70, 154, Thu Aug 22 17:07:45 2024
146, 82, 173, Thu Aug 22 17:08:45 2024
128, 70, 149, Thu Aug 22 17:09:45 2024
155, 75, 142, Thu Aug 22 17:10:45 2024
137, 75, 142, Thu Aug 22 17:11:45 2024
120, 67, 151, Thu Aug 22 17:12:45 2024
128, 71, 169, Thu Aug 22 17:13:45 2024
140, 68, 143, Thu Aug 22 17:14:45 2024
126, 69, 147, Thu Aug 22 17:15:45 2024
135, 65, 157, Thu Aug 22 17:16:45 2024
121, 58, 120, Thu Aug 22 17:17:45 2024
127, 68, 162, Thu Aug 22 17:18:45 2024
127, 63, 163, Thu Aug 22 17:19:45 2024
126, 81, 167, Thu Aug 22 17:20:45 2024
117, 58, 154, Thu Aug 22 17:21:45 2024
153, 86, 172, Thu Aug 22 17:22:45 2024
106, 67, 135, Thu Aug 22 17:23:45 2024
119, 68, 155, Thu Aug 22 17:24:45 2024
133, 68, 145, Thu Aug 22 17:25:45 2024
117, 58, 132, Thu Aug 22 17:26:45 2024
128, 60, 156, Thu Aug 22 17:27:45 2024
140, 64, 167, Thu Aug 22 17:28:45 2024
98, 50, 137, Thu Aug 22 17:29:45 2024
132, 65, 147, Thu Aug 22 17:30:45 2024
134, 64, 141, Thu Aug 22 17:31:45 2024
129, 60, 140, Thu Aug 22 17:32:45 2024
117, 62, 135, Thu Aug 22 17:33:45 2024
138, 73, 169, Thu Aug 22 17:34:45 2024
128, 68, 141, Thu Aug 22 17:35:45 2024
130, 48, 154, Thu Aug 22 17:36:45 2024
121, 74, 141, Thu Aug 22 17:37:45 2024
130, 61, 149, Thu Aug 22 17:38:45 2024
136, 75, 159, Thu Aug 22 17:39:45 2024
124, 66, 154, Thu Aug 22 17:40:45 2024
121, 72, 165, Thu Aug 22 17:41:45 2024
130, 74, 159, Thu Aug 22 17:42:45 2024
125, 57, 157, Thu Aug 22 17:43:45 2024
134, 71, 178, Thu Aug 22 17:44:45 2024
135, 77, 141, Thu Aug 22 17:45:45 2024
154, 65, 138, Thu Aug 22 17:46:45 2024
111, 58, 149, Thu Aug 22 17:47:45 2024
127, 71, 157, Thu Aug 22 17:48:45 2024
118, 65, 151, Thu Aug 22 17:49:45 2024
138, 70, 145, Thu Aug 22 17:50:45 2024
136, 70, 150, Thu Aug 22 17:51:45 2024
112, 56, 130, Thu Aug 22 17:52:45 2024
133, 74, 148, Thu Aug 22 17:53:45 2024
121, 73, 173, Thu Aug 22 17:54:45 2024
110, 65, 160, Thu Aug 22 17:55:45 2024
133, 83, 170, Thu Aug 22 17:56:45 2024
134, 69, 141, Thu Aug 22 17:57:45 2024
132, 70, 155, Thu Aug 22 17:58:45 2024
136, 77, 176, Thu Aug 22 17:59:45 2024
133, 69, 159, Thu Aug 22 18:00:45 2024
119, 68, 163, Thu Aug 22 18:01:45 2024
118, 73, 154, Thu Aug 22 18:02:45 2024
129, 65, 151, Thu Aug 22 18:03:45 2024
109, 51, 145, Thu Aug 22 18:04:45 2024
132, 75, 167, Thu Aug 22 18:05:45 2024
103, 59, 139, Thu Aug 22 18:06:45 2024
145, 83, 183, Thu Aug 22 18:07:45 2024
115, 48, 131, Thu Aug 22 18:08:45 2024
129, 76, 155, Thu Aug 22 18:09:45 2024
127, 70, 149, Thu Aug 22 18:10:45 2024
144, 82, 174, Thu Aug 22 18:11:45 2024
119, 60, 134, Thu Aug 22 18:12:45 2024
109, 67, 145, Thu Aug 22 18:13:45 2024
130, 63, 146, Thu Aug 22 18:14:45 2024
125, 67, 151, Thu Aug 22 18:15:45 2024
140, 61, 143, Thu Aug 22 18:16:45 2024
124, 64, 144, Thu Aug 22 18:17:45 2024
135, 77, 152, Thu Aug 22 18:18:45 2024
119, 77, 144, Thu Aug 22 18:19:45 2024
120, 63, 153, Thu Aug 22 18:20:45 2024
103, 48, 127, Thu Aug 22 18:21:45 2024
141, 69, 135, Thu Aug 22 18:22:45 2024
152, 85, 168, Thu Aug 22 18:23:45 2024
143, 78, 141, Thu Aug 22 18:24:45 2024
138, 73, 144, Thu Aug 22 18:25:45 2024
130, 72, 160, Thu Aug 22 18:26:45 2024
124, 66, 153, Thu Aug 22 18:27:45 2024
132, 70, 148, Thu Aug 22 18:28:45 2024
110, 65, 129, Thu Aug 22 18:29:45 2024
133, 71, 140, Thu Aug 22 18:30:45 2024
146, 73, 159, Thu Aug 22 18:31:45 2024
110, 48, 135, Thu Aug 22 18:32:45 2024
109, 65, 140, Thu Aug 22 18:33:45 2024
134, 70, 148, Thu Aug 22 18:34:45 2024
126, 71, 159, Thu Aug 22 18:35:45 2024
119, 67, 157, Thu Aug 22 18:36:45 2024
116, 70, 147, Thu Aug 22 18:37:45 2024
151, 71, 152, Thu Aug 22 18:38:45 2024
112, 57, 128, Thu Aug 22 18:39:45 2024
99, 58, 124, Thu Aug 22 18:40:45 2024
128, 55, 151, Thu Aug 22 18:41:45 2024
125, 66, 138, Thu Aug 22 18:42:45 2024
131, 69, 147, Thu Aug 22 18:43:45 2024
112, 64, 139, Thu Aug 22 18:44:45 2024
118, 59, 150, Thu Aug 22 18:45:45 2024
152, 84, 154, Thu Aug 22 18:46:45 2024
126, 70, 149, Thu Aug 22 18:47:45 2024
131, 75, 155, Thu Aug 22 18:48:45 2024
123, 64, 140, Thu Aug 22 18:49:45 2024
107, 60, 130, Thu Aug 22 18:50:45 2024
113, 62, 149, Thu Aug 22 18:51:45 2024
104, 57, 128, Thu Aug 22 18:52:45 2024
115, 52, 131, Thu Aug 22 18:53:45 2024
114, 63, 156, Thu Aug 22 18:54:45 2024
113, 55, 138, Thu Aug 22 18:55:45 2024
124, 64, 151, Thu Aug 22 18:56:45 2024
128, 70, 141, Thu Aug 22 18:57:45 2024
153, 77, 161, Thu Aug 22 18:58:45 2024
119, 58, 142, Thu Aug 22 18:59:45 2024
125, 76, 152, Thu Aug 22 19:00:45 2024
127, 71, 147, Thu Aug 22 19:01:45 2024
126, 63, 142, Thu Aug 22 19:02:45 2024
131, 74, 169, Thu Aug 22 19:03:45 2024
113, 68, 140, Thu Aug 22 19:04:45 2024
117, 76, 155, Thu Aug 22 19:05:45 2024
124, 70, 152, Thu Aug 22 19:06:45 2024
136, 73, 148, Thu Aug 22 19:07:45 2024
126, 62, 134, Thu Aug 22 19:08:45 2024
121, 60, 141, Thu Aug 22 19:09:45 2024
101, 59, 140, Thu Aug 22 19:10:45 2024
132, 68, 146, Thu Aug 22 19:11:45 2024
127, 64, 149, Thu Aug 22 19:12:45 2024
141, 77, 170, Thu Aug 22 19:13:45 2024
128, 77, 158, Thu Aug 22 19:14:45 2024
108, 51, 137, Thu Aug 22 19:15:45 2024
132, 75, 154, Thu Aug 22 19:16:45 2024
131, 72, 156, Thu Aug 22 19:17:45 2024
130, 70, 133, Thu Aug 22 19:18:45 2024
126, 71, 153, Thu Aug 22 19:19:45 2024
127, 61, 152, Thu Aug 22 19:20:45 2024
117, 53, 123, Thu Aug 22 19:21:45 2024
127, 69, 147, Thu Aug 22 19:22:45 2024
125, 63, 141, Thu Aug 22 19:23:45 2024
116, 71, 147, Thu Aug 22 19:24:45 2024
134, 70, 152, Thu Aug 22 19:25:45 2024
141, 71, 158, Thu Aug 22 19:26:45 2024
100, 58, 134, Thu Aug 22 19:27:45 2024
127, 66, 136, Thu Aug 22 19:28:45 2024
147, 73, 158, Thu Aug 22 19:29:45 2024
136, 66, 135, Thu Aug 22 19:30:45 2024
128, 70, 146, Thu Aug 22 19:31:45 2024
134, 69, 137, Thu Aug 22 19:32:45 2024
119, 57, 140, Thu Aug 22 19:33:45 2024
119, 64, 155, Thu Aug 22 19:34:45 2024
124, 77, 152, Thu Aug 22 19:35:45 2024
136, 79, 153, Thu Aug 22 19:36:45 2024
118, 52, 155, Thu Aug 22 19:37:45 2024
124, 61, 140, Thu Aug 22 19:38:45 2024
129, 65, 154, Thu Aug 22 19:39:45 2024
118, 63, 148, Thu Aug 22 19:40:45 2024
110, 55, 132, Thu Aug 22 19:41:45 2024
129, 71, 160, Thu Aug 22 19:42:45 2024
109, 67, 156, Thu Aug 22 19:43:45 2024
118, 50, 126, Thu Aug 22 19:44:45 2024
130, 67, 134, Thu Aug 22 19:45:45 2024
131, 68, 147, Thu Aug 22 19:46:45 2024
118, 64, 143, Thu Aug 22 19:47:45 2024
144, 78, 155, Thu Aug 22 19:48:45 2024
112, 62, 121, Thu Aug 22 19:49:45 2024
128, 53, 130, Thu Aug 22 19:50:45 2024
111, 54, 143, Thu Aug 22 19:51:45 2024
125, 65, 145, Thu Aug 22 19:52:45 2024
128, 69, 163, Thu Aug 22 19:53:45 2024
134, 83, 179, Thu Aug 22 19:54:45 2024
139, 70, 153, Thu Aug 22 19:55:45 2024
145, 79, 161, Thu Aug 22 19:56:45 2024
138, 60, 144, Thu Aug 22 19:57:45 2024
123, 65, 144, Thu Aug 22 19:58:45 2024
115, 59, 148, Thu Aug 22 19:59:45 2024
122, 59, 151, Thu Aug 22 20:00:45 2024
119, 59, 145, Thu Aug 22 20:01:45 2024
122, 67, 147, Thu Aug 22 20:02:45 2024
138, 63, 147, Thu Aug 22 20:03:45 2024
122, 60, 148, Thu Aug 22 20:04:45 2024
115, 60, 154, Thu Aug 22 20:05:45 2024
127, 63, 135, Thu Aug 22 20:06:45 2024
119, 74, 162, Thu Aug 22 20:07:45 2024
97, 62, 151, Thu Aug 22 20:08:45 2024
107, 55, 116, Thu Aug 22 20:09:45 2024
120, 53, 130, Thu Aug 22 20:10:45 2024
117, 74, 141, Thu Aug 22 20:11:45 2024
126, 57, 133, Thu Aug 22 20:12:45 2024
127, 64, 146, Thu Aug 22 20:13:45 2024
112, 54, 142, Thu Aug 22 20:14:45 2024
109, 62, 138, Thu Aug 22 20:15:45 2024
134, 77, 161, Thu Aug 22 20:16:45 2024
122, 60, 161, Thu Aug 22 20:17:45 2024
108, 61, 125, Thu Aug 22 20:18:45 2024
107, 56, 137, Thu Aug 22 20:19:45 2024
106, 61, 146, Thu Aug 22 20:20:45 2024
122, 67, 157, Thu Aug 22 20:21:45 2024
118, 66, 154, Thu Aug 22 20:22:45 2024
126, 62, 142, Thu Aug 22 20:23:45 2024
122, 68, 147, Thu Aug 22 20:24:45 2024
110, 63, 162, Thu Aug 22 20:25:45 2024
115, 62, 136, Thu Aug 22 20:26:45 2024
133, 80, 164, Thu Aug 22 20:27:45 2024
146, 76, 143, Thu Aug 22 20:28:45 2024
123, 76, 147, Thu Aug 22 20:29:45 2024
120, 57, 160, Thu Aug 22 20:30:45 2024
112, 45, 139, Thu Aug 22 20:31:45 2024
112, 61, 160, Thu Aug 22 20:32:45 2024
116, 67, 155, Thu Aug 22 20:33:45 2024
129, 64, 131, Thu Aug 22 20:34:45 2024
106, 60, 149, Thu Aug 22 20:35:45 2024
155, 90, 175, Thu Aug 22 20:36:45 2024
105, 60, 142, Thu Aug 22 20:37:45 2024
107, 53, 146, Thu Aug 22 20:38:45 2024
115, 55, 137, Thu Aug 22 20:39:45 2024
118, 57, 150, Thu Aug 22 20:40:45 2024
147, 81, 157, Thu Aug 22 20:41:45 2024
128, 71, 146, Thu Aug 22 20:42:45 2024
133, 80, 164, Thu Aug 22 20:43:45 2024
122, 63, 153, Thu Aug 22 20:44:45 2024
122, 84, 162, Thu Aug 22 20:45:45 2024
119, 65, 143, Thu Aug 22 20:46:45 2024
114, 53, 145, Thu Aug 22 20:47:45 2024
116, 45, 137, Thu Aug 22 20:48:45 2024
118, 61, 142, Thu Aug 22 20:49:45 2024
126, 65, 133, Thu Aug 22 20:50:45 2024
142, 70, 145, Thu Aug 22 20:51:45 2024
118, 60, 162, Thu Aug 22 20:52:45 2024
139, 71, 159, Thu Aug 22 20:53:45 2024
110, 64, 132, Thu Aug 22 20:54:45 2024
99, 60, 139, Thu Aug 22 20:55:45 2024
122, 64, 143, Thu Aug 22 20:56:45 2024
117, 60, 142, Thu Aug 22 20:57:45 2024
142, 64, 129, Thu Aug 22 20:58:45 2024
102, 58, 137, Thu Aug 22 20:59:45 2024
135, 85, 165, Thu Aug 22 21:00:45 2024
144, 80, 176, Thu Aug 22 21:01:45 2024
127, 68, 147, Thu Aug 22 21:02:45 2024
113, 62, 137, Thu Aug 22 21:03:45 2024
109, 69, 135, Thu Aug 22 21:04:45 2024
116, 60, 143, Thu Aug 22 21:05:45 2024
149, 69, 156, Thu Aug 22 21:06:45 2024
103, 60, 140, Thu Aug 22 21:07:45 2024
128, 60, 151, Thu Aug 22 21:08:45 2024
134, 77, 163, Thu Aug 22 21:09:45 2024
118, 50, 141, Thu Aug 22 21:10:45 2024
127, 71, 157, Thu Aug 22 21:11:45 2024
129, 59, 158, Thu Aug 22 21:12:45 2024
121, 65, 145, Thu Aug 22 21:13:45 2024
136, 75, 157, Thu Aug 22 21:14:45 2024
123, 63, 140, Thu Aug 22 21:15:45 2024
123, 72, 157, Thu Aug 22 21:16:45 2024
115, 58, 123, Thu Aug 22 21:17:45 2024
155, 73, 131, Thu Aug 22 21:18:45 2024
109, 58, 154, Thu Aug 22 21:19:45 2024
134, 71, 148, Thu Aug 22 21:20:45 2024
131, 72, 141, Thu Aug 22 21:21:45 2024
135, 75, 153, Thu Aug 22 21:22:45 2024
126, 64, 144, Thu Aug 22 21:23:45 2024
129, 65, 149, Thu Aug 22 21:24:45 2024
108, 57, 136, Thu Aug 22 21:25:45 2024
153, 70, 155, Thu Aug 22 21:26:45 2024
117, 53, 118, Thu Aug 22 21:27:45 2024
140, 60, 145, Thu Aug 22 21:28:45 2024
129, 76, 134, Thu Aug 22 21:29:45 2024
160, 78, 154, Thu Aug 22 21:30:45 2024
117, 65, 158, Thu Aug 22 21:31:45 2024
127, 67, 148, Thu Aug 22 21:32:45 2024
141, 80, 162, Thu Aug 22 21:33:45 2024
168, 65, 155, Thu Aug 22 21:34:45 2024
111, 60, 134, Thu Aug 22 21:35:45 2024
108, 57, 131, Thu Aug 22 21:36:45 2024
129, 64, 152, Thu Aug 22 21:37:45 2024
120, 62, 145, Thu Aug 22 21:38:45 2024
122, 70, 164, Thu Aug 22 21:39:45 2024
137, 74, 148, Thu Aug 22 21:40:45 2024
108, 59, 128, Thu Aug 22 21:41:45 2024
113, 54, 124, Thu Aug 22 21:42:45 2024
112, 62, 153, Thu Aug 22 21:43:45 2024
110, 56, 144, Thu Aug 22 21:44:45 2024
114, 60, 141, Thu Aug 22 21:45:45 2024
110, 62, 142, Thu Aug 22 21:46:45 2024
113, 61, 148, Thu Aug 22 21:47:45 2024
116, 57, 139, Thu Aug 22 21:48:45 2024
102, 52, 145, Thu Aug 22 21:49:45 2024
137, 74, 141, Thu Aug 22 21:50:45 2024
143, 65, 167, Thu Aug 22 21:51:45 2024
123, 67, 136, Thu Aug 22 21:52:45 2024
118, 68, 156, Thu Aug 22 21:53:45 2024
123, 50, 125, Thu Aug 22 21:54:45 2024
110, 55, 136, Thu Aug 22 21:55:45 2024
140, 72, 162, Thu Aug 22 21:56:45 2024
119, 70, 138, Thu Aug 22 21:57:45 2024
97, 56, 136, Thu Aug 22 21:58:45 2024
133, 69, 150, Thu Aug 22 21:59:45 2024
128, 75, 147, Thu Aug 22 22:00:45 2024
124, 66, 151, Thu Aug 22 22:01:45 2024
139, 72, 144, Thu Aug 22 22:02:45 2024
127, 78, 156, Thu Aug 22 22:03:45 2024
118, 64, 126, Thu Aug 22 22:04:45 2024
101, 52, 130, Thu Aug 22 22:05:45 2024
143, 70, 142, Thu Aug 22 22:06:45 2024
122, 63, 138, Thu Aug 22 22:07:45 2024
115, 71, 156, Thu Aug 22 22:08:45 2024
138, 73, 152, Thu Aug 22 22:09:45 2024
114, 49, 149, Thu Aug 22 22:10:45 2024
116, 72, 165, Thu Aug 22 22:11:45 2024
107, 56, 140, Thu Aug 22 22:12:45 2024
107, 66, 149, Thu Aug 22 22:13:45 2024
130, 75, 168, Thu Aug 22 22:14:45 2024
116, 67, 143, Thu Aug 22 22:15:45 2024
136, 78, 158, Thu Aug 22 22:16:45 2024
139, 91, 187, Thu Aug 22 22:17:45 2024
115, 67, 137, Thu Aug 22 22:18:45 2024
107, 68, 146, Thu Aug 22 22:19:45 2024
133, 81, 167, Thu Aug 22 22:20:45 2024
126, 57, 129, Thu Aug 22 22:21:45 2024
105, 59, 145, Thu Aug 22 22:22:45 2024
153, 69, 155, Thu Aug 22 22:23:45 2024
127, 76, 135, Thu Aug 22 22:24:45 2024
120, 49, 130, Thu Aug 22 22:25:45 2024
128, 75, 167, Thu Aug 22 22:26:45 2024
147, 71, 154, Thu Aug 22 22:27:45 2024
119, 70, 132, Thu Aug 22 22:28:45 2024
112, 45, 128, Thu Aug 22 22:29:45 2024
123, 64, 153, Thu Aug 22 22:30:45 2024
135, 68, 144, Thu Aug 22 22:31:45 2024
116, 58, 132, Thu Aug 22 22:32:45 2024
157, 62, 130, Thu Aug 22 22:33:45 2024
129, 64, 148, Thu Aug 22 22:34:45 2024
122, 65, 140, Thu Aug 22 22:35:45 2024
146, 84, 171, Thu Aug 22 22:36:45 2024
123, 60, 136, Thu Aug 22 22:37:45 2024
103, 55, 133, Thu Aug 22 22:38:45 2024
135, 72, 150, Thu Aug 22 22:39:45 2024
132, 69, 159, Thu Aug 22 22:40:45 2024
121, 63, 143, Thu Aug 22 22:41:45 2024
121, 56, 129, Thu Aug 22 22:42:45 2024
139, 67, 144, Thu Aug 22 22:43:45 2024
125, 62, 143, Thu Aug 22 22:44:45 2024
117, 53, 134, Thu Aug 22 22:45:45 2024
131, 72, 136, Thu Aug 22 22:46:45 2024
119, 62, 125, Thu Aug 22 22:47:45 2024
121, 65, 143, Thu Aug 22 22:48:45 2024
132, 82, 182, Thu Aug 22 22:49:45 2024
120, 70, 145, Thu Aug 22 22:50:45 2024
96, 52, 115, Thu Aug 22 22:51:45 2024
120, 63, 153, Thu Aug 22 22:52:45 2024
144, 78, 159, Thu Aug 22 22:53:45 2024
108, 51, 131, Thu Aug 22 22:54:45 2024
115, 55, 137, Thu Aug 22 22:55:45 2024
122, 72, 171, Thu Aug 22 22:56:45 2024
134, 82, 167, Thu Aug 22 22:57:45 2024
115, 52, 135, Thu Aug 22 22:58:45 2024
135, 84, 162, Thu Aug 22 22:59:45 2024
133, 76, 141, Thu Aug 22 23:00:45 2024
120, 66, 140, Thu Aug 22 23:01:45 2024
137, 71, 158, Thu Aug 22 23:02:45 2024
113, 50, 132, Thu Aug 22 23:03:45 2024
118, 65, 159, Thu Aug 22 23:04:45 2024
111, 63, 145, Thu Aug 22 23:05:45 2024
140, 67, 152, Thu Aug 22 23:06:45 2024
136, 70, 149, Thu Aug 22 23:07:45 2024
121, 55, 136, Thu Aug 22 23:08:45 2024
129, 58, 154, Thu Aug 22 23:09:45 2024
129, 63, 158, Thu Aug 22 23:10:45 2024
126, 70, 166, Thu Aug 22 23:11:45 2024
109, 63, 148, Thu Aug 22 23:12:45 2024
110, 57, 128, Thu Aug 22 23:13:45 2024
122, 65, 145, Thu Aug 22 23:14:45 2024
142, 72, 153, Thu Aug 22 23:15:45 2024
138, 77, 164, Thu Aug 22 23:16:45 2024
128, 78, 133, Thu Aug 22 23:17:45 2024
140, 72, 159, Thu Aug 22 23:18:45 2024
135, 64, 137, Thu Aug 22 23:19:45 2024
112, 63, 127, Thu Aug 22 23:20:45 2024
113, 58, 129, Thu Aug 22 23:21:45 2024
130, 75, 161, Thu Aug 22 23:22:45 2024
106, 52, 131, Thu Aug 22 23:23:45 2024
114, 74, 153, Thu Aug 22 23:24:45 2024
137, 59, 144, Thu Aug 22 23:25:45 2024
128, 79, 132, Thu Aug 22 23:26:45 2024
125, 66, 135, Thu Aug 22 23:27:45 2024
118, 62, 146, Thu Aug 22 23:28:45 2024
122, 65, 157, Thu Aug 22 23:29:45 2024
121, 53, 135, Thu Aug 22 23:30:45 2024
131, 68, 165, Thu Aug 22 23:31:45 2024
121, 62, 152, Thu Aug 22 23:32:45 2024
108, 58, 136, Thu Aug 22 23:33:45 2024
112, 69, 153, Thu Aug 22 23:34:45 2024
112, 53, 117, Thu Aug 22 23:35:45 2024
118, 64, 133, Thu Aug 22 23:36:45 2024
122, 67, 144, Thu Aug 22 23:37:45 2024
131, 59, 125, Thu Aug 22 23:38:45 2024
106, 47, 137, Thu Aug 22 23:39:45 2024
119, 63, 167, Thu Aug 22 23:40:45 2024
114, 57, 144, Thu Aug 22 23:41:45 2024
123, 63, 150, Thu Aug 22 23:42:45 2024
127, 73, 154, Thu Aug 22 23:43:45 2024
150, 92, 186, Thu Aug 22 23:44:45 2024
115, 54, 134, Thu Aug 22 23:45:45 2024
109, 61, 149, Thu Aug 22 23:46:45 2024
127, 63, 141, Thu Aug 22 23:47:45 2024
116, 60, 143, Thu Aug 22 23:48:45 2024
139, 65, 133, Thu Aug 22 23:49:45 2024
124, 74, 134, Thu Aug 22 23:50:45 2024
132, 73, 163, Thu Aug 22 23:51:45 2024
111, 65, 155, Thu Aug 22 23:52:45 2024
130, 67, 160, Thu Aug 22 23:53:45 2024
118, 69, 154, Thu Aug 22 23:54:45 2024
121, 59, 137, Thu Aug 22 23:55:45 2024
136, 71, 140, Thu Aug 22 23:56:45 2024
140, 74, 158, Thu Aug 22 23:57:45 2024
135, 71, 142, Thu Aug 22 23:58:45 2024
140, 63, 153, Thu Aug 22 23:59:45 2024
99, 51, 119, Fri Aug 23 00:00:45 2024
109, 59, 145, Fri Aug 23 00:01:45 2024
131, 81, 162, Fri Aug 23 00:02:45 2024
117, 67, 151, Fri Aug 23 00:03:45 2024
105, 61, 147, Fri Aug 23 00:04:45 2024
132, 74, 180, Fri Aug 23 00:05:45 2024
120, 63, 136, Fri Aug 23 00:06:45 2024
122, 58, 131, Fri Aug 23 00:07:45 2024
131, 77, 145, Fri Aug 23 00:08:45 2024
122, 72, 160, Fri Aug 23 00:09:45 2024
129, 68, 155, Fri Aug 23 00:10:45 2024
139, 61, 138, Fri Aug 23 00:11:45 2024
112, 55, 123, Fri Aug 23 00:12:45 2024
130, 65, 164, Fri Aug 23 00:13:45 2024
111, 55, 129, Fri Aug 23 00:14:45 2024
138, 66, 142, Fri Aug 23 00:15:45 2024
109, 65, 137, Fri Aug 23 00:16:45 2024
110, 63, 140, Fri Aug 23 00:17:45 2024
123, 69, 132, Fri Aug 23 00:18:45 2024
142, 78, 165, Fri Aug 23 00:19:45 2024
115, 70, 154, Fri Aug 23 00:20:45 2024
114, 64, 149, Fri Aug 23 00:21:45 2024
118, 62, 125, Fri Aug 23 00:22:45 2024
126, 73, 156, Fri Aug 23 00:23:45 2024
120, 72, 150, Fri Aug 23 00:24:45 2024
116, 61, 158, Fri Aug 23 00:25:45 2024
135, 77, 159, Fri Aug 23 00:26:45 2024
123, 63, 145, Fri Aug 23 00:27:45 2024
120, 70, 144, Fri Aug 23 00:28:45 2024
134, 54, 121, Fri Aug 23 00:29:45 2024
113, 58, 128, Fri Aug 23 00:30:45 2024
139, 67, 146, Fri Aug 23 00:31:45 2024
132, 69, 149, Fri Aug 23 00:32:45 2024
106, 50, 138, Fri Aug 23 00:33:45 2024
129, 66, 141, Fri Aug 23 00:34:45 2024
121, 68, 131, Fri Aug 23 00:35:45 2024
103, 61, 143, Fri Aug 23 00:36:45 2024
113, 57, 130, Fri Aug 23 00:37:45 2024
120, 66, 154, Fri Aug 23 00:38:45 2024
140, 79, 158, Fri Aug 23 00:39:45 2024
127, 68, 157, Fri Aug 23 00:40:45 2024
134, 62, 145, Fri Aug 23 00:41:45 2024
122, 64, 151, Fri Aug 23 00:42:45 2024
124, 66, 154, Fri Aug 23 00:43:45 2024
119, 53, 128, Fri Aug 23 00:44:45 2024
136, 80, 174, Fri Aug 23 00:45:45 2024
121, 74, 147, Fri Aug 23 00:46:45 2024
140, 77, 170, Fri Aug 23 00:47:45 2024
111, 58, 142, Fri Aug 23 00:48:45 2024
140, 82, 154, Fri Aug 23 00:49:45 2024
100, 54, 130, Fri Aug 23 00:50:45 2024
121, 58, 155, Fri Aug 23 00:51:45 2024
128, 54, 127, Fri Aug 23 00:52:45 2024
108, 47, 127, Fri Aug 23 00:53:45 2024
106, 56, 146, Fri Aug 23 00:54:45 2024
116, 53, 135, Fri Aug 23 00:55:45 2024
114, 66, 141, Fri Aug 23 00:56:45 2024
108, 70, 142, Fri Aug 23 00:57:45 2024
112, 61, 149, Fri Aug 23 00:58:45 2024
133, 64, 140, Fri Aug 23 00:59:45 2024
118, 68, 154, Fri Aug 23 01:00:45 2024
123, 72, 166, Fri Aug 23 01:01:45 2024
129, 62, 143, Fri Aug 23 01:02:45 2024
124, 59, 115, Fri Aug 23 01:03:45 2024
118, 68, 150, Fri Aug 23 01:04:45 2024
130, 66, 146, Fri Aug 23 01:05:45 2024
130, 67, 137, Fri Aug 23 01:06:45 2024
156, 75, 157, Fri Aug 23 01:07:45 2024
127, 70, 148, Fri Aug 23 01:08:45 2024
131, 70, 156, Fri Aug 23 01:09:45 2024
117, 65, 147, Fri Aug 23 01:10:45 2024
105, 58, 152, Fri Aug 23 01:11:45 2024
120, 83, 164, Fri Aug 23 01:12:45 2024
130, 65, 148, Fri Aug 23 01:13:45 2024
134, 71, 148, Fri Aug 23 01:14:45 2024
127, 61, 139, Fri Aug 23 01:15:45 2024
125, 67, 158, Fri Aug 23 01:16:45 2024
125, 59, 136, Fri Aug 23 01:17:45 2024
118, 70, 149, Fri Aug 23 01:18:45 2024
107, 48, 118, Fri Aug 23 01:19:45 2024
107, 63, 154, Fri Aug 23 01:20:45 2024
122, 69, 154, Fri Aug 23 01:21:45 2024
112, 59, 150, Fri Aug 23 01:22:45 2024
117, 62, 146, Fri Aug 23 01:23:45 2024
121, 78, 165, Fri Aug 23 01:24:45 2024
133, 76, 153, Fri Aug 23 01:25:45 2024
133, 73, 154, Fri Aug 23 01:26:45 2024
120, 61, 142, Fri Aug 23 01:27:45 2024
125, 66, 165, Fri Aug 23 01:28:45 2024
119, 70, 156, Fri Aug 23 01:29:45 2024
99, 56, 151, Fri Aug 23 01:30:45 2024
128, 69, 146, Fri Aug 23 01:31:45 2024
128, 71, 144, Fri Aug 23 01:32:45 2024
122, 76, 142, Fri Aug 23 01:33:45 2024
123, 55, 135, Fri Aug 23 01:34:45 2024
142, 76, 146, Fri Aug 23 01:35:45 2024
103, 52, 136, Fri Aug 23 01:36:45 2024
127, 56, 131, Fri Aug 23 01:37:45 2024
115, 65, 137, Fri Aug 23 01:38:45 2024
139, 75, 150, Fri Aug 23 01:39:45 2024
111, 60, 132, Fri Aug 23 01:40:45 2024
124, 65, 140, Fri Aug 23 01:41:45 2024
106, 56, 119, Fri Aug 23 01:42:45 2024
116, 56, 140, Fri Aug 23 01:43:45 2024
117, 78, 153, Fri Aug 23 01:44:45 2024
115, 67, 136, Fri Aug 23 01:45:45 2024
117, 72, 143, Fri Aug 23 01:46:45 2024
119, 65, 155, Fri Aug 23 01:47:46 2024
107, 66, 151, Fri Aug 23 01:48:45 2024
121, 69, 149, Fri Aug 23 01:49:45 2024
126, 58, 139, Fri Aug 23 01:50:46 2024
152, 77, 159, Fri Aug 23 01:51:46 2024
107, 66, 145, Fri Aug 23 01:52:45 2024
119, 53, 124, Fri Aug 23 01:53:45 2024
141, 75, 147, Fri Aug 23 01:54:46 2024
131, 74, 147, Fri Aug 23 01:55:46 2024
115, 67, 157, Fri Aug 23 01:56:45 2024
126, 67, 158, Fri Aug 23 01:57:45 2024
120, 61, 132, Fri Aug 23 01:58:46 2024
113, 54, 117, Fri Aug 23 01:59:46 2024
126, 69, 153, Fri Aug 23 02:00:46 2024
125, 71, 135, Fri Aug 23 02:01:46 2024
151, 80, 183, Fri Aug 23 02:02:46 2024
131, 59, 134, Fri Aug 23 02:03:46 2024
135, 67, 139, Fri Aug 23 02:04:46 2024
137, 77, 153, Fri Aug 23 02:05:46 2024
116, 58, 120, Fri Aug 23 02:06:46 2024
124, 72, 153, Fri Aug 23 02:07:46 2024
132, 73, 159, Fri Aug 23 02:08:46 2024
145, 73, 165, Fri Aug 23 02:09:46 2024
116, 65, 158, Fri Aug 23 02:10:46 2024
127, 70, 164, Fri Aug 23 02:11:46 2024
124, 70, 145, Fri Aug 23 02:12:46 2024
139, 65, 143, Fri Aug 23 02:13:46 2024
136, 74, 147, Fri Aug 23 02:14:46 2024
150, 70, 144, Fri Aug 23 02:15:46 2024
101, 58, 143, Fri Aug 23 02:16:46 2024
124, 64, 138, Fri Aug 23 02:17:46 2024
114, 66, 131, Fri Aug 23 02:18:46 2024
124, 58, 139, Fri Aug 23 02:19:46 2024
120, 67, 146, Fri Aug 23 02:20:46 2024
122, 65, 159, Fri Aug 23 02:21:46 2024
126, 68, 158, Fri Aug 23 02:22:46 2024
126, 64, 119, Fri Aug 23 02:23:46 2024
137, 67, 149, Fri Aug 23 02:24:46 2024
140, 75, 162, Fri Aug 23 02:25:46 2024
143, 74, 141, Fri Aug 23 02:26:46 2024
118, 61, 149, Fri Aug 23 02:27:46 2024
118, 64, 151, Fri Aug 23 02:28:46 2024
123, 66, 139, Fri Aug 23 02:29:46 2024
139, 82, 164, Fri Aug 23 02:30:46 2024
125, 64, 134, Fri Aug 23 02:31:46 2024
110, 55, 133, Fri Aug 23 02:32:46 2024
152, 82, 166, Fri Aug 23 02:33:46 2024
126, 69, 153, Fri Aug 23 02:34:46 2024
129, 64, 158, Fri Aug 23 02:35:46 2024
124, 69, 147, Fri Aug 23 02:36:46 2024
142, 81, 156, Fri Aug 23 02:37:46 2024
142, 72, 162, Fri Aug 23 02:38:46 2024
117, 72, 165, Fri Aug 23 02:39:46 2024
118, 54, 139, Fri Aug 23 02:40:46 2024
133, 59, 122, Fri Aug 23 02:41:46 2024
118, 66, 148, Fri Aug 23 02:42:46 2024
127, 71, 133, Fri Aug 23 02:43:46 2024
133, 80, 167, Fri Aug 23 02:44:46 2024
121, 66, 149, Fri Aug 23 02:45:46 2024
120, 52, 117, Fri Aug 23 02:46:46 2024
130, 60, 141, Fri Aug 23 02:47:46 2024
135, 59, 141, Fri Aug 23 02:48:46 2024
125, 67, 151, Fri Aug 23 02:49:46 2024
122, 72, 168, Fri Aug 23 02:50:46 2024
111, 67, 160, Fri Aug 23 02:51:46 2024
116, 71, 160, Fri Aug 23 02:52:46 2024
158, 72, 159, Fri Aug 23 02:53:46 2024
125, 66, 163, Fri Aug 23 02:54:46 2024
119, 73, 143, Fri Aug 23 02:55:46 2024
120, 73, 162, Fri Aug 23 02:56:46 2024
131, 57, 132, Fri Aug 23 02:57:46 2024
108, 57, 138, Fri Aug 23 02:58:46 2024
166, 72, 150, Fri Aug 23 02:59:46 2024
133, 74, 166, Fri Aug 23 03:00:46 2024
127, 68, 140, Fri Aug 23 03:01:46 2024
132, 76, 154, Fri Aug 23 03:02:46 2024
127, 65, 159, Fri Aug 23 03:03:46 2024
124, 59, 131, Fri Aug 23 03:04:46 2024
150, 81, 181, Fri Aug 23 03:05:46 2024
128, 75, 162, Fri Aug 23 03:06:46 2024
106, 46, 137, Fri Aug 23 03:07:46 2024
125, 75, 148, Fri Aug 23 03:08:46 2024
107, 59, 128, Fri Aug 23 03:09:46 2024
118, 48, 128, Fri Aug 23 03:10:46 2024
123, 65, 154, Fri Aug 23 03:11:46 2024
102, 57, 144, Fri Aug 23 03:12:46 2024
127, 57, 141, Fri Aug 23 03:13:46 2024
107, 50, 142, Fri Aug 23 03:14:46 2024
113, 50, 110, Fri Aug 23 03:15:46 2024
117, 67, 166, Fri Aug 23 03:16:46 2024
112, 51, 140, Fri Aug 23 03:17:46 2024
135, 62, 140, Fri Aug 23 03:18:46 2024
150, 81, 164, Fri Aug 23 03:19:46 2024
115, 63, 153, Fri Aug 23 03:20:46 2024
129, 62, 143, Fri Aug 23 03:21:46 2024
115, 56, 139, Fri Aug 23 03:22:46 2024
131, 60, 155, Fri Aug 23 03:23:46 2024
123, 73, 150, Fri Aug 23 03:24:46 2024
110, 58, 135, Fri Aug 23 03:25:46 2024
126, 55, 129, Fri Aug 23 03:26:46 2024
136, 60, 144, Fri Aug 23 03:27:46 2024
94, 54, 122, Fri Aug 23 03:28:46 2024
126, 65, 140, Fri Aug 23 03:29:46 2024
121, 62, 139, Fri Aug 23 03:30:46 2024
108, 68, 167, Fri Aug 23 03:31:46 2024
117, 67, 145, Fri Aug 23 03:32:46 2024
111, 58, 130, Fri Aug 23 03:33:46 2024
117, 64, 146, Fri Aug 23 03:34:46 2024
136, 62, 132, Fri Aug 23 03:35:46 2024
129, 73, 144, Fri Aug 23 03:36:46 2024
161, 78, 162, Fri Aug 23 03:37:46 2024
131, 70, 167, Fri Aug 23 03:38:46 2024
153, 75, 154, Fri Aug 23 03:39:46 2024
138, 77, 144, Fri Aug 23 03:40:46 2024
135, 72, 142, Fri Aug 23 03:41:46 2024
116, 58, 136, Fri Aug 23 03:42:46 2024
110, 59, 144, Fri Aug 23 03:43:46 2024
124, 77, 148, Fri Aug 23 03:44:46 2024
130, 55, 120, Fri Aug 23 03:45:46 2024
124, 68, 151, Fri Aug 23 03:46:46 2024
111, 64, 127, Fri Aug 23 03:47:46 2024
118, 76, 137, Fri Aug 23 03:48:46 2024
106, 55, 120, Fri Aug 23 03:49:46 2024
133, 65, 135, Fri Aug 23 03:50:46 2024
141, 64, 143, Fri Aug 23 03:51:46 2024
139, 72, 150, Fri Aug 23 03:52:46 2024
131, 71, 151, Fri Aug 23 03:53:46 2024
134, 73, 159, Fri Aug 23 03:54:46 2024
114, 54, 123, Fri Aug 23 03:55:46 2024
119, 65, 155, Fri Aug 23 03:56:46 2024
128, 63, 142, Fri Aug 23 03:57:46 2024
110, 66, 156, Fri Aug 23 03:58:46 2024
162, 68, 172, Fri Aug 23 03:59:46 2024
116, 58, 125, Fri Aug 23 04:00:46 2024
129, 72, 145, Fri Aug 23 04:01:46 2024
108, 64, 136, Fri Aug 23 04:02:46 2024
141, 65, 133, Fri Aug 23 04:03:46 2024
134, 73, 154, Fri Aug 23 04:04:46 2024
132, 66, 163, Fri Aug 23 04:05:46 2024
111, 57, 140, Fri Aug 23 04:06:46 2024
95, 52, 145, Fri Aug 23 04:07:46 2024
139, 84, 168, Fri Aug 23 04:08:46 2024
125, 67, 146, Fri Aug 23 04:09:46 2024
139, 70, 162, Fri Aug 23 04:10:46 2024
153, 85, 157, Fri Aug 23 04:11:46 2024
106, 68, 153, Fri Aug 23 04:12:46 2024
137, 79, 148, Fri Aug 23 04:13:46 2024
108, 57, 139, Fri Aug 23 04:14:46 2024
120, 56, 130, Fri Aug 23 04:15:46 2024
123, 63, 144, Fri Aug 23 04:16:46 2024
136, 63, 137, Fri Aug 23 04:17:46 2024
140, 74, 142, Fri Aug 23 04:18:46 2024
116, 63, 142, Fri Aug 23 04:19:46 2024
119, 65, 148, Fri Aug 23 04:20:46 2024
156, 71, 155, Fri Aug 23 04:21:46 2024
131, 74, 145, Fri Aug 23 04:22:46 2024
105, 52, 134, Fri Aug 23 04:23:46 2024
120, 76, 142, Fri Aug 23 04:24:46 2024
127, 82, 168, Fri Aug 23 04:25:46 2024
124, 62, 153, Fri Aug 23 04:26:46 2024
125, 69, 142, Fri Aug 23 04:27:46 2024
96, 55, 122, Fri Aug 23 04:28:46 2024
125, 68, 150, Fri Aug 23 04:29:46 2024
123, 63, 129, Fri Aug 23 04:30:46 2024
131, 66, 147, Fri Aug 23 04:31:46 2024
121, 65, 169, Fri Aug 23 04:32:46 2024
162, 68, 153, Fri Aug 23 04:33:46 2024
139, 70, 152, Fri Aug 23 04:34:46 2024
124, 57, 125, Fri Aug 23 04:35:46 2024
142, 84, 156, Fri Aug 23 04:36:46 2024
130, 70, 153, Fri Aug 23 04:37:46 2024
133, 71, 148, Fri Aug 23 04:38:46 2024
127, 68, 160, Fri Aug 23 04:39:46 2024
96, 52, 120, Fri Aug 23 04:40:46 2024
128, 80, 163, Fri Aug 23 04:41:46 2024
122, 73, 161, Fri Aug 23 04:42:46 2024
119, 66, 131, Fri Aug 23 04:43:46 2024
121, 60, 124, Fri Aug 23 04:44:46 2024
108, 68, 143, Fri Aug 23 04:45:46 2024
113, 61, 136, Fri Aug 23 04:46:46 2024
133, 75, 142, Fri Aug 23 04:47:46 2024
129, 78, 180, Fri Aug 23 04:48:46 2024
102, 58, 136, Fri Aug 23 04:49:46 2024
125, 70, 144, Fri Aug 23 04:50:46 2024
147, 71, 141, Fri Aug 23 04:51:46 2024
128, 49, 127, Fri Aug 23 04:52:46 2024
150, 78, 166, Fri Aug 23 04:53:46 2024
118, 58, 124, Fri Aug 23 04:54:46 2024
115, 57, 158, Fri Aug 23 04:55:46 2024
128, 70, 148, Fri Aug 23 04:56:46 2024
128, 80, 145, Fri Aug 23 04:57:46 2024
117, 55, 118, Fri Aug 23 04:58:46 2024
128, 70, 145, Fri Aug 23 04:59:46 2024
120, 69, 153, Fri Aug 23 05:00:46 2024
132, 72, 133, Fri Aug 23 05:01:46 2024
114, 61, 130, Fri Aug 23 05:02:46 2024
118, 71, 154, Fri Aug 23 05:03:46 2024
123, 68, 124, Fri Aug 23 05:04:46 2024
110, 60, 133, Fri Aug 23 05:05:46 2024
116, 61, 130, Fri Aug 23 05:06:46 2024
122, 74, 161, Fri Aug 23 05:07:46 2024
106, 54, 132, Fri Aug 23 05:08:46 2024
122, 68, 145, Fri Aug 23 05:09:46 2024
124, 64, 153, Fri Aug 23 05:10:46 2024
134, 61, 138, Fri Aug 23 05:11:46 2024
128, 55, 138, Fri Aug 23 05:12:46 2024
124, 64, 161, Fri Aug 23 05:13:46 2024
131, 74, 165, Fri Aug 23 05:14:46 2024
139, 78, 129, Fri Aug 23 05:15:46 2024
151, 82, 160, Fri Aug 23 05:16:46 2024
130, 71, 149, Fri Aug 23 05:17:46 2024
130, 69, 144, Fri Aug 23 05:18:46 2024
128, 64, 149, Fri Aug 23 05:19:46 2024
112, 65, 149, Fri Aug 23 05:20:46 2024
127, 73, 159, Fri Aug 23 05:21:46 2024
115, 62, 157, Fri Aug 23 05:22:46 2024
115, 58, 136, Fri Aug 23 05:23:46 2024
114, 66, 138, Fri Aug 23 05:24:46 2024
111, 57, 136, Fri Aug 23 05:25:46 2024
114, 56, 135, Fri Aug 23 05:26:46 2024
122, 75, 148, Fri Aug 23 05:27:46 2024
109, 63, 159, Fri Aug 23 05:28:46 2024
115, 71, 146, Fri Aug 23 05:29:46 2024
124, 72, 152, Fri Aug 23 05:30:46 2024
142, 82, 155, Fri Aug 23 05:31:46 2024
116, 64, 145, Fri Aug 23 05:32:46 2024
119, 65, 154, Fri Aug 23 05:33:46 2024
115, 60, 157, Fri Aug 23 05:34:46 2024
130, 60, 132, Fri Aug 23 05:35:46 2024
132, 67, 157, Fri Aug 23 05:36:46 2024
109, 63, 139, Fri Aug 23 05:37:46 2024
152, 62, 156, Fri Aug 23 05:38:46 2024
135, 60, 160, Fri Aug 23 05:39:46 2024
126, 74, 151, Fri Aug 23 05:40:46 2024
135, 71, 150, Fri Aug 23 05:41:46 2024
134, 63, 161, Fri Aug 23 05:42:46 2024
140, 72, 156, Fri Aug 23 05:43:46 2024
144, 83, 161, Fri Aug 23 05:44:46 2024
142, 65, 167, Fri Aug 23 05:45:46 2024
123, 71, 175, Fri Aug 23 05:46:46 2024
125, 64, 125, Fri Aug 23 05:47:46 2024
102, 60, 130, Fri Aug 23 05:48:46 2024
134, 71, 153, Fri Aug 23 05:49:46 2024
96, 57, 138, Fri Aug 23 05:50:46 2024
182, 91, 188, Fri Aug 23 05:51:46 2024
117, 63, 142, Fri Aug 23 05:52:46 2024
122, 61, 139, Fri Aug 23 05:53:46 2024
139, 80, 153, Fri Aug 23 05:54:46 2024
112, 52, 137, Fri Aug 23 05:55:46 2024
127, 77, 145, Fri Aug 23 05:56:46 2024
125, 74, 157, Fri Aug 23 05:57:46 2024
126, 71, 156, Fri Aug 23 05:58:46 2024
134, 69, 146, Fri Aug 23 05:59:46 2024
120, 48, 122, Fri Aug 23 06:00:46 2024
133, 58, 131, Fri Aug 23 06:01:46 2024
123, 75, 154, Fri Aug 23 06:02:46 2024
124, 61, 160, Fri Aug 23 06:03:46 2024
125, 75, 157, Fri Aug 23 06:04:46 2024
142, 85, 166, Fri Aug 23 06:05:46 2024
121, 73, 141, Fri Aug 23 06:06:46 2024
134, 71, 154, Fri Aug 23 06:07:46 2024
112, 49, 134, Fri Aug 23 06:08:46 2024
164, 72, 154, Fri Aug 23 06:09:46 2024
113, 61, 139, Fri Aug 23 06:10:46 2024
120, 76, 147, Fri Aug 23 06:11:46 2024
131, 70, 164, Fri Aug 23 06:12:46 2024
113, 55, 154, Fri Aug 23 06:13:46 2024
152, 89, 161, Fri Aug 23 06:14:46 2024
95, 47, 133, Fri Aug 23 06:15:46 2024
131, 73, 148, Fri Aug 23 06:16:46 2024
149, 81, 154, Fri Aug 23 06:17:46 2024
131, 62, 159, Fri Aug 23 06:18:46 2024
149, 82, 148, Fri Aug 23 06:19:46 2024
115, 69, 152, Fri Aug 23 06:20:46 2024
129, 70, 135, Fri Aug 23 06:21:46 2024
125, 68, 141, Fri Aug 23 06:22:46 2024
140, 70, 147, Fri Aug 23 06:23:46 2024
130, 62, 147, Fri Aug 23 06:24:46 2024
104, 50, 132, Fri Aug 23 06:25:46 2024
116, 57, 141, Fri Aug 23 06:26:46 2024
155, 72, 181, Fri Aug 23 06:27:46 2024
124, 80, 160, Fri Aug 23 06:28:46 2024
133, 68, 139, Fri Aug 23 06:29:46 2024
117, 71, 153, Fri Aug 23 06:30:46 2024
106, 63, 124, Fri Aug 23 06:31:46 2024
121, 66, 152, Fri Aug 23 06:32:46 2024
117, 60, 135, Fri Aug 23 06:33:46 2024
131, 56, 157, Fri Aug 23 06:34:46 2024
127, 66, 149, Fri Aug 23 06:35:46 2024
139, 62, 138, Fri Aug 23 06:36:46 2024
127, 61, 155, Fri Aug 23 06:37:46 2024
108, 56, 139, Fri Aug 23 06:38:46 2024
124, 73, 147, Fri Aug 23 06:39:46 2024
117, 68, 144, Fri Aug 23 06:40:46 2024
124, 69, 156, Fri Aug 23 06:41:46 2024
110, 53, 148, Fri Aug 23 06:42:46 2024
102, 57, 139, Fri Aug 23 06:43:46 2024
114, 65, 145, Fri Aug 23 06:44:46 2024
115, 64, 148, Fri Aug 23 06:45:46 2024
142, 69, 148, Fri Aug 23 06:46:46 2024
109, 56, 142, Fri Aug 23 06:47:46 2024
135, 67, 151, Fri Aug 23 06:48:46 2024
128, 70, 149, Fri Aug 23 06:49:46 2024
130, 76, 142, Fri Aug 23 06:50:46 2024
105, 55, 144, Fri Aug 23 06:51:46 2024
116, 64, 155, Fri Aug 23 06:52:46 2024
137, 78, 156, Fri Aug 23 06:53:46 2024
121, 76, 179, Fri Aug 23 06:54:46 2024
124, 63, 128, Fri Aug 23 06:55:46 2024
144, 67, 147, Fri Aug 23 06:56:46 2024
119, 64, 149, Fri Aug 23 06:57:46 2024
106, 62, 157, Fri Aug 23 06:58:46 2024
127, 74, 128, Fri Aug 23 06:59:46 2024
155, 82, 163, Fri Aug 23 07:00:46 2024
129, 74, 142, Fri Aug 23 07:01:46 2024
127, 73, 151, Fri Aug 23 07:02:46 2024
124, 74, 160, Fri Aug 23 07:03:46 2024
111, 57, 146, Fri Aug 23 07:04:46 2024
140, 75, 153, Fri Aug 23 07:05:46 2024
129, 60, 150, Fri Aug 23 07:06:46 2024
109, 52, 143, Fri Aug 23 07:07:46 2024
118, 61, 147, Fri Aug 23 07:08:46 2024
121, 68, 157, Fri Aug 23 07:09:46 2024
111, 57, 145, Fri Aug 23 07:10:46 2024
136, 76, 151, Fri Aug 23 07:11:46 2024
120, 56, 139, Fri Aug 23 07:12:46 2024
111, 51, 122, Fri Aug 23 07:13:46 2024
137, 65, 142, Fri Aug 23 07:14:46 2024
121, 54, 139, Fri Aug 23 07:15:46 2024
123, 59, 131, Fri Aug 23 07:16:46 2024
136, 63, 137, Fri Aug 23 07:17:46 2024
123, 102, 151, Fri Aug 23 07:18:46 2024
120, 66, 150, Fri Aug 23 07:19:46 2024
124, 71, 164, Fri Aug 23 07:20:46 2024
116, 66, 142, Fri Aug 23 07:21:46 2024
135, 67, 153, Fri Aug 23 07:22:46 2024
121, 64, 154, Fri Aug 23 07:23:46 2024
114, 62, 150, Fri Aug 23 07:24:46 2024
116, 55, 130, Fri Aug 23 07:25:46 2024
115, 57, 132, Fri Aug 23 07:26:46 2024
106, 57, 143, Fri Aug 23 07:27:46 2024
134, 85, 155, Fri Aug 23 07:28:46 2024
103, 53, 136, Fri Aug 23 07:29:46 2024
129, 64, 167, Fri Aug 23 07:30:46 2024
119, 64, 142, Fri Aug 23 07:31:46 2024
141, 69, 149, Fri Aug 23 07:32:46 2024
133, 75, 171, Fri Aug 23 07:33:46 2024
112, 71, 155, Fri Aug 23 07:34:46 2024
149, 80, 164, Fri Aug 23 07:35:46 2024
116, 71, 139, Fri Aug 23 07:36:46 2024
135, 65, 139, Fri Aug 23 07:37:46 2024
125, 71, 175, Fri Aug 23 07:38:46 2024
149, 88, 161, Fri Aug 23 07:39:46 2024
133, 71, 162, Fri Aug 23 07:40:46 2024
139, 70, 147, Fri Aug 23 07:41:46 2024
125, 70, 152, Fri Aug 23 07:42:46 2024
129, 81, 147, Fri Aug 23 07:43:46 2024
144, 91, 160, Fri Aug 23 07:44:46 2024
119, 75, 163, Fri Aug 23 07:45:46 2024
111, 58, 130, Fri Aug 23 07:46:46 2024
119, 70, 158, Fri Aug 23 07:47:46 2024
127, 72, 162, Fri Aug 23 07:48:46 2024
131, 68, 132, Fri Aug 23 07:49:46 2024
128, 62, 141, Fri Aug 23 07:50:46 2024
110, 62, 149, Fri Aug 23 07:51:46 2024
111, 53, 124, Fri Aug 23 07:52:46 2024
123, 67, 140, Fri Aug 23 07:53:46 2024
140, 80, 158, Fri Aug 23 07:54:46 2024
128, 65, 155, Fri Aug 23 07:55:46 2024
116, 62, 147, Fri Aug 23 07:56:46 2024
112, 64, 127, Fri Aug 23 07:57:46 2024
120, 62, 121, Fri Aug 23 07:58:46 2024
117, 58, 135, Fri Aug 23 07:59:46 2024
128, 61, 136, Fri Aug 23 08:00:46 2024
117, 58, 142, Fri Aug 23 08:01:46 2024
142, 65, 132, Fri Aug 23 08:02:46 2024
147, 70, 145, Fri Aug 23 08:03:46 2024
125, 61, 153, Fri Aug 23 08:04:46 2024
114, 55, 140, Fri Aug 23 08:05:46 2024
124, 64, 136, Fri Aug 23 08:06:46 2024
139, 73, 143, Fri Aug 23 08:07:46 2024
119, 71, 161, Fri Aug 23 08:08:46 2024
114, 62, 140, Fri Aug 23 08:09:46 2024
119, 62, 156, Fri Aug 23 08:10:46 2024
130, 71, 151, Fri Aug 23 08:11:46 2024
124, 55, 145, Fri Aug 23 08:12:46 2024
111, 55, 130, Fri Aug 23 08:13:46 2024
126, 83, 163, Fri Aug 23 08:14:46 2024
130, 75, 177, Fri Aug 23 08:15:46 2024
123, 72, 158, Fri Aug 23 08:16:46 2024
120, 63, 145, Fri Aug 23 08:17:46 2024
114, 54, 116, Fri Aug 23 08:18:46 2024
112, 54, 129, Fri Aug 23 08:19:46 2024
129, 54, 157, Fri Aug 23 08:20:46 2024
150, 73, 152, Fri Aug 23 08:21:46 2024
123, 67, 145, Fri Aug 23 08:22:46 2024
111, 47, 128, Fri Aug 23 08:23:46 2024
155, 71, 169, Fri Aug 23 08:24:46 2024
120, 61, 139, Fri Aug 23 08:25:46 2024
124, 65, 143, Fri Aug 23 08:26:46 2024
128, 67, 130, Fri Aug 23 08:27:46 2024
123, 66, 156, Fri Aug 23 08:28:46 2024
118, 62, 161, Fri Aug 23 08:29:46 2024
124, 63, 136, Fri Aug 23 08:30:46 2024
137, 81, 174, Fri Aug 23 08:31:46 2024
145, 75, 152, Fri Aug 23 08:32:46 2024
140, 57, 152, Fri Aug 23 08:33:46 2024
126, 70, 140, Fri Aug 23 08:34:46 2024
125, 72, 161, Fri Aug 23 08:35:46 2024
133, 74, 167, Fri Aug 23 08:36:46 2024
126, 73, 147, Fri Aug 23 08:37:46 2024
138, 71, 154, Fri Aug 23 08:38:46 2024
142, 73, 148, Fri Aug 23 08:39:46 2024
110, 61, 128, Fri Aug 23 08:40:46 2024
136, 72, 148, Fri Aug 23 08:41:46 2024
119, 70, 142, Fri Aug 23 08:42:46 2024
125, 66, 153, Fri Aug 23 08:43:46 2024
156, 92, 176, Fri Aug 23 08:44:46 2024
115, 62, 140, Fri Aug 23 08:45:46 2024
127, 78, 144, Fri Aug 23 08:46:46 2024
127, 69, 149, Fri Aug 23 08:47:46 2024
119, 61, 126, Fri Aug 23 08:48:46 2024
109, 62, 140, Fri Aug 23 08:49:46 2024
127, 82, 154, Fri Aug 23 08:50:46 2024
128, 68, 153, Fri Aug 23 08:51:46 2024
105, 62, 151, Fri Aug 23 08:52:46 2024
127, 66, 152, Fri Aug 23 08:53:46 2024
143, 68, 149, Fri Aug 23 08:54:46 2024
136, 66, 146, Fri Aug 23 08:55:46 2024
118, 62, 134, Fri Aug 23 08:56:46 2024
130, 73, 146, Fri Aug 23 08:57:46 2024
132, 64, 151, Fri Aug 23 08:58:46 2024
118, 62, 157, Fri Aug 23 08:59:46 2024
118, 70, 147, Fri Aug 23 09:00:46 2024
136, 65, 133, Fri Aug 23 09:01:46 2024
126, 72, 146, Fri Aug 23 09:02:46 2024
140, 75, 167, Fri Aug 23 09:03:46 2024
124, 59, 148, Fri Aug 23 09:04:46 2024
118, 67, 150, Fri Aug 23 09:05:46 2024
111, 52, 147, Fri Aug 23 09:06:46 2024
108, 69, 151, Fri Aug 23 09:07:46 2024
109, 59, 134, Fri Aug 23 09:08:46 2024
120, 52, 146, Fri Aug 23 09:09:46 2024
124, 70, 145, Fri Aug 23 09:10:46 2024
134, 76, 143, Fri Aug 23 09:11:46 2024
142, 70, 132, Fri Aug 23 09:12:46 2024
133, 76, 171, Fri Aug 23 09:13:46 2024
117, 57, 136, Fri Aug 23 09:14:46 2024
111, 56, 143, Fri Aug 23 09:15:46 2024
142, 72, 163, Fri Aug 23 09:16:46 2024
133, 74, 158, Fri Aug 23 09:17:46 2024
118, 60, 139, Fri Aug 23 09:18:46 2024
113, 58, 123, Fri Aug 23 09:19:46 2024
117, 61, 138, Fri Aug 23 09:20:46 2024
133, 74, 151, Fri Aug 23 09:21:46 2024
115, 73, 159, Fri Aug 23 09:22:46 2024
116, 59, 143, Fri Aug 23 09:23:46 2024
124, 61, 138, Fri Aug 23 09:24:46 2024
122, 78, 158, Fri Aug 23 09:25:46 2024
137, 71, 165, Fri Aug 23 09:26:46 2024
104, 56, 132, Fri Aug 23 09:27:46 2024
110, 51, 112, Fri Aug 23 09:28:46 2024
100, 48, 136, Fri Aug 23 09:29:46 2024
140, 85, 168, Fri Aug 23 09:30:46 2024
120, 70, 157, Fri Aug 23 09:31:46 2024
131, 72, 150, Fri Aug 23 09:32:46 2024
134, 75, 160, Fri Aug 23 09:33:46 2024
130, 76, 139, Fri Aug 23 09:34:46 2024
125, 72, 148, Fri Aug 23 09:35:46 2024
117, 81, 158, Fri Aug 23 09:36:46 2024
150, 87, 156, Fri Aug 23 09:37:46 2024
110, 51, 145, Fri Aug 23 09:38:46 2024
122, 73, 143, Fri Aug 23 09:39:46 2024
121, 65, 133, Fri Aug 23 09:40:46 2024
112, 64, 160, Fri Aug 23 09:41:46 2024
134, 72, 150, Fri Aug 23 09:42:46 2024
123, 67, 156, Fri Aug 23 09:43:46 2024
129, 67, 148, Fri Aug 23 09:44:46 2024
131, 73, 159, Fri Aug 23 09:45:46 2024
157, 79, 173, Fri Aug 23 09:46:46 2024
138, 74, 151, Fri Aug 23 09:47:46 2024
139, 85, 158, Fri Aug 23 09:48:46 2024
131, 69, 155, Fri Aug 23 09:49:46 2024
124, 64, 135, Fri Aug 23 09:50:46 2024
120, 60, 142, Fri Aug 23 09:51:46 2024
116, 76, 166, Fri Aug 23 09:52:46 2024
160, 87, 169, Fri Aug 23 09:53:46 2024
129, 68, 154, Fri Aug 23 09:54:46 2024
137, 88, 175, Fri Aug 23 09:55:46 2024
112, 52, 144, Fri Aug 23 09:56:46 2024
133, 67, 167, Fri Aug 23 09:57:46 2024
117, 65, 148, Fri Aug 23 09:58:46 2024
119, 59, 137, Fri Aug 23 09:59:46 2024
130, 77, 165, Fri Aug 23 10:00:46 2024
127, 69, 150, Fri Aug 23 10:01:46 2024
109, 54, 160, Fri Aug 23 10:02:46 2024
115, 65, 131, Fri Aug 23 10:03:46 2024
118, 68, 151, Fri Aug 23 10:04:46 2024
124, 68, 145, Fri Aug 23 10:05:46 2024
141, 73, 168, Fri Aug 23 10:06:46 2024
120, 58, 138, Fri Aug 23 10:07:46 2024
127, 69, 150, Fri Aug 23 10:08:46 2024
123, 61, 144, Fri Aug 23 10:09:46 2024
131, 79, 152, Fri Aug 23 10:10:46 2024
145, 76, 151, Fri Aug 23 10:11:46 2024
106, 65, 149, Fri Aug 23 10:12:46 2024
137, 71, 168, Fri Aug 23 10:13:46 2024
113, 65, 136, Fri Aug 23 10:14:46 2024
123, 57, 145, Fri Aug 23 10:15:46 2024
123, 67, 153, Fri Aug 23 10:16:46 2024
129, 74, 155, Fri Aug 23 10:17:46 2024
114, 73, 159, Fri Aug 23 10:18:46 2024
135, 77, 152, Fri Aug 23 10:19:46 2024
136, 74, 157, Fri Aug 23 10:20:46 2024
134, 76, 149, Fri Aug 23 10:21:46 2024
121, 53, 132, Fri Aug 23 10:22:46 2024
108, 66, 149, Fri Aug 23 10:23:46 2024
133, 70, 168, Fri Aug 23 10:24:46 2024
124, 60, 157, Fri Aug 23 10:25:46 2024
122, 63, 140, Fri Aug 23 10:26:46 2024
138, 81, 169, Fri Aug 23 10:27:46 2024
106, 54, 132, Fri Aug 23 10:28:46 2024
114, 63, 126, Fri Aug 23 10:29:46 2024
114, 63, 146, Fri Aug 23 10:30:46 2024
107, 50, 123, Fri Aug 23 10:31:46 2024
126, 71, 170, Fri Aug 23 10:32:46 2024
124, 64, 143, Fri Aug 23 10:33:46 2024
149, 75, 168, Fri Aug 23 10:34:46 2024
125, 69, 157, Fri Aug 23 10:35:46 2024
123, 72, 162, Fri Aug 23 10:36:46 2024
113, 60, 142, Fri Aug 23 10:37:46 2024
112, 77, 150, Fri Aug 23 10:38:46 2024
127, 57, 129, Fri Aug 23 10:39:46 2024
116, 68, 133, Fri Aug 23 10:40:46 2024
120, 67, 131, Fri Aug 23 10:41:46 2024
121, 61, 137, Fri Aug 23 10:42:46 2024
129, 71, 141, Fri Aug 23 10:43:46 2024
137, 79, 158, Fri Aug 23 10:44:46 2024
148, 72, 169, Fri Aug 23 10:45:46 2024
126, 63, 151, Fri Aug 23 10:46:46 2024
115, 66, 141, Fri Aug 23 10:47:46 2024
116, 70, 145, Fri Aug 23 10:48:46 2024
113, 67, 148, Fri Aug 23 10:49:46 2024
124, 64, 141, Fri Aug 23 10:50:46 2024
130, 71, 151, Fri Aug 23 10:51:46 2024
127, 75, 161, Fri Aug 23 10:52:46 2024
143, 74, 146, Fri Aug 23 10:53:46 2024
107, 60, 139, Fri Aug 23 10:54:46 2024
117, 65, 156, Fri Aug 23 10:55:46 2024
133, 59, 132, Fri Aug 23 10:56:46 2024
120, 57, 151, Fri Aug 23 10:57:46 2024
123, 67, 147, Fri Aug 23 10:58:46 2024
136, 81, 164, Fri Aug 23 10:59:46 2024
141, 77, 138, Fri Aug 23 11:00:46 2024
120, 67, 148, Fri Aug 23 11:01:46 2024
148, 84, 176, Fri Aug 23 11:02:46 2024
133, 79, 167, Fri Aug 23 11:03:46 2024
126, 67, 152, Fri Aug 23 11:04:46 2024
130, 63, 172, Fri Aug 23 11:05:46 2024
137, 62, 156, Fri Aug 23 11:06:46 2024
117, 62, 140, Fri Aug 23 11:07:46 2024
120, 61, 144, Fri Aug 23 11:08:46 2024
130, 67, 154, Fri Aug 23 11:09:46 2024
124, 68, 139, Fri Aug 23 11:10:46 2024
99, 51, 143, Fri Aug 23 11:11:46 2024
120, 67, 143, Fri Aug 23 11:12:46 2024
157, 80, 146, Fri Aug 23 11:13:46 2024
107, 60, 141, Fri Aug 23 11:14:46 2024
119, 66, 144, Fri Aug 23 11:15:46 2024
121, 64, 156, Fri Aug 23 11:16:46 2024
114, 62, 137, Fri Aug 23 11:17:46 2024
120, 68, 150, Fri Aug 23 11:18:46 2024
115, 69, 144, Fri Aug 23 11:19:46 2024
121, 54, 130, Fri Aug 23 11:20:46 2024
145, 70, 151, Fri Aug 23 11:21:46 2024
136, 63, 148, Fri Aug 23 11:22:46 2024
131, 85, 171, Fri Aug 23 11:23:46 2024
131, 67, 136, Fri Aug 23 11:24:46 2024
137, 77, 148, Fri Aug 23 11:25:46 2024
132, 71, 173, Fri Aug 23 11:26:46 2024
113, 56, 129, Fri Aug 23 11:27:46 2024
129, 69, 153, Fri Aug 23 11:28:46 2024
122, 75, 155, Fri Aug 23 11:29:46 2024
127, 75, 147, Fri Aug 23 11:30:46 2024
121, 67, 136, Fri Aug 23 11:31:46 2024
127, 62, 153, Fri Aug 23 11:32:46 2024
135, 57, 133, Fri Aug 23 11:33:46 2024
126, 65, 153, Fri Aug 23 11:34:46 2024
135, 67, 141, Fri Aug 23 11:35:46 2024
137, 64, 148, Fri Aug 23 11:36:46 2024
128, 64, 141, Fri Aug 23 11:37:46 2024
118, 57, 132, Fri Aug 23 11:38:46 2024
119, 65, 156, Fri Aug 23 11:39:46 2024
135, 67, 159, Fri Aug 23 11:40:46 2024
156, 83, 164, Fri Aug 23 11:41:46 2024
122, 70, 158, Fri Aug 23 11:42:46 2024
124, 59, 159, Fri Aug 23 11:43:46 2024
135, 81, 160, Fri Aug 23 11:44:46 2024
136, 83, 168, Fri Aug 23 11:45:46 2024
120, 69, 156, Fri Aug 23 11:46:46 2024
127, 69, 146, Fri Aug 23 11:47:46 2024
133, 72, 148, Fri Aug 23 11:48:46 2024
133, 77, 166, Fri Aug 23 11:49:46 2024
129, 71, 151, Fri Aug 23 11:50:46 2024
124, 57, 154, Fri Aug 23 11:51:46 2024
144, 80, 141, Fri Aug 23 11:52:46 2024
129, 71, 138, Fri Aug 23 11:53:46 2024
121, 77, 163, Fri Aug 23 11:54:46 2024
108, 56, 142, Fri Aug 23 11:55:46 2024
133, 72, 150, Fri Aug 23 11:56:46 2024
142, 71, 142, Fri Aug 23 11:57:46 2024
121, 68, 139, Fri Aug 23 11:58:46 2024
116, 60, 135, Fri Aug 23 11:59:46 2024
126, 67, 164, Fri Aug 23 12:00:46 2024
135, 82, 162, Fri Aug 23 12:01:46 2024
109, 58, 159, Fri Aug 23 12:02:46 2024
150, 77, 156, Fri Aug 23 12:03:46 2024
123, 60, 140, Fri Aug 23 12:04:46 2024
132, 74, 164, Fri Aug 23 12:05:46 2024
117, 68, 143, Fri Aug 23 12:06:46 2024
107, 53, 134, Fri Aug 23 12:07:46 2024
138, 73, 152, Fri Aug 23 12:08:46 2024
131, 72, 146, Fri Aug 23 12:09:46 2024
127, 70, 144, Fri Aug 23 12:10:46 2024
118, 71, 142, Fri Aug 23 12:11:46 2024
130, 72, 157, Fri Aug 23 12:12:46 2024
114, 58, 130, Fri Aug 23 12:13:46 2024
133, 62, 146, Fri Aug 23 12:14:46 2024
138, 72, 175, Fri Aug 23 12:15:46 2024
132, 69, 152, Fri Aug 23 12:16:46 2024
119, 60, 144, Fri Aug 23 12:17:46 2024
151, 84, 181, Fri Aug 23 12:18:46 2024
106, 63, 137, Fri Aug 23 12:19:46 2024
125, 67, 155, Fri Aug 23 12:20:46 2024
135, 81, 147, Fri Aug 23 12:21:46 2024
121, 71, 147, Fri Aug 23 12:22:46 2024
125, 72, 139, Fri Aug 23 12:23:46 2024
148, 68, 152, Fri Aug 23 12:24:46 2024
123, 66, 160, Fri Aug 23 12:25:46 2024
140, 51, 139, Fri Aug 23 12:26:46 2024
121, 71, 158, Fri Aug 23 12:27:46 2024
119, 73, 178, Fri Aug 23 12:28:46 2024
111, 64, 149, Fri Aug 23 12:29:46 2024
115, 61, 158, Fri Aug 23 12:30:46 2024
128, 68, 130, Fri Aug 23 12:31:46 2024
127, 66, 148, Fri Aug 23 12:32:46 2024
126, 70, 158, Fri Aug 23 12:33:46 2024
126, 63, 144, Fri Aug 23 12:34:46 2024
128, 71, 150, Fri Aug 23 12:35:46 2024
120, 69, 147, Fri Aug 23 12:36:46 2024
125, 58, 128, Fri Aug 23 12:37:46 2024
126, 67, 156, Fri Aug 23 12:38:46 2024
126, 64, 162, Fri Aug 23 12:39:46 2024
129, 81, 159, Fri Aug 23 12:40:46 2024
130, 76, 146, Fri Aug 23 12:41:46 2024
124, 60, 145, Fri Aug 23 12:42:46 2024
121, 64, 151, Fri Aug 23 12:43:46 2024
127, 65, 154, Fri Aug 23 12:44:46 2024
130, 54, 124, Fri Aug 23 12:45:46 2024
135, 68, 146, Fri Aug 23 12:46:46 2024
129, 70, 147, Fri Aug 23 12:47:46 2024
140, 74, 138, Fri Aug 23 12:48:46 2024
146, 89, 163, Fri Aug 23 12:49:46 2024
126, 80, 167, Fri Aug 23 12:50:46 2024
136, 63, 146, Fri Aug 23 12:51:46 2024
139, 77, 142, Fri Aug 23 12:52:46 2024
146, 71, 158, Fri Aug 23 12:53:46 2024
127, 70, 160, Fri Aug 23 12:54:46 2024
133, 76, 157, Fri Aug 23 12:55:46 2024
132, 76, 141, Fri Aug 23 12:56:46 2024
115, 66, 147, Fri Aug 23 12:57:46 2024
129, 82, 137, Fri Aug 23 12:58:46 2024
141, 73, 156, Fri Aug 23 12:59:46 2024
136, 69, 149, Fri Aug 23 13:00:46 2024
113, 66, 153, Fri Aug 23 13:01:46 2024
114, 61, 146, Fri Aug 23 13:02:46 2024
127, 67, 164, Fri Aug 23 13:03:46 2024
121, 70, 148, Fri Aug 23 13:04:46 2024
135, 64, 159, Fri Aug 23 13:05:46 2024
125, 61, 143, Fri Aug 23 13:06:46 2024
126, 70, 147, Fri Aug 23 13:07:46 2024
159, 87, 168, Fri Aug 23 13:08:46 2024
132, 74, 135, Fri Aug 23 13:09:46 2024
123, 75, 160, Fri Aug 23 13:10:46 2024
130, 76, 169, Fri Aug 23 13:11:46 2024
148, 74, 167, Fri Aug 23 13:12:46 2024
125, 55, 133, Fri Aug 23 13:13:46 2024
128, 63, 135, Fri Aug 23 13:14:46 2024
140, 69, 160, Fri Aug 23 13:15:46 2024
127, 86, 153, Fri Aug 23 13:16:46 2024
130, 72, 152, Fri Aug 23 13:17:46 2024
131, 69, 157, Fri Aug 23 13:18:46 2024
103, 66, 148, Fri Aug 23 13:19:46 2024
116, 63, 140, Fri Aug 23 13:20:46 2024
120, 57, 142, Fri Aug 23 13:21:46 2024
124, 53, 115, Fri Aug 23 13:22:46 2024
118, 65, 158, Fri Aug 23 13:23:46 2024
128, 69, 128, Fri Aug 23 13:24:46 2024
157, 76, 165, Fri Aug 23 13:25:46 2024
130, 71, 146, Fri Aug 23 13:26:46 2024
112, 65, 153, Fri Aug 23 13:27:46 2024
129, 69, 157, Fri Aug 23 13:28:46 2024
125, 77, 159, Fri Aug 23 13:29:46 2024
133, 68, 160, Fri Aug 23 13:30:46 2024
117, 71, 143, Fri Aug 23 13:31:46 2024
132, 78, 164, Fri Aug 23 13:32:46 2024
117, 61, 121, Fri Aug 23 13:33:46 2024
122, 69, 145, Fri Aug 23 13:34:46 2024
120, 67, 146, Fri Aug 23 13:35:46 2024
131, 71, 152, Fri Aug 23 13:36:46 2024
117, 67, 138, Fri Aug 23 13:37:46 2024
122, 67, 133, Fri Aug 23 13:38:46 2024
139, 58, 148, Fri Aug 23 13:39:46 2024
137, 66, 137, Fri Aug 23 13:40:46 2024
124, 61, 122, Fri Aug 23 13:41:46 2024
128, 78, 154, Fri Aug 23 13:42:46 2024
136, 80, 161, Fri Aug 23 13:43:46 2024
101, 60, 138, Fri Aug 23 13:44:46 2024
119, 63, 143, Fri Aug 23 13:45:46 2024
113, 64, 130, Fri Aug 23 13:46:46 2024
116, 66, 160, Fri Aug 23 13:47:46 2024
145, 71, 173, Fri Aug 23 13:48:46 2024
129, 69, 150, Fri Aug 23 13:49:46 2024
117, 61, 129, Fri Aug 23 13:50:46 2024
134, 64, 144, Fri Aug 23 13:51:46 2024
127, 67, 154, Fri Aug 23 13:52:46 2024
123, 70, 153, Fri Aug 23 13:53:46 2024
144, 68, 154, Fri Aug 23 13:54:46 2024
132, 65, 144, Fri Aug 23 13:55:46 2024
117, 69, 150, Fri Aug 23 13:56:46 2024
134, 73, 155, Fri Aug 23 13:57:46 2024
115, 69, 175, Fri Aug 23 13:58:46 2024
119, 75, 172, Fri Aug 23 13:59:46 2024
136, 66, 158, Fri Aug 23 14:00:46 2024
124, 68, 153, Fri Aug 23 14:01:46 2024
121, 84, 144, Fri Aug 23 14:02:46 2024
132, 62, 155, Fri Aug 23 14:03:46 2024
107, 68, 135, Fri Aug 23 14:04:46 2024
120, 59, 139, Fri Aug 23 14:05:46 2024
123, 71, 146, Fri Aug 23 14:06:46 2024
156, 80, 166, Fri Aug 23 14:07:46 2024
134, 81, 165, Fri Aug 23 14:08:46 2024
121, 69, 138, Fri Aug 23 14:09:46 2024
136, 65, 158, Fri Aug 23 14:10:46 2024
144, 69, 149, Fri Aug 23 14:11:46 2024
137, 73, 165, Fri Aug 23 14:12:46 2024
110, 64, 138, Fri Aug 23 14:13:46 2024
137, 71, 152, Fri Aug 23 14:14:46 2024
136, 72, 156, Fri Aug 23 14:15:46 2024
137, 66, 159, Fri Aug 23 14:16:46 2024
124, 79, 153, Fri Aug 23 14:17:46 2024
124, 64, 140, Fri Aug 23 14:18:46 2024
124, 66, 163, Fri Aug 23 14:19:46 2024
129, 60, 158, Fri Aug 23 14:20:46 2024
107, 57, 125, Fri Aug 23 14:21:46 2024
113, 69, 147, Fri Aug 23 14:22:46 2024
113, 60, 140, Fri Aug 23 14:23:46 2024
133, 74, 162, Fri Aug 23 14:24:46 2024
116, 66, 127, Fri Aug 23 14:25:46 2024
115, 72, 149, Fri Aug 23 14:26:46 2024
129, 72, 164, Fri Aug 23 14:27:46 2024
108, 57, 146, Fri Aug 23 14:28:46 2024
126, 70, 134, Fri Aug 23 14:29:46 2024
123, 66, 161, Fri Aug 23 14:30:46 2024
112, 66, 152, Fri Aug 23 14:31:46 2024
126, 61, 149, Fri Aug 23 14:32:46 2024
136, 76, 159, Fri Aug 23 14:33:46 2024
134, 72, 151, Fri Aug 23 14:34:46 2024
118, 60, 144, Fri Aug 23 14:35:46 2024
134, 67, 145, Fri Aug 23 14:36:46 2024
117, 57, 135, Fri Aug 23 14:37:46 2024
129, 64, 149, Fri Aug 23 14:38:46 2024
114, 67, 135, Fri Aug 23 14:39:46 2024
136, 86, 169, Fri Aug 23 14:40:46 2024
115, 56, 144, Fri Aug 23 14:41:46 2024
145, 67, 151, Fri Aug 23 14:42:46 2024
118, 61, 134, Fri Aug 23 14:43:46 2024
118, 71, 141, Fri Aug 23 14:44:46 2024
122, 61, 151, Fri Aug 23 14:45:46 2024
129, 87, 149, Fri Aug 23 14:46:46 2024
129, 72, 154, Fri Aug 23 14:47:46 2024
115, 56, 145, Fri Aug 23 14:48:46 2024
132, 73, 151, Fri Aug 23 14:49:46 2024
137, 77, 158, Fri Aug 23 14:50:46 2024
117, 63, 148, Fri Aug 23 14:51:46 2024
123, 55, 143, Fri Aug 23 14:52:46 2024
121, 62, 137, Fri Aug 23 14:53:46 2024
110, 58, 129, Fri Aug 23 14:54:46 2024
120, 64, 141, Fri Aug 23 14:55:46 2024
132, 70, 153, Fri Aug 23 14:56:46 2024
128, 69, 141, Fri Aug 23 14:57:46 2024
138, 78, 163, Fri Aug 23 14:58:46 2024
114, 57, 133, Fri Aug 23 14:59:46 2024
130, 60, 155, Fri Aug 23 15:00:46 2024
135, 75, 163, Fri Aug 23 15:01:46 2024
103, 49, 136, Fri Aug 23 15:02:46 2024
132, 67, 141, Fri Aug 23 15:03:46 2024
121, 72, 150, Fri Aug 23 15:04:46 2024
123, 46, 117, Fri Aug 23 15:05:46 2024
119, 59, 158, Fri Aug 23 15:06:46 2024
143, 74, 135, Fri Aug 23 15:07:46 2024
141, 76, 162, Fri Aug 23 15:08:46 2024
113, 70, 145, Fri Aug 23 15:09:46 2024
116, 57, 151, Fri Aug 23 15:10:46 2024
145, 78, 162, Fri Aug 23 15:11:46 2024
126, 62, 142, Fri Aug 23 15:12:46 2024
105, 54, 153, Fri Aug 23 15:13:46 2024
132, 73, 174, Fri Aug 23 15:14:46 2024
141, 86, 172, Fri Aug 23 15:15:46 2024
114, 66, 129, Fri Aug 23 15:16:46 2024
122, 59, 144, Fri Aug 23 15:17:46 2024
134, 80, 174, Fri Aug 23 15:18:46 2024
132, 74, 148, Fri Aug 23 15:19:46 2024
109, 61, 140, Fri Aug 23 15:20:46 2024
118, 65, 146, Fri Aug 23 15:21:46 2024
102, 48, 130, Fri Aug 23 15:22:46 2024
126, 65, 136, Fri Aug 23 15:23:46 2024
122, 64, 158, Fri Aug 23 15:24:46 2024
137, 59, 153, Fri Aug 23 15:25:46 2024
138, 69, 166, Fri Aug 23 15:26:46 2024
126, 90, 153, Fri Aug 23 15:27:46 2024
115, 53, 135, Fri Aug 23 15:28:46 2024
126, 67, 142, Fri Aug 23 15:29:46 2024
112, 64, 145, Fri Aug 23 15:30:46 2024
120, 63, 153, Fri Aug 23 15:31:46 2024
152, 84, 147, Fri Aug 23 15:32:46 2024
113, 64, 146, Fri Aug 23 15:33:46 2024
105, 60, 131, Fri Aug 23 15:34:46 2024
129, 64, 137, Fri Aug 23 15:35:46 2024
117, 76, 134, Fri Aug 23 15:36:46 2024
107, 67, 139, Fri Aug 23 15:37:46 2024
112, 65, 159, Fri Aug 23 15:38:46 2024
116, 59, 140, Fri Aug 23 15:39:46 2024
106, 68, 150, Fri Aug 23 15:40:46 2024
111, 61, 105, Fri Aug 23 15:41:46 2024
117, 60, 157, Fri Aug 23 15:42:46 2024
124, 64, 146, Fri Aug 23 15:43:46 2024
128, 63, 144, Fri Aug 23 15:44:46 2024
126, 80, 161, Fri Aug 23 15:45:46 2024
112, 69, 137, Fri Aug 23 15:46:46 2024
130, 65, 143, Fri Aug 23 15:47:46 2024
114, 63, 150, Fri Aug 23 15:48:46 2024
125, 71, 163, Fri Aug 23 15:49:46 2024
138, 81, 156, Fri Aug 23 15:50:46 2024
104, 59, 166, Fri Aug 23 15:51:46 2024
125, 71, 146, Fri Aug 23 15:52:46 2024
93, 51, 136, Fri Aug 23 15:53:46 2024
144, 71, 151, Fri Aug 23 15:54:46 2024
116, 62, 144, Fri Aug 23 15:55:46 2024
125, 67, 134, Fri Aug 23 15:56:46 2024
126, 75, 156, Fri Aug 23 15:57:46 2024
152, 78, 162, Fri Aug 23 15:58:46 2024
120, 70, 155, Fri Aug 23 15:59:46 2024
122, 62, 152, Fri Aug 23 16:00:46 2024
124, 65, 145, Fri Aug 23 16:01:46 2024
112, 65, 151, Fri Aug 23 16:02:46 2024
130, 83, 152, Fri Aug 23 16:03:46 2024
118, 75, 160, Fri Aug 23 16:04:46 2024
135, 79, 153, Fri Aug 23 16:05:46 2024
124, 67, 145, Fri Aug 23 16:06:46 2024
123, 83, 161, Fri Aug 23 16:07:46 2024
104, 54, 133, Fri Aug 23 16:08:46 2024
105, 49, 131, Fri Aug 23 16:09:46 2024
120, 77, 162, Fri Aug 23 16:10:46 2024
146, 85, 168, Fri Aug 23 16:11:46 2024
121, 57, 145, Fri Aug 23 16:12:46 2024
115, 61, 165, Fri Aug 23 16:13:46 2024
146, 81, 158, Fri Aug 23 16:14:46 2024
130, 61, 144, Fri Aug 23 16:15:46 2024
124, 79, 158, Fri Aug 23 16:16:46 2024
103, 66, 171, Fri Aug 23 16:17:46 2024
125, 64, 146, Fri Aug 23 16:18:46 2024
135, 66, 139, Fri Aug 23 16:19:46 2024
131, 66, 125, Fri Aug 23 16:20:46 2024
137, 77, 163, Fri Aug 23 16:21:46 2024
125, 72, 140, Fri Aug 23 16:22:46 2024
126, 65, 149, Fri Aug 23 16:23:46 2024
115, 58, 132, Fri Aug 23 16:24:46 2024
114, 52, 139, Fri Aug 23 16:25:46 2024
112, 68, 147, Fri Aug 23 16:26:46 2024
111, 72, 147, Fri Aug 23 16:27:46 2024
131, 70, 141, Fri Aug 23 16:28:46 2024
105, 56, 137, Fri Aug 23 16:29:46 2024
135, 62, 175, Fri Aug 23 16:30:46 2024
112, 70, 128, Fri Aug 23 16:31:46 2024
107, 62, 137, Fri Aug 23 16:32:46 2024
118, 65, 142, Fri Aug 23 16:33:46 2024
137, 67, 140, Fri Aug 23 16:34:46 2024
139, 65, 158, Fri Aug 23 16:35:46 2024
133, 67, 140, Fri Aug 23 16:36:46 2024
147, 95, 171, Fri Aug 23 16:37:46 2024
104, 56, 128, Fri Aug 23 16:38:46 2024
110, 67, 149, Fri Aug 23 16:39:46 2024
126, 76, 164, Fri Aug 23 16:40:46 2024
134, 71, 154, Fri Aug 23 16:41:46 2024
116, 59, 135, Fri Aug 23 16:42:46 2024
134, 83, 153, Fri Aug 23 16:43:46 2024
124, 58, 135, Fri Aug 23 16:44:46 2024
129, 80, 154, Fri Aug 23 16:45:46 2024
132, 77, 158, Fri Aug 23 16:46:46 2024
125, 80, 165, Fri Aug 23 16:47:46 2024
117, 60, 144, Fri Aug 23 16:48:46 2024
118, 60, 130, Fri Aug 23 16:49:46 2024
116, 66, 147, Fri Aug 23 16:50:46 2024
107, 60, 134, Fri Aug 23 16:51:46 2024
125, 64, 149, Fri Aug 23 16:52:46 2024
146, 79, 158, Fri Aug 23 16:53:46 2024
111, 55, 136, Fri Aug 23 16:54:46 2024
109, 51, 140, Fri Aug 23 16:55:46 2024
130, 76, 144, Fri Aug 23 16:56:46 2024
146, 84, 151, Fri Aug 23 16:57:46 2024
112, 56, 128, Fri Aug 23 16:58:46 2024
123, 59, 149, Fri Aug 23 16:59:46 2024
120, 65, 135, Fri Aug 23 17:00:46 2024
126, 73, 164, Fri Aug 23 17:01:46 2024
159, 77, 160, Fri Aug 23 17:02:46 2024
108, 51, 144, Fri Aug 23 17:03:46 2024
149, 76, 139, Fri Aug 23 17:04:46 2024
120, 67, 147, Fri Aug 23 17:05:46 2024
135, 65, 143, Fri Aug 23 17:06:46 2024
115, 70, 147, Fri Aug 23 17:07:46 2024
151, 79, 151, Fri Aug 23 17:08:46 2024
114, 72, 148, Fri Aug 23 17:09:46 2024
112, 63, 131, Fri Aug 23 17:10:46 2024
113, 52, 140, Fri Aug 23 17:11:46 2024
123, 61, 165, Fri Aug 23 17:12:46 2024
124, 73, 149, Fri Aug 23 17:13:46 2024
117, 71, 154, Fri Aug 23 17:14:46 2024
115, 64, 150, Fri Aug 23 17:15:46 2024
111, 58, 136, Fri Aug 23 17:16:46 2024
113, 64, 162, Fri Aug 23 17:17:46 2024
112, 50, 127, Fri Aug 23 17:18:46 2024
142, 73, 155, Fri Aug 23 17:19:46 2024
106, 50, 145, Fri Aug 23 17:20:46 2024
109, 54, 126, Fri Aug 23 17:21:46 2024
127, 76, 160, Fri Aug 23 17:22:46 2024
113, 52, 139, Fri Aug 23 17:23:46 2024
110, 55, 132, Fri Aug 23 17:24:46 2024
111, 53, 148, Fri Aug 23 17:25:46 2024
114, 66, 142, Fri Aug 23 17:26:46 2024
149, 80, 164, Fri Aug 23 17:27:46 2024
139, 82, 159, Fri Aug 23 17:28:46 2024
127, 73, 159, Fri Aug 23 17:29:46 2024
116, 71, 136, Fri Aug 23 17:30:46 2024
137, 75, 159, Fri Aug 23 17:31:46 2024
104, 55, 108, Fri Aug 23 17:32:46 2024
123, 57, 139, Fri Aug 23 17:33:46 2024
103, 53, 141, Fri Aug 23 17:34:46 2024
141, 71, 151, Fri Aug 23 17:35:46 2024
125, 64, 150, Fri Aug 23 17:36:46 2024
111, 63, 131, Fri Aug 23 17:37:46 2024
129, 71, 144, Fri Aug 23 17:38:46 2024
130, 60, 149, Fri Aug 23 17:39:46 2024
121, 64, 155, Fri Aug 23 17:40:46 2024
127, 74, 155, Fri Aug 23 17:41:46 2024
99, 55, 147, Fri Aug 23 17:42:46 2024
123, 68, 146, Fri Aug 23 17:43:46 2024
129, 69, 166, Fri Aug 23 17:44:46 2024
131, 74, 150, Fri Aug 23 17:45:46 2024
123, 72, 154, Fri Aug 23 17:46:46 2024
119, 56, 157, Fri Aug 23 17:47:46 2024
119, 56, 138, Fri Aug 23 17:48:46 2024
124, 62, 129, Fri Aug 23 17:49:46 2024
111, 63, 150, Fri Aug 23 17:50:46 2024
130, 70, 161, Fri Aug 23 17:51:46 2024
124, 72, 148, Fri Aug 23 17:52:46 2024
115, 64, 142, Fri Aug 23 17:53:46 2024
122, 61, 148, Fri Aug 23 17:54:46 2024
133, 71, 162, Fri Aug 23 17:55:46 2024
104, 60, 145, Fri Aug 23 17:56:46 2024
137, 79, 150, Fri Aug 23 17:57:46 2024
143, 84, 140, Fri Aug 23 17:58:46 2024
100, 47, 132, Fri Aug 23 17:59:46 2024
