164, 77, 201, Wed Sep  4 07:53:17 2024
151, 81, 217, Wed Sep  4 07:54:17 2024
152, 74, 160, Wed Sep  4 07:55:17 2024
157, 84, 167, Wed Sep  4 07:56:17 2024
167, 84, 134, Wed Sep  4 07:57:17 2024
152, 81, 151, Wed Sep  4 07:58:17 2024
183, 99, 177, Wed Sep  4 07:59:17 2024
180, 91, 172, Wed Sep  4 08:00:17 2024
171, 101, 163, Wed Sep  4 08:01:17 2024
150, 83, 159, Wed Sep  4 08:02:17 2024
170, 99, 181, Wed Sep  4 08:03:17 2024
168, 79, 157, Wed Sep  4 08:04:17 2024
150, 82, 140, Wed Sep  4 08:05:17 2024
161, 80, 158, Wed Sep  4 08:06:17 2024
131, 69, 139, Wed Sep  4 08:07:17 2024
156, 72, 150, Wed Sep  4 08:08:17 2024
162, 87, 137, Wed Sep  4 08:09:17 2024
157, 80, 143, Wed Sep  4 08:10:17 2024
181, 99, 166, Wed Sep  4 08:11:17 2024
155, 71, 138, Wed Sep  4 08:12:17 2024
147, 81, 156, Wed Sep  4 08:13:17 2024
191, 92, 184, Wed Sep  4 08:14:17 2024
165, 85, 147, Wed Sep  4 08:15:17 2024
120, 63, 146, Wed Sep  4 08:16:17 2024
148, 69, 142, Wed Sep  4 08:17:17 2024
153, 86, 142, Wed Sep  4 08:18:17 2024
174, 93, 144, Wed Sep  4 08:19:17 2024
165, 82, 174, Wed Sep  4 08:20:17 2024
163, 92, 140, Wed Sep  4 08:21:17 2024
164, 84, 160, Wed Sep  4 08:22:17 2024
174, 101, 162, Wed Sep  4 08:23:17 2024
165, 87, 174, Wed Sep  4 08:24:17 2024
179, 96, 162, Wed Sep  4 08:25:17 2024
173, 81, 153, Wed Sep  4 08:26:17 2024
167, 91, 154, Wed Sep  4 08:27:17 2024
160, 80, 156, Wed Sep  4 08:28:17 2024
175, 91, 154, Wed Sep  4 08:29:17 2024
131, 67, 129, Wed Sep  4 08:30:17 2024
151, 79, 145, Wed Sep  4 08:31:17 2024
171, 103, 169, Wed Sep  4 08:32:17 2024
153, 76, 158, Wed Sep  4 08:33:17 2024
134, 79, 160, Wed Sep  4 08:34:17 2024
155, 80, 154, Wed Sep  4 08:35:17 2024
162, 84, 156, Wed Sep  4 08:36:17 2024
144, 80, 140, Wed Sep  4 08:37:17 2024
158, 81, 151, Wed Sep  4 08:38:17 2024
160, 78, 156, Wed Sep  4 08:39:17 2024
161, 83, 150, Wed Sep  4 08:40:17 2024
133, 80, 156, Wed Sep  4 08:41:17 2024
148, 90, 162, Wed Sep  4 08:42:17 2024
147, 85, 140, Wed Sep  4 08:43:17 2024
155, 80, 141, Wed Sep  4 08:44:17 2024
153, 60, 149, Wed Sep  4 08:45:17 2024
190, 101, 187, Wed Sep  4 08:46:17 2024
154, 86, 144, Wed Sep  4 08:47:17 2024
152, 73, 147, Wed Sep  4 08:48:17 2024
155, 70, 138, Wed Sep  4 08:49:17 2024
163, 86, 170, Wed Sep  4 08:50:17 2024
169, 86, 148, Wed Sep  4 08:51:17 2024
148, 66, 128, Wed Sep  4 08:52:17 2024
175, 87, 154, Wed Sep  4 08:53:17 2024
152, 82, 161, Wed Sep  4 08:54:17 2024
168, 67, 135, Wed Sep  4 08:55:17 2024
174, 91, 155, Wed Sep  4 08:56:17 2024
183, 93, 158, Wed Sep  4 08:57:17 2024
175, 97, 164, Wed Sep  4 08:58:17 2024
165, 84, 152, Wed Sep  4 08:59:17 2024
152, 76, 140, Wed Sep  4 09:00:17 2024
160, 87, 158, Wed Sep  4 09:01:17 2024
161, 80, 149, Wed Sep  4 09:02:17 2024
162, 80, 155, Wed Sep  4 09:03:17 2024
166, 84, 193, Wed Sep  4 09:04:17 2024
152, 77, 162, Wed Sep  4 09:05:17 2024
169, 85, 162, Wed Sep  4 09:06:17 2024
174, 89, 162, Wed Sep  4 09:07:17 2024
173, 82, 157, Wed Sep  4 09:08:17 2024
159, 69, 122, Wed Sep  4 09:09:17 2024
171, 86, 141, Wed Sep  4 09:10:17 2024
155, 80, 158, Wed Sep  4 09:11:17 2024
149, 87, 162, Wed Sep  4 09:12:17 2024
124, 70, 148, Wed Sep  4 09:13:17 2024
161, 86, 151, Wed Sep  4 09:14:17 2024
140, 73, 166, Wed Sep  4 09:15:17 2024
172, 84, 150, Wed Sep  4 09:16:17 2024
168, 99, 164, Wed Sep  4 09:17:17 2024
159, 80, 146, Wed Sep  4 09:18:17 2024
179, 89, 171, Wed Sep  4 09:19:17 2024
169, 89, 154, Wed Sep  4 09:20:17 2024
150, 78, 146, Wed Sep  4 09:21:17 2024
134, 73, 145, Wed Sep  4 09:22:17 2024
175, 99, 188, Wed Sep  4 09:23:17 2024
172, 91, 154, Wed Sep  4 09:24:17 2024
140, 61, 150, Wed Sep  4 09:25:17 2024
128, 66, 126, Wed Sep  4 09:26:17 2024
185, 101, 177, Wed Sep  4 09:27:17 2024
159, 83, 149, Wed Sep  4 09:28:17 2024
162, 95, 171, Wed Sep  4 09:29:17 2024
165, 82, 157, Wed Sep  4 09:30:17 2024
159, 94, 166, Wed Sep  4 09:31:17 2024
172, 74, 149, Wed Sep  4 09:32:17 2024
152, 76, 176, Wed Sep  4 09:33:17 2024
158, 80, 141, Wed Sep  4 09:34:17 2024
134, 78, 154, Wed Sep  4 09:35:17 2024
152, 78, 148, Wed Sep  4 09:36:17 2024
155, 74, 159, Wed Sep  4 09:37:17 2024
156, 83, 157, Wed Sep  4 09:38:17 2024
155, 84, 161, Wed Sep  4 09:39:17 2024
161, 82, 154, Wed Sep  4 09:40:17 2024
160, 82, 147, Wed Sep  4 09:41:17 2024
149, 84, 145, Wed Sep  4 09:42:17 2024
155, 85, 142, Wed Sep  4 09:43:17 2024
170, 90, 167, Wed Sep  4 09:44:17 2024
173, 92, 154, Wed Sep  4 09:45:17 2024
143, 68, 153, Wed Sep  4 09:46:17 2024
167, 84, 146, Wed Sep  4 09:47:17 2024
171, 90, 169, Wed Sep  4 09:48:17 2024
152, 82, 157, Wed Sep  4 09:49:17 2024
152, 90, 185, Wed Sep  4 09:50:17 2024
185, 104, 159, Wed Sep  4 09:51:17 2024
178, 95, 164, Wed Sep  4 09:52:17 2024
136, 76, 135, Wed Sep  4 09:53:17 2024
159, 72, 140, Wed Sep  4 09:54:17 2024
169, 76, 138, Wed Sep  4 09:55:17 2024
172, 86, 148, Wed Sep  4 09:56:17 2024
144, 87, 167, Wed Sep  4 09:57:17 2024
162, 88, 154, Wed Sep  4 09:58:17 2024
154, 66, 131, Wed Sep  4 09:59:17 2024
172, 92, 166, Wed Sep  4 10:00:17 2024
172, 89, 134, Wed Sep  4 10:01:17 2024
158, 85, 156, Wed Sep  4 10:02:17 2024
128, 62, 142, Wed Sep  4 10:03:17 2024
174, 85, 143, Wed Sep  4 10:04:17 2024
181, 96, 147, Wed Sep  4 10:05:17 2024
185, 101, 158, Wed Sep  4 10:06:17 2024
168, 97, 156, Wed Sep  4 10:07:17 2024
153, 86, 159, Wed Sep  4 10:08:17 2024
162, 89, 150, Wed Sep  4 10:09:17 2024
133, 67, 147, Wed Sep  4 10:10:17 2024
161, 86, 157, Wed Sep  4 10:11:17 2024
175, 93, 165, Wed Sep  4 10:12:17 2024
179, 85, 152, Wed Sep  4 10:13:17 2024
150, 79, 154, Wed Sep  4 10:14:17 2024
153, 79, 140, Wed Sep  4 10:15:17 2024
151, 77, 141, Wed Sep  4 10:16:17 2024
168, 89, 161, Wed Sep  4 10:17:17 2024
166, 85, 153, Wed Sep  4 10:18:17 2024
189, 103, 171, Wed Sep  4 10:19:17 2024
175, 102, 159, Wed Sep  4 10:20:17 2024
155, 83, 158, Wed Sep  4 10:21:17 2024
159, 80, 160, Wed Sep  4 10:22:17 2024
161, 83, 158, Wed Sep  4 10:23:17 2024
168, 89, 158, Wed Sep  4 10:24:17 2024
149, 72, 142, Wed Sep  4 10:25:17 2024
176, 92, 171, Wed Sep  4 10:26:17 2024
155, 79, 156, Wed Sep  4 10:27:17 2024
144, 81, 152, Wed Sep  4 10:28:17 2024
152, 75, 165, Wed Sep  4 10:29:17 2024
159, 89, 165, Wed Sep  4 10:30:17 2024
147, 75, 139, Wed Sep  4 10:31:17 2024
151, 69, 137, Wed Sep  4 10:32:17 2024
178, 87, 154, Wed Sep  4 10:33:17 2024
174, 76, 159, Wed Sep  4 10:34:17 2024
159, 85, 161, Wed Sep  4 10:35:17 2024
135, 68, 141, Wed Sep  4 10:36:17 2024
172, 90, 167, Wed Sep  4 10:37:17 2024
155, 78, 149, Wed Sep  4 10:38:17 2024
163, 76, 153, Wed Sep  4 10:39:17 2024
167, 88, 168, Wed Sep  4 10:40:17 2024
157, 77, 141, Wed Sep  4 10:41:17 2024
168, 91, 166, Wed Sep  4 10:42:17 2024
166, 105, 168, Wed Sep  4 10:43:17 2024
163, 72, 139, Wed Sep  4 10:44:17 2024
179, 92, 175, Wed Sep  4 10:45:17 2024
179, 94, 164, Wed Sep  4 10:46:17 2024
158, 82, 147, Wed Sep  4 10:47:17 2024
155, 74, 150, Wed Sep  4 10:48:17 2024
144, 79, 146, Wed Sep  4 10:49:17 2024
138, 74, 154, Wed Sep  4 10:50:17 2024
169, 94, 155, Wed Sep  4 10:51:17 2024
174, 87, 150, Wed Sep  4 10:52:17 2024
175, 86, 141, Wed Sep  4 10:53:17 2024
151, 67, 133, Wed Sep  4 10:54:17 2024
159, 88, 164, Wed Sep  4 10:55:17 2024
176, 94, 167, Wed Sep  4 10:56:17 2024
166, 91, 149, Wed Sep  4 10:57:17 2024
144, 70, 148, Wed Sep  4 10:58:17 2024
168, 81, 144, Wed Sep  4 10:59:17 2024
164, 93, 179, Wed Sep  4 11:00:17 2024
161, 83, 153, Wed Sep  4 11:01:17 2024
169, 97, 165, Wed Sep  4 11:02:17 2024
154, 77, 145, Wed Sep  4 11:03:17 2024
167, 92, 166, Wed Sep  4 11:04:17 2024
157, 90, 152, Wed Sep  4 11:05:17 2024
144, 85, 155, Wed Sep  4 11:06:17 2024
153, 79, 140, Wed Sep  4 11:07:17 2024
143, 77, 153, Wed Sep  4 11:08:17 2024
156, 82, 156, Wed Sep  4 11:09:17 2024
162, 92, 150, Wed Sep  4 11:10:17 2024
158, 89, 162, Wed Sep  4 11:11:17 2024
140, 78, 156, Wed Sep  4 11:12:17 2024
160, 91, 156, Wed Sep  4 11:13:17 2024
165, 86, 164, Wed Sep  4 11:14:17 2024
153, 79, 148, Wed Sep  4 11:15:17 2024
152, 73, 139, Wed Sep  4 11:16:17 2024
190, 113, 179, Wed Sep  4 11:17:17 2024
164, 83, 147, Wed Sep  4 11:18:17 2024
171, 91, 156, Wed Sep  4 11:19:17 2024
146, 80, 152, Wed Sep  4 11:20:17 2024
167, 85, 141, Wed Sep  4 11:21:17 2024
154, 75, 135, Wed Sep  4 11:22:17 2024
144, 87, 160, Wed Sep  4 11:23:17 2024
184, 95, 177, Wed Sep  4 11:24:17 2024
162, 84, 152, Wed Sep  4 11:25:17 2024
184, 92, 153, Wed Sep  4 11:26:17 2024
170, 78, 145, Wed Sep  4 11:27:17 2024
163, 77, 155, Wed Sep  4 11:28:17 2024
168, 95, 164, Wed Sep  4 11:29:17 2024
155, 77, 143, Wed Sep  4 11:30:17 2024
170, 85, 154, Wed Sep  4 11:31:17 2024
185, 85, 170, Wed Sep  4 11:32:17 2024
147, 79, 155, Wed Sep  4 11:33:17 2024
166, 71, 144, Wed Sep  4 11:34:17 2024
152, 82, 149, Wed Sep  4 11:35:17 2024
153, 86, 141, Wed Sep  4 11:36:17 2024
176, 84, 155, Wed Sep  4 11:37:17 2024
162, 83, 148, Wed Sep  4 11:38:17 2024
154, 91, 159, Wed Sep  4 11:39:17 2024
154, 84, 155, Wed Sep  4 11:40:17 2024
167, 95, 159, Wed Sep  4 11:41:17 2024
164, 80, 147, Wed Sep  4 11:42:17 2024
162, 68, 144, Wed Sep  4 11:43:17 2024
150, 70, 130, Wed Sep  4 11:44:17 2024
179, 83, 156, Wed Sep  4 11:45:17 2024
157, 81, 144, Wed Sep  4 11:46:17 2024
169, 87, 160, Wed Sep  4 11:47:17 2024
154, 84, 147, Wed Sep  4 11:48:17 2024
180, 94, 162, Wed Sep  4 11:49:17 2024
167, 92, 172, Wed Sep  4 11:50:17 2024
169, 81, 141, Wed Sep  4 11:51:17 2024
149, 85, 153, Wed Sep  4 11:52:17 2024
151, 76, 144, Wed Sep  4 11:53:17 2024
160, 84, 159, Wed Sep  4 11:54:17 2024
148, 71, 147, Wed Sep  4 11:55:17 2024
161, 79, 159, Wed Sep  4 11:56:17 2024
195, 103, 175, Wed Sep  4 11:57:17 2024
151, 90, 171, Wed Sep  4 11:58:17 2024
154, 81, 158, Wed Sep  4 11:59:17 2024
164, 86, 158, Wed Sep  4 12:00:17 2024
158, 84, 170, Wed Sep  4 12:01:17 2024
177, 94, 155, Wed Sep  4 12:02:17 2024
168, 79, 147, Wed Sep  4 12:03:17 2024
149, 74, 161, Wed Sep  4 12:04:17 2024
171, 90, 149, Wed Sep  4 12:05:17 2024
138, 77, 140, Wed Sep  4 12:06:17 2024
162, 77, 151, Wed Sep  4 12:07:17 2024
172, 87, 163, Wed Sep  4 12:08:17 2024
156, 84, 146, Wed Sep  4 12:09:17 2024
158, 80, 135, Wed Sep  4 12:10:17 2024
158, 96, 173, Wed Sep  4 12:11:17 2024
161, 81, 154, Wed Sep  4 12:12:17 2024
147, 86, 158, Wed Sep  4 12:13:17 2024
150, 75, 139, Wed Sep  4 12:14:17 2024
156, 89, 157, Wed Sep  4 12:15:17 2024
159, 80, 155, Wed Sep  4 12:16:17 2024
168, 82, 146, Wed Sep  4 12:17:17 2024
158, 75, 133, Wed Sep  4 12:18:17 2024
155, 90, 159, Wed Sep  4 12:19:17 2024
162, 85, 164, Wed Sep  4 12:20:17 2024
155, 80, 133, Wed Sep  4 12:21:17 2024
139, 78, 152, Wed Sep  4 12:22:17 2024
153, 69, 137, Wed Sep  4 12:23:17 2024
183, 108, 181, Wed Sep  4 12:24:17 2024
161, 99, 164, Wed Sep  4 12:25:17 2024
143, 66, 133, Wed Sep  4 12:26:17 2024
167, 83, 155, Wed Sep  4 12:27:17 2024
167, 86, 153, Wed Sep  4 12:28:17 2024
144, 85, 154, Wed Sep  4 12:29:17 2024
164, 85, 148, Wed Sep  4 12:30:17 2024
179, 100, 173, Wed Sep  4 12:31:17 2024
160, 72, 147, Wed Sep  4 12:32:17 2024
192, 101, 178, Wed Sep  4 12:33:17 2024
172, 67, 130, Wed Sep  4 12:34:17 2024
156, 85, 166, Wed Sep  4 12:35:17 2024
152, 82, 163, Wed Sep  4 12:36:17 2024
154, 86, 150, Wed Sep  4 12:37:17 2024
156, 89, 162, Wed Sep  4 12:38:17 2024
178, 104, 170, Wed Sep  4 12:39:17 2024
177, 98, 171, Wed Sep  4 12:40:17 2024
155, 79, 140, Wed Sep  4 12:41:17 2024
181, 98, 171, Wed Sep  4 12:42:17 2024
165, 86, 144, Wed Sep  4 12:43:17 2024
163, 93, 158, Wed Sep  4 12:44:17 2024
154, 73, 145, Wed Sep  4 12:45:17 2024
150, 71, 144, Wed Sep  4 12:46:17 2024
151, 83, 141, Wed Sep  4 12:47:17 2024
177, 102, 170, Wed Sep  4 12:48:17 2024
151, 83, 161, Wed Sep  4 12:49:17 2024
167, 84, 156, Wed Sep  4 12:50:17 2024
168, 98, 167, Wed Sep  4 12:51:17 2024
156, 85, 156, Wed Sep  4 12:52:17 2024
155, 73, 136, Wed Sep  4 12:53:17 2024
184, 101, 167, Wed Sep  4 12:54:17 2024
156, 82, 163, Wed Sep  4 12:55:17 2024
151, 77, 151, Wed Sep  4 12:56:17 2024
157, 76, 150, Wed Sep  4 12:57:17 2024
166, 76, 132, Wed Sep  4 12:58:17 2024
163, 95, 167, Wed Sep  4 12:59:17 2024
153, 79, 150, Wed Sep  4 13:00:17 2024
165, 81, 158, Wed Sep  4 13:01:17 2024
154, 78, 155, Wed Sep  4 13:02:17 2024
170, 83, 156, Wed Sep  4 13:03:17 2024
168, 78, 136, Wed Sep  4 13:04:17 2024
159, 81, 154, Wed Sep  4 13:05:17 2024
180, 82, 149, Wed Sep  4 13:06:17 2024
161, 83, 139, Wed Sep  4 13:07:17 2024
178, 86, 150, Wed Sep  4 13:08:17 2024
140, 85, 138, Wed Sep  4 13:09:17 2024
163, 93, 158, Wed Sep  4 13:10:17 2024
166, 86, 161, Wed Sep  4 13:11:17 2024
154, 84, 135, Wed Sep  4 13:12:17 2024
156, 86, 155, Wed Sep  4 13:13:17 2024
143, 74, 133, Wed Sep  4 13:14:17 2024
158, 87, 159, Wed Sep  4 13:15:17 2024
154, 75, 140, Wed Sep  4 13:16:17 2024
170, 87, 161, Wed Sep  4 13:17:17 2024
147, 84, 139, Wed Sep  4 13:18:17 2024
148, 69, 126, Wed Sep  4 13:19:17 2024
154, 79, 151, Wed Sep  4 13:20:17 2024
155, 74, 134, Wed Sep  4 13:21:17 2024
155, 84, 151, Wed Sep  4 13:22:17 2024
153, 75, 156, Wed Sep  4 13:23:17 2024
145, 71, 130, Wed Sep  4 13:24:17 2024
171, 90, 172, Wed Sep  4 13:25:17 2024
175, 95, 168, Wed Sep  4 13:26:17 2024
174, 77, 132, Wed Sep  4 13:27:17 2024
164, 75, 138, Wed Sep  4 13:28:17 2024
151, 82, 137, Wed Sep  4 13:29:17 2024
158, 91, 163, Wed Sep  4 13:30:17 2024
159, 88, 151, Wed Sep  4 13:31:17 2024
158, 89, 145, Wed Sep  4 13:32:17 2024
147, 81, 154, Wed Sep  4 13:33:17 2024
171, 103, 178, Wed Sep  4 13:34:17 2024
154, 84, 149, Wed Sep  4 13:35:17 2024
177, 89, 170, Wed Sep  4 13:36:17 2024
158, 81, 165, Wed Sep  4 13:37:17 2024
159, 75, 154, Wed Sep  4 13:38:17 2024
169, 87, 155, Wed Sep  4 13:39:17 2024
167, 85, 150, Wed Sep  4 13:40:17 2024
162, 83, 157, Wed Sep  4 13:41:17 2024
151, 74, 148, Wed Sep  4 13:42:17 2024
166, 98, 169, Wed Sep  4 13:43:17 2024
175, 92, 164, Wed Sep  4 13:44:17 2024
171, 103, 176, Wed Sep  4 13:45:17 2024
163, 88, 172, Wed Sep  4 13:46:17 2024
175, 81, 152, Wed Sep  4 13:47:17 2024
167, 79, 157, Wed Sep  4 13:48:17 2024
190, 92, 177, Wed Sep  4 13:49:17 2024
149, 78, 142, Wed Sep  4 13:50:17 2024
140, 66, 149, Wed Sep  4 13:51:17 2024
171, 80, 138, Wed Sep  4 13:52:17 2024
161, 83, 164, Wed Sep  4 13:53:17 2024
176, 100, 168, Wed Sep  4 13:54:17 2024
137, 63, 131, Wed Sep  4 13:55:17 2024
157, 83, 150, Wed Sep  4 13:56:17 2024
183, 97, 171, Wed Sep  4 13:57:17 2024
148, 92, 150, Wed Sep  4 13:58:17 2024
175, 101, 153, Wed Sep  4 13:59:17 2024
159, 73, 146, Wed Sep  4 14:00:17 2024
162, 81, 157, Wed Sep  4 14:01:17 2024
164, 81, 142, Wed Sep  4 14:02:17 2024
146, 56, 123, Wed Sep  4 14:03:17 2024
156, 90, 150, Wed Sep  4 14:04:17 2024
160, 82, 148, Wed Sep  4 14:05:17 2024
157, 82, 144, Wed Sep  4 14:06:17 2024
164, 90, 173, Wed Sep  4 14:07:17 2024
158, 87, 152, Wed Sep  4 14:08:17 2024
190, 104, 171, Wed Sep  4 14:09:17 2024
146, 75, 133, Wed Sep  4 14:10:17 2024
155, 72, 147, Wed Sep  4 14:11:17 2024
146, 65, 135, Wed Sep  4 14:12:17 2024
164, 98, 179, Wed Sep  4 14:13:17 2024
161, 79, 138, Wed Sep  4 14:14:17 2024
168, 89, 147, Wed Sep  4 14:15:17 2024
143, 72, 135, Wed Sep  4 14:16:17 2024
162, 81, 153, Wed Sep  4 14:17:17 2024
168, 84, 171, Wed Sep  4 14:18:17 2024
155, 80, 154, Wed Sep  4 14:19:17 2024
155, 78, 144, Wed Sep  4 14:20:17 2024
164, 83, 159, Wed Sep  4 14:21:17 2024
145, 70, 136, Wed Sep  4 14:22:17 2024
146, 67, 144, Wed Sep  4 14:23:17 2024
176, 106, 181, Wed Sep  4 14:24:17 2024
196, 107, 160, Wed Sep  4 14:25:17 2024
146, 75, 143, Wed Sep  4 14:26:17 2024
150, 70, 138, Wed Sep  4 14:27:17 2024
186, 93, 163, Wed Sep  4 14:28:17 2024
151, 85, 150, Wed Sep  4 14:29:17 2024
140, 77, 139, Wed Sep  4 14:30:17 2024
161, 87, 154, Wed Sep  4 14:31:17 2024
159, 76, 167, Wed Sep  4 14:32:17 2024
175, 92, 158, Wed Sep  4 14:33:17 2024
145, 66, 120, Wed Sep  4 14:34:17 2024
163, 72, 147, Wed Sep  4 14:35:17 2024
160, 98, 182, Wed Sep  4 14:36:17 2024
164, 99, 157, Wed Sep  4 14:37:17 2024
152, 75, 168, Wed Sep  4 14:38:17 2024
161, 74, 130, Wed Sep  4 14:39:17 2024
147, 63, 125, Wed Sep  4 14:40:17 2024
164, 97, 165, Wed Sep  4 14:41:17 2024
146, 80, 140, Wed Sep  4 14:42:17 2024
154, 82, 163, Wed Sep  4 14:43:17 2024
163, 76, 168, Wed Sep  4 14:44:17 2024
165, 84, 139, Wed Sep  4 14:45:17 2024
164, 81, 165, Wed Sep  4 14:46:17 2024
160, 81, 145, Wed Sep  4 14:47:17 2024
169, 99, 160, Wed Sep  4 14:48:17 2024
152, 80, 133, Wed Sep  4 14:49:17 2024
168, 87, 150, Wed Sep  4 14:50:17 2024
163, 75, 142, Wed Sep  4 14:51:17 2024
166, 89, 134, Wed Sep  4 14:52:17 2024
146, 85, 162, Wed Sep  4 14:53:17 2024
157, 94, 150, Wed Sep  4 14:54:17 2024
154, 81, 150, Wed Sep  4 14:55:17 2024
164, 87, 171, Wed Sep  4 14:56:17 2024
172, 81, 138, Wed Sep  4 14:57:17 2024
164, 95, 161, Wed Sep  4 14:58:17 2024
151, 74, 132, Wed Sep  4 14:59:17 2024
180, 93, 158, Wed Sep  4 15:00:17 2024
146, 80, 157, Wed Sep  4 15:01:17 2024
166, 91, 166, Wed Sep  4 15:02:17 2024
143, 83, 151, Wed Sep  4 15:03:17 2024
168, 79, 145, Wed Sep  4 15:04:17 2024
157, 82, 152, Wed Sep  4 15:05:17 2024
164, 87, 153, Wed Sep  4 15:06:17 2024
145, 71, 143, Wed Sep  4 15:07:17 2024
164, 85, 155, Wed Sep  4 15:08:17 2024
165, 86, 159, Wed Sep  4 15:09:17 2024
147, 79, 161, Wed Sep  4 15:10:17 2024
157, 75, 129, Wed Sep  4 15:11:17 2024
178, 100, 166, Wed Sep  4 15:12:17 2024
177, 86, 142, Wed Sep  4 15:13:17 2024
172, 66, 147, Wed Sep  4 15:14:17 2024
167, 90, 165, Wed Sep  4 15:15:17 2024
151, 71, 144, Wed Sep  4 15:16:17 2024
162, 88, 163, Wed Sep  4 15:17:17 2024
164, 77, 149, Wed Sep  4 15:18:17 2024
167, 97, 156, Wed Sep  4 15:19:17 2024
156, 71, 147, Wed Sep  4 15:20:17 2024
162, 77, 135, Wed Sep  4 15:21:17 2024
159, 78, 143, Wed Sep  4 15:22:17 2024
185, 94, 157, Wed Sep  4 15:23:17 2024
146, 76, 135, Wed Sep  4 15:24:17 2024
175, 96, 159, Wed Sep  4 15:25:17 2024
182, 95, 192, Wed Sep  4 15:26:17 2024
168, 89, 158, Wed Sep  4 15:27:17 2024
173, 97, 168, Wed Sep  4 15:28:17 2024
164, 86, 172, Wed Sep  4 15:29:17 2024
178, 77, 156, Wed Sep  4 15:30:17 2024
153, 78, 146, Wed Sep  4 15:31:17 2024
177, 95, 183, Wed Sep  4 15:32:17 2024
154, 81, 140, Wed Sep  4 15:33:17 2024
160, 80, 155, Wed Sep  4 15:34:17 2024
155, 83, 156, Wed Sep  4 15:35:17 2024
168, 91, 164, Wed Sep  4 15:36:17 2024
165, 86, 152, Wed Sep  4 15:37:17 2024
165, 86, 144, Wed Sep  4 15:38:17 2024
181, 100, 168, Wed Sep  4 15:39:17 2024
140, 79, 155, Wed Sep  4 15:40:17 2024
158, 94, 170, Wed Sep  4 15:41:17 2024
161, 79, 168, Wed Sep  4 15:42:17 2024
152, 81, 131, Wed Sep  4 15:43:17 2024
166, 91, 150, Wed Sep  4 15:44:17 2024
169, 96, 150, Wed Sep  4 15:45:17 2024
153, 96, 170, Wed Sep  4 15:46:17 2024
158, 80, 141, Wed Sep  4 15:47:17 2024
133, 63, 121, Wed Sep  4 15:48:17 2024
173, 81, 149, Wed Sep  4 15:49:17 2024
141, 84, 143, Wed Sep  4 15:50:17 2024
147, 77, 161, Wed Sep  4 15:51:17 2024
134, 73, 131, Wed Sep  4 15:52:17 2024
166, 97, 142, Wed Sep  4 15:53:17 2024
151, 78, 148, Wed Sep  4 15:54:17 2024
148, 77, 147, Wed Sep  4 15:55:17 2024
183, 109, 180, Wed Sep  4 15:56:17 2024
177, 83, 163, Wed Sep  4 15:57:17 2024
141, 80, 148, Wed Sep  4 15:58:17 2024
145, 76, 138, Wed Sep  4 15:59:17 2024
167, 87, 144, Wed Sep  4 16:00:17 2024
168, 83, 148, Wed Sep  4 16:01:17 2024
177, 81, 153, Wed Sep  4 16:02:17 2024
140, 78, 139, Wed Sep  4 16:03:17 2024
180, 112, 181, Wed Sep  4 16:04:17 2024
152, 75, 143, Wed Sep  4 16:05:17 2024
177, 79, 133, Wed Sep  4 16:06:17 2024
156, 76, 128, Wed Sep  4 16:07:17 2024
176, 86, 150, Wed Sep  4 16:08:17 2024
157, 90, 156, Wed Sep  4 16:09:17 2024
161, 94, 148, Wed Sep  4 16:10:17 2024
159, 82, 162, Wed Sep  4 16:11:17 2024
160, 89, 159, Wed Sep  4 16:12:17 2024
154, 80, 143, Wed Sep  4 16:13:17 2024
171, 92, 167, Wed Sep  4 16:14:17 2024
158, 75, 142, Wed Sep  4 16:15:17 2024
161, 85, 145, Wed Sep  4 16:16:17 2024
161, 93, 154, Wed Sep  4 16:17:17 2024
165, 94, 164, Wed Sep  4 16:18:17 2024
160, 75, 132, Wed Sep  4 16:19:17 2024
149, 66, 143, Wed Sep  4 16:20:17 2024
173, 75, 147, Wed Sep  4 16:21:17 2024
140, 74, 127, Wed Sep  4 16:22:17 2024
137, 73, 140, Wed Sep  4 16:23:17 2024
135, 67, 117, Wed Sep  4 16:24:17 2024
171, 92, 156, Wed Sep  4 16:25:17 2024
147, 64, 130, Wed Sep  4 16:26:17 2024
142, 84, 146, Wed Sep  4 16:27:17 2024
173, 90, 155, Wed Sep  4 16:28:17 2024
151, 71, 134, Wed Sep  4 16:29:17 2024
177, 108, 188, Wed Sep  4 16:30:17 2024
137, 68, 138, Wed Sep  4 16:31:17 2024
162, 79, 157, Wed Sep  4 16:32:17 2024
170, 87, 173, Wed Sep  4 16:33:17 2024
174, 83, 151, Wed Sep  4 16:34:17 2024
161, 85, 150, Wed Sep  4 16:35:17 2024
163, 79, 130, Wed Sep  4 16:36:17 2024
150, 84, 146, Wed Sep  4 16:37:17 2024
138, 73, 148, Wed Sep  4 16:38:17 2024
168, 79, 153, Wed Sep  4 16:39:17 2024
156, 93, 169, Wed Sep  4 16:40:17 2024
145, 76, 136, Wed Sep  4 16:41:17 2024
138, 66, 133, Wed Sep  4 16:42:17 2024
169, 88, 156, Wed Sep  4 16:43:17 2024
162, 93, 157, Wed Sep  4 16:44:17 2024
165, 80, 148, Wed Sep  4 16:45:17 2024
169, 96, 155, Wed Sep  4 16:46:17 2024
157, 79, 143, Wed Sep  4 16:47:17 2024
172, 81, 151, Wed Sep  4 16:48:17 2024
142, 77, 136, Wed Sep  4 16:49:17 2024
169, 86, 149, Wed Sep  4 16:50:17 2024
163, 82, 162, Wed Sep  4 16:51:17 2024
169, 72, 143, Wed Sep  4 16:52:17 2024
146, 73, 141, Wed Sep  4 16:53:17 2024
163, 80, 136, Wed Sep  4 16:54:17 2024
160, 85, 158, Wed Sep  4 16:55:17 2024
143, 66, 152, Wed Sep  4 16:56:17 2024
164, 84, 149, Wed Sep  4 16:57:17 2024
164, 89, 143, Wed Sep  4 16:58:17 2024
166, 95, 166, Wed Sep  4 16:59:17 2024
157, 95, 148, Wed Sep  4 17:00:17 2024
149, 83, 155, Wed Sep  4 17:01:17 2024
135, 69, 135, Wed Sep  4 17:02:17 2024
173, 71, 151, Wed Sep  4 17:03:17 2024
153, 75, 147, Wed Sep  4 17:04:17 2024
155, 72, 157, Wed Sep  4 17:05:17 2024
161, 73, 143, Wed Sep  4 17:06:17 2024
166, 93, 160, Wed Sep  4 17:07:17 2024
164, 88, 145, Wed Sep  4 17:08:17 2024
156, 77, 132, Wed Sep  4 17:09:17 2024
143, 66, 140, Wed Sep  4 17:10:17 2024
176, 91, 157, Wed Sep  4 17:11:17 2024
161, 90, 163, Wed Sep  4 17:12:17 2024
149, 78, 135, Wed Sep  4 17:13:17 2024
179, 91, 145, Wed Sep  4 17:14:17 2024
155, 86, 160, Wed Sep  4 17:15:17 2024
160, 78, 159, Wed Sep  4 17:16:17 2024
148, 76, 157, Wed Sep  4 17:17:17 2024
150, 82, 154, Wed Sep  4 17:18:17 2024
144, 69, 144, Wed Sep  4 17:19:17 2024
161, 86, 153, Wed Sep  4 17:20:17 2024
160, 77, 133, Wed Sep  4 17:21:17 2024
164, 85, 156, Wed Sep  4 17:22:17 2024
163, 90, 162, Wed Sep  4 17:23:17 2024
164, 81, 157, Wed Sep  4 17:24:17 2024
140, 72, 130, Wed Sep  4 17:25:17 2024
155, 83, 151, Wed Sep  4 17:26:17 2024
146, 81, 140, Wed Sep  4 17:27:17 2024
153, 72, 138, Wed Sep  4 17:28:17 2024
155, 84, 151, Wed Sep  4 17:29:17 2024
165, 89, 161, Wed Sep  4 17:30:17 2024
137, 75, 147, Wed Sep  4 17:31:17 2024
171, 95, 163, Wed Sep  4 17:32:17 2024
171, 83, 166, Wed Sep  4 17:33:17 2024
147, 79, 163, Wed Sep  4 17:34:17 2024
161, 80, 162, Wed Sep  4 17:35:17 2024
161, 93, 154, Wed Sep  4 17:36:17 2024
163, 89, 164, Wed Sep  4 17:37:17 2024
140, 76, 139, Wed Sep  4 17:38:17 2024
153, 86, 147, Wed Sep  4 17:39:17 2024
161, 89, 161, Wed Sep  4 17:40:17 2024
165, 94, 167, Wed Sep  4 17:41:17 2024
161, 88, 156, Wed Sep  4 17:42:17 2024
149, 89, 170, Wed Sep  4 17:43:17 2024
148, 81, 156, Wed Sep  4 17:44:17 2024
154, 76, 149, Wed Sep  4 17:45:17 2024
156, 90, 173, Wed Sep  4 17:46:17 2024
176, 95, 162, Wed Sep  4 17:47:17 2024
160, 79, 134, Wed Sep  4 17:48:17 2024
142, 81, 137, Wed Sep  4 17:49:17 2024
163, 89, 159, Wed Sep  4 17:50:17 2024
155, 69, 146, Wed Sep  4 17:51:17 2024
134, 72, 147, Wed Sep  4 17:52:17 2024
167, 84, 140, Wed Sep  4 17:53:17 2024
151, 76, 153, Wed Sep  4 17:54:17 2024
170, 86, 146, Wed Sep  4 17:55:17 2024
178, 100, 170, Wed Sep  4 17:56:17 2024
158, 66, 127, Wed Sep  4 17:57:17 2024
163, 88, 151, Wed Sep  4 17:58:17 2024
147, 82, 150, Wed Sep  4 17:59:17 2024
154, 93, 151, Wed Sep  4 18:00:17 2024
147, 80, 148, Wed Sep  4 18:01:17 2024
164, 72, 148, Wed Sep  4 18:02:17 2024
157, 85, 151, Wed Sep  4 18:03:17 2024
146, 67, 135, Wed Sep  4 18:04:17 2024
156, 91, 173, Wed Sep  4 18:05:17 2024
153, 75, 140, Wed Sep  4 18:06:17 2024
153, 81, 146, Wed Sep  4 18:07:17 2024
164, 79, 153, Wed Sep  4 18:08:17 2024
191, 106, 163, Wed Sep  4 18:09:17 2024
165, 92, 155, Wed Sep  4 18:10:17 2024
150, 80, 150, Wed Sep  4 18:11:17 2024
166, 74, 151, Wed Sep  4 18:12:17 2024
175, 79, 148, Wed Sep  4 18:13:17 2024
149, 77, 147, Wed Sep  4 18:14:17 2024
155, 77, 144, Wed Sep  4 18:15:17 2024
141, 72, 142, Wed Sep  4 18:16:17 2024
153, 77, 141, Wed Sep  4 18:17:17 2024
151, 91, 165, Wed Sep  4 18:18:17 2024
174, 87, 149, Wed Sep  4 18:19:17 2024
163, 82, 162, Wed Sep  4 18:20:17 2024
160, 82, 145, Wed Sep  4 18:21:17 2024
169, 93, 169, Wed Sep  4 18:22:17 2024
158, 86, 140, Wed Sep  4 18:23:17 2024
152, 81, 160, Wed Sep  4 18:24:17 2024
162, 91, 152, Wed Sep  4 18:25:17 2024
134, 69, 146, Wed Sep  4 18:26:17 2024
171, 87, 161, Wed Sep  4 18:27:17 2024
144, 78, 164, Wed Sep  4 18:28:17 2024
171, 92, 162, Wed Sep  4 18:29:17 2024
142, 62, 143, Wed Sep  4 18:30:17 2024
161, 92, 165, Wed Sep  4 18:31:17 2024
163, 81, 155, Wed Sep  4 18:32:17 2024
175, 96, 151, Wed Sep  4 18:33:17 2024
126, 58, 142, Wed Sep  4 18:34:17 2024
149, 72, 145, Wed Sep  4 18:35:17 2024
155, 84, 155, Wed Sep  4 18:36:17 2024
163, 97, 159, Wed Sep  4 18:37:17 2024
166, 83, 161, Wed Sep  4 18:38:17 2024
162, 81, 158, Wed Sep  4 18:39:17 2024
156, 74, 138, Wed Sep  4 18:40:17 2024
154, 81, 151, Wed Sep  4 18:41:17 2024
174, 83, 141, Wed Sep  4 18:42:17 2024
167, 92, 155, Wed Sep  4 18:43:17 2024
156, 68, 150, Wed Sep  4 18:44:17 2024
162, 82, 153, Wed Sep  4 18:45:17 2024
156, 84, 152, Wed Sep  4 18:46:17 2024
148, 84, 156, Wed Sep  4 18:47:17 2024
166, 85, 163, Wed Sep  4 18:48:17 2024
154, 79, 134, Wed Sep  4 18:49:17 2024
172, 85, 171, Wed Sep  4 18:50:17 2024
171, 83, 146, Wed Sep  4 18:51:17 2024
161, 85, 163, Wed Sep  4 18:52:17 2024
186, 97, 160, Wed Sep  4 18:53:17 2024
155, 67, 134, Wed Sep  4 18:54:17 2024
152, 68, 132, Wed Sep  4 18:55:17 2024
155, 77, 141, Wed Sep  4 18:56:17 2024
152, 85, 159, Wed Sep  4 18:57:17 2024
138, 66, 117, Wed Sep  4 18:58:17 2024
157, 86, 145, Wed Sep  4 18:59:17 2024
148, 71, 140, Wed Sep  4 19:00:17 2024
173, 86, 160, Wed Sep  4 19:01:17 2024
146, 66, 138, Wed Sep  4 19:02:17 2024
153, 85, 142, Wed Sep  4 19:03:17 2024
152, 72, 136, Wed Sep  4 19:04:17 2024
182, 108, 169, Wed Sep  4 19:05:17 2024
172, 75, 147, Wed Sep  4 19:06:17 2024
150, 83, 140, Wed Sep  4 19:07:17 2024
171, 92, 153, Wed Sep  4 19:08:17 2024
141, 80, 154, Wed Sep  4 19:09:17 2024
183, 80, 156, Wed Sep  4 19:10:17 2024
158, 75, 135, Wed Sep  4 19:11:17 2024
165, 81, 148, Wed Sep  4 19:12:17 2024
161, 75, 141, Wed Sep  4 19:13:17 2024
163, 92, 160, Wed Sep  4 19:14:17 2024
167, 77, 134, Wed Sep  4 19:15:17 2024
158, 82, 139, Wed Sep  4 19:16:17 2024
142, 82, 152, Wed Sep  4 19:17:17 2024
151, 78, 141, Wed Sep  4 19:18:17 2024
139, 81, 142, Wed Sep  4 19:19:17 2024
157, 78, 150, Wed Sep  4 19:20:17 2024
164, 82, 145, Wed Sep  4 19:21:17 2024
146, 67, 139, Wed Sep  4 19:22:17 2024
157, 76, 152, Wed Sep  4 19:23:17 2024
154, 80, 155, Wed Sep  4 19:24:17 2024
179, 89, 164, Wed Sep  4 19:25:17 2024
167, 71, 138, Wed Sep  4 19:26:17 2024
140, 78, 149, Wed Sep  4 19:27:17 2024
138, 61, 126, Wed Sep  4 19:28:17 2024
140, 68, 125, Wed Sep  4 19:29:17 2024
162, 78, 159, Wed Sep  4 19:30:17 2024
149, 86, 144, Wed Sep  4 19:31:17 2024
182, 105, 192, Wed Sep  4 19:32:17 2024
191, 104, 162, Wed Sep  4 19:33:17 2024
169, 69, 143, Wed Sep  4 19:34:17 2024
180, 85, 154, Wed Sep  4 19:35:17 2024
144, 83, 160, Wed Sep  4 19:36:17 2024
142, 82, 147, Wed Sep  4 19:37:17 2024
157, 74, 145, Wed Sep  4 19:38:17 2024
152, 81, 149, Wed Sep  4 19:39:17 2024
168, 91, 156, Wed Sep  4 19:40:17 2024
177, 88, 161, Wed Sep  4 19:41:17 2024
167, 84, 163, Wed Sep  4 19:42:17 2024
149, 77, 147, Wed Sep  4 19:43:17 2024
158, 88, 155, Wed Sep  4 19:44:17 2024
170, 87, 147, Wed Sep  4 19:45:17 2024
173, 103, 161, Wed Sep  4 19:46:17 2024
139, 69, 148, Wed Sep  4 19:47:17 2024
156, 92, 146, Wed Sep  4 19:48:17 2024
156, 70, 145, Wed Sep  4 19:49:17 2024
188, 92, 145, Wed Sep  4 19:50:17 2024
160, 84, 151, Wed Sep  4 19:51:17 2024
163, 83, 159, Wed Sep  4 19:52:17 2024
155, 89, 162, Wed Sep  4 19:53:17 2024
145, 78, 149, Wed Sep  4 19:54:17 2024
168, 85, 167, Wed Sep  4 19:55:17 2024
190, 95, 162, Wed Sep  4 19:56:17 2024
174, 90, 156, Wed Sep  4 19:57:17 2024
163, 71, 135, Wed Sep  4 19:58:17 2024
146, 61, 138, Wed Sep  4 19:59:17 2024
169, 84, 143, Wed Sep  4 20:00:17 2024
179, 84, 143, Wed Sep  4 20:01:17 2024
174, 91, 152, Wed Sep  4 20:02:17 2024
145, 78, 154, Wed Sep  4 20:03:17 2024
163, 87, 155, Wed Sep  4 20:04:17 2024
150, 71, 140, Wed Sep  4 20:05:17 2024
164, 83, 154, Wed Sep  4 20:06:17 2024
163, 78, 138, Wed Sep  4 20:07:17 2024
161, 84, 142, Wed Sep  4 20:08:17 2024
178, 93, 162, Wed Sep  4 20:09:17 2024
145, 76, 130, Wed Sep  4 20:10:17 2024
191, 78, 153, Wed Sep  4 20:11:17 2024
175, 89, 169, Wed Sep  4 20:12:17 2024
163, 78, 139, Wed Sep  4 20:13:17 2024
151, 79, 150, Wed Sep  4 20:14:17 2024
154, 86, 157, Wed Sep  4 20:15:17 2024
148, 73, 146, Wed Sep  4 20:16:17 2024
179, 91, 181, Wed Sep  4 20:17:17 2024
164, 85, 153, Wed Sep  4 20:18:17 2024
135, 70, 155, Wed Sep  4 20:19:17 2024
175, 80, 145, Wed Sep  4 20:20:17 2024
150, 87, 156, Wed Sep  4 20:21:17 2024
156, 81, 149, Wed Sep  4 20:22:17 2024
139, 82, 154, Wed Sep  4 20:23:17 2024
160, 72, 139, Wed Sep  4 20:24:17 2024
173, 89, 158, Wed Sep  4 20:25:17 2024
143, 78, 148, Wed Sep  4 20:26:17 2024
172, 88, 169, Wed Sep  4 20:27:17 2024
176, 84, 140, Wed Sep  4 20:28:17 2024
170, 80, 150, Wed Sep  4 20:29:17 2024
145, 64, 124, Wed Sep  4 20:30:17 2024
167, 74, 134, Wed Sep  4 20:31:17 2024
157, 83, 139, Wed Sep  4 20:32:17 2024
136, 77, 143, Wed Sep  4 20:33:17 2024
148, 78, 155, Wed Sep  4 20:34:17 2024
159, 82, 155, Wed Sep  4 20:35:17 2024
165, 83, 152, Wed Sep  4 20:36:17 2024
158, 86, 155, Wed Sep  4 20:37:17 2024
149, 83, 150, Wed Sep  4 20:38:17 2024
152, 78, 138, Wed Sep  4 20:39:17 2024
173, 98, 153, Wed Sep  4 20:40:17 2024
160, 85, 171, Wed Sep  4 20:41:17 2024
158, 81, 143, Wed Sep  4 20:42:17 2024
156, 81, 144, Wed Sep  4 20:43:17 2024
151, 83, 137, Wed Sep  4 20:44:17 2024
164, 92, 153, Wed Sep  4 20:45:17 2024
153, 62, 136, Wed Sep  4 20:46:17 2024
162, 84, 147, Wed Sep  4 20:47:17 2024
169, 86, 149, Wed Sep  4 20:48:17 2024
150, 72, 140, Wed Sep  4 20:49:17 2024
175, 78, 153, Wed Sep  4 20:50:17 2024
176, 93, 163, Wed Sep  4 20:51:17 2024
168, 85, 156, Wed Sep  4 20:52:17 2024
152, 76, 136, Wed Sep  4 20:53:17 2024
152, 69, 144, Wed Sep  4 20:54:17 2024
150, 68, 145, Wed Sep  4 20:55:17 2024
141, 62, 123, Wed Sep  4 20:56:17 2024
160, 91, 149, Wed Sep  4 20:57:17 2024
151, 76, 134, Wed Sep  4 20:58:17 2024
178, 92, 146, Wed Sep  4 20:59:17 2024
169, 94, 152, Wed Sep  4 21:00:17 2024
142, 84, 158, Wed Sep  4 21:01:17 2024
164, 80, 141, Wed Sep  4 21:02:17 2024
156, 83, 151, Wed Sep  4 21:03:17 2024
147, 70, 130, Wed Sep  4 21:04:17 2024
148, 76, 143, Wed Sep  4 21:05:17 2024
159, 74, 131, Wed Sep  4 21:06:17 2024
158, 81, 157, Wed Sep  4 21:07:17 2024
146, 81, 140, Wed Sep  4 21:08:17 2024
172, 95, 165, Wed Sep  4 21:09:17 2024
145, 79, 141, Wed Sep  4 21:10:17 2024
149, 76, 166, Wed Sep  4 21:11:17 2024
174, 86, 159, Wed Sep  4 21:12:17 2024
175, 90, 160, Wed Sep  4 21:13:17 2024
149, 82, 152, Wed Sep  4 21:14:17 2024
159, 84, 157, Wed Sep  4 21:15:17 2024
136, 73, 143, Wed Sep  4 21:16:17 2024
163, 73, 156, Wed Sep  4 21:17:17 2024
148, 64, 133, Wed Sep  4 21:18:17 2024
166, 93, 168, Wed Sep  4 21:19:17 2024
164, 95, 163, Wed Sep  4 21:20:17 2024
167, 80, 139, Wed Sep  4 21:21:17 2024
148, 85, 157, Wed Sep  4 21:22:17 2024
187, 97, 176, Wed Sep  4 21:23:17 2024
152, 69, 137, Wed Sep  4 21:24:17 2024
165, 98, 148, Wed Sep  4 21:25:17 2024
164, 80, 145, Wed Sep  4 21:26:17 2024
162, 81, 145, Wed Sep  4 21:27:17 2024
155, 81, 146, Wed Sep  4 21:28:17 2024
146, 72, 139, Wed Sep  4 21:29:17 2024
172, 89, 153, Wed Sep  4 21:30:17 2024
163, 93, 171, Wed Sep  4 21:31:17 2024
162, 87, 163, Wed Sep  4 21:32:17 2024
167, 85, 165, Wed Sep  4 21:33:17 2024
171, 91, 159, Wed Sep  4 21:34:17 2024
142, 66, 149, Wed Sep  4 21:35:17 2024
176, 84, 157, Wed Sep  4 21:36:17 2024
167, 87, 172, Wed Sep  4 21:37:17 2024
157, 82, 142, Wed Sep  4 21:38:17 2024
150, 75, 150, Wed Sep  4 21:39:17 2024
173, 93, 155, Wed Sep  4 21:40:17 2024
150, 84, 141, Wed Sep  4 21:41:17 2024
148, 77, 135, Wed Sep  4 21:42:17 2024
162, 100, 152, Wed Sep  4 21:43:17 2024
159, 87, 169, Wed Sep  4 21:44:17 2024
155, 99, 159, Wed Sep  4 21:45:17 2024
158, 89, 142, Wed Sep  4 21:46:17 2024
155, 85, 153, Wed Sep  4 21:47:17 2024
167, 75, 141, Wed Sep  4 21:48:17 2024
148, 80, 135, Wed Sep  4 21:49:17 2024
175, 87, 153, Wed Sep  4 21:50:17 2024
173, 87, 157, Wed Sep  4 21:51:17 2024
171, 81, 151, Wed Sep  4 21:52:17 2024
189, 94, 161, Wed Sep  4 21:53:17 2024
144, 70, 147, Wed Sep  4 21:54:17 2024
147, 70, 150, Wed Sep  4 21:55:17 2024
165, 79, 144, Wed Sep  4 21:56:17 2024
145, 73, 136, Wed Sep  4 21:57:17 2024
170, 93, 164, Wed Sep  4 21:58:17 2024
148, 78, 141, Wed Sep  4 21:59:17 2024
162, 81, 155, Wed Sep  4 22:00:17 2024
162, 81, 129, Wed Sep  4 22:01:17 2024
181, 86, 152, Wed Sep  4 22:02:17 2024
139, 82, 165, Wed Sep  4 22:03:17 2024
143, 77, 149, Wed Sep  4 22:04:17 2024
154, 79, 145, Wed Sep  4 22:05:17 2024
173, 90, 163, Wed Sep  4 22:06:17 2024
155, 73, 135, Wed Sep  4 22:07:17 2024
158, 75, 143, Wed Sep  4 22:08:17 2024
153, 80, 151, Wed Sep  4 22:09:17 2024
158, 78, 136, Wed Sep  4 22:10:17 2024
146, 82, 146, Wed Sep  4 22:11:17 2024
154, 84, 144, Wed Sep  4 22:12:17 2024
147, 85, 150, Wed Sep  4 22:13:17 2024
174, 97, 161, Wed Sep  4 22:14:17 2024
163, 89, 149, Wed Sep  4 22:15:17 2024
173, 93, 175, Wed Sep  4 22:16:17 2024
155, 89, 156, Wed Sep  4 22:17:17 2024
170, 89, 160, Wed Sep  4 22:18:17 2024
152, 82, 153, Wed Sep  4 22:19:17 2024
144, 68, 135, Wed Sep  4 22:20:17 2024
166, 95, 172, Wed Sep  4 22:21:17 2024
162, 85, 152, Wed Sep  4 22:22:17 2024
141, 76, 131, Wed Sep  4 22:23:17 2024
132, 66, 147, Wed Sep  4 22:24:17 2024
149, 78, 128, Wed Sep  4 22:25:17 2024
154, 79, 143, Wed Sep  4 22:26:17 2024
157, 75, 148, Wed Sep  4 22:27:17 2024
159, 72, 140, Wed Sep  4 22:28:17 2024
156, 80, 147, Wed Sep  4 22:29:17 2024
137, 82, 168, Wed Sep  4 22:30:17 2024
156, 71, 149, Wed Sep  4 22:31:17 2024
158, 77, 163, Wed Sep  4 22:32:17 2024
167, 93, 157, Wed Sep  4 22:33:17 2024
153, 84, 152, Wed Sep  4 22:34:17 2024
188, 89, 136, Wed Sep  4 22:35:17 2024
159, 81, 149, Wed Sep  4 22:36:17 2024
165, 81, 156, Wed Sep  4 22:37:17 2024
155, 81, 137, Wed Sep  4 22:38:17 2024
164, 85, 150, Wed Sep  4 22:39:17 2024
171, 92, 156, Wed Sep  4 22:40:17 2024
161, 83, 154, Wed Sep  4 22:41:17 2024
157, 89, 167, Wed Sep  4 22:42:17 2024
152, 74, 147, Wed Sep  4 22:43:17 2024
155, 76, 148, Wed Sep  4 22:44:17 2024
148, 75, 128, Wed Sep  4 22:45:17 2024
149, 74, 158, Wed Sep  4 22:46:17 2024
152, 78, 144, Wed Sep  4 22:47:17 2024
154, 74, 142, Wed Sep  4 22:48:17 2024
149, 75, 148, Wed Sep  4 22:49:17 2024
138, 67, 142, Wed Sep  4 22:50:17 2024
156, 82, 152, Wed Sep  4 22:51:17 2024
158, 83, 156, Wed Sep  4 22:52:17 2024
133, 68, 133, Wed Sep  4 22:53:17 2024
173, 98, 164, Wed Sep  4 22:54:17 2024
162, 91, 161, Wed Sep  4 22:55:17 2024
179, 95, 157, Wed Sep  4 22:56:17 2024
159, 88, 151, Wed Sep  4 22:57:17 2024
147, 65, 137, Wed Sep  4 22:58:17 2024
172, 95, 157, Wed Sep  4 22:59:17 2024
170, 89, 137, Wed Sep  4 23:00:17 2024
136, 68, 143, Wed Sep  4 23:01:17 2024
161, 73, 154, Wed Sep  4 23:02:17 2024
188, 108, 187, Wed Sep  4 23:03:17 2024
156, 85, 150, Wed Sep  4 23:04:17 2024
173, 91, 178, Wed Sep  4 23:05:17 2024
155, 76, 142, Wed Sep  4 23:06:17 2024
157, 82, 143, Wed Sep  4 23:07:17 2024
151, 77, 150, Wed Sep  4 23:08:17 2024
172, 88, 157, Wed Sep  4 23:09:17 2024
155, 80, 142, Wed Sep  4 23:10:17 2024
158, 80, 138, Wed Sep  4 23:11:17 2024
149, 83, 148, Wed Sep  4 23:12:17 2024
149, 76, 132, Wed Sep  4 23:13:17 2024
153, 80, 154, Wed Sep  4 23:14:17 2024
148, 79, 131, Wed Sep  4 23:15:17 2024
172, 87, 159, Wed Sep  4 23:16:17 2024
158, 82, 150, Wed Sep  4 23:17:17 2024
163, 85, 172, Wed Sep  4 23:18:17 2024
153, 79, 133, Wed Sep  4 23:19:17 2024
140, 79, 152, Wed Sep  4 23:20:17 2024
150, 82, 146, Wed Sep  4 23:21:17 2024
160, 96, 161, Wed Sep  4 23:22:17 2024
159, 81, 142, Wed Sep  4 23:23:17 2024
144, 69, 151, Wed Sep  4 23:24:17 2024
181, 92, 149, Wed Sep  4 23:25:17 2024
157, 82, 152, Wed Sep  4 23:26:17 2024
155, 91, 147, Wed Sep  4 23:27:17 2024
163, 88, 154, Wed Sep  4 23:28:17 2024
167, 89, 156, Wed Sep  4 23:29:17 2024
146, 75, 151, Wed Sep  4 23:30:17 2024
150, 78, 155, Wed Sep  4 23:31:17 2024
159, 88, 159, Wed Sep  4 23:32:17 2024
174, 102, 173, Wed Sep  4 23:33:17 2024
169, 81, 141, Wed Sep  4 23:34:17 2024
167, 89, 163, Wed Sep  4 23:35:17 2024
167, 84, 151, Wed Sep  4 23:36:17 2024
150, 80, 142, Wed Sep  4 23:37:17 2024
130, 69, 145, Wed Sep  4 23:38:17 2024
142, 81, 155, Wed Sep  4 23:39:17 2024
158, 81, 155, Wed Sep  4 23:40:17 2024
119, 64, 130, Wed Sep  4 23:41:17 2024
155, 81, 151, Wed Sep  4 23:42:17 2024
142, 76, 154, Wed Sep  4 23:43:17 2024
163, 81, 142, Wed Sep  4 23:44:17 2024
157, 74, 131, Wed Sep  4 23:45:17 2024
166, 89, 151, Wed Sep  4 23:46:17 2024
153, 89, 149, Wed Sep  4 23:47:17 2024
153, 95, 167, Wed Sep  4 23:48:17 2024
176, 98, 171, Wed Sep  4 23:49:17 2024
146, 77, 156, Wed Sep  4 23:50:17 2024
155, 88, 134, Wed Sep  4 23:51:17 2024
161, 85, 162, Wed Sep  4 23:52:17 2024
151, 86, 158, Wed Sep  4 23:53:17 2024
148, 93, 142, Wed Sep  4 23:54:17 2024
158, 72, 139, Wed Sep  4 23:55:17 2024
151, 67, 131, Wed Sep  4 23:56:17 2024
154, 78, 153, Wed Sep  4 23:57:17 2024
142, 78, 153, Wed Sep  4 23:58:17 2024
153, 82, 135, Wed Sep  4 23:59:17 2024
153, 78, 158, Thu Sep  5 00:00:17 2024
171, 95, 151, Thu Sep  5 00:01:17 2024
186, 106, 176, Thu Sep  5 00:02:17 2024
148, 82, 134, Thu Sep  5 00:03:17 2024
157, 82, 146, Thu Sep  5 00:04:17 2024
153, 77, 148, Thu Sep  5 00:05:17 2024
159, 88, 154, Thu Sep  5 00:06:17 2024
164, 80, 154, Thu Sep  5 00:07:17 2024
177, 85, 149, Thu Sep  5 00:08:17 2024
139, 59, 128, Thu Sep  5 00:09:17 2024
148, 90, 153, Thu Sep  5 00:10:17 2024
176, 97, 172, Thu Sep  5 00:11:17 2024
154, 71, 128, Thu Sep  5 00:12:17 2024
171, 85, 148, Thu Sep  5 00:13:17 2024
156, 81, 147, Thu Sep  5 00:14:17 2024
164, 73, 147, Thu Sep  5 00:15:17 2024
180, 88, 157, Thu Sep  5 00:16:17 2024
164, 83, 164, Thu Sep  5 00:17:17 2024
143, 66, 127, Thu Sep  5 00:18:17 2024
145, 86, 145, Thu Sep  5 00:19:17 2024
151, 93, 157, Thu Sep  5 00:20:17 2024
157, 82, 140, Thu Sep  5 00:21:17 2024
161, 83, 146, Thu Sep  5 00:22:17 2024
156, 88, 136, Thu Sep  5 00:23:17 2024
173, 94, 162, Thu Sep  5 00:24:17 2024
166, 83, 141, Thu Sep  5 00:25:17 2024
148, 80, 148, Thu Sep  5 00:26:17 2024
127, 69, 118, Thu Sep  5 00:27:17 2024
149, 69, 144, Thu Sep  5 00:28:17 2024
166, 95, 169, Thu Sep  5 00:29:17 2024
176, 97, 156, Thu Sep  5 00:30:17 2024
134, 66, 147, Thu Sep  5 00:31:17 2024
141, 63, 127, Thu Sep  5 00:32:17 2024
150, 70, 139, Thu Sep  5 00:33:17 2024
150, 85, 164, Thu Sep  5 00:34:17 2024
157, 89, 152, Thu Sep  5 00:35:17 2024
154, 67, 149, Thu Sep  5 00:36:17 2024
162, 86, 153, Thu Sep  5 00:37:17 2024
163, 71, 142, Thu Sep  5 00:38:17 2024
161, 75, 151, Thu Sep  5 00:39:17 2024
166, 86, 148, Thu Sep  5 00:40:17 2024
154, 90, 159, Thu Sep  5 00:41:17 2024
173, 90, 153, Thu Sep  5 00:42:17 2024
164, 79, 140, Thu Sep  5 00:43:17 2024
166, 88, 152, Thu Sep  5 00:44:17 2024
148, 79, 147, Thu Sep  5 00:45:17 2024
153, 80, 144, Thu Sep  5 00:46:17 2024
165, 82, 165, Thu Sep  5 00:47:17 2024
152, 74, 139, Thu Sep  5 00:48:17 2024
173, 74, 143, Thu Sep  5 00:49:17 2024
158, 90, 166, Thu Sep  5 00:50:17 2024
134, 66, 121, Thu Sep  5 00:51:17 2024
170, 82, 149, Thu Sep  5 00:52:17 2024
164, 85, 172, Thu Sep  5 00:53:17 2024
157, 91, 141, Thu Sep  5 00:54:17 2024
152, 71, 163, Thu Sep  5 00:55:17 2024
161, 83, 148, Thu Sep  5 00:56:17 2024
157, 80, 150, Thu Sep  5 00:57:17 2024
136, 66, 125, Thu Sep  5 00:58:17 2024
161, 79, 165, Thu Sep  5 00:59:17 2024
152, 73, 135, Thu Sep  5 01:00:17 2024
159, 92, 152, Thu Sep  5 01:01:17 2024
166, 96, 165, Thu Sep  5 01:02:17 2024
153, 84, 139, Thu Sep  5 01:03:17 2024
170, 87, 142, Thu Sep  5 01:04:17 2024
160, 80, 145, Thu Sep  5 01:05:17 2024
132, 69, 137, Thu Sep  5 01:06:17 2024
163, 96, 157, Thu Sep  5 01:07:17 2024
145, 70, 145, Thu Sep  5 01:08:17 2024
162, 85, 155, Thu Sep  5 01:09:17 2024
165, 72, 141, Thu Sep  5 01:10:17 2024
140, 86, 152, Thu Sep  5 01:11:17 2024
172, 88, 149, Thu Sep  5 01:12:17 2024
151, 87, 155, Thu Sep  5 01:13:17 2024
150, 72, 133, Thu Sep  5 01:14:17 2024
168, 86, 144, Thu Sep  5 01:15:17 2024
145, 84, 147, Thu Sep  5 01:16:17 2024
162, 83, 148, Thu Sep  5 01:17:17 2024
163, 92, 143, Thu Sep  5 01:18:17 2024
178, 84, 160, Thu Sep  5 01:19:17 2024
155, 69, 124, Thu Sep  5 01:20:17 2024
160, 81, 155, Thu Sep  5 01:21:17 2024
146, 85, 159, Thu Sep  5 01:22:17 2024
149, 86, 159, Thu Sep  5 01:23:17 2024
160, 75, 146, Thu Sep  5 01:24:17 2024
138, 85, 152, Thu Sep  5 01:25:17 2024
175, 94, 151, Thu Sep  5 01:26:17 2024
162, 104, 181, Thu Sep  5 01:27:17 2024
159, 76, 157, Thu Sep  5 01:28:17 2024
149, 76, 140, Thu Sep  5 01:29:17 2024
